34.0 APEX_CODE,DEBUG;APEX_PROFILING,INFO;CALLOUT,INFO;DB,INFO;SYSTEM,DEBUG;VALIDATION,INFO;VISUALFORCE,DEBUG;WORKFLOW,INFO
12:00:12.0 (402094)|EXECUTION_STARTED
12:00:12.0 (450855)|CODE_UNIT_STARTED|[EXTERNAL]|01p3600000DIHiU|JobRunnerSchedule
12:00:12.0 (73458769)|SYSTEM_MODE_ENTER|false
12:00:12.0 (73488874)|SYSTEM_MODE_EXIT|false
12:00:12.0 (75640761)|SYSTEM_MODE_ENTER|false
12:00:12.0 (78269161)|SYSTEM_MODE_EXIT|false
12:00:12.0 (78386545)|SYSTEM_MODE_ENTER|false
12:00:12.0 (79746175)|SOQL_EXECUTE_BEGIN|[6]|Aggregations:1|SELECT Name, (SELECT Name FROM LabTools__Jobs__r) FROM LabTools__Runner__c WHERE (LabTools__StartOn__c <= :tmpVar1 AND (LabTools__NextRunOn__c = NULL OR LabTools__NextRunOn__c <= :tmpVar2)) ORDER BY LabTools__NextRunOn__c DESC NULLS FIRST LIMIT 5
12:00:12.0 (121717468)|SOQL_EXECUTE_END|[6]|Rows:1
12:00:12.0 (122247184)|ENTERING_MANAGED_PKG|
12:00:12.0 (122334458)|ENTERING_MANAGED_PKG|
12:00:12.0 (122653223)|EXCEPTION_THROWN|[23]|System.SObjectException: SObject row was retrieved via SOQL without querying the requested field: LabTools__Runner__c.LabTools__RecurrenceType__c
12:00:12.0 (122711338)|SYSTEM_MODE_EXIT|false
12:00:12.0 (122793028)|FATAL_ERROR|System.SObjectException: SObject row was retrieved via SOQL without querying the requested field: LabTools__Runner__c.LabTools__RecurrenceType__c

Class.LabTools.JobRunner.execute: line 23, column 1
Class.LabTools.JobRunnerSchedule.execute: line 8, column 1
12:00:12.122 (122820495)|CUMULATIVE_LIMIT_USAGE
12:00:12.122 (122820495)|LIMIT_USAGE_FOR_NS|(default)|
  Number of SOQL queries: 0 out of 100
  Number of query rows: 0 out of 50000
  Number of SOSL queries: 0 out of 20
  Number of DML statements: 0 out of 150
  Number of DML rows: 0 out of 10000
  Maximum CPU time: 0 out of 10000
  Maximum heap size: 0 out of 6000000
  Number of callouts: 0 out of 100
  Number of Email Invocations: 0 out of 10
  Number of future calls: 0 out of 50
  Number of queueable jobs added to the queue: 0 out of 50
  Number of Mobile Apex push calls: 0 out of 10

12:00:12.122 (122820495)|LIMIT_USAGE_FOR_NS|LabTools|
  Number of SOQL queries: 1 out of 100
  Number of query rows: 2 out of 50000
  Number of SOSL queries: 0 out of 20
  Number of DML statements: 0 out of 150
  Number of DML rows: 0 out of 10000
  Maximum CPU time: 0 out of 10000
  Maximum heap size: 0 out of 6000000
  Number of callouts: 0 out of 100
  Number of Email Invocations: 0 out of 10
  Number of future calls: 0 out of 50
  Number of queueable jobs added to the queue: 0 out of 50
  Number of Mobile Apex push calls: 0 out of 10

12:00:12.122 (122820495)|CUMULATIVE_LIMIT_USAGE_END

12:00:12.0 (122893650)|CODE_UNIT_FINISHED|JobRunnerSchedule
12:00:12.0 (125818269)|EXECUTION_FINISHED
