34.0 APEX_CODE,FINEST;APEX_PROFILING,DEBUG;CALLOUT,DEBUG;DB,DEBUG;SYSTEM,DEBUG;VALIDATION,DEBUG;VISUALFORCE,DEBUG;WORKFLOW,DEBUG
14:06:26.0 (78706)|EXECUTION_STARTED
14:06:26.0 (165287)|CODE_UNIT_STARTED|[EXTERNAL]|01p3600000DIOeh|Faker_Tests.WhenGettingFakeId_ShouldMatchSalesforcePattern
14:06:26.0 (470054)|HEAP_ALLOCATE|[72]|Bytes:3
14:06:26.0 (547854)|HEAP_ALLOCATE|[77]|Bytes:152
14:06:26.0 (566869)|HEAP_ALLOCATE|[342]|Bytes:408
14:06:26.0 (587649)|HEAP_ALLOCATE|[355]|Bytes:408
14:06:26.0 (610397)|HEAP_ALLOCATE|[467]|Bytes:48
14:06:26.0 (643298)|HEAP_ALLOCATE|[139]|Bytes:6
14:06:26.0 (666655)|HEAP_ALLOCATE|[EXTERNAL]|Bytes:8
14:06:26.0 (716381)|METHOD_ENTRY|[2]|01p3600000DIOeh|Faker_Tests.Faker_Tests()
14:06:26.0 (721443)|STATEMENT_EXECUTE|[2]
14:06:26.0 (744327)|STATEMENT_EXECUTE|[2]
14:06:26.0 (752810)|METHOD_EXIT|[2]|Faker_Tests
14:06:26.0 (793602)|HEAP_ALLOCATE|[50]|Bytes:5
14:06:26.0 (818924)|HEAP_ALLOCATE|[56]|Bytes:5
14:06:26.0 (828619)|HEAP_ALLOCATE|[64]|Bytes:7
14:06:26.0 (883061)|STATEMENT_EXECUTE|[6]
14:06:26.0 (904133)|STATEMENT_EXECUTE|[7]
14:06:26.0 (951890)|HEAP_ALLOCATE|[7]|Bytes:57
14:06:26.0 (965761)|SYSTEM_METHOD_ENTRY|[1]|Test.Test()
14:06:26.0 (968790)|STATEMENT_EXECUTE|[1]
14:06:26.0 (978109)|SYSTEM_METHOD_EXIT|[1]|Test
14:06:26.0 (993665)|METHOD_ENTRY|[7]||System.Test.startTest()
14:06:26.0 (2680035)|METHOD_EXIT|[7]||System.Test.startTest()
14:06:26.0 (2689442)|STATEMENT_EXECUTE|[8]
14:06:26.0 (2695898)|HEAP_ALLOCATE|[8]|Bytes:7
14:06:26.0 (3746210)|VARIABLE_SCOPE_BEGIN|[3]|Faker.fakeIdCount|Integer|false|true
14:06:26.0 (4036506)|HEAP_ALLOCATE|[8]|Bytes:1
14:06:26.0 (4073875)|METHOD_ENTRY|[1]|01p3600000DHJkd|Faker.Faker()
14:06:26.0 (4079175)|STATEMENT_EXECUTE|[1]
14:06:26.0 (4086996)|STATEMENT_EXECUTE|[1]
14:06:26.0 (4089273)|STATEMENT_EXECUTE|[3]
14:06:26.0 (4099511)|HEAP_ALLOCATE|[3]|Bytes:4
14:06:26.0 (4147709)|VARIABLE_ASSIGNMENT|[3]|Faker.fakeIdCount|1
14:06:26.0 (4162441)|METHOD_EXIT|[1]|Faker
14:06:26.0 (4201397)|METHOD_ENTRY|[8]|01p3600000DHJkd|LabTools.Faker.GetId(Schema.SObjectType)
14:06:26.0 (4234571)|VARIABLE_SCOPE_BEGIN|[4]|sot|Schema.SObjectType|true|false
14:06:26.0 (4348704)|VARIABLE_ASSIGNMENT|[4]|sot|"common.apex.runtime.impl.ApexSObjectTypeToken@3122cb04"|0x3122cb04
14:06:26.0 (4370922)|STATEMENT_EXECUTE|[5]
14:06:26.0 (4373873)|STATEMENT_EXECUTE|[6]
14:06:26.0 (4387055)|HEAP_ALLOCATE|[6]|Bytes:4
14:06:26.0 (4400633)|VARIABLE_ASSIGNMENT|[6]|Faker.fakeIdCount|2
14:06:26.0 (4489530)|ENTERING_MANAGED_PKG|
14:06:26.0 (4550282)|HEAP_ALLOCATE|[6]|Bytes:1
14:06:26.0 (4573803)|VARIABLE_SCOPE_BEGIN|[6]|count|String|false|false
14:06:26.0 (4588311)|VARIABLE_ASSIGNMENT|[6]|count|"1"
14:06:26.0 (4594012)|STATEMENT_EXECUTE|[7]
14:06:26.0 (5071894)|HEAP_ALLOCATE|[7]|Bytes:4
14:06:26.0 (5114611)|HEAP_ALLOCATE|[7]|Bytes:3
14:06:26.0 (5124813)|HEAP_ALLOCATE|[7]|Bytes:1
14:06:26.0 (5158249)|ENTERING_MANAGED_PKG|
14:06:26.0 (5203850)|ENTERING_MANAGED_PKG|
14:06:26.0 (5224795)|HEAP_ALLOCATE|[7]|Bytes:11
14:06:26.0 (5256340)|HEAP_ALLOCATE|[7]|Bytes:15
14:06:26.0 (5267898)|METHOD_EXIT|[8]|01p3600000DHJkd|LabTools.Faker.GetId(Schema.SObjectType)
14:06:26.0 (5288202)|HEAP_ALLOCATE|[8]|Bytes:4
14:06:26.0 (5297145)|VARIABLE_SCOPE_BEGIN|[8]|fakeAccountId|Id|false|false
14:06:26.0 (5342389)|VARIABLE_ASSIGNMENT|[8]|fakeAccountId|"001000000000001AAA"
14:06:26.0 (5349098)|STATEMENT_EXECUTE|[9]
14:06:26.0 (5365985)|METHOD_ENTRY|[9]||System.Test.stopTest()
14:06:26.0 (8701671)|METHOD_EXIT|[9]||System.Test.stopTest()
14:06:26.0 (8709345)|STATEMENT_EXECUTE|[11]
14:06:26.0 (8732486)|ENTERING_MANAGED_PKG|
14:06:26.0 (8993929)|EXCEPTION_THROWN|[11]|System.AssertException: Assertion Failed: Expected: null, Actual: 001000000000001AAA
14:06:26.0 (9064420)|HEAP_ALLOCATE|[11]|Bytes:64
14:06:26.0 (9148770)|FATAL_ERROR|System.AssertException: Assertion Failed: Expected: null, Actual: 001000000000001AAA

Class.LabTools.Faker_Tests.WhenGettingFakeId_ShouldMatchSalesforcePattern: line 11, column 1
14:06:26.0 (9162848)|FATAL_ERROR|System.AssertException: Assertion Failed: Expected: null, Actual: 001000000000001AAA

Class.LabTools.Faker_Tests.WhenGettingFakeId_ShouldMatchSalesforcePattern: line 11, column 1
14:06:26.9 (9174289)|CUMULATIVE_LIMIT_USAGE
14:06:26.9 (9174289)|LIMIT_USAGE_FOR_NS|(default)|
  Number of SOQL queries: 0 out of 100
  Number of query rows: 0 out of 50000
  Number of SOSL queries: 0 out of 20
  Number of DML statements: 0 out of 150
  Number of DML rows: 0 out of 10000
  Maximum CPU time: 0 out of 10000
  Maximum heap size: 0 out of 6000000
  Number of callouts: 0 out of 100
  Number of Email Invocations: 0 out of 10
  Number of future calls: 0 out of 50
  Number of queueable jobs added to the queue: 0 out of 50
  Number of Mobile Apex push calls: 0 out of 10

14:06:26.9 (9174289)|TESTING_LIMITS
14:06:26.9 (9174289)|LIMIT_USAGE_FOR_NS|(default)|
  Number of SOQL queries: 0 out of 100
  Number of query rows: 0 out of 50000
  Number of SOSL queries: 0 out of 20
  Number of DML statements: 0 out of 150
  Number of DML rows: 0 out of 10000
  Maximum CPU time: 0 out of 10000
  Maximum heap size: 0 out of 6000000
  Number of callouts: 0 out of 100
  Number of Email Invocations: 0 out of 10
  Number of future calls: 0 out of 50
  Number of queueable jobs added to the queue: 0 out of 50
  Number of Mobile Apex push calls: 0 out of 10

14:06:26.9 (9174289)|CUMULATIVE_LIMIT_USAGE_END

14:06:26.0 (9222240)|CODE_UNIT_FINISHED|Faker_Tests.WhenGettingFakeId_ShouldMatchSalesforcePattern
14:06:26.0 (11252119)|EXECUTION_FINISHED
