34.0 APEX_CODE,DEBUG;APEX_PROFILING,INFO;CALLOUT,INFO;DB,INFO;SYSTEM,DEBUG;VALIDATION,INFO;VISUALFORCE,DEBUG;WORKFLOW,INFO
14:26:43.21 (21970297)|EXECUTION_STARTED
14:26:43.21 (22001934)|CODE_UNIT_STARTED|[EXTERNAL]|01p3600000DHL7Q|JobRunner_Tests.WhenIntegrating_ShouldNotFailRun
14:26:43.21 (22683202)|DML_BEGIN|[26]|Op:Insert|Type:LabTools__Runner__c|Rows:1
14:26:43.21 (53436258)|DML_END|[26]
14:26:43.21 (53621992)|ENTERING_MANAGED_PKG|
14:26:43.21 (54670891)|ENTERING_MANAGED_PKG|
14:26:43.21 (54758571)|DML_BEGIN|[33]|Op:Insert|Type:LabTools__Job__c|Rows:1
14:26:43.21 (75212906)|DML_END|[33]
14:26:43.21 (77303291)|SYSTEM_MODE_ENTER|false
14:26:43.21 (77313159)|SYSTEM_MODE_EXIT|false
14:26:43.21 (77893627)|SYSTEM_MODE_ENTER|false
14:26:43.21 (78652761)|SYSTEM_MODE_EXIT|false
14:26:43.21 (81516914)|SYSTEM_MODE_ENTER|false
14:26:43.21 (82151624)|SOQL_EXECUTE_BEGIN|[6]|Aggregations:1|SELECT Name, LabTools__RecurrenceType__c, LabTools__RecurrenceRate__c, (SELECT Name, LabTools__Enabled__c FROM LabTools__Jobs__r) FROM LabTools__Runner__c WHERE (LabTools__StartOn__c <= :tmpVar1 AND (LabTools__NextRunOn__c = NULL OR LabTools__NextRunOn__c <= :tmpVar2)) ORDER BY LabTools__NextRunOn__c DESC NULLS FIRST LIMIT 5
14:26:43.21 (88486190)|SOQL_EXECUTE_END|[6]|Rows:1
14:26:43.21 (88661480)|ENTERING_MANAGED_PKG|
14:26:43.21 (90797773)|ENTERING_MANAGED_PKG|
14:26:43.21 (135083873)|DML_BEGIN|[18]|Op:Update|Type:LabTools__Runner__c|Rows:1
14:26:43.21 (154472034)|DML_END|[18]
14:26:43.21 (154512797)|SYSTEM_MODE_EXIT|false
14:26:43.21 (167609835)|SYSTEM_MODE_ENTER|false
14:26:43.21 (167646702)|ENTERING_MANAGED_PKG|
14:26:43.21 (167688926)|USER_DEBUG|[4]|DEBUG|Heartbeat Job Started
14:26:43.21 (167729209)|ENTERING_MANAGED_PKG|
14:26:43.21 (167880858)|SOQL_EXECUTE_BEGIN|[5]|Aggregations:0|SELECT Id FROM LabTools__Job__c
14:26:43.21 (193536761)|SOQL_EXECUTE_END|[5]|Rows:1
14:26:43.21 (193595862)|SYSTEM_MODE_EXIT|false
14:26:43.220 (220672571)|CUMULATIVE_LIMIT_USAGE
14:26:43.220 (220672571)|LIMIT_USAGE_FOR_NS|(default)|
  Number of SOQL queries: 0 out of 200
  Number of query rows: 0 out of 50000
  Number of SOSL queries: 0 out of 20
  Number of DML statements: 0 out of 150
  Number of DML rows: 0 out of 10000
  Maximum CPU time: 0 out of 60000
  Maximum heap size: 0 out of 12000000
  Number of callouts: 0 out of 100
  Number of Email Invocations: 0 out of 10
  Number of future calls: 0 out of 0
  Number of queueable jobs added to the queue: 0 out of 1
  Number of Mobile Apex push calls: 0 out of 10

14:26:43.220 (220672571)|CUMULATIVE_LIMIT_USAGE_END

14:26:43.21 (220730389)|CODE_UNIT_FINISHED|LabTools.JobWrapper
14:26:43.21 (223391099)|CODE_UNIT_STARTED|[EXTERNAL]|01p3600000DIJMr|LabTools.JobWrapper
14:26:43.21 (239509631)|CODE_UNIT_STARTED|[EXTERNAL]|01p3600000DIJMr|LabTools.JobWrapper
14:26:43.21 (240998943)|SYSTEM_MODE_ENTER|false
14:26:43.21 (241034820)|ENTERING_MANAGED_PKG|
14:26:43.21 (241060119)|USER_DEBUG|[9]|DEBUG|Heartbeat Job Executing
14:26:43.21 (241084126)|ENTERING_MANAGED_PKG|
14:26:43.21 (241128608)|ENTERING_MANAGED_PKG|
14:26:43.21 (241162381)|ENTERING_MANAGED_PKG|
14:26:43.21 (241166710)|USER_DEBUG|[10]|DEBUG|Heartbeat Job - Number of Jobs: 1
14:26:43.21 (241175000)|SYSTEM_MODE_EXIT|false
14:26:43.21 (241198346)|CODE_UNIT_FINISHED|LabTools.JobWrapper
14:26:43.258 (258563906)|CUMULATIVE_LIMIT_USAGE
14:26:43.258 (258563906)|LIMIT_USAGE_FOR_NS|(default)|
  Number of SOQL queries: 0 out of 200
  Number of query rows: 0 out of 50000
  Number of SOSL queries: 0 out of 20
  Number of DML statements: 0 out of 150
  Number of DML rows: 0 out of 10000
  Maximum CPU time: 0 out of 60000
  Maximum heap size: 0 out of 12000000
  Number of callouts: 0 out of 100
  Number of Email Invocations: 0 out of 10
  Number of future calls: 0 out of 0
  Number of queueable jobs added to the queue: 0 out of 1
  Number of Mobile Apex push calls: 0 out of 10

14:26:43.258 (258563906)|CUMULATIVE_LIMIT_USAGE_END

14:26:43.21 (258617694)|CODE_UNIT_FINISHED|LabTools.JobWrapper
14:26:43.21 (260892699)|CODE_UNIT_STARTED|[EXTERNAL]|01p3600000DIJMr|LabTools.JobWrapper
14:26:43.273 (273588391)|CUMULATIVE_LIMIT_USAGE
14:26:43.273 (273588391)|LIMIT_USAGE_FOR_NS|(default)|
  Number of SOQL queries: 0 out of 200
  Number of query rows: 0 out of 50000
  Number of SOSL queries: 0 out of 20
  Number of DML statements: 0 out of 150
  Number of DML rows: 0 out of 10000
  Maximum CPU time: 0 out of 60000
  Maximum heap size: 0 out of 12000000
  Number of callouts: 0 out of 100
  Number of Email Invocations: 0 out of 10
  Number of future calls: 0 out of 0
  Number of queueable jobs added to the queue: 0 out of 1
  Number of Mobile Apex push calls: 0 out of 10

14:26:43.273 (273588391)|CUMULATIVE_LIMIT_USAGE_END

14:26:43.21 (273625856)|CODE_UNIT_FINISHED|LabTools.JobWrapper
14:26:43.276 (276635251)|CUMULATIVE_LIMIT_USAGE
14:26:43.276 (276635251)|LIMIT_USAGE_FOR_NS|(default)|
  Number of SOQL queries: 0 out of 100
  Number of query rows: 0 out of 50000
  Number of SOSL queries: 0 out of 20
  Number of DML statements: 0 out of 150
  Number of DML rows: 0 out of 10000
  Maximum CPU time: 0 out of 10000
  Maximum heap size: 0 out of 6000000
  Number of callouts: 0 out of 100
  Number of Email Invocations: 0 out of 10
  Number of future calls: 0 out of 50
  Number of queueable jobs added to the queue: 0 out of 50
  Number of Mobile Apex push calls: 0 out of 10

14:26:43.276 (276635251)|LIMIT_USAGE_FOR_NS|LabTools|
  Number of SOQL queries: 0 out of 100
  Number of query rows: 0 out of 50000
  Number of SOSL queries: 0 out of 20
  Number of DML statements: 2 out of 150
  Number of DML rows: 2 out of 10000
  Maximum CPU time: 0 out of 10000
  Maximum heap size: 0 out of 6000000
  Number of callouts: 0 out of 100
  Number of Email Invocations: 0 out of 10
  Number of future calls: 0 out of 50
  Number of queueable jobs added to the queue: 0 out of 50
  Number of Mobile Apex push calls: 0 out of 10

14:26:43.276 (276635251)|TESTING_LIMITS
14:26:43.276 (276635251)|LIMIT_USAGE_FOR_NS|(default)|
  Number of SOQL queries: 0 out of 100
  Number of query rows: 0 out of 50000
  Number of SOSL queries: 0 out of 20
  Number of DML statements: 0 out of 150
  Number of DML rows: 0 out of 10000
  Maximum CPU time: 0 out of 10000
  Maximum heap size: 0 out of 6000000
  Number of callouts: 0 out of 100
  Number of Email Invocations: 0 out of 10
  Number of future calls: 0 out of 50
  Number of queueable jobs added to the queue: 0 out of 50
  Number of Mobile Apex push calls: 0 out of 10

14:26:43.276 (276635251)|LIMIT_USAGE_FOR_NS|LabTools|
  Number of SOQL queries: 1 out of 100
  Number of query rows: 2 out of 50000
  Number of SOSL queries: 0 out of 20
  Number of DML statements: 1 out of 150
  Number of DML rows: 1 out of 10000
  Maximum CPU time: 0 out of 10000
  Maximum heap size: 0 out of 6000000
  Number of callouts: 0 out of 100
  Number of Email Invocations: 0 out of 10
  Number of future calls: 0 out of 50
  Number of queueable jobs added to the queue: 0 out of 50
  Number of Mobile Apex push calls: 0 out of 10

14:26:43.276 (276635251)|CUMULATIVE_LIMIT_USAGE_END

14:26:43.21 (276707853)|CODE_UNIT_FINISHED|JobRunner_Tests.WhenIntegrating_ShouldNotFailRun
14:26:43.21 (278296407)|EXECUTION_FINISHED
14:26:43.308 (308715684)|EXECUTION_STARTED
14:26:43.308 (308732789)|CODE_UNIT_STARTED|[EXTERNAL]|01p3600000DHL7Q|JobRunner_Tests.WhenUsingDays_ShouldSetNextRunInDays
14:26:43.308 (311322512)|SYSTEM_MODE_ENTER|false
14:26:43.308 (311337144)|SYSTEM_MODE_EXIT|false
14:26:43.308 (311400570)|SYSTEM_MODE_ENTER|false
14:26:43.308 (311418629)|SYSTEM_MODE_EXIT|false
14:26:43.308 (314941717)|SYSTEM_MODE_ENTER|false
14:26:43.308 (315555792)|SOQL_EXECUTE_BEGIN|[6]|Aggregations:1|SELECT Name, LabTools__RecurrenceType__c, LabTools__RecurrenceRate__c, (SELECT Name, LabTools__Enabled__c FROM LabTools__Jobs__r) FROM LabTools__Runner__c WHERE (LabTools__StartOn__c <= :tmpVar1 AND (LabTools__NextRunOn__c = NULL OR LabTools__NextRunOn__c <= :tmpVar2)) ORDER BY LabTools__NextRunOn__c DESC NULLS FIRST LIMIT 5
14:26:43.308 (317322258)|SOQL_EXECUTE_END|[6]|Rows:0
14:26:43.308 (317441321)|ENTERING_MANAGED_PKG|
14:26:43.308 (317573124)|ENTERING_MANAGED_PKG|
14:26:43.308 (318010974)|ENTERING_MANAGED_PKG|
14:26:43.308 (318046046)|ENTERING_MANAGED_PKG|
14:26:43.308 (318067330)|SYSTEM_MODE_EXIT|false
14:26:43.308 (321080174)|ENTERING_MANAGED_PKG|
14:26:43.308 (321125062)|ENTERING_MANAGED_PKG|
14:26:43.321 (321158733)|CUMULATIVE_LIMIT_USAGE
14:26:43.321 (321158733)|LIMIT_USAGE_FOR_NS|(default)|
  Number of SOQL queries: 0 out of 100
  Number of query rows: 0 out of 50000
  Number of SOSL queries: 0 out of 20
  Number of DML statements: 0 out of 150
  Number of DML rows: 0 out of 10000
  Maximum CPU time: 0 out of 10000
  Maximum heap size: 0 out of 6000000
  Number of callouts: 0 out of 100
  Number of Email Invocations: 0 out of 10
  Number of future calls: 0 out of 50
  Number of queueable jobs added to the queue: 0 out of 50
  Number of Mobile Apex push calls: 0 out of 10

14:26:43.321 (321158733)|TESTING_LIMITS
14:26:43.321 (321158733)|LIMIT_USAGE_FOR_NS|(default)|
  Number of SOQL queries: 0 out of 100
  Number of query rows: 0 out of 50000
  Number of SOSL queries: 0 out of 20
  Number of DML statements: 0 out of 150
  Number of DML rows: 0 out of 10000
  Maximum CPU time: 0 out of 10000
  Maximum heap size: 0 out of 6000000
  Number of callouts: 0 out of 100
  Number of Email Invocations: 0 out of 10
  Number of future calls: 0 out of 50
  Number of queueable jobs added to the queue: 0 out of 50
  Number of Mobile Apex push calls: 0 out of 10

14:26:43.321 (321158733)|LIMIT_USAGE_FOR_NS|LabTools|
  Number of SOQL queries: 1 out of 100
  Number of query rows: 0 out of 50000
  Number of SOSL queries: 0 out of 20
  Number of DML statements: 0 out of 150
  Number of DML rows: 0 out of 10000
  Maximum CPU time: 0 out of 10000
  Maximum heap size: 0 out of 6000000
  Number of callouts: 0 out of 100
  Number of Email Invocations: 0 out of 10
  Number of future calls: 0 out of 50
  Number of queueable jobs added to the queue: 0 out of 50
  Number of Mobile Apex push calls: 0 out of 10

14:26:43.321 (321158733)|CUMULATIVE_LIMIT_USAGE_END

14:26:43.308 (321221716)|CODE_UNIT_FINISHED|JobRunner_Tests.WhenUsingDays_ShouldSetNextRunInDays
14:26:43.308 (322381782)|EXECUTION_FINISHED
