34.0 APEX_CODE,DEBUG;APEX_PROFILING,INFO;CALLOUT,INFO;DB,INFO;SYSTEM,DEBUG;VALIDATION,INFO;VISUALFORCE,DEBUG;WORKFLOW,INFO
10:38:41.0 (81070)|EXECUTION_STARTED
10:38:41.0 (165245)|CODE_UNIT_STARTED|[EXTERNAL]|01p3600000AqZWe|Jobs_Daily_Tests.WhenRunning_ShouldNotFailOnLoadingJobs
10:38:41.0 (51949450)|SYSTEM_MODE_ENTER|false
10:38:41.0 (51964284)|SYSTEM_MODE_EXIT|false
10:38:41.0 (52046453)|SYSTEM_MODE_ENTER|false
10:38:41.0 (52058770)|SYSTEM_MODE_EXIT|false
10:38:41.0 (52063125)|SYSTEM_MODE_ENTER|false
10:38:41.0 (52065156)|SYSTEM_MODE_EXIT|false
10:38:41.70 (70674286)|CUMULATIVE_LIMIT_USAGE
10:38:41.70 (70674286)|LIMIT_USAGE_FOR_NS|(default)|
  Number of SOQL queries: 0 out of 100
  Number of query rows: 0 out of 50000
  Number of SOSL queries: 0 out of 20
  Number of DML statements: 0 out of 150
  Number of DML rows: 0 out of 10000
  Maximum CPU time: 0 out of 10000
  Maximum heap size: 0 out of 6000000
  Number of callouts: 0 out of 100
  Number of Email Invocations: 0 out of 10
  Number of future calls: 0 out of 50
  Number of queueable jobs added to the queue: 0 out of 50
  Number of Mobile Apex push calls: 0 out of 10

10:38:41.70 (70674286)|CUMULATIVE_LIMIT_USAGE_END

10:38:41.0 (70725360)|CODE_UNIT_FINISHED|ScheduleApexClassTest
10:38:41.77 (77467754)|CUMULATIVE_LIMIT_USAGE
10:38:41.77 (77467754)|LIMIT_USAGE_FOR_NS|(default)|
  Number of SOQL queries: 0 out of 100
  Number of query rows: 0 out of 50000
  Number of SOSL queries: 0 out of 20
  Number of DML statements: 0 out of 150
  Number of DML rows: 0 out of 10000
  Maximum CPU time: 0 out of 10000
  Maximum heap size: 0 out of 6000000
  Number of callouts: 0 out of 100
  Number of Email Invocations: 0 out of 10
  Number of future calls: 0 out of 50
  Number of queueable jobs added to the queue: 0 out of 50
  Number of Mobile Apex push calls: 0 out of 10

10:38:41.77 (77467754)|TESTING_LIMITS
10:38:41.77 (77467754)|LIMIT_USAGE_FOR_NS|(default)|
  Number of SOQL queries: 0 out of 100
  Number of query rows: 0 out of 50000
  Number of SOSL queries: 0 out of 20
  Number of DML statements: 0 out of 150
  Number of DML rows: 0 out of 10000
  Maximum CPU time: 0 out of 10000
  Maximum heap size: 0 out of 6000000
  Number of callouts: 0 out of 100
  Number of Email Invocations: 0 out of 10
  Number of future calls: 0 out of 50
  Number of queueable jobs added to the queue: 0 out of 50
  Number of Mobile Apex push calls: 0 out of 10

10:38:41.77 (77467754)|CUMULATIVE_LIMIT_USAGE_END

10:38:41.0 (77508103)|CODE_UNIT_FINISHED|Jobs_Daily_Tests.WhenRunning_ShouldNotFailOnLoadingJobs
10:38:41.0 (78525939)|EXECUTION_FINISHED
10:38:41.82 (82691641)|EXECUTION_STARTED
10:38:41.82 (82703842)|CODE_UNIT_STARTED|[EXTERNAL]|01p3600000AqZWj|Acc_ExampleJob
10:38:41.82 (88360155)|SOQL_EXECUTE_BEGIN|[4]|Aggregations:0|SELECT Id FROM Account 
10:38:41.82 (91327593)|SOQL_EXECUTE_END|[4]|Rows:0
10:38:41.96 (96330414)|CUMULATIVE_LIMIT_USAGE
10:38:41.96 (96330414)|LIMIT_USAGE_FOR_NS|(default)|
  Number of SOQL queries: 0 out of 200
  Number of query rows: 0 out of 50000
  Number of SOSL queries: 0 out of 20
  Number of DML statements: 0 out of 150
  Number of DML rows: 0 out of 10000
  Maximum CPU time: 0 out of 60000
  Maximum heap size: 0 out of 12000000
  Number of callouts: 0 out of 100
  Number of Email Invocations: 0 out of 10
  Number of future calls: 0 out of 0
  Number of queueable jobs added to the queue: 0 out of 1
  Number of Mobile Apex push calls: 0 out of 10

10:38:41.96 (96330414)|CUMULATIVE_LIMIT_USAGE_END

10:38:41.82 (96373032)|CODE_UNIT_FINISHED|Acc_ExampleJob
10:38:41.82 (97422183)|EXECUTION_FINISHED
10:38:41.99 (99427784)|EXECUTION_STARTED
10:38:41.99 (99439185)|CODE_UNIT_STARTED|[EXTERNAL]|01p3600000AqZWj|Acc_ExampleJob
10:38:41.99 (104943327)|USER_DEBUG|[21]|DEBUG|Acc_ExampleJob finished
10:38:41.110 (110534915)|CUMULATIVE_LIMIT_USAGE
10:38:41.110 (110534915)|LIMIT_USAGE_FOR_NS|(default)|
  Number of SOQL queries: 0 out of 200
  Number of query rows: 0 out of 50000
  Number of SOSL queries: 0 out of 20
  Number of DML statements: 0 out of 150
  Number of DML rows: 0 out of 10000
  Maximum CPU time: 0 out of 60000
  Maximum heap size: 0 out of 12000000
  Number of callouts: 0 out of 100
  Number of Email Invocations: 0 out of 10
  Number of future calls: 0 out of 0
  Number of queueable jobs added to the queue: 0 out of 1
  Number of Mobile Apex push calls: 0 out of 10

10:38:41.110 (110534915)|CUMULATIVE_LIMIT_USAGE_END

10:38:41.99 (110580638)|CODE_UNIT_FINISHED|Acc_ExampleJob
10:38:41.99 (111574034)|EXECUTION_FINISHED
