34.0 APEX_CODE,DEBUG;APEX_PROFILING,INFO;CALLOUT,INFO;DB,INFO;SYSTEM,DEBUG;VALIDATION,INFO;VISUALFORCE,DEBUG;WORKFLOW,INFO
13:52:54.12 (12308214)|EXECUTION_STARTED
13:52:54.12 (12347970)|CODE_UNIT_STARTED|[EXTERNAL]|01p3600000DHL7Q|JobRunner_Tests.WhenIntegrating_ShouldNotFailRun
13:52:54.12 (13247063)|DML_BEGIN|[11]|Op:Insert|Type:LabTools__Runner__c|Rows:1
13:52:54.12 (51723808)|DML_END|[11]
13:52:54.12 (51950538)|ENTERING_MANAGED_PKG|
13:52:54.12 (53176032)|FATAL_ERROR|System.StringException: Invalid id: Test

Class.LabTools.JobRunner_Tests.WhenIntegrating_ShouldNotFailRun: line 14, column 1
13:52:54.12 (53194367)|FATAL_ERROR|System.StringException: Invalid id: Test

Class.LabTools.JobRunner_Tests.WhenIntegrating_ShouldNotFailRun: line 14, column 1
13:52:54.53 (53204653)|CUMULATIVE_LIMIT_USAGE
13:52:54.53 (53204653)|LIMIT_USAGE_FOR_NS|(default)|
  Number of SOQL queries: 0 out of 100
  Number of query rows: 0 out of 50000
  Number of SOSL queries: 0 out of 20
  Number of DML statements: 0 out of 150
  Number of DML rows: 0 out of 10000
  Maximum CPU time: 0 out of 10000
  Maximum heap size: 0 out of 6000000
  Number of callouts: 0 out of 100
  Number of Email Invocations: 0 out of 10
  Number of future calls: 0 out of 50
  Number of queueable jobs added to the queue: 0 out of 50
  Number of Mobile Apex push calls: 0 out of 10

13:52:54.53 (53204653)|LIMIT_USAGE_FOR_NS|LabTools|
  Number of SOQL queries: 0 out of 100
  Number of query rows: 0 out of 50000
  Number of SOSL queries: 0 out of 20
  Number of DML statements: 1 out of 150
  Number of DML rows: 1 out of 10000
  Maximum CPU time: 0 out of 10000
  Maximum heap size: 0 out of 6000000
  Number of callouts: 0 out of 100
  Number of Email Invocations: 0 out of 10
  Number of future calls: 0 out of 50
  Number of queueable jobs added to the queue: 0 out of 50
  Number of Mobile Apex push calls: 0 out of 10

13:52:54.53 (53204653)|CUMULATIVE_LIMIT_USAGE_END

13:52:54.12 (53251389)|CODE_UNIT_FINISHED|JobRunner_Tests.WhenIntegrating_ShouldNotFailRun
13:52:54.12 (54414002)|EXECUTION_FINISHED
