34.0 APEX_CODE,DEBUG;APEX_PROFILING,INFO;CALLOUT,INFO;DB,INFO;SYSTEM,DEBUG;VALIDATION,INFO;VISUALFORCE,DEBUG;WORKFLOW,INFO
13:58:36.23 (23345192)|EXECUTION_STARTED
13:58:36.23 (23384667)|CODE_UNIT_STARTED|[EXTERNAL]|01p3600000DHL8E|HeartbeatJob_Tests.WhenExecutes_ShouldNotFail
13:58:36.23 (25600560)|SYSTEM_MODE_ENTER|false
13:58:36.23 (25623353)|SYSTEM_MODE_EXIT|false
13:58:36.23 (25715351)|SYSTEM_MODE_ENTER|false
13:58:36.23 (25740231)|SYSTEM_MODE_EXIT|false
13:58:36.23 (25745651)|SYSTEM_MODE_ENTER|false
13:58:36.23 (25752749)|SYSTEM_MODE_EXIT|false
13:58:36.23 (29215478)|SYSTEM_MODE_ENTER|false
13:58:36.23 (29291669)|ENTERING_MANAGED_PKG|
13:58:36.23 (29339573)|USER_DEBUG|[9]|DEBUG|Heartbeat Job Executing
13:58:36.23 (29421962)|SYSTEM_MODE_EXIT|false
13:58:36.23 (29495182)|FATAL_ERROR|System.NullPointerException: Attempt to de-reference a null object

Class.LabTools.HeartbeatJob.Process: line 10, column 1
Class.LabTools.HeartbeatJob_Tests.WhenExecutes_ShouldNotFail: line 21, column 1
13:58:36.23 (29511563)|FATAL_ERROR|System.NullPointerException: Attempt to de-reference a null object

Class.LabTools.HeartbeatJob.Process: line 10, column 1
Class.LabTools.HeartbeatJob_Tests.WhenExecutes_ShouldNotFail: line 21, column 1
13:58:36.29 (29521471)|CUMULATIVE_LIMIT_USAGE
13:58:36.29 (29521471)|LIMIT_USAGE_FOR_NS|(default)|
  Number of SOQL queries: 0 out of 100
  Number of query rows: 0 out of 50000
  Number of SOSL queries: 0 out of 20
  Number of DML statements: 0 out of 150
  Number of DML rows: 0 out of 10000
  Maximum CPU time: 0 out of 10000
  Maximum heap size: 0 out of 6000000
  Number of callouts: 0 out of 100
  Number of Email Invocations: 0 out of 10
  Number of future calls: 0 out of 50
  Number of queueable jobs added to the queue: 0 out of 50
  Number of Mobile Apex push calls: 0 out of 10

13:58:36.29 (29521471)|TESTING_LIMITS
13:58:36.29 (29521471)|LIMIT_USAGE_FOR_NS|(default)|
  Number of SOQL queries: 0 out of 100
  Number of query rows: 0 out of 50000
  Number of SOSL queries: 0 out of 20
  Number of DML statements: 0 out of 150
  Number of DML rows: 0 out of 10000
  Maximum CPU time: 0 out of 10000
  Maximum heap size: 0 out of 6000000
  Number of callouts: 0 out of 100
  Number of Email Invocations: 0 out of 10
  Number of future calls: 0 out of 50
  Number of queueable jobs added to the queue: 0 out of 50
  Number of Mobile Apex push calls: 0 out of 10

13:58:36.29 (29521471)|CUMULATIVE_LIMIT_USAGE_END

13:58:36.23 (29582425)|CODE_UNIT_FINISHED|HeartbeatJob_Tests.WhenExecutes_ShouldNotFail
13:58:36.23 (31533749)|EXECUTION_FINISHED
13:58:36.58 (58920706)|EXECUTION_STARTED
13:58:36.58 (58946926)|CODE_UNIT_STARTED|[EXTERNAL]|01p3600000DHL8E|HeartbeatJob_Tests.WhenStarts_ShouldReturnAccountsList
13:58:36.58 (60104358)|SYSTEM_MODE_ENTER|false
13:58:36.58 (60118269)|SYSTEM_MODE_EXIT|false
13:58:36.58 (60174656)|SYSTEM_MODE_ENTER|false
13:58:36.58 (60196324)|SYSTEM_MODE_EXIT|false
13:58:36.58 (60201757)|SYSTEM_MODE_ENTER|false
13:58:36.58 (60204218)|SYSTEM_MODE_EXIT|false
13:58:36.58 (63431929)|SYSTEM_MODE_ENTER|false
13:58:36.58 (63466843)|ENTERING_MANAGED_PKG|
13:58:36.58 (63500179)|USER_DEBUG|[4]|DEBUG|Heartbeat Job Started
13:58:36.58 (63560533)|ENTERING_MANAGED_PKG|
13:58:36.58 (63812141)|SOQL_EXECUTE_BEGIN|[5]|Aggregations:0|SELECT Id FROM LabTools__Job__c
13:58:36.58 (66031557)|SOQL_EXECUTE_END|[5]|Rows:0
13:58:36.58 (66102131)|SYSTEM_MODE_EXIT|false
13:58:36.58 (71285134)|ENTERING_MANAGED_PKG|
13:58:36.71 (71330690)|CUMULATIVE_LIMIT_USAGE
13:58:36.71 (71330690)|LIMIT_USAGE_FOR_NS|(default)|
  Number of SOQL queries: 0 out of 100
  Number of query rows: 0 out of 50000
  Number of SOSL queries: 0 out of 20
  Number of DML statements: 0 out of 150
  Number of DML rows: 0 out of 10000
  Maximum CPU time: 0 out of 10000
  Maximum heap size: 0 out of 6000000
  Number of callouts: 0 out of 100
  Number of Email Invocations: 0 out of 10
  Number of future calls: 0 out of 50
  Number of queueable jobs added to the queue: 0 out of 50
  Number of Mobile Apex push calls: 0 out of 10

13:58:36.71 (71330690)|TESTING_LIMITS
13:58:36.71 (71330690)|LIMIT_USAGE_FOR_NS|(default)|
  Number of SOQL queries: 0 out of 100
  Number of query rows: 0 out of 50000
  Number of SOSL queries: 0 out of 20
  Number of DML statements: 0 out of 150
  Number of DML rows: 0 out of 10000
  Maximum CPU time: 0 out of 10000
  Maximum heap size: 0 out of 6000000
  Number of callouts: 0 out of 100
  Number of Email Invocations: 0 out of 10
  Number of future calls: 0 out of 50
  Number of queueable jobs added to the queue: 0 out of 50
  Number of Mobile Apex push calls: 0 out of 10

13:58:36.71 (71330690)|LIMIT_USAGE_FOR_NS|LabTools|
  Number of SOQL queries: 1 out of 100
  Number of query rows: 0 out of 50000
  Number of SOSL queries: 0 out of 20
  Number of DML statements: 0 out of 150
  Number of DML rows: 0 out of 10000
  Maximum CPU time: 0 out of 10000
  Maximum heap size: 0 out of 6000000
  Number of callouts: 0 out of 100
  Number of Email Invocations: 0 out of 10
  Number of future calls: 0 out of 50
  Number of queueable jobs added to the queue: 0 out of 50
  Number of Mobile Apex push calls: 0 out of 10

13:58:36.71 (71330690)|CUMULATIVE_LIMIT_USAGE_END

13:58:36.58 (71396141)|CODE_UNIT_FINISHED|HeartbeatJob_Tests.WhenStarts_ShouldReturnAccountsList
13:58:36.58 (73225453)|EXECUTION_FINISHED
