34.0 APEX_CODE,DEBUG;APEX_PROFILING,INFO;CALLOUT,INFO;DB,INFO;SYSTEM,DEBUG;VALIDATION,INFO;VISUALFORCE,DEBUG;WORKFLOW,INFO
12:18:58.0 (418395)|EXECUTION_STARTED
12:18:58.0 (468188)|CODE_UNIT_STARTED|[EXTERNAL]|01p3600000DHDD5|HttpClient_Tests.WhenMakingFutureRequest_ShouldHandleResponse
12:18:58.0 (3871051)|SYSTEM_MODE_ENTER|false
12:18:58.0 (3990784)|SYSTEM_MODE_EXIT|false
12:18:58.0 (4127487)|SYSTEM_MODE_ENTER|false
12:18:58.0 (4153223)|SYSTEM_MODE_EXIT|false
12:18:58.0 (4158782)|SYSTEM_MODE_ENTER|false
12:18:58.0 (4161063)|SYSTEM_MODE_EXIT|false
12:18:58.0 (4883995)|SYSTEM_MODE_ENTER|false
12:18:58.0 (4889114)|SYSTEM_MODE_EXIT|false
12:18:58.0 (4940575)|SYSTEM_MODE_ENTER|false
12:18:58.0 (4952203)|SYSTEM_MODE_EXIT|false
12:18:58.0 (4955871)|SYSTEM_MODE_ENTER|false
12:18:58.0 (4958468)|SYSTEM_MODE_EXIT|false
12:18:58.0 (5065508)|SYSTEM_MODE_ENTER|false
12:18:58.0 (5078365)|SYSTEM_MODE_EXIT|false
12:18:58.0 (5800358)|SYSTEM_MODE_ENTER|false
12:18:58.0 (6537885)|SYSTEM_MODE_EXIT|false
12:18:58.0 (21003462)|SYSTEM_MODE_ENTER|false
12:18:58.0 (21153854)|ENTERING_MANAGED_PKG|
12:18:58.0 (21479055)|ENTERING_MANAGED_PKG|
12:18:58.0 (21649199)|SYSTEM_MODE_EXIT|false
12:18:58.0 (26820059)|SYSTEM_MODE_ENTER|false
12:18:58.0 (27478935)|CALLOUT_REQUEST|[19]|System.HttpRequest[Endpoint=http://www.google.com, Method=GET]
12:18:58.0 (27624283)|ENTERING_MANAGED_PKG|
12:18:58.0 (27677374)|ENTERING_MANAGED_PKG|
12:18:58.0 (27789030)|CALLOUT_RESPONSE|[19]|System.HttpResponse[Status=null, StatusCode=200]
12:18:58.0 (27851909)|ENTERING_MANAGED_PKG|
12:18:58.0 (27873157)|USER_DEBUG|[22]|DEBUG|Handling with: LabTools.HttpClient_Tests.TestResponseHandler
12:18:58.0 (31725229)|ENTERING_MANAGED_PKG|
12:18:58.0 (31773742)|ENTERING_MANAGED_PKG|
12:18:58.0 (31791112)|SYSTEM_MODE_EXIT|false
12:18:58.31 (31805763)|CUMULATIVE_LIMIT_USAGE
12:18:58.31 (31805763)|LIMIT_USAGE_FOR_NS|(default)|
  Number of SOQL queries: 0 out of 200
  Number of query rows: 0 out of 50000
  Number of SOSL queries: 0 out of 20
  Number of DML statements: 0 out of 150
  Number of DML rows: 0 out of 10000
  Maximum CPU time: 0 out of 60000
  Maximum heap size: 0 out of 12000000
  Number of callouts: 0 out of 100
  Number of Email Invocations: 0 out of 10
  Number of future calls: 0 out of 50
  Number of queueable jobs added to the queue: 0 out of 1
  Number of Mobile Apex push calls: 0 out of 10

12:18:58.31 (31805763)|LIMIT_USAGE_FOR_NS|LabTools|
  Number of SOQL queries: 0 out of 200
  Number of query rows: 0 out of 50000
  Number of SOSL queries: 0 out of 20
  Number of DML statements: 0 out of 150
  Number of DML rows: 0 out of 10000
  Maximum CPU time: 0 out of 60000
  Maximum heap size: 0 out of 12000000
  Number of callouts: 1 out of 100
  Number of Email Invocations: 0 out of 10
  Number of future calls: 0 out of 50
  Number of queueable jobs added to the queue: 0 out of 1
  Number of Mobile Apex push calls: 0 out of 10

12:18:58.31 (31805763)|CUMULATIVE_LIMIT_USAGE_END

12:18:58.0 (31855042)|CODE_UNIT_FINISHED|HttpClient.AsyncCall
12:18:58.0 (35179909)|ENTERING_MANAGED_PKG|
12:18:58.35 (35228471)|CUMULATIVE_LIMIT_USAGE
12:18:58.35 (35228471)|LIMIT_USAGE_FOR_NS|(default)|
  Number of SOQL queries: 0 out of 100
  Number of query rows: 0 out of 50000
  Number of SOSL queries: 0 out of 20
  Number of DML statements: 0 out of 150
  Number of DML rows: 0 out of 10000
  Maximum CPU time: 0 out of 10000
  Maximum heap size: 0 out of 6000000
  Number of callouts: 0 out of 100
  Number of Email Invocations: 0 out of 10
  Number of future calls: 0 out of 50
  Number of queueable jobs added to the queue: 0 out of 50
  Number of Mobile Apex push calls: 0 out of 10

12:18:58.35 (35228471)|TESTING_LIMITS
12:18:58.35 (35228471)|LIMIT_USAGE_FOR_NS|(default)|
  Number of SOQL queries: 0 out of 100
  Number of query rows: 0 out of 50000
  Number of SOSL queries: 0 out of 20
  Number of DML statements: 0 out of 150
  Number of DML rows: 0 out of 10000
  Maximum CPU time: 0 out of 10000
  Maximum heap size: 0 out of 6000000
  Number of callouts: 0 out of 100
  Number of Email Invocations: 0 out of 10
  Number of future calls: 0 out of 50
  Number of queueable jobs added to the queue: 0 out of 50
  Number of Mobile Apex push calls: 0 out of 10

12:18:58.35 (35228471)|LIMIT_USAGE_FOR_NS|LabTools|
  Number of SOQL queries: 0 out of 100
  Number of query rows: 0 out of 50000
  Number of SOSL queries: 0 out of 20
  Number of DML statements: 0 out of 150
  Number of DML rows: 0 out of 10000
  Maximum CPU time: 0 out of 10000
  Maximum heap size: 0 out of 6000000
  Number of callouts: 0 out of 100
  Number of Email Invocations: 0 out of 10
  Number of future calls: 1 out of 50
  Number of queueable jobs added to the queue: 0 out of 50
  Number of Mobile Apex push calls: 0 out of 10

12:18:58.35 (35228471)|CUMULATIVE_LIMIT_USAGE_END

12:18:58.0 (35284156)|CODE_UNIT_FINISHED|HttpClient_Tests.WhenMakingFutureRequest_ShouldHandleResponse
12:18:58.0 (48664856)|EXECUTION_FINISHED
12:18:58.100 (100109319)|EXECUTION_STARTED
12:18:58.100 (100127219)|CODE_UNIT_STARTED|[EXTERNAL]|01p3600000DHDD5|HttpClient_Tests.WhenMakingRequest_ShouldReturnResponse
12:18:58.100 (101356220)|SYSTEM_MODE_ENTER|false
12:18:58.100 (101369445)|SYSTEM_MODE_EXIT|false
12:18:58.100 (101430416)|SYSTEM_MODE_ENTER|false
12:18:58.100 (101454654)|SYSTEM_MODE_EXIT|false
12:18:58.100 (101459651)|SYSTEM_MODE_ENTER|false
12:18:58.100 (101462139)|SYSTEM_MODE_EXIT|false
12:18:58.100 (105676439)|SYSTEM_MODE_ENTER|false
12:18:58.100 (105812399)|CALLOUT_REQUEST|[4]|System.HttpRequest[Endpoint=http://www.google.com, Method=GET]
12:18:58.100 (105922585)|ENTERING_MANAGED_PKG|
12:18:58.100 (105970451)|ENTERING_MANAGED_PKG|
12:18:58.100 (106065999)|CALLOUT_RESPONSE|[4]|System.HttpResponse[Status=null, StatusCode=200]
12:18:58.100 (106085179)|SYSTEM_MODE_EXIT|false
12:18:58.100 (109161650)|ENTERING_MANAGED_PKG|
12:18:58.100 (109238970)|ENTERING_MANAGED_PKG|
12:18:58.100 (109285181)|ENTERING_MANAGED_PKG|
12:18:58.109 (109305664)|CUMULATIVE_LIMIT_USAGE
12:18:58.109 (109305664)|LIMIT_USAGE_FOR_NS|(default)|
  Number of SOQL queries: 0 out of 100
  Number of query rows: 0 out of 50000
  Number of SOSL queries: 0 out of 20
  Number of DML statements: 0 out of 150
  Number of DML rows: 0 out of 10000
  Maximum CPU time: 0 out of 10000
  Maximum heap size: 0 out of 6000000
  Number of callouts: 0 out of 100
  Number of Email Invocations: 0 out of 10
  Number of future calls: 0 out of 50
  Number of queueable jobs added to the queue: 0 out of 50
  Number of Mobile Apex push calls: 0 out of 10

12:18:58.109 (109305664)|TESTING_LIMITS
12:18:58.109 (109305664)|LIMIT_USAGE_FOR_NS|(default)|
  Number of SOQL queries: 0 out of 100
  Number of query rows: 0 out of 50000
  Number of SOSL queries: 0 out of 20
  Number of DML statements: 0 out of 150
  Number of DML rows: 0 out of 10000
  Maximum CPU time: 0 out of 10000
  Maximum heap size: 0 out of 6000000
  Number of callouts: 0 out of 100
  Number of Email Invocations: 0 out of 10
  Number of future calls: 0 out of 50
  Number of queueable jobs added to the queue: 0 out of 50
  Number of Mobile Apex push calls: 0 out of 10

12:18:58.109 (109305664)|LIMIT_USAGE_FOR_NS|LabTools|
  Number of SOQL queries: 0 out of 100
  Number of query rows: 0 out of 50000
  Number of SOSL queries: 0 out of 20
  Number of DML statements: 0 out of 150
  Number of DML rows: 0 out of 10000
  Maximum CPU time: 0 out of 10000
  Maximum heap size: 0 out of 6000000
  Number of callouts: 1 out of 100
  Number of Email Invocations: 0 out of 10
  Number of future calls: 0 out of 50
  Number of queueable jobs added to the queue: 0 out of 50
  Number of Mobile Apex push calls: 0 out of 10

12:18:58.109 (109305664)|CUMULATIVE_LIMIT_USAGE_END

12:18:58.100 (109361112)|CODE_UNIT_FINISHED|HttpClient_Tests.WhenMakingRequest_ShouldReturnResponse
12:18:58.100 (110435395)|EXECUTION_FINISHED
