34.0 APEX_CODE,DEBUG;APEX_PROFILING,INFO;CALLOUT,INFO;DB,INFO;SYSTEM,DEBUG;VALIDATION,INFO;VISUALFORCE,DEBUG;WORKFLOW,INFO
14:23:41.22 (22983600)|EXECUTION_STARTED
14:23:41.22 (23018229)|CODE_UNIT_STARTED|[EXTERNAL]|01p3600000DHL7Q|JobRunner_Tests.WhenIntegrating_ShouldNotFailRun
14:23:41.22 (23825045)|DML_BEGIN|[28]|Op:Insert|Type:LabTools__Runner__c|Rows:1
14:23:41.22 (57642159)|DML_END|[28]
14:23:41.22 (57929478)|ENTERING_MANAGED_PKG|
14:23:41.22 (59311479)|ENTERING_MANAGED_PKG|
14:23:41.22 (59417991)|DML_BEGIN|[35]|Op:Insert|Type:LabTools__Job__c|Rows:1
14:23:41.22 (79666453)|DML_END|[35]
14:23:41.22 (82316160)|SYSTEM_MODE_ENTER|false
14:23:41.22 (82325676)|SYSTEM_MODE_EXIT|false
14:23:41.22 (82781503)|SYSTEM_MODE_ENTER|false
14:23:41.22 (83604161)|SYSTEM_MODE_EXIT|false
14:23:41.22 (86997636)|SYSTEM_MODE_ENTER|false
14:23:41.22 (87614065)|SOQL_EXECUTE_BEGIN|[6]|Aggregations:1|SELECT Name, LabTools__RecurrenceType__c, LabTools__RecurrenceRate__c, (SELECT Name, LabTools__Enabled__c FROM LabTools__Jobs__r) FROM LabTools__Runner__c WHERE (LabTools__StartOn__c <= :tmpVar1 AND (LabTools__NextRunOn__c = NULL OR LabTools__NextRunOn__c <= :tmpVar2)) ORDER BY LabTools__NextRunOn__c DESC NULLS FIRST LIMIT 5
14:23:41.22 (94315893)|SOQL_EXECUTE_END|[6]|Rows:1
14:23:41.22 (94531891)|ENTERING_MANAGED_PKG|
14:23:41.22 (96919652)|ENTERING_MANAGED_PKG|
14:23:41.22 (131282808)|DML_BEGIN|[18]|Op:Update|Type:LabTools__Runner__c|Rows:1
14:23:41.22 (155552228)|DML_END|[18]
14:23:41.22 (155629090)|SYSTEM_MODE_EXIT|false
14:23:41.22 (170961821)|SYSTEM_MODE_ENTER|false
14:23:41.22 (171008493)|ENTERING_MANAGED_PKG|
14:23:41.22 (171061234)|USER_DEBUG|[4]|DEBUG|Heartbeat Job Started
14:23:41.22 (171108274)|ENTERING_MANAGED_PKG|
14:23:41.22 (171322524)|SOQL_EXECUTE_BEGIN|[5]|Aggregations:0|SELECT Id FROM LabTools__Job__c
14:23:41.22 (197978493)|SOQL_EXECUTE_END|[5]|Rows:1
14:23:41.22 (198065302)|SYSTEM_MODE_EXIT|false
14:23:41.214 (214388097)|CUMULATIVE_LIMIT_USAGE
14:23:41.214 (214388097)|LIMIT_USAGE_FOR_NS|(default)|
  Number of SOQL queries: 0 out of 200
  Number of query rows: 0 out of 50000
  Number of SOSL queries: 0 out of 20
  Number of DML statements: 0 out of 150
  Number of DML rows: 0 out of 10000
  Maximum CPU time: 0 out of 60000
  Maximum heap size: 0 out of 12000000
  Number of callouts: 0 out of 100
  Number of Email Invocations: 0 out of 10
  Number of future calls: 0 out of 0
  Number of queueable jobs added to the queue: 0 out of 1
  Number of Mobile Apex push calls: 0 out of 10

14:23:41.214 (214388097)|CUMULATIVE_LIMIT_USAGE_END

14:23:41.22 (214450979)|CODE_UNIT_FINISHED|LabTools.JobWrapper
14:23:41.22 (217026703)|CODE_UNIT_STARTED|[EXTERNAL]|01p3600000DIJMr|LabTools.JobWrapper
14:23:41.22 (235292599)|CODE_UNIT_STARTED|[EXTERNAL]|01p3600000DIJMr|LabTools.JobWrapper
14:23:41.22 (237178033)|SYSTEM_MODE_ENTER|false
14:23:41.22 (237228764)|ENTERING_MANAGED_PKG|
14:23:41.22 (237266406)|USER_DEBUG|[9]|DEBUG|Heartbeat Job Executing
14:23:41.22 (237303409)|ENTERING_MANAGED_PKG|
14:23:41.22 (237371200)|ENTERING_MANAGED_PKG|
14:23:41.22 (237401999)|ENTERING_MANAGED_PKG|
14:23:41.22 (237405922)|USER_DEBUG|[10]|DEBUG|Heartbeat Job - Number of Jobs: 1
14:23:41.22 (237415617)|SYSTEM_MODE_EXIT|false
14:23:41.22 (237438212)|CODE_UNIT_FINISHED|LabTools.JobWrapper
14:23:41.254 (254829041)|CUMULATIVE_LIMIT_USAGE
14:23:41.254 (254829041)|LIMIT_USAGE_FOR_NS|(default)|
  Number of SOQL queries: 0 out of 200
  Number of query rows: 0 out of 50000
  Number of SOSL queries: 0 out of 20
  Number of DML statements: 0 out of 150
  Number of DML rows: 0 out of 10000
  Maximum CPU time: 0 out of 60000
  Maximum heap size: 0 out of 12000000
  Number of callouts: 0 out of 100
  Number of Email Invocations: 0 out of 10
  Number of future calls: 0 out of 0
  Number of queueable jobs added to the queue: 0 out of 1
  Number of Mobile Apex push calls: 0 out of 10

14:23:41.254 (254829041)|CUMULATIVE_LIMIT_USAGE_END

14:23:41.22 (254895558)|CODE_UNIT_FINISHED|LabTools.JobWrapper
14:23:41.22 (257423023)|CODE_UNIT_STARTED|[EXTERNAL]|01p3600000DIJMr|LabTools.JobWrapper
14:23:41.270 (270826187)|CUMULATIVE_LIMIT_USAGE
14:23:41.270 (270826187)|LIMIT_USAGE_FOR_NS|(default)|
  Number of SOQL queries: 0 out of 200
  Number of query rows: 0 out of 50000
  Number of SOSL queries: 0 out of 20
  Number of DML statements: 0 out of 150
  Number of DML rows: 0 out of 10000
  Maximum CPU time: 0 out of 60000
  Maximum heap size: 0 out of 12000000
  Number of callouts: 0 out of 100
  Number of Email Invocations: 0 out of 10
  Number of future calls: 0 out of 0
  Number of queueable jobs added to the queue: 0 out of 1
  Number of Mobile Apex push calls: 0 out of 10

14:23:41.270 (270826187)|CUMULATIVE_LIMIT_USAGE_END

14:23:41.22 (270864165)|CODE_UNIT_FINISHED|LabTools.JobWrapper
14:23:41.273 (273131628)|CUMULATIVE_LIMIT_USAGE
14:23:41.273 (273131628)|LIMIT_USAGE_FOR_NS|(default)|
  Number of SOQL queries: 0 out of 100
  Number of query rows: 0 out of 50000
  Number of SOSL queries: 0 out of 20
  Number of DML statements: 0 out of 150
  Number of DML rows: 0 out of 10000
  Maximum CPU time: 0 out of 10000
  Maximum heap size: 0 out of 6000000
  Number of callouts: 0 out of 100
  Number of Email Invocations: 0 out of 10
  Number of future calls: 0 out of 50
  Number of queueable jobs added to the queue: 0 out of 50
  Number of Mobile Apex push calls: 0 out of 10

14:23:41.273 (273131628)|LIMIT_USAGE_FOR_NS|LabTools|
  Number of SOQL queries: 0 out of 100
  Number of query rows: 0 out of 50000
  Number of SOSL queries: 0 out of 20
  Number of DML statements: 2 out of 150
  Number of DML rows: 2 out of 10000
  Maximum CPU time: 0 out of 10000
  Maximum heap size: 0 out of 6000000
  Number of callouts: 0 out of 100
  Number of Email Invocations: 0 out of 10
  Number of future calls: 0 out of 50
  Number of queueable jobs added to the queue: 0 out of 50
  Number of Mobile Apex push calls: 0 out of 10

14:23:41.273 (273131628)|TESTING_LIMITS
14:23:41.273 (273131628)|LIMIT_USAGE_FOR_NS|(default)|
  Number of SOQL queries: 0 out of 100
  Number of query rows: 0 out of 50000
  Number of SOSL queries: 0 out of 20
  Number of DML statements: 0 out of 150
  Number of DML rows: 0 out of 10000
  Maximum CPU time: 0 out of 10000
  Maximum heap size: 0 out of 6000000
  Number of callouts: 0 out of 100
  Number of Email Invocations: 0 out of 10
  Number of future calls: 0 out of 50
  Number of queueable jobs added to the queue: 0 out of 50
  Number of Mobile Apex push calls: 0 out of 10

14:23:41.273 (273131628)|LIMIT_USAGE_FOR_NS|LabTools|
  Number of SOQL queries: 1 out of 100
  Number of query rows: 2 out of 50000
  Number of SOSL queries: 0 out of 20
  Number of DML statements: 1 out of 150
  Number of DML rows: 1 out of 10000
  Maximum CPU time: 0 out of 10000
  Maximum heap size: 0 out of 6000000
  Number of callouts: 0 out of 100
  Number of Email Invocations: 0 out of 10
  Number of future calls: 0 out of 50
  Number of queueable jobs added to the queue: 0 out of 50
  Number of Mobile Apex push calls: 0 out of 10

14:23:41.273 (273131628)|CUMULATIVE_LIMIT_USAGE_END

14:23:41.22 (273208170)|CODE_UNIT_FINISHED|JobRunner_Tests.WhenIntegrating_ShouldNotFailRun
14:23:41.22 (274397941)|EXECUTION_FINISHED
14:23:41.304 (304095025)|EXECUTION_STARTED
14:23:41.304 (304114311)|CODE_UNIT_STARTED|[EXTERNAL]|01p3600000DHL7Q|JobRunner_Tests.WhenUsingDays_ShouldSetNextRunInDays
14:23:41.304 (307052410)|SYSTEM_MODE_ENTER|false
14:23:41.304 (307061999)|SYSTEM_MODE_EXIT|false
14:23:41.304 (307121107)|SYSTEM_MODE_ENTER|false
14:23:41.304 (307139415)|SYSTEM_MODE_EXIT|false
14:23:41.304 (310218074)|SYSTEM_MODE_ENTER|false
14:23:41.304 (311491509)|SOQL_EXECUTE_BEGIN|[6]|Aggregations:1|SELECT Name, LabTools__RecurrenceType__c, LabTools__RecurrenceRate__c, (SELECT Name, LabTools__Enabled__c FROM LabTools__Jobs__r) FROM LabTools__Runner__c WHERE (LabTools__StartOn__c <= :tmpVar1 AND (LabTools__NextRunOn__c = NULL OR LabTools__NextRunOn__c <= :tmpVar2)) ORDER BY LabTools__NextRunOn__c DESC NULLS FIRST LIMIT 5
14:23:41.304 (313405975)|SOQL_EXECUTE_END|[6]|Rows:0
14:23:41.304 (313536999)|ENTERING_MANAGED_PKG|
14:23:41.304 (313663323)|ENTERING_MANAGED_PKG|
14:23:41.304 (314125104)|ENTERING_MANAGED_PKG|
14:23:41.304 (314162526)|ENTERING_MANAGED_PKG|
14:23:41.304 (314185281)|SYSTEM_MODE_EXIT|false
14:23:41.304 (316691170)|ENTERING_MANAGED_PKG|
14:23:41.304 (316738372)|ENTERING_MANAGED_PKG|
14:23:41.316 (316776339)|CUMULATIVE_LIMIT_USAGE
14:23:41.316 (316776339)|LIMIT_USAGE_FOR_NS|(default)|
  Number of SOQL queries: 0 out of 100
  Number of query rows: 0 out of 50000
  Number of SOSL queries: 0 out of 20
  Number of DML statements: 0 out of 150
  Number of DML rows: 0 out of 10000
  Maximum CPU time: 0 out of 10000
  Maximum heap size: 0 out of 6000000
  Number of callouts: 0 out of 100
  Number of Email Invocations: 0 out of 10
  Number of future calls: 0 out of 50
  Number of queueable jobs added to the queue: 0 out of 50
  Number of Mobile Apex push calls: 0 out of 10

14:23:41.316 (316776339)|TESTING_LIMITS
14:23:41.316 (316776339)|LIMIT_USAGE_FOR_NS|(default)|
  Number of SOQL queries: 0 out of 100
  Number of query rows: 0 out of 50000
  Number of SOSL queries: 0 out of 20
  Number of DML statements: 0 out of 150
  Number of DML rows: 0 out of 10000
  Maximum CPU time: 0 out of 10000
  Maximum heap size: 0 out of 6000000
  Number of callouts: 0 out of 100
  Number of Email Invocations: 0 out of 10
  Number of future calls: 0 out of 50
  Number of queueable jobs added to the queue: 0 out of 50
  Number of Mobile Apex push calls: 0 out of 10

14:23:41.316 (316776339)|LIMIT_USAGE_FOR_NS|LabTools|
  Number of SOQL queries: 1 out of 100
  Number of query rows: 0 out of 50000
  Number of SOSL queries: 0 out of 20
  Number of DML statements: 0 out of 150
  Number of DML rows: 0 out of 10000
  Maximum CPU time: 0 out of 10000
  Maximum heap size: 0 out of 6000000
  Number of callouts: 0 out of 100
  Number of Email Invocations: 0 out of 10
  Number of future calls: 0 out of 50
  Number of queueable jobs added to the queue: 0 out of 50
  Number of Mobile Apex push calls: 0 out of 10

14:23:41.316 (316776339)|CUMULATIVE_LIMIT_USAGE_END

14:23:41.304 (316836613)|CODE_UNIT_FINISHED|JobRunner_Tests.WhenUsingDays_ShouldSetNextRunInDays
14:23:41.304 (317850545)|EXECUTION_FINISHED
