34.0 APEX_CODE,FINEST;APEX_PROFILING,DEBUG;CALLOUT,DEBUG;DB,DEBUG;SYSTEM,DEBUG;VALIDATION,DEBUG;VISUALFORCE,DEBUG;WORKFLOW,DEBUG
14:07:04.19 (19232167)|EXECUTION_STARTED
14:07:04.19 (19268629)|CODE_UNIT_STARTED|[EXTERNAL]|01p3600000DHL8E|HeartbeatJob_Tests.WhenExecutes_ShouldNotFail
14:07:04.19 (19508318)|HEAP_ALLOCATE|[72]|Bytes:3
14:07:04.19 (19554002)|HEAP_ALLOCATE|[77]|Bytes:152
14:07:04.19 (19574224)|HEAP_ALLOCATE|[342]|Bytes:408
14:07:04.19 (19594803)|HEAP_ALLOCATE|[355]|Bytes:408
14:07:04.19 (19613214)|HEAP_ALLOCATE|[467]|Bytes:48
14:07:04.19 (19643584)|HEAP_ALLOCATE|[139]|Bytes:6
14:07:04.19 (19660801)|HEAP_ALLOCATE|[EXTERNAL]|Bytes:26
14:07:04.19 (19681952)|METHOD_ENTRY|[2]|01p3600000DHL8E|HeartbeatJob_Tests.HeartbeatJob_Tests()
14:07:04.19 (19686451)|STATEMENT_EXECUTE|[2]
14:07:04.19 (19691188)|STATEMENT_EXECUTE|[2]
14:07:04.19 (19696391)|METHOD_EXIT|[2]|HeartbeatJob_Tests
14:07:04.19 (19735604)|HEAP_ALLOCATE|[50]|Bytes:5
14:07:04.19 (19756585)|HEAP_ALLOCATE|[56]|Bytes:5
14:07:04.19 (19765178)|HEAP_ALLOCATE|[64]|Bytes:7
14:07:04.19 (19811062)|STATEMENT_EXECUTE|[17]
14:07:04.19 (19813698)|STATEMENT_EXECUTE|[18]
14:07:04.19 (22015983)|HEAP_ALLOCATE|[18]|Bytes:3
14:07:04.19 (22023827)|HEAP_ALLOCATE|[18]|Bytes:6
14:07:04.19 (22046054)|METHOD_ENTRY|[1]|01p3600000DHL7u|HeartbeatJob.HeartbeatJob()
14:07:04.19 (22049624)|STATEMENT_EXECUTE|[1]
14:07:04.19 (22054111)|STATEMENT_EXECUTE|[1]
14:07:04.19 (22702421)|SYSTEM_MODE_ENTER|false
14:07:04.19 (22723812)|HEAP_ALLOCATE|[18]|Bytes:5
14:07:04.19 (22731591)|SYSTEM_MODE_EXIT|false
14:07:04.19 (22742225)|METHOD_EXIT|[1]|HeartbeatJob
14:07:04.19 (22761370)|HEAP_ALLOCATE|[18]|Bytes:4
14:07:04.19 (22785652)|CONSTRUCTOR_ENTRY|[18]|01p3600000DHL7u|<init>()
14:07:04.19 (22834226)|VARIABLE_SCOPE_BEGIN|[1]|this|LabTools.HeartbeatJob|true|false
14:07:04.19 (22916076)|VARIABLE_ASSIGNMENT|[1]|this|{}|0x56f58b97
14:07:04.19 (22925099)|SYSTEM_MODE_ENTER|false
14:07:04.19 (22930857)|HEAP_ALLOCATE|[EXTERNAL]|Bytes:5
14:07:04.19 (22941428)|HEAP_ALLOCATE|[EXTERNAL]|Bytes:6
14:07:04.19 (22967704)|SYSTEM_MODE_EXIT|false
14:07:04.19 (22971706)|STATEMENT_EXECUTE|[1]
14:07:04.19 (22975355)|SYSTEM_MODE_ENTER|false
14:07:04.19 (22978745)|HEAP_ALLOCATE|[EXTERNAL]|Bytes:5
14:07:04.19 (22982276)|SYSTEM_MODE_EXIT|false
14:07:04.19 (22992143)|CONSTRUCTOR_EXIT|[18]|01p3600000DHL7u|<init>()
14:07:04.19 (22997792)|VARIABLE_SCOPE_BEGIN|[18]|job|LabTools.HeartbeatJob|true|false
14:07:04.19 (23012496)|VARIABLE_ASSIGNMENT|[18]|job|{}|0x56f58b97
14:07:04.19 (23016200)|STATEMENT_EXECUTE|[20]
14:07:04.19 (23056121)|HEAP_ALLOCATE|[20]|Bytes:57
14:07:04.19 (23069827)|SYSTEM_METHOD_ENTRY|[1]|Test.Test()
14:07:04.19 (23072841)|STATEMENT_EXECUTE|[1]
14:07:04.19 (23081278)|SYSTEM_METHOD_EXIT|[1]|Test
14:07:04.19 (23096653)|METHOD_ENTRY|[20]||System.Test.startTest()
14:07:04.19 (25383883)|METHOD_EXIT|[20]||System.Test.startTest()
14:07:04.19 (25391166)|STATEMENT_EXECUTE|[21]
14:07:04.19 (25484655)|HEAP_ALLOCATE|[21]|Bytes:4
14:07:04.19 (25654150)|ENTERING_MANAGED_PKG|
14:07:04.19 (25716774)|METHOD_ENTRY|[21]|01p3600000DHL7u|LabTools.HeartbeatJob.Process(List<SObject>)
14:07:04.19 (25728305)|VARIABLE_SCOPE_BEGIN|[8]|this|LabTools.HeartbeatJob|true|false
14:07:04.19 (25743657)|VARIABLE_ASSIGNMENT|[8]|this|{}|0x56f58b97
14:07:04.19 (25749360)|VARIABLE_SCOPE_BEGIN|[8]|scope|List<SObject>|true|false
14:07:04.19 (25756684)|HEAP_ALLOCATE|[EXTERNAL]|Bytes:4
14:07:04.19 (25776625)|VARIABLE_ASSIGNMENT|[8]|scope|{"s":1,"v":[]}|0x1f067e16
14:07:04.19 (26306313)|SYSTEM_MODE_ENTER|false
14:07:04.19 (26314735)|HEAP_ALLOCATE|[9]|Bytes:5
14:07:04.19 (26320800)|STATEMENT_EXECUTE|[8]
14:07:04.19 (26323636)|STATEMENT_EXECUTE|[9]
14:07:04.19 (26329236)|HEAP_ALLOCATE|[9]|Bytes:23
14:07:04.19 (26353219)|ENTERING_MANAGED_PKG|
14:07:04.19 (26423006)|USER_DEBUG|[9]|DEBUG|Heartbeat Job Executing
14:07:04.19 (26433592)|STATEMENT_EXECUTE|[10]
14:07:04.19 (26438399)|HEAP_ALLOCATE|[10]|Bytes:32
14:07:04.19 (26454978)|ENTERING_MANAGED_PKG|
14:07:04.19 (26505087)|ENTERING_MANAGED_PKG|
14:07:04.19 (26513386)|HEAP_ALLOCATE|[10]|Bytes:1
14:07:04.19 (26536404)|HEAP_ALLOCATE|[10]|Bytes:33
14:07:04.19 (26547927)|ENTERING_MANAGED_PKG|
14:07:04.19 (26551239)|USER_DEBUG|[10]|DEBUG|Heartbeat Job - Number of Jobs: 0
14:07:04.19 (26557912)|SYSTEM_MODE_EXIT|false
14:07:04.19 (26564989)|METHOD_EXIT|[21]|01p3600000DHL7u|LabTools.HeartbeatJob.Process(List<SObject>)
14:07:04.19 (26568765)|STATEMENT_EXECUTE|[22]
14:07:04.19 (26577478)|METHOD_ENTRY|[22]||System.Test.stopTest()
14:07:04.19 (29324293)|METHOD_EXIT|[22]||System.Test.stopTest()
14:07:04.19 (29330632)|STATEMENT_EXECUTE|[24]
14:07:04.19 (29351537)|ENTERING_MANAGED_PKG|
14:07:04.29 (29390039)|CUMULATIVE_LIMIT_USAGE
14:07:04.29 (29390039)|LIMIT_USAGE_FOR_NS|(default)|
  Number of SOQL queries: 0 out of 100
  Number of query rows: 0 out of 50000
  Number of SOSL queries: 0 out of 20
  Number of DML statements: 0 out of 150
  Number of DML rows: 0 out of 10000
  Maximum CPU time: 0 out of 10000
  Maximum heap size: 0 out of 6000000
  Number of callouts: 0 out of 100
  Number of Email Invocations: 0 out of 10
  Number of future calls: 0 out of 50
  Number of queueable jobs added to the queue: 0 out of 50
  Number of Mobile Apex push calls: 0 out of 10

14:07:04.29 (29390039)|TESTING_LIMITS
14:07:04.29 (29390039)|LIMIT_USAGE_FOR_NS|(default)|
  Number of SOQL queries: 0 out of 100
  Number of query rows: 0 out of 50000
  Number of SOSL queries: 0 out of 20
  Number of DML statements: 0 out of 150
  Number of DML rows: 0 out of 10000
  Maximum CPU time: 0 out of 10000
  Maximum heap size: 0 out of 6000000
  Number of callouts: 0 out of 100
  Number of Email Invocations: 0 out of 10
  Number of future calls: 0 out of 50
  Number of queueable jobs added to the queue: 0 out of 50
  Number of Mobile Apex push calls: 0 out of 10

14:07:04.29 (29390039)|CUMULATIVE_LIMIT_USAGE_END

14:07:04.19 (29449546)|CODE_UNIT_FINISHED|HeartbeatJob_Tests.WhenExecutes_ShouldNotFail
14:07:04.19 (30498371)|EXECUTION_FINISHED
14:07:04.51 (51695873)|EXECUTION_STARTED
14:07:04.51 (51711227)|CODE_UNIT_STARTED|[EXTERNAL]|01p3600000DHL8E|HeartbeatJob_Tests.WhenStarts_ShouldReturnAccountsList
14:07:04.51 (51877940)|HEAP_ALLOCATE|[72]|Bytes:3
14:07:04.51 (51920356)|HEAP_ALLOCATE|[77]|Bytes:152
14:07:04.51 (51939000)|HEAP_ALLOCATE|[342]|Bytes:408
14:07:04.51 (51959830)|HEAP_ALLOCATE|[355]|Bytes:408
14:07:04.51 (51978124)|HEAP_ALLOCATE|[467]|Bytes:48
14:07:04.51 (52008991)|HEAP_ALLOCATE|[139]|Bytes:6
14:07:04.51 (52027972)|HEAP_ALLOCATE|[EXTERNAL]|Bytes:26
14:07:04.51 (52045898)|METHOD_ENTRY|[2]|01p3600000DHL8E|HeartbeatJob_Tests.HeartbeatJob_Tests()
14:07:04.51 (52050387)|STATEMENT_EXECUTE|[2]
14:07:04.51 (52055738)|STATEMENT_EXECUTE|[2]
14:07:04.51 (52061709)|METHOD_EXIT|[2]|HeartbeatJob_Tests
14:07:04.51 (52086827)|HEAP_ALLOCATE|[50]|Bytes:5
14:07:04.51 (52110962)|HEAP_ALLOCATE|[56]|Bytes:5
14:07:04.51 (52119616)|HEAP_ALLOCATE|[64]|Bytes:7
14:07:04.51 (52163907)|STATEMENT_EXECUTE|[5]
14:07:04.51 (52166359)|STATEMENT_EXECUTE|[6]
14:07:04.51 (52179847)|HEAP_ALLOCATE|[6]|Bytes:3
14:07:04.51 (52184670)|HEAP_ALLOCATE|[6]|Bytes:6
14:07:04.51 (52195149)|METHOD_ENTRY|[1]|01p3600000DHL7u|HeartbeatJob.HeartbeatJob()
14:07:04.51 (52198207)|STATEMENT_EXECUTE|[1]
14:07:04.51 (52203401)|STATEMENT_EXECUTE|[1]
14:07:04.51 (52743351)|SYSTEM_MODE_ENTER|false
14:07:04.51 (52766338)|HEAP_ALLOCATE|[6]|Bytes:5
14:07:04.51 (52775576)|SYSTEM_MODE_EXIT|false
14:07:04.51 (52786770)|METHOD_EXIT|[1]|HeartbeatJob
14:07:04.51 (52794537)|HEAP_ALLOCATE|[6]|Bytes:4
14:07:04.51 (52814795)|CONSTRUCTOR_ENTRY|[6]|01p3600000DHL7u|<init>()
14:07:04.51 (52842931)|VARIABLE_SCOPE_BEGIN|[1]|this|LabTools.HeartbeatJob|true|false
14:07:04.51 (52893690)|VARIABLE_ASSIGNMENT|[1]|this|{}|0x6c2d0c89
14:07:04.51 (52901412)|SYSTEM_MODE_ENTER|false
14:07:04.51 (52906595)|HEAP_ALLOCATE|[EXTERNAL]|Bytes:5
14:07:04.51 (52916198)|HEAP_ALLOCATE|[EXTERNAL]|Bytes:6
14:07:04.51 (52942561)|SYSTEM_MODE_EXIT|false
14:07:04.51 (52946880)|STATEMENT_EXECUTE|[1]
14:07:04.51 (52950413)|SYSTEM_MODE_ENTER|false
14:07:04.51 (52953813)|HEAP_ALLOCATE|[EXTERNAL]|Bytes:5
14:07:04.51 (52957485)|SYSTEM_MODE_EXIT|false
14:07:04.51 (52966859)|CONSTRUCTOR_EXIT|[6]|01p3600000DHL7u|<init>()
14:07:04.51 (52972838)|VARIABLE_SCOPE_BEGIN|[6]|job|LabTools.HeartbeatJob|true|false
14:07:04.51 (52987289)|VARIABLE_ASSIGNMENT|[6]|job|{}|0x6c2d0c89
14:07:04.51 (52990213)|STATEMENT_EXECUTE|[8]
14:07:04.51 (53004612)|HEAP_ALLOCATE|[8]|Bytes:57
14:07:04.51 (53018038)|SYSTEM_METHOD_ENTRY|[1]|Test.Test()
14:07:04.51 (53020789)|STATEMENT_EXECUTE|[1]
14:07:04.51 (53028654)|SYSTEM_METHOD_EXIT|[1]|Test
14:07:04.51 (53038912)|METHOD_ENTRY|[8]||System.Test.startTest()
14:07:04.51 (55253827)|METHOD_EXIT|[8]||System.Test.startTest()
14:07:04.51 (55260742)|STATEMENT_EXECUTE|[9]
14:07:04.51 (55272839)|METHOD_ENTRY|[9]|01p3600000DHL7u|LabTools.HeartbeatJob.Query()
14:07:04.51 (55304676)|VARIABLE_SCOPE_BEGIN|[3]|this|LabTools.HeartbeatJob|true|false
14:07:04.51 (55319804)|VARIABLE_ASSIGNMENT|[3]|this|{}|0x6c2d0c89
14:07:04.51 (57120669)|SYSTEM_MODE_ENTER|false
14:07:04.51 (57128905)|HEAP_ALLOCATE|[4]|Bytes:5
14:07:04.51 (57134564)|STATEMENT_EXECUTE|[3]
14:07:04.51 (57136036)|STATEMENT_EXECUTE|[4]
14:07:04.51 (57140012)|HEAP_ALLOCATE|[4]|Bytes:21
14:07:04.51 (57164934)|ENTERING_MANAGED_PKG|
14:07:04.51 (57190832)|USER_DEBUG|[4]|DEBUG|Heartbeat Job Started
14:07:04.51 (57198989)|STATEMENT_EXECUTE|[5]
14:07:04.51 (57203259)|HEAP_ALLOCATE|[5]|Bytes:31
14:07:04.51 (57211973)|HEAP_ALLOCATE|[5]|Bytes:4
14:07:04.51 (57240483)|ENTERING_MANAGED_PKG|
14:07:04.51 (57482887)|SOQL_EXECUTE_BEGIN|[5]|Aggregations:0|SELECT Id FROM LabTools__Job__c
14:07:04.51 (59509376)|SOQL_EXECUTE_END|[5]|Rows:0
14:07:04.51 (59567552)|SYSTEM_MODE_EXIT|false
14:07:04.51 (59575945)|METHOD_EXIT|[9]|01p3600000DHL7u|LabTools.HeartbeatJob.Query()
14:07:04.51 (59581835)|VARIABLE_SCOPE_BEGIN|[9]|locator|Database.QueryLocator|true|false
14:07:04.51 (59612239)|VARIABLE_ASSIGNMENT|[9]|locator|{"query":"SELECT Id FROM LabTo (11 more) ..."}|0x510cbf6c
14:07:04.51 (59616106)|STATEMENT_EXECUTE|[10]
14:07:04.51 (59627880)|METHOD_ENTRY|[10]||System.Test.stopTest()
14:07:04.51 (62332629)|METHOD_EXIT|[10]||System.Test.stopTest()
14:07:04.51 (62342637)|STATEMENT_EXECUTE|[12]
14:07:04.51 (62373872)|ENTERING_MANAGED_PKG|
14:07:04.62 (62428057)|CUMULATIVE_LIMIT_USAGE
14:07:04.62 (62428057)|LIMIT_USAGE_FOR_NS|(default)|
  Number of SOQL queries: 0 out of 100
  Number of query rows: 0 out of 50000
  Number of SOSL queries: 0 out of 20
  Number of DML statements: 0 out of 150
  Number of DML rows: 0 out of 10000
  Maximum CPU time: 0 out of 10000
  Maximum heap size: 0 out of 6000000
  Number of callouts: 0 out of 100
  Number of Email Invocations: 0 out of 10
  Number of future calls: 0 out of 50
  Number of queueable jobs added to the queue: 0 out of 50
  Number of Mobile Apex push calls: 0 out of 10

14:07:04.62 (62428057)|TESTING_LIMITS
14:07:04.62 (62428057)|LIMIT_USAGE_FOR_NS|(default)|
  Number of SOQL queries: 0 out of 100
  Number of query rows: 0 out of 50000
  Number of SOSL queries: 0 out of 20
  Number of DML statements: 0 out of 150
  Number of DML rows: 0 out of 10000
  Maximum CPU time: 0 out of 10000
  Maximum heap size: 0 out of 6000000
  Number of callouts: 0 out of 100
  Number of Email Invocations: 0 out of 10
  Number of future calls: 0 out of 50
  Number of queueable jobs added to the queue: 0 out of 50
  Number of Mobile Apex push calls: 0 out of 10

14:07:04.62 (62428057)|LIMIT_USAGE_FOR_NS|LabTools|
  Number of SOQL queries: 1 out of 100
  Number of query rows: 0 out of 50000
  Number of SOSL queries: 0 out of 20
  Number of DML statements: 0 out of 150
  Number of DML rows: 0 out of 10000
  Maximum CPU time: 0 out of 10000
  Maximum heap size: 0 out of 6000000
  Number of callouts: 0 out of 100
  Number of Email Invocations: 0 out of 10
  Number of future calls: 0 out of 50
  Number of queueable jobs added to the queue: 0 out of 50
  Number of Mobile Apex push calls: 0 out of 10

14:07:04.62 (62428057)|CUMULATIVE_LIMIT_USAGE_END

14:07:04.51 (62515011)|CODE_UNIT_FINISHED|HeartbeatJob_Tests.WhenStarts_ShouldReturnAccountsList
14:07:04.51 (63565936)|EXECUTION_FINISHED
