34.0 APEX_CODE,DEBUG;APEX_PROFILING,INFO;CALLOUT,INFO;DB,INFO;SYSTEM,DEBUG;VALIDATION,INFO;VISUALFORCE,DEBUG;WORKFLOW,INFO
14:00:03.0 (94769)|EXECUTION_STARTED
14:00:03.0 (141318)|CODE_UNIT_STARTED|[EXTERNAL]|01p3600000DIJMr|LabTools.JobWrapper
14:00:03.0 (18825005)|SYSTEM_MODE_ENTER|false
14:00:03.0 (18858333)|SYSTEM_MODE_EXIT|false
14:00:03.0 (18964180)|SYSTEM_MODE_ENTER|false
14:00:03.0 (19065680)|ENTERING_MANAGED_PKG|
14:00:03.0 (19145724)|USER_DEBUG|[4]|DEBUG|Heartbeat Job Started
14:00:03.0 (19225135)|ENTERING_MANAGED_PKG|
14:00:03.0 (19806601)|SOQL_EXECUTE_BEGIN|[5]|Aggregations:0|SELECT Id FROM LabTools__Job__c
14:00:03.0 (101147009)|SOQL_EXECUTE_END|[5]|Rows:1
14:00:03.0 (101240866)|SYSTEM_MODE_EXIT|false
14:00:03.148 (148093605)|CUMULATIVE_LIMIT_USAGE
14:00:03.148 (148093605)|LIMIT_USAGE_FOR_NS|(default)|
  Number of SOQL queries: 0 out of 200
  Number of query rows: 0 out of 50000
  Number of SOSL queries: 0 out of 20
  Number of DML statements: 0 out of 150
  Number of DML rows: 0 out of 10000
  Maximum CPU time: 0 out of 60000
  Maximum heap size: 0 out of 12000000
  Number of callouts: 0 out of 0
  Number of Email Invocations: 0 out of 10
  Number of future calls: 0 out of 0
  Number of queueable jobs added to the queue: 0 out of 1
  Number of Mobile Apex push calls: 0 out of 10

14:00:03.148 (148093605)|CUMULATIVE_LIMIT_USAGE_END

14:00:03.0 (148163126)|CODE_UNIT_FINISHED|LabTools.JobWrapper
14:00:03.0 (150089146)|EXECUTION_FINISHED
