34.0 APEX_CODE,FINEST;APEX_PROFILING,DEBUG;CALLOUT,DEBUG;DB,DEBUG;SYSTEM,DEBUG;VALIDATION,DEBUG;VISUALFORCE,DEBUG;WORKFLOW,DEBUG
07:51:59.25 (25738368)|EXECUTION_STARTED
07:51:59.25 (25775680)|CODE_UNIT_STARTED|[EXTERNAL]|01p3600000DHL7Q|JobRunner_Tests.WhenDays_ShouldSetNextRunInDays
07:51:59.25 (26022019)|HEAP_ALLOCATE|[72]|Bytes:3
07:51:59.25 (26083529)|HEAP_ALLOCATE|[77]|Bytes:152
07:51:59.25 (26106636)|HEAP_ALLOCATE|[342]|Bytes:408
07:51:59.25 (26131442)|HEAP_ALLOCATE|[355]|Bytes:408
07:51:59.25 (26155369)|HEAP_ALLOCATE|[467]|Bytes:48
07:51:59.25 (26192342)|HEAP_ALLOCATE|[139]|Bytes:6
07:51:59.25 (26220287)|HEAP_ALLOCATE|[EXTERNAL]|Bytes:8
07:51:59.25 (26226762)|HEAP_ALLOCATE|[EXTERNAL]|Bytes:160
07:51:59.25 (26242650)|METHOD_ENTRY|[2]|01p3600000DHL7Q|JobRunner_Tests.JobRunner_Tests()
07:51:59.25 (26247043)|STATEMENT_EXECUTE|[2]
07:51:59.25 (26254763)|STATEMENT_EXECUTE|[2]
07:51:59.25 (26257094)|STATEMENT_EXECUTE|[94]
07:51:59.25 (26263984)|METHOD_EXIT|[2]|JobRunner_Tests
07:51:59.25 (26303896)|HEAP_ALLOCATE|[50]|Bytes:5
07:51:59.25 (26329187)|HEAP_ALLOCATE|[56]|Bytes:5
07:51:59.25 (26341579)|HEAP_ALLOCATE|[64]|Bytes:7
07:51:59.25 (26394065)|STATEMENT_EXECUTE|[20]
07:51:59.25 (26398320)|STATEMENT_EXECUTE|[21]
07:51:59.25 (28133426)|HEAP_ALLOCATE|[21]|Bytes:10
07:51:59.25 (28204072)|HEAP_ALLOCATE|[21]|Bytes:24
07:51:59.25 (28212391)|HEAP_ALLOCATE|[21]|Bytes:4
07:51:59.25 (28260575)|HEAP_ALLOCATE|[21]|Bytes:28
07:51:59.25 (28265714)|HEAP_ALLOCATE|[21]|Bytes:28
07:51:59.25 (28298802)|CONSTRUCTOR_ENTRY|[21]|01p3600000DHL7Q|<init>(String,Decimal)
07:51:59.25 (28340466)|VARIABLE_SCOPE_BEGIN|[115]|this|LabTools.JobRunner_Tests.TestRepo|true|false
07:51:59.25 (28416075)|VARIABLE_ASSIGNMENT|[115]|this|{}|0xa59cab1
07:51:59.25 (28425423)|VARIABLE_SCOPE_BEGIN|[115]|t|String|false|false
07:51:59.25 (28435523)|VARIABLE_ASSIGNMENT|[115]|t|"Days"
07:51:59.25 (28439552)|VARIABLE_SCOPE_BEGIN|[115]|r|Decimal|false|false
07:51:59.25 (28447878)|VARIABLE_ASSIGNMENT|[115]|r|3
07:51:59.25 (28463350)|STATEMENT_EXECUTE|[94]
07:51:59.25 (28466509)|STATEMENT_EXECUTE|[96]
07:51:59.25 (28470750)|HEAP_ALLOCATE|[96]|Bytes:4
07:51:59.25 (28484178)|VARIABLE_ASSIGNMENT|[96]|this.EchoCalled|0|0xa59cab1
07:51:59.25 (28487722)|STATEMENT_EXECUTE|[107]
07:51:59.25 (28491047)|HEAP_ALLOCATE|[107]|Bytes:4
07:51:59.25 (28498279)|VARIABLE_ASSIGNMENT|[107]|this.ModifyCalled|0|0xa59cab1
07:51:59.25 (28501126)|STATEMENT_EXECUTE|[108]
07:51:59.25 (28502993)|STATEMENT_EXECUTE|[120]
07:51:59.25 (28504635)|STATEMENT_EXECUTE|[121]
07:51:59.25 (28513264)|HEAP_ALLOCATE|[115]|Bytes:27
07:51:59.25 (28535799)|METHOD_ENTRY|[3]|01p3600000AqZq9|RepositoryTestStub.RepositoryTestStub()
07:51:59.25 (28540140)|STATEMENT_EXECUTE|[3]
07:51:59.25 (28546219)|STATEMENT_EXECUTE|[3]
07:51:59.25 (28553410)|METHOD_EXIT|[3]|RepositoryTestStub
07:51:59.25 (28571041)|CONSTRUCTOR_ENTRY|[115]|01p3600000AqZq9|<init>()
07:51:59.25 (28665589)|VARIABLE_SCOPE_BEGIN|[3]|this|LabTools.RepositoryTestStub|true|false
07:51:59.25 (28692495)|VARIABLE_ASSIGNMENT|[3]|this|{"EchoCalled":0,"ModifyCalled":0}|0xa59cab1
07:51:59.25 (28704588)|HEAP_ALLOCATE|[EXTERNAL]|Bytes:6
07:51:59.25 (28732309)|STATEMENT_EXECUTE|[3]
07:51:59.25 (28744331)|CONSTRUCTOR_EXIT|[115]|01p3600000AqZq9|<init>()
07:51:59.25 (28748562)|STATEMENT_EXECUTE|[115]
07:51:59.25 (28750474)|STATEMENT_EXECUTE|[116]
07:51:59.25 (28762352)|VARIABLE_ASSIGNMENT|[116]|this.recurrenceType|"Days"|0xa59cab1
07:51:59.25 (28765718)|STATEMENT_EXECUTE|[117]
07:51:59.25 (28773854)|VARIABLE_ASSIGNMENT|[117]|this.recurrenceRate|3|0xa59cab1
07:51:59.25 (28783208)|CONSTRUCTOR_EXIT|[21]|01p3600000DHL7Q|<init>(String,Decimal)
07:51:59.25 (28790401)|VARIABLE_SCOPE_BEGIN|[21]|repo|LabTools.JobRunner_Tests.TestRepo|true|false
07:51:59.25 (28814271)|VARIABLE_ASSIGNMENT|[21]|repo|{"EchoCalled":0,"ModifyCalled":0,"recurrenceRate":3,"recurrenceType":"Days"}|0xa59cab1
07:51:59.25 (28818883)|STATEMENT_EXECUTE|[22]
07:51:59.25 (28873574)|HEAP_ALLOCATE|[22]|Bytes:56
07:51:59.25 (28893855)|VARIABLE_SCOPE_BEGIN|[22]|now|Datetime|false|false
07:51:59.25 (28938942)|VARIABLE_ASSIGNMENT|[22]|now|"2016-06-02T14:51:59.940Z"
07:51:59.25 (28943477)|STATEMENT_EXECUTE|[23]
07:51:59.25 (30313534)|HEAP_ALLOCATE|[23]|Bytes:7
07:51:59.25 (30341443)|METHOD_ENTRY|[1]|01p3600000DHKdZ|JobRunner.JobRunner()
07:51:59.25 (30345929)|STATEMENT_EXECUTE|[1]
07:51:59.25 (30352507)|STATEMENT_EXECUTE|[1]
07:51:59.25 (31098145)|SYSTEM_MODE_ENTER|false
07:51:59.25 (31118155)|HEAP_ALLOCATE|[23]|Bytes:5
07:51:59.25 (31128959)|SYSTEM_MODE_EXIT|false
07:51:59.25 (31140630)|METHOD_EXIT|[1]|JobRunner
07:51:59.25 (31172027)|HEAP_ALLOCATE|[23]|Bytes:12
07:51:59.25 (31200350)|CONSTRUCTOR_ENTRY|[23]|01p3600000DHKdZ|<init>(LabTools.IRepository,Datetime)
07:51:59.25 (31237270)|VARIABLE_SCOPE_BEGIN|[47]|this|LabTools.JobRunner|true|false
07:51:59.25 (31266724)|VARIABLE_ASSIGNMENT|[47]|this|{}|0x140d5079
07:51:59.25 (31273454)|VARIABLE_SCOPE_BEGIN|[47]|r|LabTools.IRepository|true|false
07:51:59.25 (31296956)|VARIABLE_ASSIGNMENT|[47]|r|{"EchoCalled":0,"ModifyCalled":0,"recurrenceRate":3,"recurrenceType":"Days"}|0xa59cab1
07:51:59.25 (31308699)|VARIABLE_SCOPE_BEGIN|[47]|n|Datetime|false|false
07:51:59.25 (31325123)|VARIABLE_ASSIGNMENT|[47]|n|"2016-06-02T14:51:59.940Z"
07:51:59.25 (31337701)|SYSTEM_MODE_ENTER|false
07:51:59.25 (31343515)|HEAP_ALLOCATE|[49]|Bytes:5
07:51:59.25 (31348844)|STATEMENT_EXECUTE|[1]
07:51:59.25 (31353023)|HEAP_ALLOCATE|[49]|Bytes:5
07:51:59.25 (31355685)|STATEMENT_EXECUTE|[55]
07:51:59.25 (31357872)|STATEMENT_EXECUTE|[56]
07:51:59.25 (31375668)|STATEMENT_EXECUTE|[48]
07:51:59.25 (31378664)|STATEMENT_EXECUTE|[49]
07:51:59.25 (31388208)|VARIABLE_ASSIGNMENT|[49]|this.repository|0xa59cab1|0x140d5079
07:51:59.25 (31391035)|STATEMENT_EXECUTE|[50]
07:51:59.25 (31407021)|VARIABLE_ASSIGNMENT|[50]|this.now|"2016-06-02T14:51:59.940Z"|0x140d5079
07:51:59.25 (31419486)|SYSTEM_MODE_EXIT|false
07:51:59.25 (31440315)|CONSTRUCTOR_EXIT|[23]|01p3600000DHKdZ|<init>(LabTools.IRepository,Datetime)
07:51:59.25 (31446685)|VARIABLE_SCOPE_BEGIN|[23]|jRunner|LabTools.JobRunner|true|false
07:51:59.25 (31476231)|VARIABLE_ASSIGNMENT|[23]|jRunner|{"now":"2016-06-02T14:51:59.940Z","repository":"0xa59cab1"}|0x140d5079
07:51:59.25 (31481425)|STATEMENT_EXECUTE|[25]
07:51:59.25 (31529592)|HEAP_ALLOCATE|[25]|Bytes:57
07:51:59.25 (31545005)|SYSTEM_METHOD_ENTRY|[1]|Test.Test()
07:51:59.25 (31548919)|STATEMENT_EXECUTE|[1]
07:51:59.25 (31559104)|SYSTEM_METHOD_EXIT|[1]|Test
07:51:59.25 (31574204)|METHOD_ENTRY|[25]||System.Test.startTest()
07:51:59.25 (34427650)|METHOD_EXIT|[25]||System.Test.startTest()
07:51:59.25 (34437040)|STATEMENT_EXECUTE|[26]
07:51:59.25 (34468449)|METHOD_ENTRY|[26]|01p3600000DHKdZ|LabTools.JobRunner.execute()
07:51:59.25 (34497841)|VARIABLE_SCOPE_BEGIN|[3]|this|LabTools.JobRunner|true|false
07:51:59.25 (34534027)|VARIABLE_ASSIGNMENT|[3]|this|{"now":"2016-06-02T14:51:59.940Z","repository":"0xa59cab1"}|0x140d5079
07:51:59.25 (35109207)|SYSTEM_MODE_ENTER|false
07:51:59.25 (35118998)|HEAP_ALLOCATE|[5]|Bytes:5
07:51:59.25 (35125429)|STATEMENT_EXECUTE|[3]
07:51:59.25 (35131969)|STATEMENT_EXECUTE|[5]
07:51:59.25 (35134208)|STATEMENT_EXECUTE|[6]
07:51:59.25 (35140216)|HEAP_ALLOCATE|[6]|Bytes:326
07:51:59.25 (35152809)|HEAP_ALLOCATE|[6]|Bytes:4
07:51:59.25 (35167721)|HEAP_ALLOCATE|[6]|Bytes:7
07:51:59.25 (35186838)|HEAP_ALLOCATE|[6]|Bytes:7
07:51:59.25 (35868476)|SOQL_EXECUTE_BEGIN|[6]|Aggregations:1|SELECT Name, LabTools__RecurrenceType__c, LabTools__RecurrenceRate__c, (SELECT Name, LabTools__Enabled__c FROM LabTools__Jobs__r) FROM LabTools__Runner__c WHERE (LabTools__StartOn__c <= :tmpVar1 AND (LabTools__NextRunOn__c = NULL OR LabTools__NextRunOn__c <= :tmpVar2)) ORDER BY LabTools__NextRunOn__c DESC NULLS FIRST LIMIT 5
07:51:59.25 (37664092)|SOQL_EXECUTE_END|[6]|Rows:0
07:51:59.25 (37687084)|HEAP_ALLOCATE|[6]|Bytes:4
07:51:59.25 (37698370)|HEAP_ALLOCATE|[6]|Bytes:0
07:51:59.25 (37783877)|HEAP_ALLOCATE|[6]|Bytes:4
07:51:59.25 (37828136)|METHOD_ENTRY|[6]|01p3600000DHL7Q|LabTools.JobRunner_Tests.TestRepo.Echo(List<SObject>)
07:51:59.25 (37840472)|VARIABLE_SCOPE_BEGIN|[97]|this|LabTools.JobRunner_Tests.TestRepo|true|false
07:51:59.25 (37873158)|VARIABLE_ASSIGNMENT|[97]|this|{"EchoCalled":0,"ModifyCalled":0,"recurrenceRate":3,"recurrenceType":"Days"}|0xa59cab1
07:51:59.25 (37881088)|VARIABLE_SCOPE_BEGIN|[97]|values|List<SObject>|true|false
07:51:59.25 (37896581)|VARIABLE_ASSIGNMENT|[97]|values|{"s":1,"v":[]}|0x63aa5fa9
07:51:59.25 (37922080)|STATEMENT_EXECUTE|[97]
07:51:59.25 (37925322)|STATEMENT_EXECUTE|[98]
07:51:59.25 (37936643)|HEAP_ALLOCATE|[98]|Bytes:4
07:51:59.25 (37949931)|VARIABLE_ASSIGNMENT|[98]|this.EchoCalled|1|0xa59cab1
07:51:59.25 (37953488)|STATEMENT_EXECUTE|[99]
07:51:59.25 (37960691)|HEAP_ALLOCATE|[99]|Bytes:4
07:51:59.25 (38081371)|ENTERING_MANAGED_PKG|
07:51:59.25 (38132462)|HEAP_ALLOCATE|[100]|Bytes:4
07:51:59.25 (38291805)|VARIABLE_ASSIGNMENT|[100]|this.LabTools__RecurrenceType__c|"Days"|0x5bf85153
07:51:59.25 (38328445)|VARIABLE_ASSIGNMENT|[100]|this.LabTools__RecurrenceRate__c|3|0x5bf85153
07:51:59.25 (38366131)|METHOD_EXIT|[6]|01p3600000DHL7Q|LabTools.JobRunner_Tests.TestRepo.Echo(List<SObject>)
07:51:59.25 (38378382)|VARIABLE_SCOPE_BEGIN|[6]|runners|List<LabTools__Runner__c>|true|false
07:51:59.25 (38389222)|HEAP_ALLOCATE|[EXTERNAL]|Bytes:8
07:51:59.25 (38419239)|VARIABLE_ASSIGNMENT|[6]|runners|{"s":1,"v":[{"LabTools__Recurrence (7 more) ...":"Days","LabTools__Recurrence (7 more) ...":3}]}|0x43d3af37
07:51:59.25 (38439413)|ENTERING_MANAGED_PKG|
07:51:59.25 (38633476)|HEAP_ALLOCATE|[15]|Bytes:5
07:51:59.25 (38657349)|HEAP_ALLOCATE|[15]|Bytes:12
07:51:59.25 (38671200)|VARIABLE_SCOPE_BEGIN|[15]|runner|LabTools__Runner__c|true|false
07:51:59.25 (38688977)|VARIABLE_ASSIGNMENT|[15]|runner|{"LabTools__Recurrence (7 more) ...":"Days","LabTools__Recurrence (7 more) ...":3}|0x5bf85153
07:51:59.25 (38694696)|STATEMENT_EXECUTE|[15]
07:51:59.25 (38696981)|STATEMENT_EXECUTE|[17]
07:51:59.25 (38708347)|VARIABLE_SCOPE_BEGIN|[17]|next|Datetime|false|false
07:51:59.25 (38717547)|VARIABLE_ASSIGNMENT|[17]|next|null
07:51:59.25 (38748261)|HEAP_ALLOCATE|[18]|Bytes:5
07:51:59.25 (38779222)|STATEMENT_EXECUTE|[20]
07:51:59.25 (38782640)|STATEMENT_EXECUTE|[21]
07:51:59.25 (38815657)|HEAP_ALLOCATE|[21]|Bytes:28
07:51:59.25 (38827039)|HEAP_ALLOCATE|[21]|Bytes:8
07:51:59.25 (38885501)|HEAP_ALLOCATE|[21]|Bytes:56
07:51:59.25 (38921972)|VARIABLE_ASSIGNMENT|[21]|next|"2016-06-05T14:51:59.940Z"
07:51:59.25 (38928004)|STATEMENT_EXECUTE|[28]
07:51:59.25 (39011993)|VARIABLE_ASSIGNMENT|[28]|this.LabTools__LastRunOn__c|"2016-06-02T14:51:59.940Z"|0x5bf85153
07:51:59.25 (39018930)|STATEMENT_EXECUTE|[29]
07:51:59.25 (39070467)|VARIABLE_ASSIGNMENT|[29]|this.LabTools__NextRunOn__c|"2016-06-05T14:51:59.940Z"|0x5bf85153
07:51:59.25 (39080437)|HEAP_ALLOCATE|[31]|Bytes:17
07:51:59.25 (39085734)|HEAP_ALLOCATE|[31]|Bytes:16
07:51:59.25 (39279008)|HEAP_ALLOCATE|[31]|Bytes:49
07:51:59.25 (39288940)|HEAP_ALLOCATE|[31]|Bytes:8
07:51:59.25 (39304917)|SYSTEM_METHOD_ENTRY|[7]|QueryLocatorIterator.QueryLocatorIterator()
07:51:59.25 (39309157)|STATEMENT_EXECUTE|[7]
07:51:59.25 (39322415)|SYSTEM_METHOD_EXIT|[7]|QueryLocatorIterator
07:51:59.25 (39330645)|HEAP_ALLOCATE|[31]|Bytes:28
07:51:59.25 (39367820)|HEAP_ALLOCATE|[31]|Bytes:8
07:51:59.25 (39376489)|HEAP_ALLOCATE|[31]|Bytes:8
07:51:59.25 (39386780)|VARIABLE_SCOPE_BEGIN|[15]|this|Database.QueryLocatorIterator|true|false
07:51:59.25 (39429136)|VARIABLE_ASSIGNMENT|[15]|this|{}|0xd60c426
07:51:59.25 (39439170)|VARIABLE_SCOPE_BEGIN|[15]|values|List<SObject>|true|false
07:51:59.25 (39449164)|VARIABLE_ASSIGNMENT|[15]|values|null|
07:51:59.25 (39455519)|VARIABLE_SCOPE_BEGIN|[15]|ql|Database.QueryLocator|true|false
07:51:59.25 (39473877)|VARIABLE_ASSIGNMENT|[15]|ql|{}|0xe2067c0
07:51:59.25 (39478805)|VARIABLE_SCOPE_BEGIN|[15]|totalNumRecords|Integer|false|false
07:51:59.25 (39483861)|VARIABLE_ASSIGNMENT|[15]|totalNumRecords|0
07:51:59.25 (39486965)|VARIABLE_SCOPE_BEGIN|[15]|queryMoreSize|Integer|false|false
07:51:59.25 (39490819)|VARIABLE_ASSIGNMENT|[15]|queryMoreSize|200
07:51:59.25 (39545906)|HEAP_ALLOCATE|[31]|Bytes:28
07:51:59.25 (39568208)|METHOD_ENTRY|[31]||Database.QueryLocatorIterator.hasNext()
07:51:59.25 (39595282)|METHOD_EXIT|[31]||Database.QueryLocatorIterator.hasNext()
07:51:59.25 (39631462)|VARIABLE_ASSIGNMENT|[31]|job|null|
07:51:59.25 (39637479)|STATEMENT_EXECUTE|[31]
07:51:59.25 (39653108)|HEAP_ALLOCATE|[15]|Bytes:5
07:51:59.25 (39667622)|VARIABLE_ASSIGNMENT|[15]|runner|null|
07:51:59.25 (39672267)|STATEMENT_EXECUTE|[38]
07:51:59.25 (39689140)|METHOD_ENTRY|[38]|01p3600000DHL7Q|LabTools.JobRunner_Tests.TestRepo.Modify(List<SObject>)
07:51:59.25 (39716712)|VARIABLE_SCOPE_BEGIN|[109]|this|LabTools.JobRunner_Tests.TestRepo|true|false
07:51:59.25 (39743421)|VARIABLE_ASSIGNMENT|[109]|this|{"EchoCalled":1,"ModifyCalled":0,"recurrenceRate":3,"recurrenceType":"Days"}|0xa59cab1
07:51:59.25 (39750808)|VARIABLE_SCOPE_BEGIN|[109]|values|List<SObject>|true|false
07:51:59.25 (39799108)|VARIABLE_ASSIGNMENT|[109]|values|{"s":1,"v":[{"LabTools__Recurrence (7 more) ...":"Days","LabTools__Recurrence (7 more) ...":3,"LabTools__LastRunOn_ (2 more) ...":"2016-06-02T14:51:59.940Z","LabTools__NextRunOn_ (2 more) ...":"2016-06-05T14:51:59.940Z"}]}|0x43d3af37
07:51:59.25 (39821137)|STATEMENT_EXECUTE|[109]
07:51:59.25 (39824420)|STATEMENT_EXECUTE|[110]
07:51:59.25 (39831034)|HEAP_ALLOCATE|[110]|Bytes:4
07:51:59.25 (39842227)|VARIABLE_ASSIGNMENT|[110]|this.ModifyCalled|1|0xa59cab1
07:51:59.25 (39845583)|STATEMENT_EXECUTE|[111]
07:51:59.25 (39875392)|VARIABLE_ASSIGNMENT|[111]|this.Modified|{"s":1,"v":[{"LabTools__Recurrence (7 more) ...":"Days","LabTools__Recurrence (7 more) ...":3,"LabTools__LastRunOn_ (2 more) ...":"2016-06-02T14:51:59.940Z","LabTools__NextRunOn_ (2 more) ...":"2016-06-05T14:51:59.940Z"}]}|0xa59cab1
07:51:59.25 (39887498)|METHOD_EXIT|[38]|01p3600000DHL7Q|LabTools.JobRunner_Tests.TestRepo.Modify(List<SObject>)
07:51:59.25 (39899444)|SYSTEM_MODE_EXIT|false
07:51:59.25 (39907529)|METHOD_EXIT|[26]|01p3600000DHKdZ|LabTools.JobRunner.execute()
07:51:59.25 (39911692)|STATEMENT_EXECUTE|[27]
07:51:59.25 (39925797)|METHOD_ENTRY|[27]||System.Test.stopTest()
07:51:59.25 (43649597)|METHOD_EXIT|[27]||System.Test.stopTest()
07:51:59.25 (43659806)|STATEMENT_EXECUTE|[29]
07:51:59.25 (43689252)|ENTERING_MANAGED_PKG|
07:51:59.25 (43726160)|STATEMENT_EXECUTE|[30]
07:51:59.25 (43742568)|ENTERING_MANAGED_PKG|
07:51:59.25 (43776606)|STATEMENT_EXECUTE|[31]
07:51:59.25 (43794212)|ENTERING_MANAGED_PKG|
07:51:59.25 (43823458)|ENTERING_MANAGED_PKG|
07:51:59.25 (43835913)|STATEMENT_EXECUTE|[32]
07:51:59.25 (43879967)|HEAP_ALLOCATE|[32]|Bytes:56
07:51:59.25 (43905998)|HEAP_ALLOCATE|[32]|Bytes:20
07:51:59.25 (43954794)|ENTERING_MANAGED_PKG|
07:51:59.43 (43988063)|CUMULATIVE_LIMIT_USAGE
07:51:59.43 (43988063)|LIMIT_USAGE_FOR_NS|(default)|
  Number of SOQL queries: 0 out of 100
  Number of query rows: 0 out of 50000
  Number of SOSL queries: 0 out of 20
  Number of DML statements: 0 out of 150
  Number of DML rows: 0 out of 10000
  Maximum CPU time: 0 out of 10000
  Maximum heap size: 0 out of 6000000
  Number of callouts: 0 out of 100
  Number of Email Invocations: 0 out of 10
  Number of future calls: 0 out of 50
  Number of queueable jobs added to the queue: 0 out of 50
  Number of Mobile Apex push calls: 0 out of 10

07:51:59.43 (43988063)|TESTING_LIMITS
07:51:59.43 (43988063)|LIMIT_USAGE_FOR_NS|(default)|
  Number of SOQL queries: 0 out of 100
  Number of query rows: 0 out of 50000
  Number of SOSL queries: 0 out of 20
  Number of DML statements: 0 out of 150
  Number of DML rows: 0 out of 10000
  Maximum CPU time: 0 out of 10000
  Maximum heap size: 0 out of 6000000
  Number of callouts: 0 out of 100
  Number of Email Invocations: 0 out of 10
  Number of future calls: 0 out of 50
  Number of queueable jobs added to the queue: 0 out of 50
  Number of Mobile Apex push calls: 0 out of 10

07:51:59.43 (43988063)|LIMIT_USAGE_FOR_NS|LabTools|
  Number of SOQL queries: 1 out of 100
  Number of query rows: 0 out of 50000
  Number of SOSL queries: 0 out of 20
  Number of DML statements: 0 out of 150
  Number of DML rows: 0 out of 10000
  Maximum CPU time: 0 out of 10000
  Maximum heap size: 0 out of 6000000
  Number of callouts: 0 out of 100
  Number of Email Invocations: 0 out of 10
  Number of future calls: 0 out of 50
  Number of queueable jobs added to the queue: 0 out of 50
  Number of Mobile Apex push calls: 0 out of 10

07:51:59.43 (43988063)|CUMULATIVE_LIMIT_USAGE_END

07:51:59.25 (44045126)|CODE_UNIT_FINISHED|JobRunner_Tests.WhenDays_ShouldSetNextRunInDays
07:51:59.25 (45645541)|EXECUTION_FINISHED
07:51:59.80 (80726470)|EXECUTION_STARTED
07:51:59.80 (80751726)|CODE_UNIT_STARTED|[EXTERNAL]|01p3600000DHL7Q|JobRunner_Tests.WhenHours_ShouldSetNextRunInHours
07:51:59.80 (80896093)|HEAP_ALLOCATE|[72]|Bytes:3
07:51:59.80 (80943634)|HEAP_ALLOCATE|[77]|Bytes:152
07:51:59.80 (80966874)|HEAP_ALLOCATE|[342]|Bytes:408
07:51:59.80 (80991328)|HEAP_ALLOCATE|[355]|Bytes:408
07:51:59.80 (81014997)|HEAP_ALLOCATE|[467]|Bytes:48
07:51:59.80 (81051224)|HEAP_ALLOCATE|[139]|Bytes:6
07:51:59.80 (81092730)|HEAP_ALLOCATE|[EXTERNAL]|Bytes:8
07:51:59.80 (81104598)|HEAP_ALLOCATE|[EXTERNAL]|Bytes:160
07:51:59.80 (81125151)|METHOD_ENTRY|[2]|01p3600000DHL7Q|JobRunner_Tests.JobRunner_Tests()
07:51:59.80 (81131640)|STATEMENT_EXECUTE|[2]
07:51:59.80 (81141846)|STATEMENT_EXECUTE|[2]
07:51:59.80 (81145336)|STATEMENT_EXECUTE|[94]
07:51:59.80 (81154413)|METHOD_EXIT|[2]|JobRunner_Tests
07:51:59.80 (81182327)|HEAP_ALLOCATE|[50]|Bytes:5
07:51:59.80 (81211006)|HEAP_ALLOCATE|[56]|Bytes:5
07:51:59.80 (81226150)|HEAP_ALLOCATE|[64]|Bytes:7
07:51:59.80 (81271984)|STATEMENT_EXECUTE|[4]
07:51:59.80 (81277147)|STATEMENT_EXECUTE|[5]
07:51:59.80 (81296346)|HEAP_ALLOCATE|[5]|Bytes:10
07:51:59.80 (81307143)|HEAP_ALLOCATE|[5]|Bytes:24
07:51:59.80 (81313653)|HEAP_ALLOCATE|[5]|Bytes:5
07:51:59.80 (81366970)|HEAP_ALLOCATE|[5]|Bytes:28
07:51:59.80 (81373701)|HEAP_ALLOCATE|[5]|Bytes:28
07:51:59.80 (81395901)|CONSTRUCTOR_ENTRY|[5]|01p3600000DHL7Q|<init>(String,Decimal)
07:51:59.80 (81430544)|VARIABLE_SCOPE_BEGIN|[115]|this|LabTools.JobRunner_Tests.TestRepo|true|false
07:51:59.80 (81491362)|VARIABLE_ASSIGNMENT|[115]|this|{}|0x715ecb5e
07:51:59.80 (81499380)|VARIABLE_SCOPE_BEGIN|[115]|t|String|false|false
07:51:59.80 (81509258)|VARIABLE_ASSIGNMENT|[115]|t|"Hours"
07:51:59.80 (81513499)|VARIABLE_SCOPE_BEGIN|[115]|r|Decimal|false|false
07:51:59.80 (81522482)|VARIABLE_ASSIGNMENT|[115]|r|2
07:51:59.80 (81537210)|STATEMENT_EXECUTE|[94]
07:51:59.80 (81541545)|STATEMENT_EXECUTE|[96]
07:51:59.80 (81547381)|HEAP_ALLOCATE|[96]|Bytes:4
07:51:59.80 (81562618)|VARIABLE_ASSIGNMENT|[96]|this.EchoCalled|0|0x715ecb5e
07:51:59.80 (81568162)|STATEMENT_EXECUTE|[107]
07:51:59.80 (81573400)|HEAP_ALLOCATE|[107]|Bytes:4
07:51:59.80 (81584332)|VARIABLE_ASSIGNMENT|[107]|this.ModifyCalled|0|0x715ecb5e
07:51:59.80 (81589641)|STATEMENT_EXECUTE|[108]
07:51:59.80 (81593196)|STATEMENT_EXECUTE|[120]
07:51:59.80 (81596640)|STATEMENT_EXECUTE|[121]
07:51:59.80 (81610337)|HEAP_ALLOCATE|[115]|Bytes:27
07:51:59.80 (81635801)|METHOD_ENTRY|[3]|01p3600000AqZq9|RepositoryTestStub.RepositoryTestStub()
07:51:59.80 (81641940)|STATEMENT_EXECUTE|[3]
07:51:59.80 (81649927)|STATEMENT_EXECUTE|[3]
07:51:59.80 (81659222)|METHOD_EXIT|[3]|RepositoryTestStub
07:51:59.80 (81676878)|CONSTRUCTOR_ENTRY|[115]|01p3600000AqZq9|<init>()
07:51:59.80 (81685620)|VARIABLE_SCOPE_BEGIN|[3]|this|LabTools.RepositoryTestStub|true|false
07:51:59.80 (81715080)|VARIABLE_ASSIGNMENT|[3]|this|{"EchoCalled":0,"ModifyCalled":0}|0x715ecb5e
07:51:59.80 (81728441)|HEAP_ALLOCATE|[EXTERNAL]|Bytes:6
07:51:59.80 (81761314)|STATEMENT_EXECUTE|[3]
07:51:59.80 (81774427)|CONSTRUCTOR_EXIT|[115]|01p3600000AqZq9|<init>()
07:51:59.80 (81780018)|STATEMENT_EXECUTE|[115]
07:51:59.80 (81783241)|STATEMENT_EXECUTE|[116]
07:51:59.80 (81798466)|VARIABLE_ASSIGNMENT|[116]|this.recurrenceType|"Hours"|0x715ecb5e
07:51:59.80 (81803901)|STATEMENT_EXECUTE|[117]
07:51:59.80 (81815190)|VARIABLE_ASSIGNMENT|[117]|this.recurrenceRate|2|0x715ecb5e
07:51:59.80 (81827322)|CONSTRUCTOR_EXIT|[5]|01p3600000DHL7Q|<init>(String,Decimal)
07:51:59.80 (81835562)|VARIABLE_SCOPE_BEGIN|[5]|repo|LabTools.JobRunner_Tests.TestRepo|true|false
07:51:59.80 (81865704)|VARIABLE_ASSIGNMENT|[5]|repo|{"EchoCalled":0,"ModifyCalled":0,"recurrenceRate":2,"recurrenceType":"Hours"}|0x715ecb5e
07:51:59.80 (81871863)|STATEMENT_EXECUTE|[6]
07:51:59.80 (81936821)|HEAP_ALLOCATE|[6]|Bytes:56
07:51:59.80 (81960600)|VARIABLE_SCOPE_BEGIN|[6]|now|Datetime|false|false
07:51:59.80 (82008798)|VARIABLE_ASSIGNMENT|[6]|now|"2016-06-02T14:51:59.993Z"
07:51:59.80 (82015789)|STATEMENT_EXECUTE|[7]
07:51:59.80 (82033286)|HEAP_ALLOCATE|[7]|Bytes:7
07:51:59.80 (82049957)|METHOD_ENTRY|[1]|01p3600000DHKdZ|JobRunner.JobRunner()
07:51:59.80 (82054990)|STATEMENT_EXECUTE|[1]
07:51:59.80 (82062208)|STATEMENT_EXECUTE|[1]
07:51:59.80 (82832391)|SYSTEM_MODE_ENTER|false
07:51:59.80 (82850855)|HEAP_ALLOCATE|[7]|Bytes:5
07:51:59.80 (82860500)|SYSTEM_MODE_EXIT|false
07:51:59.80 (82871489)|METHOD_EXIT|[1]|JobRunner
07:51:59.80 (82878957)|HEAP_ALLOCATE|[7]|Bytes:12
07:51:59.80 (82904772)|CONSTRUCTOR_ENTRY|[7]|01p3600000DHKdZ|<init>(LabTools.IRepository,Datetime)
07:51:59.80 (82929331)|VARIABLE_SCOPE_BEGIN|[47]|this|LabTools.JobRunner|true|false
07:51:59.80 (82949678)|VARIABLE_ASSIGNMENT|[47]|this|{}|0x48338fe6
07:51:59.80 (82954469)|VARIABLE_SCOPE_BEGIN|[47]|r|LabTools.IRepository|true|false
07:51:59.80 (82974401)|VARIABLE_ASSIGNMENT|[47]|r|{"EchoCalled":0,"ModifyCalled":0,"recurrenceRate":2,"recurrenceType":"Hours"}|0x715ecb5e
07:51:59.80 (82979504)|VARIABLE_SCOPE_BEGIN|[47]|n|Datetime|false|false
07:51:59.80 (82993282)|VARIABLE_ASSIGNMENT|[47]|n|"2016-06-02T14:51:59.993Z"
07:51:59.80 (83004931)|SYSTEM_MODE_ENTER|false
07:51:59.80 (83011430)|HEAP_ALLOCATE|[49]|Bytes:5
07:51:59.80 (83018694)|STATEMENT_EXECUTE|[1]
07:51:59.80 (83024219)|HEAP_ALLOCATE|[49]|Bytes:5
07:51:59.80 (83027338)|STATEMENT_EXECUTE|[55]
07:51:59.80 (83029629)|STATEMENT_EXECUTE|[56]
07:51:59.80 (83047330)|STATEMENT_EXECUTE|[48]
07:51:59.80 (83050309)|STATEMENT_EXECUTE|[49]
07:51:59.80 (83057998)|VARIABLE_ASSIGNMENT|[49]|this.repository|0x715ecb5e|0x48338fe6
07:51:59.80 (83060911)|STATEMENT_EXECUTE|[50]
07:51:59.80 (83076499)|VARIABLE_ASSIGNMENT|[50]|this.now|"2016-06-02T14:51:59.993Z"|0x48338fe6
07:51:59.80 (83084200)|SYSTEM_MODE_EXIT|false
07:51:59.80 (83105013)|CONSTRUCTOR_EXIT|[7]|01p3600000DHKdZ|<init>(LabTools.IRepository,Datetime)
07:51:59.80 (83111020)|VARIABLE_SCOPE_BEGIN|[7]|jRunner|LabTools.JobRunner|true|false
07:51:59.80 (83139623)|VARIABLE_ASSIGNMENT|[7]|jRunner|{"now":"2016-06-02T14:51:59.993Z","repository":"0x715ecb5e"}|0x48338fe6
07:51:59.80 (83144713)|STATEMENT_EXECUTE|[9]
07:51:59.80 (83161356)|HEAP_ALLOCATE|[9]|Bytes:57
07:51:59.80 (83175431)|SYSTEM_METHOD_ENTRY|[1]|Test.Test()
07:51:59.80 (83179166)|STATEMENT_EXECUTE|[1]
07:51:59.80 (83188994)|SYSTEM_METHOD_EXIT|[1]|Test
07:51:59.80 (83199901)|METHOD_ENTRY|[9]||System.Test.startTest()
07:51:59.80 (86048272)|METHOD_EXIT|[9]||System.Test.startTest()
07:51:59.80 (86060083)|STATEMENT_EXECUTE|[10]
07:51:59.80 (86078996)|METHOD_ENTRY|[10]|01p3600000DHKdZ|LabTools.JobRunner.execute()
07:51:59.80 (86104792)|VARIABLE_SCOPE_BEGIN|[3]|this|LabTools.JobRunner|true|false
07:51:59.80 (86153791)|VARIABLE_ASSIGNMENT|[3]|this|{"now":"2016-06-02T14:51:59.993Z","repository":"0x715ecb5e"}|0x48338fe6
07:51:59.80 (86867224)|SYSTEM_MODE_ENTER|false
07:51:59.80 (86879495)|HEAP_ALLOCATE|[5]|Bytes:5
07:51:59.80 (86888243)|STATEMENT_EXECUTE|[3]
07:51:59.80 (86895707)|STATEMENT_EXECUTE|[5]
07:51:59.80 (86900407)|STATEMENT_EXECUTE|[6]
07:51:59.80 (86909069)|HEAP_ALLOCATE|[6]|Bytes:326
07:51:59.80 (86926469)|HEAP_ALLOCATE|[6]|Bytes:4
07:51:59.80 (86945863)|HEAP_ALLOCATE|[6]|Bytes:7
07:51:59.80 (86975697)|HEAP_ALLOCATE|[6]|Bytes:7
07:51:59.80 (88112694)|SOQL_EXECUTE_BEGIN|[6]|Aggregations:1|SELECT Name, LabTools__RecurrenceType__c, LabTools__RecurrenceRate__c, (SELECT Name, LabTools__Enabled__c FROM LabTools__Jobs__r) FROM LabTools__Runner__c WHERE (LabTools__StartOn__c <= :tmpVar1 AND (LabTools__NextRunOn__c = NULL OR LabTools__NextRunOn__c <= :tmpVar2)) ORDER BY LabTools__NextRunOn__c DESC NULLS FIRST LIMIT 5
07:51:59.80 (90258524)|SOQL_EXECUTE_END|[6]|Rows:0
07:51:59.80 (90280666)|HEAP_ALLOCATE|[6]|Bytes:4
07:51:59.80 (90293340)|HEAP_ALLOCATE|[6]|Bytes:0
07:51:59.80 (90315330)|HEAP_ALLOCATE|[6]|Bytes:4
07:51:59.80 (90335771)|METHOD_ENTRY|[6]|01p3600000DHL7Q|LabTools.JobRunner_Tests.TestRepo.Echo(List<SObject>)
07:51:59.80 (90344376)|VARIABLE_SCOPE_BEGIN|[97]|this|LabTools.JobRunner_Tests.TestRepo|true|false
07:51:59.80 (90377066)|VARIABLE_ASSIGNMENT|[97]|this|{"EchoCalled":0,"ModifyCalled":0,"recurrenceRate":2,"recurrenceType":"Hours"}|0x715ecb5e
07:51:59.80 (90382819)|VARIABLE_SCOPE_BEGIN|[97]|values|List<SObject>|true|false
07:51:59.80 (90398475)|VARIABLE_ASSIGNMENT|[97]|values|{"s":1,"v":[]}|0xf74acbf
07:51:59.80 (90424972)|STATEMENT_EXECUTE|[97]
07:51:59.80 (90430391)|STATEMENT_EXECUTE|[98]
07:51:59.80 (90440962)|HEAP_ALLOCATE|[98]|Bytes:4
07:51:59.80 (90459112)|VARIABLE_ASSIGNMENT|[98]|this.EchoCalled|1|0x715ecb5e
07:51:59.80 (90463517)|STATEMENT_EXECUTE|[99]
07:51:59.80 (90470228)|HEAP_ALLOCATE|[99]|Bytes:4
07:51:59.80 (90490805)|ENTERING_MANAGED_PKG|
07:51:59.80 (90519294)|HEAP_ALLOCATE|[100]|Bytes:4
07:51:59.80 (90572820)|VARIABLE_ASSIGNMENT|[100]|this.LabTools__RecurrenceType__c|"Hours"|0x7608a2d5
07:51:59.80 (90606916)|VARIABLE_ASSIGNMENT|[100]|this.LabTools__RecurrenceRate__c|2|0x7608a2d5
07:51:59.80 (90657019)|METHOD_EXIT|[6]|01p3600000DHL7Q|LabTools.JobRunner_Tests.TestRepo.Echo(List<SObject>)
07:51:59.80 (90674960)|VARIABLE_SCOPE_BEGIN|[6]|runners|List<LabTools__Runner__c>|true|false
07:51:59.80 (90689616)|HEAP_ALLOCATE|[EXTERNAL]|Bytes:8
07:51:59.80 (90721620)|VARIABLE_ASSIGNMENT|[6]|runners|{"s":1,"v":[{"LabTools__Recurrence (7 more) ...":"Hours","LabTools__Recurrence (7 more) ...":2}]}|0x1234d80d
07:51:59.80 (90748104)|ENTERING_MANAGED_PKG|
07:51:59.80 (90791861)|HEAP_ALLOCATE|[15]|Bytes:5
07:51:59.80 (90819958)|HEAP_ALLOCATE|[15]|Bytes:12
07:51:59.80 (90840454)|VARIABLE_SCOPE_BEGIN|[15]|runner|LabTools__Runner__c|true|false
07:51:59.80 (90866231)|VARIABLE_ASSIGNMENT|[15]|runner|{"LabTools__Recurrence (7 more) ...":"Hours","LabTools__Recurrence (7 more) ...":2}|0x7608a2d5
07:51:59.80 (90874548)|STATEMENT_EXECUTE|[15]
07:51:59.80 (90878655)|STATEMENT_EXECUTE|[17]
07:51:59.80 (90894727)|VARIABLE_SCOPE_BEGIN|[17]|next|Datetime|false|false
07:51:59.80 (90912878)|VARIABLE_ASSIGNMENT|[17]|next|null
07:51:59.80 (90949121)|STATEMENT_EXECUTE|[18]
07:51:59.80 (90955629)|STATEMENT_EXECUTE|[19]
07:51:59.80 (90979360)|HEAP_ALLOCATE|[19]|Bytes:28
07:51:59.80 (90992098)|HEAP_ALLOCATE|[19]|Bytes:8
07:51:59.80 (91067231)|HEAP_ALLOCATE|[19]|Bytes:56
07:51:59.80 (91110886)|VARIABLE_ASSIGNMENT|[19]|next|"2016-06-02T16:51:59.993Z"
07:51:59.80 (91120493)|STATEMENT_EXECUTE|[28]
07:51:59.80 (91204623)|VARIABLE_ASSIGNMENT|[28]|this.LabTools__LastRunOn__c|"2016-06-02T14:51:59.993Z"|0x7608a2d5
07:51:59.80 (91212874)|STATEMENT_EXECUTE|[29]
07:51:59.80 (91281888)|VARIABLE_ASSIGNMENT|[29]|this.LabTools__NextRunOn__c|"2016-06-02T16:51:59.993Z"|0x7608a2d5
07:51:59.80 (91293932)|HEAP_ALLOCATE|[31]|Bytes:17
07:51:59.80 (91301566)|HEAP_ALLOCATE|[31]|Bytes:16
07:51:59.80 (91482889)|HEAP_ALLOCATE|[31]|Bytes:49
07:51:59.80 (91494776)|HEAP_ALLOCATE|[31]|Bytes:8
07:51:59.80 (91512806)|SYSTEM_METHOD_ENTRY|[7]|QueryLocatorIterator.QueryLocatorIterator()
07:51:59.80 (91518485)|STATEMENT_EXECUTE|[7]
07:51:59.80 (91534953)|SYSTEM_METHOD_EXIT|[7]|QueryLocatorIterator
07:51:59.80 (91543772)|HEAP_ALLOCATE|[31]|Bytes:28
07:51:59.80 (91566482)|HEAP_ALLOCATE|[31]|Bytes:8
07:51:59.80 (91572582)|HEAP_ALLOCATE|[31]|Bytes:8
07:51:59.80 (91580352)|VARIABLE_SCOPE_BEGIN|[15]|this|Database.QueryLocatorIterator|true|false
07:51:59.80 (91612132)|VARIABLE_ASSIGNMENT|[15]|this|{}|0x6229e4cf
07:51:59.80 (91619251)|VARIABLE_SCOPE_BEGIN|[15]|values|List<SObject>|true|false
07:51:59.80 (91627410)|VARIABLE_ASSIGNMENT|[15]|values|null|
07:51:59.80 (91632488)|VARIABLE_SCOPE_BEGIN|[15]|ql|Database.QueryLocator|true|false
07:51:59.80 (91648629)|VARIABLE_ASSIGNMENT|[15]|ql|{}|0x5669ac37
07:51:59.80 (91655036)|VARIABLE_SCOPE_BEGIN|[15]|totalNumRecords|Integer|false|false
07:51:59.80 (91663649)|VARIABLE_ASSIGNMENT|[15]|totalNumRecords|0
07:51:59.80 (91669055)|VARIABLE_SCOPE_BEGIN|[15]|queryMoreSize|Integer|false|false
07:51:59.80 (91676613)|VARIABLE_ASSIGNMENT|[15]|queryMoreSize|200
07:51:59.80 (91754096)|HEAP_ALLOCATE|[31]|Bytes:28
07:51:59.80 (91780638)|METHOD_ENTRY|[31]||Database.QueryLocatorIterator.hasNext()
07:51:59.80 (91819618)|METHOD_EXIT|[31]||Database.QueryLocatorIterator.hasNext()
07:51:59.80 (91842055)|VARIABLE_ASSIGNMENT|[31]|job|null|
07:51:59.80 (91848290)|STATEMENT_EXECUTE|[31]
07:51:59.80 (91869500)|HEAP_ALLOCATE|[15]|Bytes:5
07:51:59.80 (91891613)|VARIABLE_ASSIGNMENT|[15]|runner|null|
07:51:59.80 (91898642)|STATEMENT_EXECUTE|[38]
07:51:59.80 (91914573)|METHOD_ENTRY|[38]|01p3600000DHL7Q|LabTools.JobRunner_Tests.TestRepo.Modify(List<SObject>)
07:51:59.80 (91924944)|VARIABLE_SCOPE_BEGIN|[109]|this|LabTools.JobRunner_Tests.TestRepo|true|false
07:51:59.80 (91958751)|VARIABLE_ASSIGNMENT|[109]|this|{"EchoCalled":1,"ModifyCalled":0,"recurrenceRate":2,"recurrenceType":"Hours"}|0x715ecb5e
07:51:59.80 (91966960)|VARIABLE_SCOPE_BEGIN|[109]|values|List<SObject>|true|false
07:51:59.80 (92013257)|VARIABLE_ASSIGNMENT|[109]|values|{"s":1,"v":[{"LabTools__Recurrence (7 more) ...":"Hours","LabTools__Recurrence (7 more) ...":2,"LabTools__LastRunOn_ (2 more) ...":"2016-06-02T14:51:59.993Z","LabTools__NextRunOn_ (2 more) ...":"2016-06-02T16:51:59.993Z"}]}|0x1234d80d
07:51:59.80 (92041779)|STATEMENT_EXECUTE|[109]
07:51:59.80 (92047070)|STATEMENT_EXECUTE|[110]
07:51:59.80 (92055445)|HEAP_ALLOCATE|[110]|Bytes:4
07:51:59.80 (92070237)|VARIABLE_ASSIGNMENT|[110]|this.ModifyCalled|1|0x715ecb5e
07:51:59.80 (92075414)|STATEMENT_EXECUTE|[111]
07:51:59.80 (92118846)|VARIABLE_ASSIGNMENT|[111]|this.Modified|{"s":1,"v":[{"LabTools__Recurrence (7 more) ...":"Hours","LabTools__Recurrence (7 more) ...":2,"LabTools__LastRunOn_ (2 more) ...":"2016-06-02T14:51:59.993Z","LabTools__NextRunOn_ (2 more) ...":"2016-06-02T16:51:59.993Z"}]}|0x715ecb5e
07:51:59.80 (92134150)|METHOD_EXIT|[38]|01p3600000DHL7Q|LabTools.JobRunner_Tests.TestRepo.Modify(List<SObject>)
07:51:59.80 (92148237)|SYSTEM_MODE_EXIT|false
07:51:59.80 (92158979)|METHOD_EXIT|[10]|01p3600000DHKdZ|LabTools.JobRunner.execute()
07:51:59.80 (92164839)|STATEMENT_EXECUTE|[11]
07:51:59.80 (92179740)|METHOD_ENTRY|[11]||System.Test.stopTest()
07:51:59.80 (97581233)|METHOD_EXIT|[11]||System.Test.stopTest()
07:51:59.80 (97591707)|STATEMENT_EXECUTE|[13]
07:51:59.80 (97621983)|ENTERING_MANAGED_PKG|
07:51:59.80 (97660998)|STATEMENT_EXECUTE|[14]
07:51:59.80 (97678533)|ENTERING_MANAGED_PKG|
07:51:59.80 (97698767)|STATEMENT_EXECUTE|[15]
07:51:59.80 (97714598)|ENTERING_MANAGED_PKG|
07:51:59.80 (97744301)|ENTERING_MANAGED_PKG|
07:51:59.80 (97756469)|STATEMENT_EXECUTE|[16]
07:51:59.80 (97799380)|HEAP_ALLOCATE|[16]|Bytes:56
07:51:59.80 (97824144)|HEAP_ALLOCATE|[16]|Bytes:20
07:51:59.80 (97848792)|ENTERING_MANAGED_PKG|
07:51:59.97 (97880271)|CUMULATIVE_LIMIT_USAGE
07:51:59.97 (97880271)|LIMIT_USAGE_FOR_NS|(default)|
  Number of SOQL queries: 0 out of 100
  Number of query rows: 0 out of 50000
  Number of SOSL queries: 0 out of 20
  Number of DML statements: 0 out of 150
  Number of DML rows: 0 out of 10000
  Maximum CPU time: 0 out of 10000
  Maximum heap size: 0 out of 6000000
  Number of callouts: 0 out of 100
  Number of Email Invocations: 0 out of 10
  Number of future calls: 0 out of 50
  Number of queueable jobs added to the queue: 0 out of 50
  Number of Mobile Apex push calls: 0 out of 10

07:51:59.97 (97880271)|TESTING_LIMITS
07:51:59.97 (97880271)|LIMIT_USAGE_FOR_NS|(default)|
  Number of SOQL queries: 0 out of 100
  Number of query rows: 0 out of 50000
  Number of SOSL queries: 0 out of 20
  Number of DML statements: 0 out of 150
  Number of DML rows: 0 out of 10000
  Maximum CPU time: 0 out of 10000
  Maximum heap size: 0 out of 6000000
  Number of callouts: 0 out of 100
  Number of Email Invocations: 0 out of 10
  Number of future calls: 0 out of 50
  Number of queueable jobs added to the queue: 0 out of 50
  Number of Mobile Apex push calls: 0 out of 10

07:51:59.97 (97880271)|LIMIT_USAGE_FOR_NS|LabTools|
  Number of SOQL queries: 1 out of 100
  Number of query rows: 0 out of 50000
  Number of SOSL queries: 0 out of 20
  Number of DML statements: 0 out of 150
  Number of DML rows: 0 out of 10000
  Maximum CPU time: 0 out of 10000
  Maximum heap size: 0 out of 6000000
  Number of callouts: 0 out of 100
  Number of Email Invocations: 0 out of 10
  Number of future calls: 0 out of 50
  Number of queueable jobs added to the queue: 0 out of 50
  Number of Mobile Apex push calls: 0 out of 10

07:51:59.97 (97880271)|CUMULATIVE_LIMIT_USAGE_END

07:51:59.80 (97939576)|CODE_UNIT_FINISHED|JobRunner_Tests.WhenHours_ShouldSetNextRunInHours
07:51:59.80 (99613485)|EXECUTION_FINISHED
07:51:59.130 (130283119)|EXECUTION_STARTED
07:51:59.130 (130307219)|CODE_UNIT_STARTED|[EXTERNAL]|01p3600000DHL7Q|JobRunner_Tests.WhenIntegrating_ShouldNotFailRun
07:51:59.130 (130459219)|HEAP_ALLOCATE|[72]|Bytes:3
07:51:59.130 (130507163)|HEAP_ALLOCATE|[77]|Bytes:152
07:51:59.130 (130528640)|HEAP_ALLOCATE|[342]|Bytes:408
07:51:59.130 (130553502)|HEAP_ALLOCATE|[355]|Bytes:408
07:51:59.130 (130576855)|HEAP_ALLOCATE|[467]|Bytes:48
07:51:59.130 (130612058)|HEAP_ALLOCATE|[139]|Bytes:6
07:51:59.130 (130641750)|HEAP_ALLOCATE|[EXTERNAL]|Bytes:8
07:51:59.130 (130648841)|HEAP_ALLOCATE|[EXTERNAL]|Bytes:160
07:51:59.130 (130662944)|METHOD_ENTRY|[2]|01p3600000DHL7Q|JobRunner_Tests.JobRunner_Tests()
07:51:59.130 (130668111)|STATEMENT_EXECUTE|[2]
07:51:59.130 (130676350)|STATEMENT_EXECUTE|[2]
07:51:59.130 (130678626)|STATEMENT_EXECUTE|[94]
07:51:59.130 (130685199)|METHOD_EXIT|[2]|JobRunner_Tests
07:51:59.130 (130708426)|HEAP_ALLOCATE|[50]|Bytes:5
07:51:59.130 (130731423)|HEAP_ALLOCATE|[56]|Bytes:5
07:51:59.130 (130743582)|HEAP_ALLOCATE|[64]|Bytes:7
07:51:59.130 (130780642)|STATEMENT_EXECUTE|[68]
07:51:59.130 (130784670)|STATEMENT_EXECUTE|[69]
07:51:59.130 (130811079)|HEAP_ALLOCATE|[69]|Bytes:4
07:51:59.130 (130827470)|HEAP_ALLOCATE|[70]|Bytes:4
07:51:59.130 (130900960)|VARIABLE_ASSIGNMENT|[69]|this.Name|"Test"|0x22ea8f19
07:51:59.130 (130945436)|HEAP_ALLOCATE|[69]|Bytes:28
07:51:59.130 (130951118)|HEAP_ALLOCATE|[69]|Bytes:28
07:51:59.130 (130995108)|VARIABLE_ASSIGNMENT|[69]|this.LabTools__RecurrenceRate__c|1|0x22ea8f19
07:51:59.130 (131003322)|HEAP_ALLOCATE|[72]|Bytes:5
07:51:59.130 (131037134)|VARIABLE_ASSIGNMENT|[69]|this.LabTools__RecurrenceType__c|"Hours"|0x22ea8f19
07:51:59.130 (131100878)|HEAP_ALLOCATE|[73]|Bytes:56
07:51:59.130 (131186082)|VARIABLE_ASSIGNMENT|[69]|this.LabTools__StartOn__c|"2016-06-02T14:52:00.043Z"|0x22ea8f19
07:51:59.130 (131219451)|VARIABLE_SCOPE_BEGIN|[69]|runner|LabTools__Runner__c|true|false
07:51:59.130 (131257330)|VARIABLE_ASSIGNMENT|[69]|runner|{"Name":"Test","LabTools__Recurrence (7 more) ...":1,"LabTools__Recurrence (7 more) ...":"Hours","LabTools__StartOn__c":"2016-06-02T14:52:00.043Z"}|0x22ea8f19
07:51:59.130 (131263598)|STATEMENT_EXECUTE|[75]
07:51:59.130 (131297542)|HEAP_ALLOCATE|[75]|Bytes:8
07:51:59.130 (131313848)|DML_BEGIN|[75]|Op:Insert|Type:LabTools__Runner__c|Rows:1
07:51:59.130 (131360982)|HEAP_ALLOCATE|[EXTERNAL]|Bytes:8
07:51:59.130 (201073604)|DML_END|[75]
07:51:59.130 (201107253)|STATEMENT_EXECUTE|[77]
07:51:59.130 (201156086)|HEAP_ALLOCATE|[77]|Bytes:4
07:51:59.130 (201248910)|ENTERING_MANAGED_PKG|
07:51:59.130 (201291685)|VARIABLE_SCOPE_BEGIN|[77]|testJobs|List<LabTools__Job__c>|true|false
07:51:59.130 (201304262)|HEAP_ALLOCATE|[EXTERNAL]|Bytes:4
07:51:59.130 (201334770)|VARIABLE_ASSIGNMENT|[77]|testJobs|{"s":1,"v":[]}|0x7ff738e9
07:51:59.130 (201339344)|STATEMENT_EXECUTE|[78]
07:51:59.130 (201364101)|HEAP_ALLOCATE|[78]|Bytes:4
07:51:59.130 (201456092)|HEAP_ALLOCATE|[79]|Bytes:21
07:51:59.130 (202455577)|HEAP_ALLOCATE|[79]|Bytes:24
07:51:59.130 (202482480)|SYSTEM_METHOD_ENTRY|[1]|Type.Type()
07:51:59.130 (202486805)|STATEMENT_EXECUTE|[1]
07:51:59.130 (202502217)|SYSTEM_METHOD_EXIT|[1]|Type
07:51:59.130 (202508895)|HEAP_ALLOCATE|[79]|Bytes:8
07:51:59.130 (202532207)|HEAP_ALLOCATE|[79]|Bytes:8
07:51:59.130 (202540798)|VARIABLE_SCOPE_BEGIN|[4]|this|System.Type|true|false
07:51:59.130 (202573330)|VARIABLE_ASSIGNMENT|[4]|this|{}|0x457025e4
07:51:59.130 (202578970)|VARIABLE_SCOPE_BEGIN|[4]|apextype|java:common.apex.runtime.ApexObjectType|true|false
07:51:59.130 (202671577)|VARIABLE_ASSIGNMENT|[4]|apextype|"LabTools.HeartbeatJob"|0x6309a565
07:51:59.130 (202755564)|HEAP_ALLOCATE|[79]|Bytes:8
07:51:59.130 (202783025)|METHOD_ENTRY|[79]||System.Type.getName()
07:51:59.130 (202842224)|METHOD_EXIT|[79]||System.Type.getName()
07:51:59.130 (202898480)|VARIABLE_ASSIGNMENT|[78]|this.Name|"LabTools.HeartbeatJo (1 more) ..."|0x25fff99d
07:51:59.130 (202984595)|VARIABLE_ASSIGNMENT|[78]|this.LabTools__Runner__c|"a0136000004mDASAA2"|0x25fff99d
07:51:59.130 (203034479)|ENTERING_MANAGED_PKG|
07:51:59.130 (203071877)|HEAP_ALLOCATE|[EXTERNAL]|Bytes:4
07:51:59.130 (203083578)|STATEMENT_EXECUTE|[82]
07:51:59.130 (203150078)|DML_BEGIN|[82]|Op:Insert|Type:LabTools__Job__c|Rows:1
07:51:59.130 (203175427)|HEAP_ALLOCATE|[EXTERNAL]|Bytes:8
07:51:59.130 (257940079)|DML_END|[82]
07:51:59.130 (258046025)|HEAP_ALLOCATE|[EXTERNAL]|Bytes:8
07:51:59.130 (258065678)|STATEMENT_EXECUTE|[84]
07:51:59.130 (258089564)|HEAP_ALLOCATE|[84]|Bytes:7
07:51:59.130 (258116029)|METHOD_ENTRY|[1]|01p3600000DHKdZ|JobRunner.JobRunner()
07:51:59.130 (258121047)|STATEMENT_EXECUTE|[1]
07:51:59.130 (258129255)|STATEMENT_EXECUTE|[1]
07:51:59.130 (259119871)|SYSTEM_MODE_ENTER|false
07:51:59.130 (259145399)|HEAP_ALLOCATE|[84]|Bytes:5
07:51:59.130 (259156250)|SYSTEM_MODE_EXIT|false
07:51:59.130 (259169395)|METHOD_EXIT|[1]|JobRunner
07:51:59.130 (259178718)|HEAP_ALLOCATE|[84]|Bytes:12
07:51:59.130 (259207134)|CONSTRUCTOR_ENTRY|[84]|01p3600000DHKdZ|<init>()
07:51:59.130 (259261502)|VARIABLE_SCOPE_BEGIN|[43]|this|LabTools.JobRunner|true|false
07:51:59.130 (259306531)|VARIABLE_ASSIGNMENT|[43]|this|{}|0x2468a626
07:51:59.130 (259320963)|SYSTEM_MODE_ENTER|false
07:51:59.130 (259326764)|HEAP_ALLOCATE|[44]|Bytes:5
07:51:59.130 (259331776)|STATEMENT_EXECUTE|[1]
07:51:59.130 (259335607)|HEAP_ALLOCATE|[44]|Bytes:5
07:51:59.130 (259338562)|STATEMENT_EXECUTE|[55]
07:51:59.130 (259340878)|STATEMENT_EXECUTE|[56]
07:51:59.130 (259362937)|STATEMENT_EXECUTE|[43]
07:51:59.130 (259366170)|STATEMENT_EXECUTE|[44]
07:51:59.130 (260416388)|HEAP_ALLOCATE|[44]|Bytes:26
07:51:59.130 (260452006)|METHOD_ENTRY|[1]|01p3600000AqZfY|Repository.Repository()
07:51:59.130 (260460165)|STATEMENT_EXECUTE|[1]
07:51:59.130 (260471913)|STATEMENT_EXECUTE|[1]
07:51:59.130 (260483564)|HEAP_ALLOCATE|[44]|Bytes:5
07:51:59.130 (260503027)|METHOD_EXIT|[1]|Repository
07:51:59.130 (260524467)|HEAP_ALLOCATE|[44]|Bytes:4
07:51:59.130 (260541913)|CONSTRUCTOR_ENTRY|[44]|01p3600000AqZfY|<init>()
07:51:59.130 (260572655)|VARIABLE_SCOPE_BEGIN|[1]|this|LabTools.Repository|true|false
07:51:59.130 (260593188)|VARIABLE_ASSIGNMENT|[1]|this|{}|0x414cf320
07:51:59.130 (260602911)|HEAP_ALLOCATE|[EXTERNAL]|Bytes:5
07:51:59.130 (260623084)|STATEMENT_EXECUTE|[1]
07:51:59.130 (260628522)|HEAP_ALLOCATE|[EXTERNAL]|Bytes:5
07:51:59.130 (260641323)|CONSTRUCTOR_EXIT|[44]|01p3600000AqZfY|<init>()
07:51:59.130 (260659408)|VARIABLE_ASSIGNMENT|[44]|this.repository|0x414cf320|0x2468a626
07:51:59.130 (260667512)|SYSTEM_MODE_EXIT|false
07:51:59.130 (260677609)|CONSTRUCTOR_EXIT|[84]|01p3600000DHKdZ|<init>()
07:51:59.130 (260684526)|VARIABLE_SCOPE_BEGIN|[84]|jRunner|LabTools.JobRunner|true|false
07:51:59.130 (260710136)|VARIABLE_ASSIGNMENT|[84]|jRunner|{"repository":"0x414cf320"}|0x2468a626
07:51:59.130 (260715399)|STATEMENT_EXECUTE|[86]
07:51:59.130 (260731862)|HEAP_ALLOCATE|[86]|Bytes:57
07:51:59.130 (260745780)|SYSTEM_METHOD_ENTRY|[1]|Test.Test()
07:51:59.130 (260749259)|STATEMENT_EXECUTE|[1]
07:51:59.130 (260759302)|SYSTEM_METHOD_EXIT|[1]|Test
07:51:59.130 (260774093)|METHOD_ENTRY|[86]||System.Test.startTest()
07:51:59.130 (264214274)|METHOD_EXIT|[86]||System.Test.startTest()
07:51:59.130 (264226413)|STATEMENT_EXECUTE|[87]
07:51:59.130 (264238933)|METHOD_ENTRY|[87]|01p3600000DHKdZ|LabTools.JobRunner.execute()
07:51:59.130 (264260346)|VARIABLE_SCOPE_BEGIN|[3]|this|LabTools.JobRunner|true|false
07:51:59.130 (264287981)|VARIABLE_ASSIGNMENT|[3]|this|{"repository":"0x414cf320"}|0x2468a626
07:51:59.130 (265005135)|SYSTEM_MODE_ENTER|false
07:51:59.130 (265016362)|HEAP_ALLOCATE|[5]|Bytes:5
07:51:59.130 (265023758)|STATEMENT_EXECUTE|[3]
07:51:59.130 (265028516)|STATEMENT_EXECUTE|[5]
07:51:59.130 (265077494)|HEAP_ALLOCATE|[5]|Bytes:56
07:51:59.130 (265115804)|VARIABLE_ASSIGNMENT|[5]|this.now|"2016-06-02T14:52:00.177Z"|0x2468a626
07:51:59.130 (265121673)|STATEMENT_EXECUTE|[6]
07:51:59.130 (265128474)|HEAP_ALLOCATE|[6]|Bytes:326
07:51:59.130 (265141651)|HEAP_ALLOCATE|[6]|Bytes:4
07:51:59.130 (265154681)|HEAP_ALLOCATE|[6]|Bytes:7
07:51:59.130 (265172180)|HEAP_ALLOCATE|[6]|Bytes:7
07:51:59.130 (265791734)|SOQL_EXECUTE_BEGIN|[6]|Aggregations:1|SELECT Name, LabTools__RecurrenceType__c, LabTools__RecurrenceRate__c, (SELECT Name, LabTools__Enabled__c FROM LabTools__Jobs__r) FROM LabTools__Runner__c WHERE (LabTools__StartOn__c <= :tmpVar1 AND (LabTools__NextRunOn__c = NULL OR LabTools__NextRunOn__c <= :tmpVar2)) ORDER BY LabTools__NextRunOn__c DESC NULLS FIRST LIMIT 5
07:51:59.130 (273096671)|SOQL_EXECUTE_END|[6]|Rows:1
07:51:59.130 (273133004)|HEAP_ALLOCATE|[6]|Bytes:8
07:51:59.130 (273155320)|HEAP_ALLOCATE|[6]|Bytes:292
07:51:59.130 (273179346)|HEAP_ALLOCATE|[6]|Bytes:8
07:51:59.130 (273251414)|METHOD_ENTRY|[6]|01p3600000AqZfY|LabTools.Repository.Echo(List<SObject>)
07:51:59.130 (273269870)|VARIABLE_SCOPE_BEGIN|[5]|this|LabTools.Repository|true|false
07:51:59.130 (273302097)|VARIABLE_ASSIGNMENT|[5]|this|{}|0x414cf320
07:51:59.130 (273309182)|VARIABLE_SCOPE_BEGIN|[5]|query|List<SObject>|true|false
07:51:59.130 (273358753)|VARIABLE_ASSIGNMENT|[5]|query|{"s":1,"v":[{"s":2,"v":{"Name":"Test","LabTools__Recurrence (7 more) ...":"Hours","LabTools__Recurrence (7 more) ...":1,"Id":"a0136000004mDASAA2","LabTools__Jobs__r":[{"s":3,"v":{"LabTools__Runner__c":"a0136000004mDASAA2","Id":"a0036000004qNdKAAU","Name":"LabTools.HeartbeatJo (1 more) ...","LabTools__Enabled__c":true}}]}}]}|0x1da8cb76
07:51:59.130 (273379957)|HEAP_ALLOCATE|[6]|Bytes:5
07:51:59.130 (273386822)|STATEMENT_EXECUTE|[5]
07:51:59.130 (273389718)|STATEMENT_EXECUTE|[6]
07:51:59.130 (273399766)|METHOD_EXIT|[6]|01p3600000AqZfY|LabTools.Repository.Echo(List<SObject>)
07:51:59.130 (273416290)|VARIABLE_SCOPE_BEGIN|[6]|runners|List<LabTools__Runner__c>|true|false
07:51:59.130 (273449863)|VARIABLE_ASSIGNMENT|[6]|runners|{"s":1,"v":[{"s":2,"v":{"Name":"Test","LabTools__Recurrence (7 more) ...":"Hours","LabTools__Recurrence (7 more) ...":1,"Id":"a0136000004mDASAA2","LabTools__Jobs__r":[{"s":3,"v":{"LabTools__Runner__c":"a0136000004mDASAA2","Id":"a0036000004qNdKAAU","Name":"LabTools.HeartbeatJo (1 more) ...","LabTools__Enabled__c":true}}]}}]}|0x1da8cb76
07:51:59.130 (273473248)|ENTERING_MANAGED_PKG|
07:51:59.130 (273501226)|HEAP_ALLOCATE|[15]|Bytes:5
07:51:59.130 (273534266)|HEAP_ALLOCATE|[15]|Bytes:24
07:51:59.130 (273548149)|VARIABLE_SCOPE_BEGIN|[15]|runner|LabTools__Runner__c|true|false
07:51:59.130 (273574376)|VARIABLE_ASSIGNMENT|[15]|runner|{"s":1,"v":{"Name":"Test","LabTools__Recurrence (7 more) ...":"Hours","LabTools__Recurrence (7 more) ...":1,"Id":"a0136000004mDASAA2","LabTools__Jobs__r":[{"s":2,"v":{"LabTools__Runner__c":"a0136000004mDASAA2","Id":"a0036000004qNdKAAU","Name":"LabTools.HeartbeatJo (1 more) ...","LabTools__Enabled__c":true}}]}}|0x57b4bb01
07:51:59.130 (273581420)|STATEMENT_EXECUTE|[15]
07:51:59.130 (273583803)|STATEMENT_EXECUTE|[17]
07:51:59.130 (273597370)|VARIABLE_SCOPE_BEGIN|[17]|next|Datetime|false|false
07:51:59.130 (273606989)|VARIABLE_ASSIGNMENT|[17]|next|null
07:51:59.130 (273639691)|STATEMENT_EXECUTE|[18]
07:51:59.130 (273643785)|STATEMENT_EXECUTE|[19]
07:51:59.130 (273664150)|HEAP_ALLOCATE|[19]|Bytes:8
07:51:59.130 (273698365)|HEAP_ALLOCATE|[19]|Bytes:56
07:51:59.130 (273746408)|VARIABLE_ASSIGNMENT|[19]|next|"2016-06-02T15:52:00.177Z"
07:51:59.130 (273752604)|STATEMENT_EXECUTE|[28]
07:51:59.130 (273835047)|HEAP_ALLOCATE|[28]|Bytes:-4
07:51:59.130 (273868622)|VARIABLE_ASSIGNMENT|[28]|this.LabTools__LastRunOn__c|"2016-06-02T14:52:00.177Z"|0x57b4bb01
07:51:59.130 (273873925)|STATEMENT_EXECUTE|[29]
07:51:59.130 (273909807)|HEAP_ALLOCATE|[29]|Bytes:-4
07:51:59.130 (273930134)|VARIABLE_ASSIGNMENT|[29]|this.LabTools__NextRunOn__c|"2016-06-02T15:52:00.177Z"|0x57b4bb01
07:51:59.130 (273938916)|HEAP_ALLOCATE|[31]|Bytes:17
07:51:59.130 (273944092)|HEAP_ALLOCATE|[31]|Bytes:16
07:51:59.130 (273986100)|HEAP_ALLOCATE|[31]|Bytes:8
07:51:59.130 (274118959)|HEAP_ALLOCATE|[31]|Bytes:49
07:51:59.130 (274130320)|HEAP_ALLOCATE|[31]|Bytes:8
07:51:59.130 (274146255)|SYSTEM_METHOD_ENTRY|[7]|QueryLocatorIterator.QueryLocatorIterator()
07:51:59.130 (274150634)|STATEMENT_EXECUTE|[7]
07:51:59.130 (274164629)|SYSTEM_METHOD_EXIT|[7]|QueryLocatorIterator
07:51:59.130 (274171673)|HEAP_ALLOCATE|[31]|Bytes:28
07:51:59.130 (274188056)|HEAP_ALLOCATE|[31]|Bytes:8
07:51:59.130 (274202906)|HEAP_ALLOCATE|[31]|Bytes:8
07:51:59.130 (274206944)|HEAP_ALLOCATE|[31]|Bytes:8
07:51:59.130 (274212854)|VARIABLE_SCOPE_BEGIN|[15]|this|Database.QueryLocatorIterator|true|false
07:51:59.130 (274240339)|VARIABLE_ASSIGNMENT|[15]|this|{}|0x1a0f5013
07:51:59.130 (274245760)|VARIABLE_SCOPE_BEGIN|[15]|values|List<SObject>|true|false
07:51:59.130 (274264680)|VARIABLE_ASSIGNMENT|[15]|values|{"s":1,"v":[{"s":2,"v":{"LabTools__Runner__c":"a0136000004mDASAA2","Id":"a0036000004qNdKAAU","Name":"LabTools.HeartbeatJo (1 more) ...","LabTools__Enabled__c":true}}]}|0x49fcdadd
07:51:59.130 (274270297)|VARIABLE_SCOPE_BEGIN|[15]|ql|Database.QueryLocator|true|false
07:51:59.130 (274282661)|VARIABLE_ASSIGNMENT|[15]|ql|{}|0x3258487f
07:51:59.130 (274286269)|VARIABLE_SCOPE_BEGIN|[15]|totalNumRecords|Integer|false|false
07:51:59.130 (274290841)|VARIABLE_ASSIGNMENT|[15]|totalNumRecords|1
07:51:59.130 (274293776)|VARIABLE_SCOPE_BEGIN|[15]|queryMoreSize|Integer|false|false
07:51:59.130 (274297590)|VARIABLE_ASSIGNMENT|[15]|queryMoreSize|200
07:51:59.130 (274350659)|HEAP_ALLOCATE|[31]|Bytes:28
07:51:59.130 (274369269)|METHOD_ENTRY|[31]||Database.QueryLocatorIterator.hasNext()
07:51:59.130 (274428332)|METHOD_EXIT|[31]||Database.QueryLocatorIterator.hasNext()
07:51:59.130 (274439723)|METHOD_ENTRY|[31]||Database.QueryLocatorIterator.next()
07:51:59.130 (274516121)|METHOD_EXIT|[31]||Database.QueryLocatorIterator.next()
07:51:59.130 (274527084)|VARIABLE_SCOPE_BEGIN|[31]|job|LabTools__Job__c|true|false
07:51:59.130 (274546014)|VARIABLE_ASSIGNMENT|[31]|job|{"s":1,"v":{"LabTools__Runner__c":"a0136000004mDASAA2","Id":"a0036000004qNdKAAU","Name":"LabTools.HeartbeatJo (1 more) ...","LabTools__Enabled__c":true}}|0x1fe99926
07:51:59.130 (274551858)|STATEMENT_EXECUTE|[31]
07:51:59.130 (274583225)|STATEMENT_EXECUTE|[32]
07:51:59.130 (274587393)|STATEMENT_EXECUTE|[33]
07:51:59.130 (275376047)|HEAP_ALLOCATE|[33]|Bytes:52
07:51:59.130 (275390385)|HEAP_ALLOCATE|[33]|Bytes:9
07:51:59.130 (275421051)|METHOD_ENTRY|[1]|01p3600000DIJMr|JobWrapper.JobWrapper()
07:51:59.130 (275425997)|STATEMENT_EXECUTE|[1]
07:51:59.130 (275432772)|STATEMENT_EXECUTE|[1]
07:51:59.130 (275440517)|METHOD_EXIT|[1]|JobWrapper
07:51:59.130 (275932314)|HEAP_ALLOCATE|[33]|Bytes:12
07:51:59.130 (275984631)|CONSTRUCTOR_ENTRY|[33]|01p3600000DIJMr|<init>(String)
07:51:59.130 (276022868)|VARIABLE_SCOPE_BEGIN|[14]|this|LabTools.JobWrapper|true|false
07:51:59.130 (276049428)|VARIABLE_ASSIGNMENT|[14]|this|{}|0x69393bc1
07:51:59.130 (276056071)|VARIABLE_SCOPE_BEGIN|[14]|n|String|false|false
07:51:59.130 (276063731)|VARIABLE_ASSIGNMENT|[14]|n|"LabTools.HeartbeatJo (1 more) ..."
07:51:59.130 (276070003)|STATEMENT_EXECUTE|[1]
07:51:59.130 (276072313)|STATEMENT_EXECUTE|[19]
07:51:59.130 (276074291)|STATEMENT_EXECUTE|[20]
07:51:59.130 (276089033)|STATEMENT_EXECUTE|[14]
07:51:59.130 (276091829)|STATEMENT_EXECUTE|[15]
07:51:59.130 (276103492)|VARIABLE_ASSIGNMENT|[15]|this.name|"LabTools.HeartbeatJo (1 more) ..."|0x69393bc1
07:51:59.130 (276106939)|STATEMENT_EXECUTE|[16]
07:51:59.130 (276120256)|METHOD_ENTRY|[16]||System.Type.forName(String)
07:51:59.130 (276329499)|METHOD_EXIT|[16]||System.Type.forName(String)
07:51:59.130 (276343672)|METHOD_ENTRY|[16]||System.Type.newInstance()
07:51:59.130 (276451439)|STATEMENT_EXECUTE|[1]
07:51:59.130 (276461464)|HEAP_ALLOCATE|[33]|Bytes:5
07:51:59.130 (276475189)|METHOD_EXIT|[1]|HeartbeatJob
07:51:59.130 (276488966)|HEAP_ALLOCATE|[33]|Bytes:4
07:51:59.130 (276497947)|VARIABLE_SCOPE_BEGIN|[1]|this|LabTools.HeartbeatJob|true|false
07:51:59.130 (276515189)|VARIABLE_ASSIGNMENT|[1]|this|{}|0x7ee2f506
07:51:59.130 (276525331)|HEAP_ALLOCATE|[33]|Bytes:5
07:51:59.130 (276543700)|STATEMENT_EXECUTE|[1]
07:51:59.130 (276548985)|HEAP_ALLOCATE|[33]|Bytes:5
07:51:59.130 (276566126)|METHOD_EXIT|[16]||System.Type.newInstance()
07:51:59.130 (276581298)|VARIABLE_ASSIGNMENT|[16]|this.job|0x7ee2f506|0x69393bc1
07:51:59.130 (276595199)|CONSTRUCTOR_EXIT|[33]|01p3600000DIJMr|<init>(String)
07:51:59.130 (276623411)|ENTERING_MANAGED_PKG|
07:51:59.130 (325035741)|METHOD_ENTRY|[31]||Database.QueryLocatorIterator.hasNext()
07:51:59.130 (325082300)|METHOD_EXIT|[31]||Database.QueryLocatorIterator.hasNext()
07:51:59.130 (325107776)|VARIABLE_ASSIGNMENT|[31]|job|null|
07:51:59.130 (325129121)|HEAP_ALLOCATE|[15]|Bytes:5
07:51:59.130 (325148152)|VARIABLE_ASSIGNMENT|[15]|runner|null|
07:51:59.130 (325154261)|STATEMENT_EXECUTE|[38]
07:51:59.130 (325197640)|METHOD_ENTRY|[38]|01p3600000AqZfY|LabTools.Repository.Modify(List<SObject>)
07:51:59.130 (325212257)|VARIABLE_SCOPE_BEGIN|[17]|this|LabTools.Repository|true|false
07:51:59.130 (325239176)|VARIABLE_ASSIGNMENT|[17]|this|{}|0x414cf320
07:51:59.130 (325245618)|VARIABLE_SCOPE_BEGIN|[17]|values|List<SObject>|true|false
07:51:59.130 (325324690)|VARIABLE_ASSIGNMENT|[17]|values|{"s":1,"v":[{"s":2,"v":{"Name":"Test","LabTools__Recurrence (7 more) ...":"Hours","LabTools__Recurrence (7 more) ...":1,"Id":"a0136000004mDASAA2","LabTools__Jobs__r":[{"s":3,"v":{"LabTools__Runner__c":"a0136000004mDASAA2","Id":"a0036000004qNdKAAU","Name":"LabTools.HeartbeatJo (1 more) ...","LabTools__Enabled__c":true}}],"LabTools__LastRunOn_ (2 more) ...":"2016-06-02T14:52:00.177Z","LabTools__NextRunOn_ (2 more) ...":"2016-06-02T15:52:00.177Z"}}]}|0x1da8cb76
07:51:59.130 (325343901)|HEAP_ALLOCATE|[18]|Bytes:5
07:51:59.130 (325350681)|STATEMENT_EXECUTE|[17]
07:51:59.130 (325353052)|STATEMENT_EXECUTE|[18]
07:51:59.130 (325466527)|DML_BEGIN|[18]|Op:Update|Type:LabTools__Runner__c|Rows:1
07:51:59.130 (325491526)|HEAP_ALLOCATE|[EXTERNAL]|Bytes:8
07:51:59.130 (354199359)|DML_END|[18]
07:51:59.130 (354244004)|HEAP_ALLOCATE|[EXTERNAL]|Bytes:8
07:51:59.130 (354277708)|METHOD_EXIT|[38]|01p3600000AqZfY|LabTools.Repository.Modify(List<SObject>)
07:51:59.130 (354298037)|SYSTEM_MODE_EXIT|false
07:51:59.130 (354316140)|METHOD_EXIT|[87]|01p3600000DHKdZ|LabTools.JobRunner.execute()
07:51:59.130 (354326474)|STATEMENT_EXECUTE|[88]
07:51:59.130 (354350985)|METHOD_ENTRY|[88]||System.Test.stopTest()
07:51:59.130 (373870820)|SYSTEM_METHOD_EXIT|[15]|BatchableContextImpl
07:51:59.130 (373889609)|HEAP_ALLOCATE|[EXTERNAL]|Bytes:12
07:51:59.130 (373899536)|HEAP_ALLOCATE|[EXTERNAL]|Bytes:4
07:51:59.130 (373910916)|VARIABLE_SCOPE_BEGIN|[31]|this|Database.BatchableContextImpl|true|false
07:51:59.130 (373957794)|VARIABLE_ASSIGNMENT|[31]|this|{}|0x6ccef1f9
07:51:59.130 (373964291)|VARIABLE_SCOPE_BEGIN|[31]|jobId|Id|false|false
07:51:59.130 (374053715)|VARIABLE_ASSIGNMENT|[31]|jobId|"7073600000TogxbAAB"
07:51:59.130 (374062077)|VARIABLE_SCOPE_BEGIN|[31]|childJobId|Id|false|false
07:51:59.130 (374068327)|VARIABLE_ASSIGNMENT|[31]|childJobId|null
07:51:59.130 (374291734)|HEAP_ALLOCATE|[EXTERNAL]|Bytes:12
07:51:59.130 (374299270)|HEAP_ALLOCATE|[EXTERNAL]|Bytes:12
07:51:59.130 (374309844)|VARIABLE_SCOPE_BEGIN|[3]|this|LabTools.JobWrapper|true|false
07:51:59.130 (374339532)|VARIABLE_ASSIGNMENT|[3]|this|{"job":"0x2434d37d","name":"LabTools.HeartbeatJo (1 more) ..."}|0x3f422c2c
07:51:59.130 (374347468)|VARIABLE_SCOPE_BEGIN|[3]|BC|Database.BatchableContext|true|false
07:51:59.130 (374418366)|VARIABLE_ASSIGNMENT|[3]|BC|{"jobId":"7073600000TogxbAAB"}|0x6ccef1f9
07:51:59.130 (374435835)|STATEMENT_EXECUTE|[3]
07:51:59.130 (374439534)|STATEMENT_EXECUTE|[4]
07:51:59.130 (374480712)|METHOD_ENTRY|[4]|01p3600000DHL7u|LabTools.HeartbeatJob.Query()
07:51:59.130 (374511489)|VARIABLE_SCOPE_BEGIN|[3]|this|LabTools.HeartbeatJob|true|false
07:51:59.130 (374527315)|VARIABLE_ASSIGNMENT|[3]|this|{}|0x2434d37d
07:51:59.130 (377940701)|SYSTEM_MODE_ENTER|false
07:51:59.130 (377956915)|HEAP_ALLOCATE|[4]|Bytes:5
07:51:59.130 (377967303)|STATEMENT_EXECUTE|[3]
07:51:59.130 (377971845)|STATEMENT_EXECUTE|[4]
07:51:59.130 (377979392)|HEAP_ALLOCATE|[4]|Bytes:21
07:51:59.130 (378016419)|ENTERING_MANAGED_PKG|
07:51:59.130 (378082197)|USER_DEBUG|[4]|DEBUG|Heartbeat Job Started
07:51:59.130 (378101185)|STATEMENT_EXECUTE|[5]
07:51:59.130 (378111203)|HEAP_ALLOCATE|[5]|Bytes:31
07:51:59.130 (378124558)|HEAP_ALLOCATE|[5]|Bytes:4
07:51:59.130 (378165572)|ENTERING_MANAGED_PKG|
07:51:59.130 (378405559)|SOQL_EXECUTE_BEGIN|[5]|Aggregations:0|SELECT Id FROM LabTools__Job__c
07:51:59.130 (430136254)|SOQL_EXECUTE_END|[5]|Rows:1
07:51:59.130 (430200045)|HEAP_ALLOCATE|[5]|Bytes:20
07:51:59.130 (430231002)|SYSTEM_MODE_EXIT|false
07:51:59.130 (430247698)|METHOD_EXIT|[4]|01p3600000DHL7u|LabTools.HeartbeatJob.Query()
07:51:59.476 (476008160)|CUMULATIVE_LIMIT_USAGE
07:51:59.476 (476008160)|LIMIT_USAGE_FOR_NS|(default)|
  Number of SOQL queries: 0 out of 200
  Number of query rows: 0 out of 50000
  Number of SOSL queries: 0 out of 20
  Number of DML statements: 0 out of 150
  Number of DML rows: 0 out of 10000
  Maximum CPU time: 0 out of 60000
  Maximum heap size: 0 out of 12000000
  Number of callouts: 0 out of 100
  Number of Email Invocations: 0 out of 10
  Number of future calls: 0 out of 0
  Number of queueable jobs added to the queue: 0 out of 1
  Number of Mobile Apex push calls: 0 out of 10

07:51:59.476 (476008160)|CUMULATIVE_LIMIT_USAGE_END

07:51:59.130 (476102005)|CODE_UNIT_FINISHED|LabTools.JobWrapper
07:51:59.130 (479661382)|CODE_UNIT_STARTED|[EXTERNAL]|01p3600000DIJMr|LabTools.JobWrapper
07:51:59.130 (485743534)|HEAP_ALLOCATE|[EXTERNAL]|Bytes:37
07:51:59.130 (490921183)|HEAP_ALLOCATE|[EXTERNAL]|Bytes:12
07:51:59.130 (490944682)|HEAP_ALLOCATE|[EXTERNAL]|Bytes:4
07:51:59.130 (490952002)|HEAP_ALLOCATE|[EXTERNAL]|Bytes:4
07:51:59.130 (490969409)|VARIABLE_SCOPE_BEGIN|[31]|this|Database.BatchableContextImpl|true|false
07:51:59.130 (491041780)|VARIABLE_ASSIGNMENT|[31]|this|{}|0x3e9094ff
07:51:59.130 (491055492)|VARIABLE_SCOPE_BEGIN|[31]|jobId|Id|false|false
07:51:59.130 (491172637)|VARIABLE_ASSIGNMENT|[31]|jobId|"7073600000TogxbAAB"
07:51:59.130 (491183262)|VARIABLE_SCOPE_BEGIN|[31]|childJobId|Id|false|false
07:51:59.130 (491232442)|VARIABLE_ASSIGNMENT|[31]|childJobId|"7073600000TogxcAAB"
07:51:59.130 (503459014)|HEAP_ALLOCATE|[EXTERNAL]|Bytes:8
07:51:59.130 (506466706)|CODE_UNIT_STARTED|[EXTERNAL]|01p3600000DIJMr|LabTools.JobWrapper
07:51:59.130 (507892293)|HEAP_ALLOCATE|[EXTERNAL]|Bytes:12
07:51:59.130 (507909350)|HEAP_ALLOCATE|[EXTERNAL]|Bytes:12
07:51:59.130 (507937597)|HEAP_ALLOCATE|[EXTERNAL]|Bytes:8
07:51:59.130 (507965038)|VARIABLE_SCOPE_BEGIN|[7]|this|LabTools.JobWrapper|true|false
07:51:59.130 (508040916)|VARIABLE_ASSIGNMENT|[7]|this|{"job":"0x1f024c69","name":"LabTools.HeartbeatJo (1 more) ..."}|0x3053b57e
07:51:59.130 (508057467)|VARIABLE_SCOPE_BEGIN|[7]|BC|Database.BatchableContext|true|false
07:51:59.130 (508224837)|VARIABLE_ASSIGNMENT|[7]|BC|{"childJobId":"7073600000TogxcAAB","jobId":"7073600000TogxbAAB"}|0x3e9094ff
07:51:59.130 (508240594)|VARIABLE_SCOPE_BEGIN|[7]|scope|List<SObject>|true|false
07:51:59.130 (508282200)|VARIABLE_ASSIGNMENT|[7]|scope|{"s":1,"v":[{"s":2,"v":{"Id":"a0036000004qNdKAAU"}}]}|0x64a0449a
07:51:59.130 (508308598)|STATEMENT_EXECUTE|[7]
07:51:59.130 (508316548)|STATEMENT_EXECUTE|[8]
07:51:59.130 (508357305)|METHOD_ENTRY|[8]|01p3600000DHL7u|LabTools.HeartbeatJob.Process(List<SObject>)
07:51:59.130 (508415757)|VARIABLE_SCOPE_BEGIN|[8]|this|LabTools.HeartbeatJob|true|false
07:51:59.130 (508444045)|VARIABLE_ASSIGNMENT|[8]|this|{}|0x1f024c69
07:51:59.130 (508457148)|VARIABLE_SCOPE_BEGIN|[8]|scope|List<SObject>|true|false
07:51:59.130 (508482124)|VARIABLE_ASSIGNMENT|[8]|scope|{"s":1,"v":[{"s":2,"v":{"Id":"a0036000004qNdKAAU"}}]}|0x64a0449a
07:51:59.130 (509445896)|SYSTEM_MODE_ENTER|false
07:51:59.130 (509462138)|HEAP_ALLOCATE|[9]|Bytes:5
07:51:59.130 (509473671)|STATEMENT_EXECUTE|[8]
07:51:59.130 (509478619)|STATEMENT_EXECUTE|[9]
07:51:59.130 (509487796)|HEAP_ALLOCATE|[9]|Bytes:23
07:51:59.130 (509523876)|ENTERING_MANAGED_PKG|
07:51:59.130 (509567583)|USER_DEBUG|[9]|DEBUG|Heartbeat Job Executing
07:51:59.130 (509588063)|STATEMENT_EXECUTE|[10]
07:51:59.130 (509598003)|HEAP_ALLOCATE|[10]|Bytes:32
07:51:59.130 (509626195)|ENTERING_MANAGED_PKG|
07:51:59.130 (509706160)|ENTERING_MANAGED_PKG|
07:51:59.130 (509719752)|HEAP_ALLOCATE|[10]|Bytes:1
07:51:59.130 (509755983)|HEAP_ALLOCATE|[10]|Bytes:33
07:51:59.130 (509784718)|ENTERING_MANAGED_PKG|
07:51:59.130 (509799200)|USER_DEBUG|[10]|DEBUG|Heartbeat Job - Number of Jobs: 1
07:51:59.130 (509821902)|SYSTEM_MODE_EXIT|false
07:51:59.130 (509840249)|METHOD_EXIT|[8]|01p3600000DHL7u|LabTools.HeartbeatJob.Process(List<SObject>)
07:51:59.130 (509873782)|CODE_UNIT_FINISHED|LabTools.JobWrapper
07:51:59.537 (537938187)|CUMULATIVE_LIMIT_USAGE
07:51:59.537 (537938187)|LIMIT_USAGE_FOR_NS|(default)|
  Number of SOQL queries: 0 out of 200
  Number of query rows: 0 out of 50000
  Number of SOSL queries: 0 out of 20
  Number of DML statements: 0 out of 150
  Number of DML rows: 0 out of 10000
  Maximum CPU time: 0 out of 60000
  Maximum heap size: 0 out of 12000000
  Number of callouts: 0 out of 100
  Number of Email Invocations: 0 out of 10
  Number of future calls: 0 out of 0
  Number of queueable jobs added to the queue: 0 out of 1
  Number of Mobile Apex push calls: 0 out of 10

07:51:59.537 (537938187)|CUMULATIVE_LIMIT_USAGE_END

07:51:59.130 (538038226)|CODE_UNIT_FINISHED|LabTools.JobWrapper
07:51:59.130 (541327047)|CODE_UNIT_STARTED|[EXTERNAL]|01p3600000DIJMr|LabTools.JobWrapper
07:51:59.130 (545167019)|HEAP_ALLOCATE|[EXTERNAL]|Bytes:37
07:51:59.130 (545382201)|HEAP_ALLOCATE|[EXTERNAL]|Bytes:12
07:51:59.130 (545398969)|HEAP_ALLOCATE|[EXTERNAL]|Bytes:4
07:51:59.130 (545422985)|VARIABLE_SCOPE_BEGIN|[31]|this|Database.BatchableContextImpl|true|false
07:51:59.130 (545491472)|VARIABLE_ASSIGNMENT|[31]|this|{}|0x1de48fca
07:51:59.130 (545503175)|VARIABLE_SCOPE_BEGIN|[31]|jobId|Id|false|false
07:51:59.130 (545613530)|VARIABLE_ASSIGNMENT|[31]|jobId|"7073600000TogxbAAB"
07:51:59.130 (545623966)|VARIABLE_SCOPE_BEGIN|[31]|childJobId|Id|false|false
07:51:59.130 (545634054)|VARIABLE_ASSIGNMENT|[31]|childJobId|null
07:51:59.130 (553165973)|HEAP_ALLOCATE|[EXTERNAL]|Bytes:12
07:51:59.130 (553190043)|HEAP_ALLOCATE|[EXTERNAL]|Bytes:12
07:51:59.130 (553307676)|VARIABLE_SCOPE_BEGIN|[11]|this|LabTools.JobWrapper|true|false
07:51:59.130 (553388746)|VARIABLE_ASSIGNMENT|[11]|this|{"job":"0x2583bffd","name":"LabTools.HeartbeatJo (1 more) ..."}|0x5531d824
07:51:59.130 (553405721)|VARIABLE_SCOPE_BEGIN|[11]|BC|Database.BatchableContext|true|false
07:51:59.130 (553578632)|VARIABLE_ASSIGNMENT|[11]|BC|{"jobId":"7073600000TogxbAAB"}|0x1de48fca
07:51:59.130 (553605742)|STATEMENT_EXECUTE|[11]
07:51:59.576 (576029024)|CUMULATIVE_LIMIT_USAGE
07:51:59.576 (576029024)|LIMIT_USAGE_FOR_NS|(default)|
  Number of SOQL queries: 0 out of 200
  Number of query rows: 0 out of 50000
  Number of SOSL queries: 0 out of 20
  Number of DML statements: 0 out of 150
  Number of DML rows: 0 out of 10000
  Maximum CPU time: 0 out of 60000
  Maximum heap size: 0 out of 12000000
  Number of callouts: 0 out of 100
  Number of Email Invocations: 0 out of 10
  Number of future calls: 0 out of 0
  Number of queueable jobs added to the queue: 0 out of 1
  Number of Mobile Apex push calls: 0 out of 10

07:51:59.576 (576029024)|CUMULATIVE_LIMIT_USAGE_END

07:51:59.130 (576123951)|CODE_UNIT_FINISHED|LabTools.JobWrapper
07:51:59.130 (578754161)|METHOD_EXIT|[88]||System.Test.stopTest()
07:51:59.578 (578791334)|CUMULATIVE_LIMIT_USAGE
07:51:59.578 (578791334)|LIMIT_USAGE_FOR_NS|(default)|
  Number of SOQL queries: 0 out of 100
  Number of query rows: 0 out of 50000
  Number of SOSL queries: 0 out of 20
  Number of DML statements: 0 out of 150
  Number of DML rows: 0 out of 10000
  Maximum CPU time: 0 out of 10000
  Maximum heap size: 0 out of 6000000
  Number of callouts: 0 out of 100
  Number of Email Invocations: 0 out of 10
  Number of future calls: 0 out of 50
  Number of queueable jobs added to the queue: 0 out of 50
  Number of Mobile Apex push calls: 0 out of 10

07:51:59.578 (578791334)|LIMIT_USAGE_FOR_NS|LabTools|
  Number of SOQL queries: 0 out of 100
  Number of query rows: 0 out of 50000
  Number of SOSL queries: 0 out of 20
  Number of DML statements: 2 out of 150
  Number of DML rows: 2 out of 10000
  Maximum CPU time: 0 out of 10000
  Maximum heap size: 0 out of 6000000
  Number of callouts: 0 out of 100
  Number of Email Invocations: 0 out of 10
  Number of future calls: 0 out of 50
  Number of queueable jobs added to the queue: 0 out of 50
  Number of Mobile Apex push calls: 0 out of 10

07:51:59.578 (578791334)|TESTING_LIMITS
07:51:59.578 (578791334)|LIMIT_USAGE_FOR_NS|(default)|
  Number of SOQL queries: 0 out of 100
  Number of query rows: 0 out of 50000
  Number of SOSL queries: 0 out of 20
  Number of DML statements: 0 out of 150
  Number of DML rows: 0 out of 10000
  Maximum CPU time: 0 out of 10000
  Maximum heap size: 0 out of 6000000
  Number of callouts: 0 out of 100
  Number of Email Invocations: 0 out of 10
  Number of future calls: 0 out of 50
  Number of queueable jobs added to the queue: 0 out of 50
  Number of Mobile Apex push calls: 0 out of 10

07:51:59.578 (578791334)|LIMIT_USAGE_FOR_NS|LabTools|
  Number of SOQL queries: 1 out of 100
  Number of query rows: 2 out of 50000
  Number of SOSL queries: 0 out of 20
  Number of DML statements: 1 out of 150
  Number of DML rows: 1 out of 10000
  Maximum CPU time: 0 out of 10000
  Maximum heap size: 0 out of 6000000
  Number of callouts: 0 out of 100
  Number of Email Invocations: 0 out of 10
  Number of future calls: 0 out of 50
  Number of queueable jobs added to the queue: 0 out of 50
  Number of Mobile Apex push calls: 0 out of 10

07:51:59.578 (578791334)|CUMULATIVE_LIMIT_USAGE_END

07:51:59.130 (578892306)|CODE_UNIT_FINISHED|JobRunner_Tests.WhenIntegrating_ShouldNotFailRun
07:51:59.130 (581035883)|EXECUTION_FINISHED
07:51:59.623 (623641520)|EXECUTION_STARTED
07:51:59.623 (623675198)|CODE_UNIT_STARTED|[EXTERNAL]|01p3600000DHL7Q|JobRunner_Tests.WhenMonths_ShouldSetNextRunInMonths
07:51:59.623 (623909252)|HEAP_ALLOCATE|[72]|Bytes:3
07:51:59.623 (623985414)|HEAP_ALLOCATE|[77]|Bytes:152
07:51:59.623 (624026268)|HEAP_ALLOCATE|[342]|Bytes:408
07:51:59.623 (624070476)|HEAP_ALLOCATE|[355]|Bytes:408
07:51:59.623 (624113837)|HEAP_ALLOCATE|[467]|Bytes:48
07:51:59.623 (624173213)|HEAP_ALLOCATE|[139]|Bytes:6
07:51:59.623 (624221272)|HEAP_ALLOCATE|[EXTERNAL]|Bytes:8
07:51:59.623 (624234153)|HEAP_ALLOCATE|[EXTERNAL]|Bytes:160
07:51:59.623 (624259608)|METHOD_ENTRY|[2]|01p3600000DHL7Q|JobRunner_Tests.JobRunner_Tests()
07:51:59.623 (624267006)|STATEMENT_EXECUTE|[2]
07:51:59.623 (624280212)|STATEMENT_EXECUTE|[2]
07:51:59.623 (624284640)|STATEMENT_EXECUTE|[94]
07:51:59.623 (624299258)|METHOD_EXIT|[2]|JobRunner_Tests
07:51:59.623 (624340943)|HEAP_ALLOCATE|[50]|Bytes:5
07:51:59.623 (624387124)|HEAP_ALLOCATE|[56]|Bytes:5
07:51:59.623 (624419680)|HEAP_ALLOCATE|[64]|Bytes:7
07:51:59.623 (624494082)|STATEMENT_EXECUTE|[36]
07:51:59.623 (624501327)|STATEMENT_EXECUTE|[37]
07:51:59.623 (624525255)|HEAP_ALLOCATE|[37]|Bytes:10
07:51:59.623 (624542757)|HEAP_ALLOCATE|[37]|Bytes:24
07:51:59.623 (624552245)|HEAP_ALLOCATE|[37]|Bytes:6
07:51:59.623 (624621873)|HEAP_ALLOCATE|[37]|Bytes:28
07:51:59.623 (624631938)|HEAP_ALLOCATE|[37]|Bytes:28
07:51:59.623 (624663706)|CONSTRUCTOR_ENTRY|[37]|01p3600000DHL7Q|<init>(String,Decimal)
07:51:59.623 (624709377)|VARIABLE_SCOPE_BEGIN|[115]|this|LabTools.JobRunner_Tests.TestRepo|true|false
07:51:59.623 (624785188)|VARIABLE_ASSIGNMENT|[115]|this|{}|0x330f6d0e
07:51:59.623 (624796020)|VARIABLE_SCOPE_BEGIN|[115]|t|String|false|false
07:51:59.623 (624811218)|VARIABLE_ASSIGNMENT|[115]|t|"Months"
07:51:59.623 (624817972)|VARIABLE_SCOPE_BEGIN|[115]|r|Decimal|false|false
07:51:59.623 (624830891)|VARIABLE_ASSIGNMENT|[115]|r|4
07:51:59.623 (624852095)|STATEMENT_EXECUTE|[94]
07:51:59.623 (624858151)|STATEMENT_EXECUTE|[96]
07:51:59.623 (624865985)|HEAP_ALLOCATE|[96]|Bytes:4
07:51:59.623 (624887636)|VARIABLE_ASSIGNMENT|[96]|this.EchoCalled|0|0x330f6d0e
07:51:59.623 (624894779)|STATEMENT_EXECUTE|[107]
07:51:59.623 (624902106)|HEAP_ALLOCATE|[107]|Bytes:4
07:51:59.623 (624917856)|VARIABLE_ASSIGNMENT|[107]|this.ModifyCalled|0|0x330f6d0e
07:51:59.623 (624924455)|STATEMENT_EXECUTE|[108]
07:51:59.623 (624928916)|STATEMENT_EXECUTE|[120]
07:51:59.623 (624932612)|STATEMENT_EXECUTE|[121]
07:51:59.623 (624948398)|HEAP_ALLOCATE|[115]|Bytes:27
07:51:59.623 (624969282)|METHOD_ENTRY|[3]|01p3600000AqZq9|RepositoryTestStub.RepositoryTestStub()
07:51:59.623 (624976014)|STATEMENT_EXECUTE|[3]
07:51:59.623 (624985435)|STATEMENT_EXECUTE|[3]
07:51:59.623 (624997938)|METHOD_EXIT|[3]|RepositoryTestStub
07:51:59.623 (625020118)|CONSTRUCTOR_ENTRY|[115]|01p3600000AqZq9|<init>()
07:51:59.623 (625053243)|VARIABLE_SCOPE_BEGIN|[3]|this|LabTools.RepositoryTestStub|true|false
07:51:59.623 (625095872)|VARIABLE_ASSIGNMENT|[3]|this|{"EchoCalled":0,"ModifyCalled":0}|0x330f6d0e
07:51:59.623 (625114713)|HEAP_ALLOCATE|[EXTERNAL]|Bytes:6
07:51:59.623 (625158936)|STATEMENT_EXECUTE|[3]
07:51:59.623 (625179110)|CONSTRUCTOR_EXIT|[115]|01p3600000AqZq9|<init>()
07:51:59.623 (625187025)|STATEMENT_EXECUTE|[115]
07:51:59.623 (625191202)|STATEMENT_EXECUTE|[116]
07:51:59.623 (625210849)|VARIABLE_ASSIGNMENT|[116]|this.recurrenceType|"Months"|0x330f6d0e
07:51:59.623 (625217947)|STATEMENT_EXECUTE|[117]
07:51:59.623 (625235618)|VARIABLE_ASSIGNMENT|[117]|this.recurrenceRate|4|0x330f6d0e
07:51:59.623 (625253557)|CONSTRUCTOR_EXIT|[37]|01p3600000DHL7Q|<init>(String,Decimal)
07:51:59.623 (625265584)|VARIABLE_SCOPE_BEGIN|[37]|repo|LabTools.JobRunner_Tests.TestRepo|true|false
07:51:59.623 (625307100)|VARIABLE_ASSIGNMENT|[37]|repo|{"EchoCalled":0,"ModifyCalled":0,"recurrenceRate":4,"recurrenceType":"Months"}|0x330f6d0e
07:51:59.623 (625316761)|STATEMENT_EXECUTE|[38]
07:51:59.623 (625395713)|HEAP_ALLOCATE|[38]|Bytes:56
07:51:59.623 (625442722)|VARIABLE_SCOPE_BEGIN|[38]|now|Datetime|false|false
07:51:59.623 (625504616)|VARIABLE_ASSIGNMENT|[38]|now|"2016-06-02T14:52:00.537Z"
07:51:59.623 (625514088)|STATEMENT_EXECUTE|[39]
07:51:59.623 (625536384)|HEAP_ALLOCATE|[39]|Bytes:7
07:51:59.623 (625558987)|METHOD_ENTRY|[1]|01p3600000DHKdZ|JobRunner.JobRunner()
07:51:59.623 (625565972)|STATEMENT_EXECUTE|[1]
07:51:59.623 (625575991)|STATEMENT_EXECUTE|[1]
07:51:59.623 (627263034)|SYSTEM_MODE_ENTER|false
07:51:59.623 (627287981)|HEAP_ALLOCATE|[39]|Bytes:5
07:51:59.623 (627305657)|SYSTEM_MODE_EXIT|false
07:51:59.623 (627324564)|METHOD_EXIT|[1]|JobRunner
07:51:59.623 (627338096)|HEAP_ALLOCATE|[39]|Bytes:12
07:51:59.623 (627376541)|CONSTRUCTOR_ENTRY|[39]|01p3600000DHKdZ|<init>(LabTools.IRepository,Datetime)
07:51:59.623 (627424182)|VARIABLE_SCOPE_BEGIN|[47]|this|LabTools.JobRunner|true|false
07:51:59.623 (627454648)|VARIABLE_ASSIGNMENT|[47]|this|{}|0x4486ffd5
07:51:59.623 (627464323)|VARIABLE_SCOPE_BEGIN|[47]|r|LabTools.IRepository|true|false
07:51:59.623 (627499628)|VARIABLE_ASSIGNMENT|[47]|r|{"EchoCalled":0,"ModifyCalled":0,"recurrenceRate":4,"recurrenceType":"Months"}|0x330f6d0e
07:51:59.623 (627509390)|VARIABLE_SCOPE_BEGIN|[47]|n|Datetime|false|false
07:51:59.623 (627531989)|VARIABLE_ASSIGNMENT|[47]|n|"2016-06-02T14:52:00.537Z"
07:51:59.623 (627549854)|SYSTEM_MODE_ENTER|false
07:51:59.623 (627559398)|HEAP_ALLOCATE|[49]|Bytes:5
07:51:59.623 (627568358)|STATEMENT_EXECUTE|[1]
07:51:59.623 (627577257)|HEAP_ALLOCATE|[49]|Bytes:5
07:51:59.623 (627583645)|STATEMENT_EXECUTE|[55]
07:51:59.623 (627588462)|STATEMENT_EXECUTE|[56]
07:51:59.623 (627616932)|STATEMENT_EXECUTE|[48]
07:51:59.623 (627622583)|STATEMENT_EXECUTE|[49]
07:51:59.623 (627636901)|VARIABLE_ASSIGNMENT|[49]|this.repository|0x330f6d0e|0x4486ffd5
07:51:59.623 (627642947)|STATEMENT_EXECUTE|[50]
07:51:59.623 (627668578)|VARIABLE_ASSIGNMENT|[50]|this.now|"2016-06-02T14:52:00.537Z"|0x4486ffd5
07:51:59.623 (627682024)|SYSTEM_MODE_EXIT|false
07:51:59.623 (627712603)|CONSTRUCTOR_EXIT|[39]|01p3600000DHKdZ|<init>(LabTools.IRepository,Datetime)
07:51:59.623 (627724567)|VARIABLE_SCOPE_BEGIN|[39]|jRunner|LabTools.JobRunner|true|false
07:51:59.623 (627773293)|VARIABLE_ASSIGNMENT|[39]|jRunner|{"now":"2016-06-02T14:52:00.537Z","repository":"0x330f6d0e"}|0x4486ffd5
07:51:59.623 (627811636)|STATEMENT_EXECUTE|[41]
07:51:59.623 (627835104)|HEAP_ALLOCATE|[41]|Bytes:57
07:51:59.623 (627855988)|SYSTEM_METHOD_ENTRY|[1]|Test.Test()
07:51:59.623 (627862298)|STATEMENT_EXECUTE|[1]
07:51:59.623 (627880772)|SYSTEM_METHOD_EXIT|[1]|Test
07:51:59.623 (627898777)|METHOD_ENTRY|[41]||System.Test.startTest()
07:51:59.623 (630967214)|METHOD_EXIT|[41]||System.Test.startTest()
07:51:59.623 (630981053)|STATEMENT_EXECUTE|[42]
07:51:59.623 (630999500)|METHOD_ENTRY|[42]|01p3600000DHKdZ|LabTools.JobRunner.execute()
07:51:59.623 (631025606)|VARIABLE_SCOPE_BEGIN|[3]|this|LabTools.JobRunner|true|false
07:51:59.623 (631079375)|VARIABLE_ASSIGNMENT|[3]|this|{"now":"2016-06-02T14:52:00.537Z","repository":"0x330f6d0e"}|0x4486ffd5
07:51:59.623 (632066949)|SYSTEM_MODE_ENTER|false
07:51:59.623 (632081070)|HEAP_ALLOCATE|[5]|Bytes:5
07:51:59.623 (632090888)|STATEMENT_EXECUTE|[3]
07:51:59.623 (632098566)|STATEMENT_EXECUTE|[5]
07:51:59.623 (632103341)|STATEMENT_EXECUTE|[6]
07:51:59.623 (632112180)|HEAP_ALLOCATE|[6]|Bytes:326
07:51:59.623 (632129256)|HEAP_ALLOCATE|[6]|Bytes:4
07:51:59.623 (632150726)|HEAP_ALLOCATE|[6]|Bytes:7
07:51:59.623 (632178982)|HEAP_ALLOCATE|[6]|Bytes:7
07:51:59.623 (633159838)|SOQL_EXECUTE_BEGIN|[6]|Aggregations:1|SELECT Name, LabTools__RecurrenceType__c, LabTools__RecurrenceRate__c, (SELECT Name, LabTools__Enabled__c FROM LabTools__Jobs__r) FROM LabTools__Runner__c WHERE (LabTools__StartOn__c <= :tmpVar1 AND (LabTools__NextRunOn__c = NULL OR LabTools__NextRunOn__c <= :tmpVar2)) ORDER BY LabTools__NextRunOn__c DESC NULLS FIRST LIMIT 5
07:51:59.623 (635599114)|SOQL_EXECUTE_END|[6]|Rows:0
07:51:59.623 (635629863)|HEAP_ALLOCATE|[6]|Bytes:4
07:51:59.623 (635649788)|HEAP_ALLOCATE|[6]|Bytes:0
07:51:59.623 (635692680)|HEAP_ALLOCATE|[6]|Bytes:4
07:51:59.623 (635726712)|METHOD_ENTRY|[6]|01p3600000DHL7Q|LabTools.JobRunner_Tests.TestRepo.Echo(List<SObject>)
07:51:59.623 (635744101)|VARIABLE_SCOPE_BEGIN|[97]|this|LabTools.JobRunner_Tests.TestRepo|true|false
07:51:59.623 (635797448)|VARIABLE_ASSIGNMENT|[97]|this|{"EchoCalled":0,"ModifyCalled":0,"recurrenceRate":4,"recurrenceType":"Months"}|0x330f6d0e
07:51:59.623 (635808245)|VARIABLE_SCOPE_BEGIN|[97]|values|List<SObject>|true|false
07:51:59.623 (635832958)|VARIABLE_ASSIGNMENT|[97]|values|{"s":1,"v":[]}|0x648656b9
07:51:59.623 (635868444)|STATEMENT_EXECUTE|[97]
07:51:59.623 (635876010)|STATEMENT_EXECUTE|[98]
07:51:59.623 (635888394)|HEAP_ALLOCATE|[98]|Bytes:4
07:51:59.623 (635909120)|VARIABLE_ASSIGNMENT|[98]|this.EchoCalled|1|0x330f6d0e
07:51:59.623 (635915826)|STATEMENT_EXECUTE|[99]
07:51:59.623 (635926643)|HEAP_ALLOCATE|[99]|Bytes:4
07:51:59.623 (635959031)|ENTERING_MANAGED_PKG|
07:51:59.623 (636003555)|HEAP_ALLOCATE|[100]|Bytes:4
07:51:59.623 (636086542)|VARIABLE_ASSIGNMENT|[100]|this.LabTools__RecurrenceType__c|"Months"|0x2a8b70de
07:51:59.623 (636142074)|VARIABLE_ASSIGNMENT|[100]|this.LabTools__RecurrenceRate__c|4|0x2a8b70de
07:51:59.623 (636192183)|METHOD_EXIT|[6]|01p3600000DHL7Q|LabTools.JobRunner_Tests.TestRepo.Echo(List<SObject>)
07:51:59.623 (636212256)|VARIABLE_SCOPE_BEGIN|[6]|runners|List<LabTools__Runner__c>|true|false
07:51:59.623 (636229765)|HEAP_ALLOCATE|[EXTERNAL]|Bytes:8
07:51:59.623 (636265400)|VARIABLE_ASSIGNMENT|[6]|runners|{"s":1,"v":[{"LabTools__Recurrence (7 more) ...":"Months","LabTools__Recurrence (7 more) ...":4}]}|0x462f5e92
07:51:59.623 (636295223)|ENTERING_MANAGED_PKG|
07:51:59.623 (636343988)|HEAP_ALLOCATE|[15]|Bytes:5
07:51:59.623 (636377803)|HEAP_ALLOCATE|[15]|Bytes:12
07:51:59.623 (636401987)|VARIABLE_SCOPE_BEGIN|[15]|runner|LabTools__Runner__c|true|false
07:51:59.623 (636436687)|VARIABLE_ASSIGNMENT|[15]|runner|{"LabTools__Recurrence (7 more) ...":"Months","LabTools__Recurrence (7 more) ...":4}|0x2a8b70de
07:51:59.623 (636447480)|STATEMENT_EXECUTE|[15]
07:51:59.623 (636452040)|STATEMENT_EXECUTE|[17]
07:51:59.623 (636477364)|VARIABLE_SCOPE_BEGIN|[17]|next|Datetime|false|false
07:51:59.623 (636499282)|VARIABLE_ASSIGNMENT|[17]|next|null
07:51:59.623 (636519786)|HEAP_ALLOCATE|[18]|Bytes:5
07:51:59.623 (636557770)|HEAP_ALLOCATE|[20]|Bytes:4
07:51:59.623 (636596909)|STATEMENT_EXECUTE|[22]
07:51:59.623 (636603462)|STATEMENT_EXECUTE|[23]
07:51:59.623 (636633711)|HEAP_ALLOCATE|[23]|Bytes:28
07:51:59.623 (636648855)|HEAP_ALLOCATE|[23]|Bytes:8
07:51:59.623 (636799422)|HEAP_ALLOCATE|[23]|Bytes:56
07:51:59.623 (636860234)|VARIABLE_ASSIGNMENT|[23]|next|"2016-10-02T14:52:00.537Z"
07:51:59.623 (636870417)|STATEMENT_EXECUTE|[28]
07:51:59.623 (636988272)|VARIABLE_ASSIGNMENT|[28]|this.LabTools__LastRunOn__c|"2016-06-02T14:52:00.537Z"|0x2a8b70de
07:51:59.623 (637001497)|STATEMENT_EXECUTE|[29]
07:51:59.623 (637085744)|VARIABLE_ASSIGNMENT|[29]|this.LabTools__NextRunOn__c|"2016-10-02T14:52:00.537Z"|0x2a8b70de
07:51:59.623 (637100149)|HEAP_ALLOCATE|[31]|Bytes:17
07:51:59.623 (637109687)|HEAP_ALLOCATE|[31]|Bytes:16
07:51:59.623 (637329517)|HEAP_ALLOCATE|[31]|Bytes:49
07:51:59.623 (637346009)|HEAP_ALLOCATE|[31]|Bytes:8
07:51:59.623 (637372522)|SYSTEM_METHOD_ENTRY|[7]|QueryLocatorIterator.QueryLocatorIterator()
07:51:59.623 (637380003)|STATEMENT_EXECUTE|[7]
07:51:59.623 (637401607)|SYSTEM_METHOD_EXIT|[7]|QueryLocatorIterator
07:51:59.623 (637420478)|HEAP_ALLOCATE|[31]|Bytes:28
07:51:59.623 (637449428)|HEAP_ALLOCATE|[31]|Bytes:8
07:51:59.623 (637458402)|HEAP_ALLOCATE|[31]|Bytes:8
07:51:59.623 (637469155)|VARIABLE_SCOPE_BEGIN|[15]|this|Database.QueryLocatorIterator|true|false
07:51:59.623 (637505950)|VARIABLE_ASSIGNMENT|[15]|this|{}|0x7044a246
07:51:59.623 (637515722)|VARIABLE_SCOPE_BEGIN|[15]|values|List<SObject>|true|false
07:51:59.623 (637525433)|VARIABLE_ASSIGNMENT|[15]|values|null|
07:51:59.623 (637532248)|VARIABLE_SCOPE_BEGIN|[15]|ql|Database.QueryLocator|true|false
07:51:59.623 (637551515)|VARIABLE_ASSIGNMENT|[15]|ql|{}|0x4c23a912
07:51:59.623 (637559536)|VARIABLE_SCOPE_BEGIN|[15]|totalNumRecords|Integer|false|false
07:51:59.623 (637568919)|VARIABLE_ASSIGNMENT|[15]|totalNumRecords|0
07:51:59.623 (637575383)|VARIABLE_SCOPE_BEGIN|[15]|queryMoreSize|Integer|false|false
07:51:59.623 (637583820)|VARIABLE_ASSIGNMENT|[15]|queryMoreSize|200
07:51:59.623 (637669458)|HEAP_ALLOCATE|[31]|Bytes:28
07:51:59.623 (637698796)|METHOD_ENTRY|[31]||Database.QueryLocatorIterator.hasNext()
07:51:59.623 (637743235)|METHOD_EXIT|[31]||Database.QueryLocatorIterator.hasNext()
07:51:59.623 (637769477)|VARIABLE_ASSIGNMENT|[31]|job|null|
07:51:59.623 (637777977)|STATEMENT_EXECUTE|[31]
07:51:59.623 (637801502)|HEAP_ALLOCATE|[15]|Bytes:5
07:51:59.623 (637833439)|VARIABLE_ASSIGNMENT|[15]|runner|null|
07:51:59.623 (637843240)|STATEMENT_EXECUTE|[38]
07:51:59.623 (637863013)|METHOD_ENTRY|[38]|01p3600000DHL7Q|LabTools.JobRunner_Tests.TestRepo.Modify(List<SObject>)
07:51:59.623 (637876530)|VARIABLE_SCOPE_BEGIN|[109]|this|LabTools.JobRunner_Tests.TestRepo|true|false
07:51:59.623 (637916125)|VARIABLE_ASSIGNMENT|[109]|this|{"EchoCalled":1,"ModifyCalled":0,"recurrenceRate":4,"recurrenceType":"Months"}|0x330f6d0e
07:51:59.623 (637926617)|VARIABLE_SCOPE_BEGIN|[109]|values|List<SObject>|true|false
07:51:59.623 (637976640)|VARIABLE_ASSIGNMENT|[109]|values|{"s":1,"v":[{"LabTools__Recurrence (7 more) ...":"Months","LabTools__Recurrence (7 more) ...":4,"LabTools__LastRunOn_ (2 more) ...":"2016-06-02T14:52:00.537Z","LabTools__NextRunOn_ (2 more) ...":"2016-10-02T14:52:00.537Z"}]}|0x462f5e92
07:51:59.623 (638065669)|STATEMENT_EXECUTE|[109]
07:51:59.623 (638074649)|STATEMENT_EXECUTE|[110]
07:51:59.623 (638085247)|HEAP_ALLOCATE|[110]|Bytes:4
07:51:59.623 (638104927)|VARIABLE_ASSIGNMENT|[110]|this.ModifyCalled|1|0x330f6d0e
07:51:59.623 (638112250)|STATEMENT_EXECUTE|[111]
07:51:59.623 (638169020)|VARIABLE_ASSIGNMENT|[111]|this.Modified|{"s":1,"v":[{"LabTools__Recurrence (7 more) ...":"Months","LabTools__Recurrence (7 more) ...":4,"LabTools__LastRunOn_ (2 more) ...":"2016-06-02T14:52:00.537Z","LabTools__NextRunOn_ (2 more) ...":"2016-10-02T14:52:00.537Z"}]}|0x330f6d0e
07:51:59.623 (638187949)|METHOD_EXIT|[38]|01p3600000DHL7Q|LabTools.JobRunner_Tests.TestRepo.Modify(List<SObject>)
07:51:59.623 (638205399)|SYSTEM_MODE_EXIT|false
07:51:59.623 (638220530)|METHOD_EXIT|[42]|01p3600000DHKdZ|LabTools.JobRunner.execute()
07:51:59.623 (638229255)|STATEMENT_EXECUTE|[43]
07:51:59.623 (638250747)|METHOD_ENTRY|[43]||System.Test.stopTest()
07:51:59.623 (641260544)|METHOD_EXIT|[43]||System.Test.stopTest()
07:51:59.623 (641273674)|STATEMENT_EXECUTE|[45]
07:51:59.623 (641309975)|ENTERING_MANAGED_PKG|
07:51:59.623 (641359104)|STATEMENT_EXECUTE|[46]
07:51:59.623 (641381748)|ENTERING_MANAGED_PKG|
07:51:59.623 (641421747)|STATEMENT_EXECUTE|[47]
07:51:59.623 (641447979)|ENTERING_MANAGED_PKG|
07:51:59.623 (641499669)|ENTERING_MANAGED_PKG|
07:51:59.623 (641524312)|STATEMENT_EXECUTE|[48]
07:51:59.623 (641591918)|HEAP_ALLOCATE|[48]|Bytes:56
07:51:59.623 (641625406)|HEAP_ALLOCATE|[48]|Bytes:20
07:51:59.623 (641661201)|ENTERING_MANAGED_PKG|
07:51:59.641 (641710490)|CUMULATIVE_LIMIT_USAGE
07:51:59.641 (641710490)|LIMIT_USAGE_FOR_NS|(default)|
  Number of SOQL queries: 0 out of 100
  Number of query rows: 0 out of 50000
  Number of SOSL queries: 0 out of 20
  Number of DML statements: 0 out of 150
  Number of DML rows: 0 out of 10000
  Maximum CPU time: 0 out of 10000
  Maximum heap size: 0 out of 6000000
  Number of callouts: 0 out of 100
  Number of Email Invocations: 0 out of 10
  Number of future calls: 0 out of 50
  Number of queueable jobs added to the queue: 0 out of 50
  Number of Mobile Apex push calls: 0 out of 10

07:51:59.641 (641710490)|TESTING_LIMITS
07:51:59.641 (641710490)|LIMIT_USAGE_FOR_NS|(default)|
  Number of SOQL queries: 0 out of 100
  Number of query rows: 0 out of 50000
  Number of SOSL queries: 0 out of 20
  Number of DML statements: 0 out of 150
  Number of DML rows: 0 out of 10000
  Maximum CPU time: 0 out of 10000
  Maximum heap size: 0 out of 6000000
  Number of callouts: 0 out of 100
  Number of Email Invocations: 0 out of 10
  Number of future calls: 0 out of 50
  Number of queueable jobs added to the queue: 0 out of 50
  Number of Mobile Apex push calls: 0 out of 10

07:51:59.641 (641710490)|LIMIT_USAGE_FOR_NS|LabTools|
  Number of SOQL queries: 1 out of 100
  Number of query rows: 0 out of 50000
  Number of SOSL queries: 0 out of 20
  Number of DML statements: 0 out of 150
  Number of DML rows: 0 out of 10000
  Maximum CPU time: 0 out of 10000
  Maximum heap size: 0 out of 6000000
  Number of callouts: 0 out of 100
  Number of Email Invocations: 0 out of 10
  Number of future calls: 0 out of 50
  Number of queueable jobs added to the queue: 0 out of 50
  Number of Mobile Apex push calls: 0 out of 10

07:51:59.641 (641710490)|CUMULATIVE_LIMIT_USAGE_END

07:51:59.623 (641801665)|CODE_UNIT_FINISHED|JobRunner_Tests.WhenMonths_ShouldSetNextRunInMonths
07:51:59.623 (642981766)|EXECUTION_FINISHED
07:51:59.674 (674138845)|EXECUTION_STARTED
07:51:59.674 (674173562)|CODE_UNIT_STARTED|[EXTERNAL]|01p3600000DHL7Q|JobRunner_Tests.WhenYears_ShouldSetNextRunInYears
07:51:59.674 (674407121)|HEAP_ALLOCATE|[72]|Bytes:3
07:51:59.674 (674490339)|HEAP_ALLOCATE|[77]|Bytes:152
07:51:59.674 (674531404)|HEAP_ALLOCATE|[342]|Bytes:408
07:51:59.674 (674577527)|HEAP_ALLOCATE|[355]|Bytes:408
07:51:59.674 (674619737)|HEAP_ALLOCATE|[467]|Bytes:48
07:51:59.674 (674675745)|HEAP_ALLOCATE|[139]|Bytes:6
07:51:59.674 (674719124)|HEAP_ALLOCATE|[EXTERNAL]|Bytes:8
07:51:59.674 (674732001)|HEAP_ALLOCATE|[EXTERNAL]|Bytes:160
07:51:59.674 (674756222)|METHOD_ENTRY|[2]|01p3600000DHL7Q|JobRunner_Tests.JobRunner_Tests()
07:51:59.674 (674763666)|STATEMENT_EXECUTE|[2]
07:51:59.674 (674776143)|STATEMENT_EXECUTE|[2]
07:51:59.674 (674780579)|STATEMENT_EXECUTE|[94]
07:51:59.674 (674793378)|METHOD_EXIT|[2]|JobRunner_Tests
07:51:59.674 (674832519)|HEAP_ALLOCATE|[50]|Bytes:5
07:51:59.674 (674877740)|HEAP_ALLOCATE|[56]|Bytes:5
07:51:59.674 (674903564)|HEAP_ALLOCATE|[64]|Bytes:7
07:51:59.674 (674972977)|STATEMENT_EXECUTE|[52]
07:51:59.674 (674980202)|STATEMENT_EXECUTE|[53]
07:51:59.674 (675003416)|HEAP_ALLOCATE|[53]|Bytes:10
07:51:59.674 (675019947)|HEAP_ALLOCATE|[53]|Bytes:24
07:51:59.674 (675029472)|HEAP_ALLOCATE|[53]|Bytes:5
07:51:59.674 (675099946)|HEAP_ALLOCATE|[53]|Bytes:28
07:51:59.674 (675110609)|HEAP_ALLOCATE|[53]|Bytes:28
07:51:59.674 (675142332)|CONSTRUCTOR_ENTRY|[53]|01p3600000DHL7Q|<init>(String,Decimal)
07:51:59.674 (675187830)|VARIABLE_SCOPE_BEGIN|[115]|this|LabTools.JobRunner_Tests.TestRepo|true|false
07:51:59.674 (675270714)|VARIABLE_ASSIGNMENT|[115]|this|{}|0x5002ccdf
07:51:59.674 (675281819)|VARIABLE_SCOPE_BEGIN|[115]|t|String|false|false
07:51:59.674 (675297042)|VARIABLE_ASSIGNMENT|[115]|t|"Years"
07:51:59.674 (675303848)|VARIABLE_SCOPE_BEGIN|[115]|r|Decimal|false|false
07:51:59.674 (675318435)|VARIABLE_ASSIGNMENT|[115]|r|5
07:51:59.674 (675340147)|STATEMENT_EXECUTE|[94]
07:51:59.674 (675346386)|STATEMENT_EXECUTE|[96]
07:51:59.674 (675354113)|HEAP_ALLOCATE|[96]|Bytes:4
07:51:59.674 (675374988)|VARIABLE_ASSIGNMENT|[96]|this.EchoCalled|0|0x5002ccdf
07:51:59.674 (675382517)|STATEMENT_EXECUTE|[107]
07:51:59.674 (675390158)|HEAP_ALLOCATE|[107]|Bytes:4
07:51:59.674 (675406103)|VARIABLE_ASSIGNMENT|[107]|this.ModifyCalled|0|0x5002ccdf
07:51:59.674 (675417988)|STATEMENT_EXECUTE|[108]
07:51:59.674 (675422868)|STATEMENT_EXECUTE|[120]
07:51:59.674 (675426546)|STATEMENT_EXECUTE|[121]
07:51:59.674 (675442465)|HEAP_ALLOCATE|[115]|Bytes:27
07:51:59.674 (675463636)|METHOD_ENTRY|[3]|01p3600000AqZq9|RepositoryTestStub.RepositoryTestStub()
07:51:59.674 (675470706)|STATEMENT_EXECUTE|[3]
07:51:59.674 (675480310)|STATEMENT_EXECUTE|[3]
07:51:59.674 (675493582)|METHOD_EXIT|[3]|RepositoryTestStub
07:51:59.674 (675519319)|CONSTRUCTOR_ENTRY|[115]|01p3600000AqZq9|<init>()
07:51:59.674 (675532159)|VARIABLE_SCOPE_BEGIN|[3]|this|LabTools.RepositoryTestStub|true|false
07:51:59.674 (675568829)|VARIABLE_ASSIGNMENT|[3]|this|{"EchoCalled":0,"ModifyCalled":0}|0x5002ccdf
07:51:59.674 (675587263)|HEAP_ALLOCATE|[EXTERNAL]|Bytes:6
07:51:59.674 (675633982)|STATEMENT_EXECUTE|[3]
07:51:59.674 (675653880)|CONSTRUCTOR_EXIT|[115]|01p3600000AqZq9|<init>()
07:51:59.674 (675661759)|STATEMENT_EXECUTE|[115]
07:51:59.674 (675665824)|STATEMENT_EXECUTE|[116]
07:51:59.674 (675685701)|VARIABLE_ASSIGNMENT|[116]|this.recurrenceType|"Years"|0x5002ccdf
07:51:59.674 (675692477)|STATEMENT_EXECUTE|[117]
07:51:59.674 (675709758)|VARIABLE_ASSIGNMENT|[117]|this.recurrenceRate|5|0x5002ccdf
07:51:59.674 (675727960)|CONSTRUCTOR_EXIT|[53]|01p3600000DHL7Q|<init>(String,Decimal)
07:51:59.674 (675740335)|VARIABLE_SCOPE_BEGIN|[53]|repo|LabTools.JobRunner_Tests.TestRepo|true|false
07:51:59.674 (675781683)|VARIABLE_ASSIGNMENT|[53]|repo|{"EchoCalled":0,"ModifyCalled":0,"recurrenceRate":5,"recurrenceType":"Years"}|0x5002ccdf
07:51:59.674 (675791695)|STATEMENT_EXECUTE|[54]
07:51:59.674 (675870754)|HEAP_ALLOCATE|[54]|Bytes:56
07:51:59.674 (675903732)|VARIABLE_SCOPE_BEGIN|[54]|now|Datetime|false|false
07:51:59.674 (675966398)|VARIABLE_ASSIGNMENT|[54]|now|"2016-06-02T14:52:00.587Z"
07:51:59.674 (675975562)|STATEMENT_EXECUTE|[55]
07:51:59.674 (675997382)|HEAP_ALLOCATE|[55]|Bytes:7
07:51:59.674 (676020115)|METHOD_ENTRY|[1]|01p3600000DHKdZ|JobRunner.JobRunner()
07:51:59.674 (676027860)|STATEMENT_EXECUTE|[1]
07:51:59.674 (676037429)|STATEMENT_EXECUTE|[1]
07:51:59.674 (676946017)|SYSTEM_MODE_ENTER|false
07:51:59.674 (676969283)|HEAP_ALLOCATE|[55]|Bytes:5
07:51:59.674 (676985541)|SYSTEM_MODE_EXIT|false
07:51:59.674 (677003076)|METHOD_EXIT|[1]|JobRunner
07:51:59.674 (677014869)|HEAP_ALLOCATE|[55]|Bytes:12
07:51:59.674 (677048276)|CONSTRUCTOR_ENTRY|[55]|01p3600000DHKdZ|<init>(LabTools.IRepository,Datetime)
07:51:59.674 (677085514)|VARIABLE_SCOPE_BEGIN|[47]|this|LabTools.JobRunner|true|false
07:51:59.674 (677116184)|VARIABLE_ASSIGNMENT|[47]|this|{}|0x74f516b1
07:51:59.674 (677124778)|VARIABLE_SCOPE_BEGIN|[47]|r|LabTools.IRepository|true|false
07:51:59.674 (677159904)|VARIABLE_ASSIGNMENT|[47]|r|{"EchoCalled":0,"ModifyCalled":0,"recurrenceRate":5,"recurrenceType":"Years"}|0x5002ccdf
07:51:59.674 (677171461)|VARIABLE_SCOPE_BEGIN|[47]|n|Datetime|false|false
07:51:59.674 (677193532)|VARIABLE_ASSIGNMENT|[47]|n|"2016-06-02T14:52:00.587Z"
07:51:59.674 (677212195)|SYSTEM_MODE_ENTER|false
07:51:59.674 (677220907)|HEAP_ALLOCATE|[49]|Bytes:5
07:51:59.674 (677228151)|STATEMENT_EXECUTE|[1]
07:51:59.674 (677234211)|HEAP_ALLOCATE|[49]|Bytes:5
07:51:59.674 (677239009)|STATEMENT_EXECUTE|[55]
07:51:59.674 (677242478)|STATEMENT_EXECUTE|[56]
07:51:59.674 (677266216)|STATEMENT_EXECUTE|[48]
07:51:59.674 (677271246)|STATEMENT_EXECUTE|[49]
07:51:59.674 (677283207)|VARIABLE_ASSIGNMENT|[49]|this.repository|0x5002ccdf|0x74f516b1
07:51:59.674 (677293160)|STATEMENT_EXECUTE|[50]
07:51:59.674 (677316729)|VARIABLE_ASSIGNMENT|[50]|this.now|"2016-06-02T14:52:00.587Z"|0x74f516b1
07:51:59.674 (677328769)|SYSTEM_MODE_EXIT|false
07:51:59.674 (677357228)|CONSTRUCTOR_EXIT|[55]|01p3600000DHKdZ|<init>(LabTools.IRepository,Datetime)
07:51:59.674 (677367851)|VARIABLE_SCOPE_BEGIN|[55]|jRunner|LabTools.JobRunner|true|false
07:51:59.674 (677415010)|VARIABLE_ASSIGNMENT|[55]|jRunner|{"now":"2016-06-02T14:52:00.587Z","repository":"0x5002ccdf"}|0x74f516b1
07:51:59.674 (677423936)|STATEMENT_EXECUTE|[57]
07:51:59.674 (677445869)|HEAP_ALLOCATE|[57]|Bytes:57
07:51:59.674 (677464568)|SYSTEM_METHOD_ENTRY|[1]|Test.Test()
07:51:59.674 (677470295)|STATEMENT_EXECUTE|[1]
07:51:59.674 (677486082)|SYSTEM_METHOD_EXIT|[1]|Test
07:51:59.674 (677501609)|METHOD_ENTRY|[57]||System.Test.startTest()
07:51:59.674 (680246822)|METHOD_EXIT|[57]||System.Test.startTest()
07:51:59.674 (680267869)|STATEMENT_EXECUTE|[58]
07:51:59.674 (680293492)|METHOD_ENTRY|[58]|01p3600000DHKdZ|LabTools.JobRunner.execute()
07:51:59.674 (680331767)|VARIABLE_SCOPE_BEGIN|[3]|this|LabTools.JobRunner|true|false
07:51:59.674 (680418293)|VARIABLE_ASSIGNMENT|[3]|this|{"now":"2016-06-02T14:52:00.587Z","repository":"0x5002ccdf"}|0x74f516b1
07:51:59.674 (681104509)|SYSTEM_MODE_ENTER|false
07:51:59.674 (681121103)|HEAP_ALLOCATE|[5]|Bytes:5
07:51:59.674 (681133168)|STATEMENT_EXECUTE|[3]
07:51:59.674 (681141214)|STATEMENT_EXECUTE|[5]
07:51:59.674 (681145107)|STATEMENT_EXECUTE|[6]
07:51:59.674 (681154752)|HEAP_ALLOCATE|[6]|Bytes:326
07:51:59.674 (681171459)|HEAP_ALLOCATE|[6]|Bytes:4
07:51:59.674 (681190769)|HEAP_ALLOCATE|[6]|Bytes:7
07:51:59.674 (681215859)|HEAP_ALLOCATE|[6]|Bytes:7
07:51:59.674 (682312445)|SOQL_EXECUTE_BEGIN|[6]|Aggregations:1|SELECT Name, LabTools__RecurrenceType__c, LabTools__RecurrenceRate__c, (SELECT Name, LabTools__Enabled__c FROM LabTools__Jobs__r) FROM LabTools__Runner__c WHERE (LabTools__StartOn__c <= :tmpVar1 AND (LabTools__NextRunOn__c = NULL OR LabTools__NextRunOn__c <= :tmpVar2)) ORDER BY LabTools__NextRunOn__c DESC NULLS FIRST LIMIT 5
07:51:59.674 (684740318)|SOQL_EXECUTE_END|[6]|Rows:0
07:51:59.674 (684766020)|HEAP_ALLOCATE|[6]|Bytes:4
07:51:59.674 (684780014)|HEAP_ALLOCATE|[6]|Bytes:0
07:51:59.674 (684812741)|HEAP_ALLOCATE|[6]|Bytes:4
07:51:59.674 (684841022)|METHOD_ENTRY|[6]|01p3600000DHL7Q|LabTools.JobRunner_Tests.TestRepo.Echo(List<SObject>)
07:51:59.674 (684853432)|VARIABLE_SCOPE_BEGIN|[97]|this|LabTools.JobRunner_Tests.TestRepo|true|false
07:51:59.674 (684904752)|VARIABLE_ASSIGNMENT|[97]|this|{"EchoCalled":0,"ModifyCalled":0,"recurrenceRate":5,"recurrenceType":"Years"}|0x5002ccdf
07:51:59.674 (684911185)|VARIABLE_SCOPE_BEGIN|[97]|values|List<SObject>|true|false
07:51:59.674 (684927829)|VARIABLE_ASSIGNMENT|[97]|values|{"s":1,"v":[]}|0x431db8b7
07:51:59.674 (684959468)|STATEMENT_EXECUTE|[97]
07:51:59.674 (684963747)|STATEMENT_EXECUTE|[98]
07:51:59.674 (684971544)|HEAP_ALLOCATE|[98]|Bytes:4
07:51:59.674 (684985702)|VARIABLE_ASSIGNMENT|[98]|this.EchoCalled|1|0x5002ccdf
07:51:59.674 (684989429)|STATEMENT_EXECUTE|[99]
07:51:59.674 (684996627)|HEAP_ALLOCATE|[99]|Bytes:4
07:51:59.674 (685021933)|ENTERING_MANAGED_PKG|
07:51:59.674 (685056713)|HEAP_ALLOCATE|[100]|Bytes:4
07:51:59.674 (685113557)|VARIABLE_ASSIGNMENT|[100]|this.LabTools__RecurrenceType__c|"Years"|0x49243b63
07:51:59.674 (685148506)|VARIABLE_ASSIGNMENT|[100]|this.LabTools__RecurrenceRate__c|5|0x49243b63
07:51:59.674 (685186404)|METHOD_EXIT|[6]|01p3600000DHL7Q|LabTools.JobRunner_Tests.TestRepo.Echo(List<SObject>)
07:51:59.674 (685199968)|VARIABLE_SCOPE_BEGIN|[6]|runners|List<LabTools__Runner__c>|true|false
07:51:59.674 (685210818)|HEAP_ALLOCATE|[EXTERNAL]|Bytes:8
07:51:59.674 (685235424)|VARIABLE_ASSIGNMENT|[6]|runners|{"s":1,"v":[{"LabTools__Recurrence (7 more) ...":"Years","LabTools__Recurrence (7 more) ...":5}]}|0x2707c134
07:51:59.674 (685254642)|ENTERING_MANAGED_PKG|
07:51:59.674 (685287779)|HEAP_ALLOCATE|[15]|Bytes:5
07:51:59.674 (685309042)|HEAP_ALLOCATE|[15]|Bytes:12
07:51:59.674 (685325266)|VARIABLE_SCOPE_BEGIN|[15]|runner|LabTools__Runner__c|true|false
07:51:59.674 (685342437)|VARIABLE_ASSIGNMENT|[15]|runner|{"LabTools__Recurrence (7 more) ...":"Years","LabTools__Recurrence (7 more) ...":5}|0x49243b63
07:51:59.674 (685348522)|STATEMENT_EXECUTE|[15]
07:51:59.674 (685350806)|STATEMENT_EXECUTE|[17]
07:51:59.674 (685364805)|VARIABLE_SCOPE_BEGIN|[17]|next|Datetime|false|false
07:51:59.674 (685374766)|VARIABLE_ASSIGNMENT|[17]|next|null
07:51:59.674 (685387729)|HEAP_ALLOCATE|[18]|Bytes:5
07:51:59.674 (685413090)|HEAP_ALLOCATE|[20]|Bytes:4
07:51:59.674 (685427352)|HEAP_ALLOCATE|[22]|Bytes:6
07:51:59.674 (685450584)|STATEMENT_EXECUTE|[24]
07:51:59.674 (685453967)|STATEMENT_EXECUTE|[25]
07:51:59.674 (685474472)|HEAP_ALLOCATE|[25]|Bytes:28
07:51:59.674 (685482677)|HEAP_ALLOCATE|[25]|Bytes:8
07:51:59.674 (685564485)|HEAP_ALLOCATE|[25]|Bytes:56
07:51:59.674 (685627795)|VARIABLE_ASSIGNMENT|[25]|next|"2021-06-02T14:52:00.587Z"
07:51:59.674 (685635393)|STATEMENT_EXECUTE|[28]
07:51:59.674 (685711739)|VARIABLE_ASSIGNMENT|[28]|this.LabTools__LastRunOn__c|"2016-06-02T14:52:00.587Z"|0x49243b63
07:51:59.674 (685720965)|STATEMENT_EXECUTE|[29]
07:51:59.674 (685774198)|VARIABLE_ASSIGNMENT|[29]|this.LabTools__NextRunOn__c|"2021-06-02T14:52:00.587Z"|0x49243b63
07:51:59.674 (685784098)|HEAP_ALLOCATE|[31]|Bytes:17
07:51:59.674 (685789236)|HEAP_ALLOCATE|[31]|Bytes:16
07:51:59.674 (685952697)|HEAP_ALLOCATE|[31]|Bytes:49
07:51:59.674 (685963309)|HEAP_ALLOCATE|[31]|Bytes:8
07:51:59.674 (685979837)|SYSTEM_METHOD_ENTRY|[7]|QueryLocatorIterator.QueryLocatorIterator()
07:51:59.674 (685984186)|STATEMENT_EXECUTE|[7]
07:51:59.674 (685998030)|SYSTEM_METHOD_EXIT|[7]|QueryLocatorIterator
07:51:59.674 (686005361)|HEAP_ALLOCATE|[31]|Bytes:28
07:51:59.674 (686023951)|HEAP_ALLOCATE|[31]|Bytes:8
07:51:59.674 (686027896)|HEAP_ALLOCATE|[31]|Bytes:8
07:51:59.674 (686034017)|VARIABLE_SCOPE_BEGIN|[15]|this|Database.QueryLocatorIterator|true|false
07:51:59.674 (686059640)|VARIABLE_ASSIGNMENT|[15]|this|{}|0x1d2f1c16
07:51:59.674 (686065055)|VARIABLE_SCOPE_BEGIN|[15]|values|List<SObject>|true|false
07:51:59.674 (686070111)|VARIABLE_ASSIGNMENT|[15]|values|null|
07:51:59.674 (686073390)|VARIABLE_SCOPE_BEGIN|[15]|ql|Database.QueryLocator|true|false
07:51:59.674 (686085543)|VARIABLE_ASSIGNMENT|[15]|ql|{}|0x43860e6
07:51:59.674 (686089291)|VARIABLE_SCOPE_BEGIN|[15]|totalNumRecords|Integer|false|false
07:51:59.674 (686093846)|VARIABLE_ASSIGNMENT|[15]|totalNumRecords|0
07:51:59.674 (686096971)|VARIABLE_SCOPE_BEGIN|[15]|queryMoreSize|Integer|false|false
07:51:59.674 (686100670)|VARIABLE_ASSIGNMENT|[15]|queryMoreSize|200
07:51:59.674 (686151364)|HEAP_ALLOCATE|[31]|Bytes:28
07:51:59.674 (686169755)|METHOD_ENTRY|[31]||Database.QueryLocatorIterator.hasNext()
07:51:59.674 (686195778)|METHOD_EXIT|[31]||Database.QueryLocatorIterator.hasNext()
07:51:59.674 (686211924)|VARIABLE_ASSIGNMENT|[31]|job|null|
07:51:59.674 (686216377)|STATEMENT_EXECUTE|[31]
07:51:59.674 (686230065)|HEAP_ALLOCATE|[15]|Bytes:5
07:51:59.674 (686243068)|VARIABLE_ASSIGNMENT|[15]|runner|null|
07:51:59.674 (686247333)|STATEMENT_EXECUTE|[38]
07:51:59.674 (686258018)|METHOD_ENTRY|[38]|01p3600000DHL7Q|LabTools.JobRunner_Tests.TestRepo.Modify(List<SObject>)
07:51:59.674 (686264584)|VARIABLE_SCOPE_BEGIN|[109]|this|LabTools.JobRunner_Tests.TestRepo|true|false
07:51:59.674 (686289393)|VARIABLE_ASSIGNMENT|[109]|this|{"EchoCalled":1,"ModifyCalled":0,"recurrenceRate":5,"recurrenceType":"Years"}|0x5002ccdf
07:51:59.674 (686295260)|VARIABLE_SCOPE_BEGIN|[109]|values|List<SObject>|true|false
07:51:59.674 (686324782)|VARIABLE_ASSIGNMENT|[109]|values|{"s":1,"v":[{"LabTools__Recurrence (7 more) ...":"Years","LabTools__Recurrence (7 more) ...":5,"LabTools__LastRunOn_ (2 more) ...":"2016-06-02T14:52:00.587Z","LabTools__NextRunOn_ (2 more) ...":"2021-06-02T14:52:00.587Z"}]}|0x2707c134
07:51:59.674 (686345717)|STATEMENT_EXECUTE|[109]
07:51:59.674 (686349093)|STATEMENT_EXECUTE|[110]
07:51:59.674 (686354929)|HEAP_ALLOCATE|[110]|Bytes:4
07:51:59.674 (686365504)|VARIABLE_ASSIGNMENT|[110]|this.ModifyCalled|1|0x5002ccdf
07:51:59.674 (686368981)|STATEMENT_EXECUTE|[111]
07:51:59.674 (686398701)|VARIABLE_ASSIGNMENT|[111]|this.Modified|{"s":1,"v":[{"LabTools__Recurrence (7 more) ...":"Years","LabTools__Recurrence (7 more) ...":5,"LabTools__LastRunOn_ (2 more) ...":"2016-06-02T14:52:00.587Z","LabTools__NextRunOn_ (2 more) ...":"2021-06-02T14:52:00.587Z"}]}|0x5002ccdf
07:51:59.674 (686410453)|METHOD_EXIT|[38]|01p3600000DHL7Q|LabTools.JobRunner_Tests.TestRepo.Modify(List<SObject>)
07:51:59.674 (686421376)|SYSTEM_MODE_EXIT|false
07:51:59.674 (686429959)|METHOD_EXIT|[58]|01p3600000DHKdZ|LabTools.JobRunner.execute()
07:51:59.674 (686438460)|STATEMENT_EXECUTE|[59]
07:51:59.674 (686453454)|METHOD_ENTRY|[59]||System.Test.stopTest()
07:51:59.674 (690717365)|METHOD_EXIT|[59]||System.Test.stopTest()
07:51:59.674 (690741029)|STATEMENT_EXECUTE|[61]
07:51:59.674 (690781256)|ENTERING_MANAGED_PKG|
07:51:59.674 (690828478)|STATEMENT_EXECUTE|[62]
07:51:59.674 (690845412)|ENTERING_MANAGED_PKG|
07:51:59.674 (690873015)|STATEMENT_EXECUTE|[63]
07:51:59.674 (690891088)|ENTERING_MANAGED_PKG|
07:51:59.674 (690922159)|ENTERING_MANAGED_PKG|
07:51:59.674 (690934297)|STATEMENT_EXECUTE|[64]
07:51:59.674 (690991843)|HEAP_ALLOCATE|[64]|Bytes:56
07:51:59.674 (691031971)|HEAP_ALLOCATE|[64]|Bytes:20
07:51:59.674 (691062117)|ENTERING_MANAGED_PKG|
07:51:59.691 (691100943)|CUMULATIVE_LIMIT_USAGE
07:51:59.691 (691100943)|LIMIT_USAGE_FOR_NS|(default)|
  Number of SOQL queries: 0 out of 100
  Number of query rows: 0 out of 50000
  Number of SOSL queries: 0 out of 20
  Number of DML statements: 0 out of 150
  Number of DML rows: 0 out of 10000
  Maximum CPU time: 0 out of 10000
  Maximum heap size: 0 out of 6000000
  Number of callouts: 0 out of 100
  Number of Email Invocations: 0 out of 10
  Number of future calls: 0 out of 50
  Number of queueable jobs added to the queue: 0 out of 50
  Number of Mobile Apex push calls: 0 out of 10

07:51:59.691 (691100943)|TESTING_LIMITS
07:51:59.691 (691100943)|LIMIT_USAGE_FOR_NS|(default)|
  Number of SOQL queries: 0 out of 100
  Number of query rows: 0 out of 50000
  Number of SOSL queries: 0 out of 20
  Number of DML statements: 0 out of 150
  Number of DML rows: 0 out of 10000
  Maximum CPU time: 0 out of 10000
  Maximum heap size: 0 out of 6000000
  Number of callouts: 0 out of 100
  Number of Email Invocations: 0 out of 10
  Number of future calls: 0 out of 50
  Number of queueable jobs added to the queue: 0 out of 50
  Number of Mobile Apex push calls: 0 out of 10

07:51:59.691 (691100943)|LIMIT_USAGE_FOR_NS|LabTools|
  Number of SOQL queries: 1 out of 100
  Number of query rows: 0 out of 50000
  Number of SOSL queries: 0 out of 20
  Number of DML statements: 0 out of 150
  Number of DML rows: 0 out of 10000
  Maximum CPU time: 0 out of 10000
  Maximum heap size: 0 out of 6000000
  Number of callouts: 0 out of 100
  Number of Email Invocations: 0 out of 10
  Number of future calls: 0 out of 50
  Number of queueable jobs added to the queue: 0 out of 50
  Number of Mobile Apex push calls: 0 out of 10

07:51:59.691 (691100943)|CUMULATIVE_LIMIT_USAGE_END

07:51:59.674 (691172209)|CODE_UNIT_FINISHED|JobRunner_Tests.WhenYears_ShouldSetNextRunInYears
07:51:59.674 (694689161)|EXECUTION_FINISHED
