34.0 APEX_CODE,FINEST;APEX_PROFILING,DEBUG;CALLOUT,DEBUG;DB,DEBUG;SYSTEM,DEBUG;VALIDATION,DEBUG;VISUALFORCE,DEBUG;WORKFLOW,DEBUG
14:07:36.0 (70080)|EXECUTION_STARTED
14:07:36.0 (144521)|CODE_UNIT_STARTED|[EXTERNAL]|01p3600000DIHwj|JobRunnerSchedule_Tests.WhenConstructing_ShouldNotFail
14:07:36.0 (413316)|HEAP_ALLOCATE|[72]|Bytes:3
14:07:36.0 (468759)|HEAP_ALLOCATE|[77]|Bytes:152
14:07:36.0 (505133)|HEAP_ALLOCATE|[342]|Bytes:408
14:07:36.0 (549516)|HEAP_ALLOCATE|[355]|Bytes:408
14:07:36.0 (600442)|HEAP_ALLOCATE|[467]|Bytes:48
14:07:36.0 (653040)|HEAP_ALLOCATE|[139]|Bytes:6
14:07:36.0 (695637)|HEAP_ALLOCATE|[EXTERNAL]|Bytes:15
14:07:36.0 (704473)|HEAP_ALLOCATE|[EXTERNAL]|Bytes:29
14:07:36.0 (726420)|METHOD_ENTRY|[2]|01p3600000DIHwj|JobRunnerSchedule_Tests.JobRunnerSchedule_Tests()
14:07:36.0 (732485)|STATEMENT_EXECUTE|[2]
14:07:36.0 (740804)|STATEMENT_EXECUTE|[2]
14:07:36.0 (743088)|STATEMENT_EXECUTE|[32]
14:07:36.0 (754727)|METHOD_EXIT|[2]|JobRunnerSchedule_Tests
14:07:36.0 (808173)|HEAP_ALLOCATE|[50]|Bytes:5
14:07:36.0 (839403)|HEAP_ALLOCATE|[56]|Bytes:5
14:07:36.0 (859912)|HEAP_ALLOCATE|[64]|Bytes:7
14:07:36.0 (918958)|STATEMENT_EXECUTE|[5]
14:07:36.0 (923174)|STATEMENT_EXECUTE|[11]
14:07:36.0 (974163)|HEAP_ALLOCATE|[11]|Bytes:57
14:07:36.0 (992363)|SYSTEM_METHOD_ENTRY|[1]|Test.Test()
14:07:36.0 (997097)|STATEMENT_EXECUTE|[1]
14:07:36.0 (1011035)|SYSTEM_METHOD_EXIT|[1]|Test
14:07:36.0 (1031138)|METHOD_ENTRY|[11]||System.Test.startTest()
14:07:36.0 (2991620)|METHOD_EXIT|[11]||System.Test.startTest()
14:07:36.0 (2999098)|STATEMENT_EXECUTE|[12]
14:07:36.0 (4238899)|HEAP_ALLOCATE|[12]|Bytes:7
14:07:36.0 (4269186)|METHOD_ENTRY|[4]|01p3600000DIHiU|JobRunnerSchedule.JobRunnerSchedule()
14:07:36.0 (4273069)|STATEMENT_EXECUTE|[4]
14:07:36.0 (4278982)|STATEMENT_EXECUTE|[4]
14:07:36.0 (4286320)|METHOD_EXIT|[4]|JobRunnerSchedule
14:07:36.0 (5015636)|HEAP_ALLOCATE|[12]|Bytes:8
14:07:36.0 (5036083)|CONSTRUCTOR_ENTRY|[12]|01p3600000DIHiU|<init>()
14:07:36.0 (5065131)|VARIABLE_SCOPE_BEGIN|[10]|this|LabTools.JobRunnerSchedule|true|false
14:07:36.0 (5126101)|VARIABLE_ASSIGNMENT|[10]|this|{}|0x17ac57f2
14:07:36.0 (5134039)|STATEMENT_EXECUTE|[4]
14:07:36.0 (5135695)|STATEMENT_EXECUTE|[19]
14:07:36.0 (5145559)|HEAP_ALLOCATE|[11]|Bytes:6
14:07:36.0 (5169097)|STATEMENT_EXECUTE|[10]
14:07:36.0 (5171572)|STATEMENT_EXECUTE|[11]
14:07:36.0 (5175348)|HEAP_ALLOCATE|[11]|Bytes:18
14:07:36.0 (5213945)|HEAP_ALLOCATE|[11]|Bytes:24
14:07:36.0 (5227508)|SYSTEM_METHOD_ENTRY|[1]|Type.Type()
14:07:36.0 (5230562)|STATEMENT_EXECUTE|[1]
14:07:36.0 (5239659)|SYSTEM_METHOD_EXIT|[1]|Type
14:07:36.0 (5251360)|METHOD_ENTRY|[11]||System.Type.forName(String)
14:07:36.0 (6966822)|METHOD_EXIT|[11]||System.Type.forName(String)
14:07:36.0 (6983019)|METHOD_ENTRY|[11]||System.Type.newInstance()
14:07:36.0 (7114745)|STATEMENT_EXECUTE|[1]
14:07:36.0 (7881444)|SYSTEM_MODE_ENTER|false
14:07:36.0 (7904268)|HEAP_ALLOCATE|[33]|Bytes:5
14:07:36.0 (7914648)|SYSTEM_MODE_EXIT|false
14:07:36.0 (7933566)|METHOD_EXIT|[1]|JobRunner
14:07:36.0 (8818684)|HEAP_ALLOCATE|[33]|Bytes:8
14:07:36.0 (8832653)|VARIABLE_SCOPE_BEGIN|[43]|this|LabTools.JobRunner|true|false
14:07:36.0 (8855046)|VARIABLE_ASSIGNMENT|[43]|this|{}|0x3f68fad8
14:07:36.0 (8866450)|SYSTEM_MODE_ENTER|false
14:07:36.0 (8872113)|HEAP_ALLOCATE|[44]|Bytes:5
14:07:36.0 (8876120)|STATEMENT_EXECUTE|[1]
14:07:36.0 (8879769)|HEAP_ALLOCATE|[44]|Bytes:5
14:07:36.0 (8882587)|STATEMENT_EXECUTE|[54]
14:07:36.0 (8898810)|STATEMENT_EXECUTE|[43]
14:07:36.0 (8900767)|STATEMENT_EXECUTE|[44]
14:07:36.0 (11301744)|HEAP_ALLOCATE|[44]|Bytes:26
14:07:36.0 (11363284)|METHOD_ENTRY|[1]|01p3600000AqZfY|Repository.Repository()
14:07:36.0 (11370383)|STATEMENT_EXECUTE|[1]
14:07:36.0 (11379123)|STATEMENT_EXECUTE|[1]
14:07:36.0 (11388468)|HEAP_ALLOCATE|[44]|Bytes:5
14:07:36.0 (11407026)|METHOD_EXIT|[1]|Repository
14:07:36.0 (11428285)|HEAP_ALLOCATE|[44]|Bytes:4
14:07:36.0 (11451210)|CONSTRUCTOR_ENTRY|[44]|01p3600000AqZfY|<init>()
14:07:36.0 (11505105)|VARIABLE_SCOPE_BEGIN|[1]|this|LabTools.Repository|true|false
14:07:36.0 (11532032)|VARIABLE_ASSIGNMENT|[1]|this|{}|0x27be00e
14:07:36.0 (11545265)|HEAP_ALLOCATE|[33]|Bytes:5
14:07:36.0 (11571584)|STATEMENT_EXECUTE|[1]
14:07:36.0 (11580238)|HEAP_ALLOCATE|[33]|Bytes:5
14:07:36.0 (11597841)|CONSTRUCTOR_EXIT|[44]|01p3600000AqZfY|<init>()
14:07:36.0 (11618906)|VARIABLE_ASSIGNMENT|[44]|this.repository|0x27be00e|0x3f68fad8
14:07:36.0 (11627464)|SYSTEM_MODE_EXIT|false
14:07:36.0 (11653076)|METHOD_EXIT|[11]||System.Type.newInstance()
14:07:36.0 (11672706)|VARIABLE_ASSIGNMENT|[11]|this.schedulable|0x3f68fad8|0x17ac57f2
14:07:36.0 (11686432)|CONSTRUCTOR_EXIT|[12]|01p3600000DIHiU|<init>()
14:07:36.0 (11693169)|VARIABLE_SCOPE_BEGIN|[12]|schedule|LabTools.JobRunnerSchedule|true|false
14:07:36.0 (11723139)|VARIABLE_ASSIGNMENT|[12]|schedule|{"schedulable":"0x3f68fad8"}|0x17ac57f2
14:07:36.0 (11728490)|STATEMENT_EXECUTE|[13]
14:07:36.0 (11743365)|METHOD_ENTRY|[13]||System.Test.stopTest()
14:07:36.0 (14848064)|METHOD_EXIT|[13]||System.Test.stopTest()
14:07:36.0 (14857543)|STATEMENT_EXECUTE|[15]
14:07:36.0 (14933969)|ENTERING_MANAGED_PKG|
14:07:36.14 (14989502)|CUMULATIVE_LIMIT_USAGE
14:07:36.14 (14989502)|LIMIT_USAGE_FOR_NS|(default)|
  Number of SOQL queries: 0 out of 100
  Number of query rows: 0 out of 50000
  Number of SOSL queries: 0 out of 20
  Number of DML statements: 0 out of 150
  Number of DML rows: 0 out of 10000
  Maximum CPU time: 0 out of 10000
  Maximum heap size: 0 out of 6000000
  Number of callouts: 0 out of 100
  Number of Email Invocations: 0 out of 10
  Number of future calls: 0 out of 50
  Number of queueable jobs added to the queue: 0 out of 50
  Number of Mobile Apex push calls: 0 out of 10

14:07:36.14 (14989502)|TESTING_LIMITS
14:07:36.14 (14989502)|LIMIT_USAGE_FOR_NS|(default)|
  Number of SOQL queries: 0 out of 100
  Number of query rows: 0 out of 50000
  Number of SOSL queries: 0 out of 20
  Number of DML statements: 0 out of 150
  Number of DML rows: 0 out of 10000
  Maximum CPU time: 0 out of 10000
  Maximum heap size: 0 out of 6000000
  Number of callouts: 0 out of 100
  Number of Email Invocations: 0 out of 10
  Number of future calls: 0 out of 50
  Number of queueable jobs added to the queue: 0 out of 50
  Number of Mobile Apex push calls: 0 out of 10

14:07:36.14 (14989502)|CUMULATIVE_LIMIT_USAGE_END

14:07:36.0 (15051553)|CODE_UNIT_FINISHED|JobRunnerSchedule_Tests.WhenConstructing_ShouldNotFail
14:07:36.0 (16214109)|EXECUTION_FINISHED
14:07:36.45 (45224086)|EXECUTION_STARTED
14:07:36.45 (45237470)|CODE_UNIT_STARTED|[EXTERNAL]|01p3600000DIHwj|JobRunnerSchedule_Tests.WhenExecuting_ShouldExecuteSchedulableOnce
14:07:36.45 (45371977)|HEAP_ALLOCATE|[72]|Bytes:3
14:07:36.45 (45412230)|HEAP_ALLOCATE|[77]|Bytes:152
14:07:36.45 (45449592)|HEAP_ALLOCATE|[342]|Bytes:408
14:07:36.45 (45474860)|HEAP_ALLOCATE|[355]|Bytes:408
14:07:36.45 (45496508)|HEAP_ALLOCATE|[467]|Bytes:48
14:07:36.45 (45529108)|HEAP_ALLOCATE|[139]|Bytes:6
14:07:36.45 (45553132)|HEAP_ALLOCATE|[EXTERNAL]|Bytes:15
14:07:36.45 (45558007)|HEAP_ALLOCATE|[EXTERNAL]|Bytes:29
14:07:36.45 (45575808)|METHOD_ENTRY|[2]|01p3600000DIHwj|JobRunnerSchedule_Tests.JobRunnerSchedule_Tests()
14:07:36.45 (45580798)|STATEMENT_EXECUTE|[2]
14:07:36.45 (45586199)|STATEMENT_EXECUTE|[2]
14:07:36.45 (45587629)|STATEMENT_EXECUTE|[32]
14:07:36.45 (45594820)|METHOD_EXIT|[2]|JobRunnerSchedule_Tests
14:07:36.45 (45617469)|HEAP_ALLOCATE|[50]|Bytes:5
14:07:36.45 (45637550)|HEAP_ALLOCATE|[56]|Bytes:5
14:07:36.45 (45646690)|HEAP_ALLOCATE|[64]|Bytes:7
14:07:36.45 (45677119)|STATEMENT_EXECUTE|[20]
14:07:36.45 (45679593)|STATEMENT_EXECUTE|[21]
14:07:36.45 (46377276)|HEAP_ALLOCATE|[21]|Bytes:2
14:07:36.45 (46399726)|HEAP_ALLOCATE|[21]|Bytes:8
14:07:36.45 (46427977)|CONSTRUCTOR_ENTRY|[21]|01p3600000DIHwj|<init>()
14:07:36.45 (46454954)|VARIABLE_SCOPE_BEGIN|[32]|this|LabTools.JobRunnerSchedule_Tests.TestSchedulable|true|false
14:07:36.45 (46492588)|VARIABLE_ASSIGNMENT|[32]|this|{}|0x918944d
14:07:36.45 (46504211)|HEAP_ALLOCATE|[33]|Bytes:6
14:07:36.45 (46527485)|STATEMENT_EXECUTE|[32]
14:07:36.45 (46529769)|STATEMENT_EXECUTE|[33]
14:07:36.45 (46535303)|HEAP_ALLOCATE|[33]|Bytes:4
14:07:36.45 (46544531)|VARIABLE_ASSIGNMENT|[33]|this.ExecuteCount|0|0x918944d
14:07:36.45 (46554318)|CONSTRUCTOR_EXIT|[21]|01p3600000DIHwj|<init>()
14:07:36.45 (46558444)|VARIABLE_SCOPE_BEGIN|[21]|schedulable|LabTools.JobRunnerSchedule_Tests.TestSchedulable|true|false
14:07:36.45 (46581278)|VARIABLE_ASSIGNMENT|[21]|schedulable|{"ExecuteCount":0}|0x918944d
14:07:36.45 (46585111)|STATEMENT_EXECUTE|[22]
14:07:36.45 (46597910)|HEAP_ALLOCATE|[22]|Bytes:7
14:07:36.45 (46610854)|METHOD_ENTRY|[4]|01p3600000DIHiU|JobRunnerSchedule.JobRunnerSchedule()
14:07:36.45 (46614641)|STATEMENT_EXECUTE|[4]
14:07:36.45 (46618665)|STATEMENT_EXECUTE|[4]
14:07:36.45 (46624872)|METHOD_EXIT|[4]|JobRunnerSchedule
14:07:36.45 (46630947)|HEAP_ALLOCATE|[22]|Bytes:8
14:07:36.45 (46646973)|CONSTRUCTOR_ENTRY|[22]|01p3600000DIHiU|<init>(LabTools.ISchedulable)
14:07:36.45 (46671498)|VARIABLE_SCOPE_BEGIN|[14]|this|LabTools.JobRunnerSchedule|true|false
14:07:36.45 (46687207)|VARIABLE_ASSIGNMENT|[14]|this|{}|0xdbd8da6
14:07:36.45 (46691176)|VARIABLE_SCOPE_BEGIN|[14]|s|LabTools.ISchedulable|true|false
14:07:36.45 (46702913)|VARIABLE_ASSIGNMENT|[14]|s|{"ExecuteCount":0}|0x918944d
14:07:36.45 (46708704)|STATEMENT_EXECUTE|[4]
14:07:36.45 (46710046)|STATEMENT_EXECUTE|[19]
14:07:36.45 (46722666)|STATEMENT_EXECUTE|[15]
14:07:36.45 (46724305)|STATEMENT_EXECUTE|[16]
14:07:36.45 (46730526)|VARIABLE_ASSIGNMENT|[16]|this.schedulable|0x918944d|0xdbd8da6
14:07:36.45 (46740767)|CONSTRUCTOR_EXIT|[22]|01p3600000DIHiU|<init>(LabTools.ISchedulable)
14:07:36.45 (46744594)|VARIABLE_SCOPE_BEGIN|[22]|schedule|LabTools.JobRunnerSchedule|true|false
14:07:36.45 (46760310)|VARIABLE_ASSIGNMENT|[22]|schedule|{"schedulable":"0x918944d"}|0xdbd8da6
14:07:36.45 (46763551)|STATEMENT_EXECUTE|[24]
14:07:36.45 (46776222)|HEAP_ALLOCATE|[24]|Bytes:57
14:07:36.45 (46788086)|SYSTEM_METHOD_ENTRY|[1]|Test.Test()
14:07:36.45 (46791231)|STATEMENT_EXECUTE|[1]
14:07:36.45 (46801174)|SYSTEM_METHOD_EXIT|[1]|Test
14:07:36.45 (46809093)|METHOD_ENTRY|[24]||System.Test.startTest()
14:07:36.45 (48748708)|METHOD_EXIT|[24]||System.Test.startTest()
14:07:36.45 (48755878)|STATEMENT_EXECUTE|[25]
14:07:36.45 (48816564)|METHOD_ENTRY|[25]|01p3600000DIHiU|LabTools.JobRunnerSchedule.execute(System.SchedulableContext)
14:07:36.45 (48845407)|VARIABLE_SCOPE_BEGIN|[6]|this|LabTools.JobRunnerSchedule|true|false
14:07:36.45 (48864758)|VARIABLE_ASSIGNMENT|[6]|this|{"schedulable":"0x918944d"}|0xdbd8da6
14:07:36.45 (48869567)|VARIABLE_SCOPE_BEGIN|[6]|sc|System.SchedulableContext|true|false
14:07:36.45 (48874269)|VARIABLE_ASSIGNMENT|[6]|sc|null|
14:07:36.45 (48886186)|STATEMENT_EXECUTE|[6]
14:07:36.45 (48887948)|STATEMENT_EXECUTE|[7]
14:07:36.45 (48911819)|METHOD_ENTRY|[7]|01p3600000DIHwj|LabTools.JobRunnerSchedule_Tests.TestSchedulable.execute()
14:07:36.45 (48937012)|VARIABLE_SCOPE_BEGIN|[35]|this|LabTools.JobRunnerSchedule_Tests.TestSchedulable|true|false
14:07:36.45 (48954192)|VARIABLE_ASSIGNMENT|[35]|this|{"ExecuteCount":0}|0x918944d
14:07:36.45 (48972486)|STATEMENT_EXECUTE|[35]
14:07:36.45 (48974367)|STATEMENT_EXECUTE|[36]
14:07:36.45 (48981718)|HEAP_ALLOCATE|[36]|Bytes:4
14:07:36.45 (48991441)|VARIABLE_ASSIGNMENT|[36]|this.ExecuteCount|1|0x918944d
14:07:36.45 (48997526)|METHOD_EXIT|[7]|01p3600000DIHwj|LabTools.JobRunnerSchedule_Tests.TestSchedulable.execute()
14:07:36.45 (49003738)|METHOD_EXIT|[25]|01p3600000DIHiU|LabTools.JobRunnerSchedule.execute(System.SchedulableContext)
14:07:36.45 (49007357)|STATEMENT_EXECUTE|[26]
14:07:36.45 (49015258)|METHOD_ENTRY|[26]||System.Test.stopTest()
14:07:36.45 (51310726)|METHOD_EXIT|[26]||System.Test.stopTest()
14:07:36.45 (51320442)|STATEMENT_EXECUTE|[28]
14:07:36.45 (51347986)|ENTERING_MANAGED_PKG|
14:07:36.51 (51402942)|CUMULATIVE_LIMIT_USAGE
14:07:36.51 (51402942)|LIMIT_USAGE_FOR_NS|(default)|
  Number of SOQL queries: 0 out of 100
  Number of query rows: 0 out of 50000
  Number of SOSL queries: 0 out of 20
  Number of DML statements: 0 out of 150
  Number of DML rows: 0 out of 10000
  Maximum CPU time: 0 out of 10000
  Maximum heap size: 0 out of 6000000
  Number of callouts: 0 out of 100
  Number of Email Invocations: 0 out of 10
  Number of future calls: 0 out of 50
  Number of queueable jobs added to the queue: 0 out of 50
  Number of Mobile Apex push calls: 0 out of 10

14:07:36.51 (51402942)|TESTING_LIMITS
14:07:36.51 (51402942)|LIMIT_USAGE_FOR_NS|(default)|
  Number of SOQL queries: 0 out of 100
  Number of query rows: 0 out of 50000
  Number of SOSL queries: 0 out of 20
  Number of DML statements: 0 out of 150
  Number of DML rows: 0 out of 10000
  Maximum CPU time: 0 out of 10000
  Maximum heap size: 0 out of 6000000
  Number of callouts: 0 out of 100
  Number of Email Invocations: 0 out of 10
  Number of future calls: 0 out of 50
  Number of queueable jobs added to the queue: 0 out of 50
  Number of Mobile Apex push calls: 0 out of 10

14:07:36.51 (51402942)|CUMULATIVE_LIMIT_USAGE_END

14:07:36.45 (51446326)|CODE_UNIT_FINISHED|JobRunnerSchedule_Tests.WhenExecuting_ShouldExecuteSchedulableOnce
14:07:36.45 (52730463)|EXECUTION_FINISHED
