34.0 APEX_CODE,DEBUG;APEX_PROFILING,INFO;CALLOUT,INFO;DB,INFO;SYSTEM,DEBUG;VALIDATION,INFO;VISUALFORCE,DEBUG;WORKFLOW,INFO
Execute Anonymous: System.debug(HeartbeatJob.class.getName());
11:37:59.14 (14322821)|EXECUTION_STARTED
11:37:59.14 (14338652)|CODE_UNIT_STARTED|[EXTERNAL]|execute_anonymous_apex
11:37:59.14 (16425916)|SYSTEM_MODE_ENTER|false
11:37:59.14 (16515362)|SYSTEM_MODE_EXIT|false
11:37:59.14 (16554601)|ENTERING_MANAGED_PKG|
11:37:59.14 (16561308)|USER_DEBUG|[1]|DEBUG|LabTools.HeartbeatJob
11:37:59.16 (16608154)|CUMULATIVE_LIMIT_USAGE
11:37:59.16 (16608154)|LIMIT_USAGE_FOR_NS|(default)|
  Number of SOQL queries: 0 out of 100
  Number of query rows: 0 out of 50000
  Number of SOSL queries: 0 out of 20
  Number of DML statements: 0 out of 150
  Number of DML rows: 0 out of 10000
  Maximum CPU time: 0 out of 10000
  Maximum heap size: 0 out of 6000000
  Number of callouts: 0 out of 100
  Number of Email Invocations: 0 out of 10
  Number of future calls: 0 out of 50
  Number of queueable jobs added to the queue: 0 out of 50
  Number of Mobile Apex push calls: 0 out of 10

11:37:59.16 (16608154)|CUMULATIVE_LIMIT_USAGE_END

11:37:59.14 (16646413)|CODE_UNIT_FINISHED|execute_anonymous_apex
11:37:59.14 (17701553)|EXECUTION_FINISHED
