34.0 APEX_CODE,DEBUG;APEX_PROFILING,INFO;CALLOUT,INFO;DB,INFO;SYSTEM,DEBUG;VALIDATION,INFO;VISUALFORCE,DEBUG;WORKFLOW,INFO
14:27:59.40 (40178442)|EXECUTION_STARTED
14:27:59.40 (40222852)|CODE_UNIT_STARTED|[EXTERNAL]|01p3600000DHL7Q|JobRunner_Tests.WhenIntegrating_ShouldNotFailRun
14:27:59.40 (41277188)|DML_BEGIN|[27]|Op:Insert|Type:LabTools__Runner__c|Rows:1
14:27:59.40 (73866085)|DML_END|[27]
14:27:59.40 (74193028)|ENTERING_MANAGED_PKG|
14:27:59.40 (75680493)|ENTERING_MANAGED_PKG|
14:27:59.40 (75821821)|DML_BEGIN|[34]|Op:Insert|Type:LabTools__Job__c|Rows:1
14:27:59.40 (110811397)|DML_END|[34]
14:27:59.40 (113234914)|SYSTEM_MODE_ENTER|false
14:27:59.40 (113421646)|SYSTEM_MODE_EXIT|false
14:27:59.40 (113965003)|SYSTEM_MODE_ENTER|false
14:27:59.40 (114722862)|SYSTEM_MODE_EXIT|false
14:27:59.40 (117565828)|SYSTEM_MODE_ENTER|false
14:27:59.40 (118171990)|SOQL_EXECUTE_BEGIN|[6]|Aggregations:1|SELECT Name, LabTools__RecurrenceType__c, LabTools__RecurrenceRate__c, (SELECT Name, LabTools__Enabled__c FROM LabTools__Jobs__r) FROM LabTools__Runner__c WHERE (LabTools__StartOn__c <= :tmpVar1 AND (LabTools__NextRunOn__c = NULL OR LabTools__NextRunOn__c <= :tmpVar2)) ORDER BY LabTools__NextRunOn__c DESC NULLS FIRST LIMIT 5
14:27:59.40 (124312260)|SOQL_EXECUTE_END|[6]|Rows:1
14:27:59.40 (124564783)|ENTERING_MANAGED_PKG|
14:27:59.40 (126790219)|ENTERING_MANAGED_PKG|
14:27:59.40 (152123386)|DML_BEGIN|[18]|Op:Update|Type:LabTools__Runner__c|Rows:1
14:27:59.40 (170740438)|DML_END|[18]
14:27:59.40 (170792107)|SYSTEM_MODE_EXIT|false
14:27:59.40 (183210580)|SYSTEM_MODE_ENTER|false
14:27:59.40 (183248970)|ENTERING_MANAGED_PKG|
14:27:59.40 (183297462)|USER_DEBUG|[4]|DEBUG|Heartbeat Job Started
14:27:59.40 (183337128)|ENTERING_MANAGED_PKG|
14:27:59.40 (183551842)|SOQL_EXECUTE_BEGIN|[5]|Aggregations:0|SELECT Id FROM LabTools__Job__c
14:27:59.40 (213696119)|SOQL_EXECUTE_END|[5]|Rows:1
14:27:59.40 (213771836)|SYSTEM_MODE_EXIT|false
14:27:59.230 (230424050)|CUMULATIVE_LIMIT_USAGE
14:27:59.230 (230424050)|LIMIT_USAGE_FOR_NS|(default)|
  Number of SOQL queries: 0 out of 200
  Number of query rows: 0 out of 50000
  Number of SOSL queries: 0 out of 20
  Number of DML statements: 0 out of 150
  Number of DML rows: 0 out of 10000
  Maximum CPU time: 0 out of 60000
  Maximum heap size: 0 out of 12000000
  Number of callouts: 0 out of 100
  Number of Email Invocations: 0 out of 10
  Number of future calls: 0 out of 0
  Number of queueable jobs added to the queue: 0 out of 1
  Number of Mobile Apex push calls: 0 out of 10

14:27:59.230 (230424050)|CUMULATIVE_LIMIT_USAGE_END

14:27:59.40 (230484739)|CODE_UNIT_FINISHED|LabTools.JobWrapper
14:27:59.40 (233147434)|CODE_UNIT_STARTED|[EXTERNAL]|01p3600000DIJMr|LabTools.JobWrapper
14:27:59.40 (249100047)|CODE_UNIT_STARTED|[EXTERNAL]|01p3600000DIJMr|LabTools.JobWrapper
14:27:59.40 (250591101)|SYSTEM_MODE_ENTER|false
14:27:59.40 (250628157)|ENTERING_MANAGED_PKG|
14:27:59.40 (250655376)|USER_DEBUG|[9]|DEBUG|Heartbeat Job Executing
14:27:59.40 (250680883)|ENTERING_MANAGED_PKG|
14:27:59.40 (250728696)|ENTERING_MANAGED_PKG|
14:27:59.40 (250758602)|ENTERING_MANAGED_PKG|
14:27:59.40 (250762573)|USER_DEBUG|[10]|DEBUG|Heartbeat Job - Number of Jobs: 1
14:27:59.40 (250771611)|SYSTEM_MODE_EXIT|false
14:27:59.40 (250794913)|CODE_UNIT_FINISHED|LabTools.JobWrapper
14:27:59.270 (270076643)|CUMULATIVE_LIMIT_USAGE
14:27:59.270 (270076643)|LIMIT_USAGE_FOR_NS|(default)|
  Number of SOQL queries: 0 out of 200
  Number of query rows: 0 out of 50000
  Number of SOSL queries: 0 out of 20
  Number of DML statements: 0 out of 150
  Number of DML rows: 0 out of 10000
  Maximum CPU time: 0 out of 60000
  Maximum heap size: 0 out of 12000000
  Number of callouts: 0 out of 100
  Number of Email Invocations: 0 out of 10
  Number of future calls: 0 out of 0
  Number of queueable jobs added to the queue: 0 out of 1
  Number of Mobile Apex push calls: 0 out of 10

14:27:59.270 (270076643)|CUMULATIVE_LIMIT_USAGE_END

14:27:59.40 (270150374)|CODE_UNIT_FINISHED|LabTools.JobWrapper
14:27:59.40 (272590803)|CODE_UNIT_STARTED|[EXTERNAL]|01p3600000DIJMr|LabTools.JobWrapper
14:27:59.284 (284668279)|CUMULATIVE_LIMIT_USAGE
14:27:59.284 (284668279)|LIMIT_USAGE_FOR_NS|(default)|
  Number of SOQL queries: 0 out of 200
  Number of query rows: 0 out of 50000
  Number of SOSL queries: 0 out of 20
  Number of DML statements: 0 out of 150
  Number of DML rows: 0 out of 10000
  Maximum CPU time: 0 out of 60000
  Maximum heap size: 0 out of 12000000
  Number of callouts: 0 out of 100
  Number of Email Invocations: 0 out of 10
  Number of future calls: 0 out of 0
  Number of queueable jobs added to the queue: 0 out of 1
  Number of Mobile Apex push calls: 0 out of 10

14:27:59.284 (284668279)|CUMULATIVE_LIMIT_USAGE_END

14:27:59.40 (284716761)|CODE_UNIT_FINISHED|LabTools.JobWrapper
14:27:59.286 (286728523)|CUMULATIVE_LIMIT_USAGE
14:27:59.286 (286728523)|LIMIT_USAGE_FOR_NS|(default)|
  Number of SOQL queries: 0 out of 100
  Number of query rows: 0 out of 50000
  Number of SOSL queries: 0 out of 20
  Number of DML statements: 0 out of 150
  Number of DML rows: 0 out of 10000
  Maximum CPU time: 0 out of 10000
  Maximum heap size: 0 out of 6000000
  Number of callouts: 0 out of 100
  Number of Email Invocations: 0 out of 10
  Number of future calls: 0 out of 50
  Number of queueable jobs added to the queue: 0 out of 50
  Number of Mobile Apex push calls: 0 out of 10

14:27:59.286 (286728523)|LIMIT_USAGE_FOR_NS|LabTools|
  Number of SOQL queries: 0 out of 100
  Number of query rows: 0 out of 50000
  Number of SOSL queries: 0 out of 20
  Number of DML statements: 2 out of 150
  Number of DML rows: 2 out of 10000
  Maximum CPU time: 0 out of 10000
  Maximum heap size: 0 out of 6000000
  Number of callouts: 0 out of 100
  Number of Email Invocations: 0 out of 10
  Number of future calls: 0 out of 50
  Number of queueable jobs added to the queue: 0 out of 50
  Number of Mobile Apex push calls: 0 out of 10

14:27:59.286 (286728523)|TESTING_LIMITS
14:27:59.286 (286728523)|LIMIT_USAGE_FOR_NS|(default)|
  Number of SOQL queries: 0 out of 100
  Number of query rows: 0 out of 50000
  Number of SOSL queries: 0 out of 20
  Number of DML statements: 0 out of 150
  Number of DML rows: 0 out of 10000
  Maximum CPU time: 0 out of 10000
  Maximum heap size: 0 out of 6000000
  Number of callouts: 0 out of 100
  Number of Email Invocations: 0 out of 10
  Number of future calls: 0 out of 50
  Number of queueable jobs added to the queue: 0 out of 50
  Number of Mobile Apex push calls: 0 out of 10

14:27:59.286 (286728523)|LIMIT_USAGE_FOR_NS|LabTools|
  Number of SOQL queries: 1 out of 100
  Number of query rows: 2 out of 50000
  Number of SOSL queries: 0 out of 20
  Number of DML statements: 1 out of 150
  Number of DML rows: 1 out of 10000
  Maximum CPU time: 0 out of 10000
  Maximum heap size: 0 out of 6000000
  Number of callouts: 0 out of 100
  Number of Email Invocations: 0 out of 10
  Number of future calls: 0 out of 50
  Number of queueable jobs added to the queue: 0 out of 50
  Number of Mobile Apex push calls: 0 out of 10

14:27:59.286 (286728523)|CUMULATIVE_LIMIT_USAGE_END

14:27:59.40 (286778028)|CODE_UNIT_FINISHED|JobRunner_Tests.WhenIntegrating_ShouldNotFailRun
14:27:59.40 (287805000)|EXECUTION_FINISHED
14:27:59.353 (353427436)|EXECUTION_STARTED
14:27:59.353 (353447284)|CODE_UNIT_STARTED|[EXTERNAL]|01p3600000DHL7Q|JobRunner_Tests.WhenUsingDays_ShouldSetNextRunInDays
14:27:59.353 (355883083)|SYSTEM_MODE_ENTER|false
14:27:59.353 (355893543)|SYSTEM_MODE_EXIT|false
14:27:59.353 (355955508)|SYSTEM_MODE_ENTER|false
14:27:59.353 (355972808)|SYSTEM_MODE_EXIT|false
14:27:59.353 (359125214)|SYSTEM_MODE_ENTER|false
14:27:59.353 (359714912)|SOQL_EXECUTE_BEGIN|[6]|Aggregations:1|SELECT Name, LabTools__RecurrenceType__c, LabTools__RecurrenceRate__c, (SELECT Name, LabTools__Enabled__c FROM LabTools__Jobs__r) FROM LabTools__Runner__c WHERE (LabTools__StartOn__c <= :tmpVar1 AND (LabTools__NextRunOn__c = NULL OR LabTools__NextRunOn__c <= :tmpVar2)) ORDER BY LabTools__NextRunOn__c DESC NULLS FIRST LIMIT 5
14:27:59.353 (361288618)|SOQL_EXECUTE_END|[6]|Rows:0
14:27:59.353 (361394005)|ENTERING_MANAGED_PKG|
14:27:59.353 (361512012)|ENTERING_MANAGED_PKG|
14:27:59.353 (361913113)|SYSTEM_MODE_EXIT|false
14:27:59.353 (364583964)|ENTERING_MANAGED_PKG|
14:27:59.353 (364632755)|ENTERING_MANAGED_PKG|
14:27:59.353 (364662480)|ENTERING_MANAGED_PKG|
14:27:59.353 (364687415)|ENTERING_MANAGED_PKG|
14:27:59.364 (364709254)|CUMULATIVE_LIMIT_USAGE
14:27:59.364 (364709254)|LIMIT_USAGE_FOR_NS|(default)|
  Number of SOQL queries: 0 out of 100
  Number of query rows: 0 out of 50000
  Number of SOSL queries: 0 out of 20
  Number of DML statements: 0 out of 150
  Number of DML rows: 0 out of 10000
  Maximum CPU time: 0 out of 10000
  Maximum heap size: 0 out of 6000000
  Number of callouts: 0 out of 100
  Number of Email Invocations: 0 out of 10
  Number of future calls: 0 out of 50
  Number of queueable jobs added to the queue: 0 out of 50
  Number of Mobile Apex push calls: 0 out of 10

14:27:59.364 (364709254)|TESTING_LIMITS
14:27:59.364 (364709254)|LIMIT_USAGE_FOR_NS|(default)|
  Number of SOQL queries: 0 out of 100
  Number of query rows: 0 out of 50000
  Number of SOSL queries: 0 out of 20
  Number of DML statements: 0 out of 150
  Number of DML rows: 0 out of 10000
  Maximum CPU time: 0 out of 10000
  Maximum heap size: 0 out of 6000000
  Number of callouts: 0 out of 100
  Number of Email Invocations: 0 out of 10
  Number of future calls: 0 out of 50
  Number of queueable jobs added to the queue: 0 out of 50
  Number of Mobile Apex push calls: 0 out of 10

14:27:59.364 (364709254)|LIMIT_USAGE_FOR_NS|LabTools|
  Number of SOQL queries: 1 out of 100
  Number of query rows: 0 out of 50000
  Number of SOSL queries: 0 out of 20
  Number of DML statements: 0 out of 150
  Number of DML rows: 0 out of 10000
  Maximum CPU time: 0 out of 10000
  Maximum heap size: 0 out of 6000000
  Number of callouts: 0 out of 100
  Number of Email Invocations: 0 out of 10
  Number of future calls: 0 out of 50
  Number of queueable jobs added to the queue: 0 out of 50
  Number of Mobile Apex push calls: 0 out of 10

14:27:59.364 (364709254)|CUMULATIVE_LIMIT_USAGE_END

14:27:59.353 (364767199)|CODE_UNIT_FINISHED|JobRunner_Tests.WhenUsingDays_ShouldSetNextRunInDays
14:27:59.353 (365834360)|EXECUTION_FINISHED
