34.0 APEX_CODE,FINEST;APEX_PROFILING,DEBUG;CALLOUT,DEBUG;DB,DEBUG;SYSTEM,DEBUG;VALIDATION,DEBUG;VISUALFORCE,DEBUG;WORKFLOW,DEBUG
14:01:18.0 (52142)|EXECUTION_STARTED
14:01:18.0 (95301)|CODE_UNIT_STARTED|[EXTERNAL]|01p3600000DHDD5|HttpClient_Tests.WhenMakingFutureRequest_ShouldHandleResponse
14:01:18.0 (204388)|VARIABLE_SCOPE_BEGIN|[43]|HttpClient_Tests.TestResponseHandlerCalled|Integer|false|true
14:01:18.0 (376191)|HEAP_ALLOCATE|[72]|Bytes:3
14:01:18.0 (477496)|HEAP_ALLOCATE|[77]|Bytes:152
14:01:18.0 (502856)|HEAP_ALLOCATE|[342]|Bytes:408
14:01:18.0 (524987)|HEAP_ALLOCATE|[355]|Bytes:408
14:01:18.0 (549593)|HEAP_ALLOCATE|[467]|Bytes:48
14:01:18.0 (578779)|HEAP_ALLOCATE|[139]|Bytes:6
14:01:18.0 (668261)|HEAP_ALLOCATE|[EXTERNAL]|Bytes:41
14:01:18.0 (675403)|HEAP_ALLOCATE|[EXTERNAL]|Bytes:57
14:01:18.0 (688162)|METHOD_ENTRY|[2]|01p3600000DHDD5|HttpClient_Tests.HttpClient_Tests()
14:01:18.0 (691537)|STATEMENT_EXECUTE|[2]
14:01:18.0 (698179)|STATEMENT_EXECUTE|[2]
14:01:18.0 (700111)|STATEMENT_EXECUTE|[43]
14:01:18.0 (707960)|HEAP_ALLOCATE|[43]|Bytes:4
14:01:18.0 (745801)|VARIABLE_ASSIGNMENT|[43]|HttpClient_Tests.TestResponseHandlerCalled|0
14:01:18.0 (749640)|STATEMENT_EXECUTE|[44]
14:01:18.0 (750984)|STATEMENT_EXECUTE|[54]
14:01:18.0 (758667)|METHOD_EXIT|[2]|HttpClient_Tests
14:01:18.0 (794047)|HEAP_ALLOCATE|[50]|Bytes:5
14:01:18.0 (811589)|HEAP_ALLOCATE|[56]|Bytes:5
14:01:18.0 (820688)|HEAP_ALLOCATE|[64]|Bytes:7
14:01:18.0 (853621)|STATEMENT_EXECUTE|[27]
14:01:18.0 (856149)|STATEMENT_EXECUTE|[28]
14:01:18.0 (2443777)|HEAP_ALLOCATE|[28]|Bytes:6
14:01:18.0 (2453387)|HEAP_ALLOCATE|[28]|Bytes:2
14:01:18.0 (2473824)|METHOD_ENTRY|[1]|01p3600000DHD0N|HttpClient.HttpClient()
14:01:18.0 (2477577)|STATEMENT_EXECUTE|[1]
14:01:18.0 (2487229)|STATEMENT_EXECUTE|[1]
14:01:18.0 (3753100)|SYSTEM_MODE_ENTER|false
14:01:18.0 (3775381)|HEAP_ALLOCATE|[28]|Bytes:5
14:01:18.0 (3784059)|SYSTEM_MODE_EXIT|false
14:01:18.0 (3795321)|METHOD_EXIT|[1]|HttpClient
14:01:18.0 (3810417)|HEAP_ALLOCATE|[28]|Bytes:4
14:01:18.0 (3826043)|CONSTRUCTOR_ENTRY|[28]|01p3600000DHD0N|<init>()
14:01:18.0 (3854657)|VARIABLE_SCOPE_BEGIN|[1]|this|LabTools.HttpClient|true|false
14:01:18.0 (3873053)|VARIABLE_ASSIGNMENT|[1]|this|{}|0x3abab45e
14:01:18.0 (3881167)|SYSTEM_MODE_ENTER|false
14:01:18.0 (3886019)|HEAP_ALLOCATE|[EXTERNAL]|Bytes:5
14:01:18.0 (3895138)|HEAP_ALLOCATE|[EXTERNAL]|Bytes:6
14:01:18.0 (3916478)|SYSTEM_MODE_EXIT|false
14:01:18.0 (3920094)|STATEMENT_EXECUTE|[1]
14:01:18.0 (3923736)|SYSTEM_MODE_ENTER|false
14:01:18.0 (3926989)|HEAP_ALLOCATE|[EXTERNAL]|Bytes:5
14:01:18.0 (3930286)|SYSTEM_MODE_EXIT|false
14:01:18.0 (3939801)|CONSTRUCTOR_EXIT|[28]|01p3600000DHD0N|<init>()
14:01:18.0 (3944521)|VARIABLE_SCOPE_BEGIN|[28]|client|LabTools.HttpClient|true|false
14:01:18.0 (3957524)|VARIABLE_ASSIGNMENT|[28]|client|{}|0x3abab45e
14:01:18.0 (3960190)|STATEMENT_EXECUTE|[29]
14:01:18.0 (4648205)|HEAP_ALLOCATE|[29]|Bytes:4
14:01:18.0 (4673246)|METHOD_ENTRY|[1]|01p3600000DHD0S|FutureRequest.FutureRequest()
14:01:18.0 (4677238)|STATEMENT_EXECUTE|[1]
14:01:18.0 (4682187)|STATEMENT_EXECUTE|[1]
14:01:18.0 (4688546)|SYSTEM_MODE_ENTER|false
14:01:18.0 (4693467)|HEAP_ALLOCATE|[29]|Bytes:5
14:01:18.0 (4697965)|SYSTEM_MODE_EXIT|false
14:01:18.0 (4705500)|METHOD_EXIT|[1]|FutureRequest
14:01:18.0 (4721910)|HEAP_ALLOCATE|[29]|Bytes:16
14:01:18.0 (4732383)|CONSTRUCTOR_ENTRY|[29]|01p3600000DHD0S|<init>()
14:01:18.0 (4757457)|VARIABLE_SCOPE_BEGIN|[1]|this|LabTools.FutureRequest|true|false
14:01:18.0 (4780765)|VARIABLE_ASSIGNMENT|[1]|this|{}|0x6041a89e
14:01:18.0 (4788214)|SYSTEM_MODE_ENTER|false
14:01:18.0 (4792826)|HEAP_ALLOCATE|[EXTERNAL]|Bytes:5
14:01:18.0 (4812044)|SYSTEM_MODE_EXIT|false
14:01:18.0 (4817205)|STATEMENT_EXECUTE|[1]
14:01:18.0 (4823470)|SYSTEM_MODE_ENTER|false
14:01:18.0 (4828893)|HEAP_ALLOCATE|[EXTERNAL]|Bytes:5
14:01:18.0 (4833709)|STATEMENT_EXECUTE|[2]
14:01:18.0 (4836802)|STATEMENT_EXECUTE|[3]
14:01:18.0 (4839057)|STATEMENT_EXECUTE|[4]
14:01:18.0 (4843252)|SYSTEM_MODE_EXIT|false
14:01:18.0 (4852006)|CONSTRUCTOR_EXIT|[29]|01p3600000DHD0S|<init>()
14:01:18.0 (4862456)|VARIABLE_SCOPE_BEGIN|[29]|request|LabTools.FutureRequest|true|false
14:01:18.0 (4881426)|VARIABLE_ASSIGNMENT|[29]|request|{}|0x6041a89e
14:01:18.0 (4886017)|STATEMENT_EXECUTE|[30]
14:01:18.0 (4891501)|HEAP_ALLOCATE|[30]|Bytes:21
14:01:18.0 (4928141)|METHOD_ENTRY|[30]|01p3600000DHD0S|LabTools.FutureRequest.Get(String)
14:01:18.0 (4958013)|VARIABLE_SCOPE_BEGIN|[15]|this|LabTools.FutureRequest|true|false
14:01:18.0 (4973868)|VARIABLE_ASSIGNMENT|[15]|this|{}|0x6041a89e
14:01:18.0 (4983669)|VARIABLE_SCOPE_BEGIN|[15]|url|String|false|false
14:01:18.0 (4995531)|VARIABLE_ASSIGNMENT|[15]|url|"http://www.google.co (1 more) ..."
14:01:18.0 (5012007)|SYSTEM_MODE_ENTER|false
14:01:18.0 (5018412)|HEAP_ALLOCATE|[16]|Bytes:5
14:01:18.0 (5022737)|STATEMENT_EXECUTE|[15]
14:01:18.0 (5024103)|STATEMENT_EXECUTE|[16]
14:01:18.0 (5040556)|VARIABLE_ASSIGNMENT|[16]|this.endpoint|"http://www.google.co (1 more) ..."|0x6041a89e
14:01:18.0 (5043600)|STATEMENT_EXECUTE|[17]
14:01:18.0 (5047018)|HEAP_ALLOCATE|[17]|Bytes:3
14:01:18.0 (5055870)|VARIABLE_ASSIGNMENT|[17]|this.method|"GET"|0x6041a89e
14:01:18.0 (5061875)|SYSTEM_MODE_EXIT|false
14:01:18.0 (5069972)|METHOD_EXIT|[30]|01p3600000DHD0S|LabTools.FutureRequest.Get(String)
14:01:18.0 (5073622)|STATEMENT_EXECUTE|[31]
14:01:18.0 (5077915)|HEAP_ALLOCATE|[31]|Bytes:45
14:01:18.0 (5659798)|HEAP_ALLOCATE|[31]|Bytes:24
14:01:18.0 (5674857)|SYSTEM_METHOD_ENTRY|[1]|Type.Type()
14:01:18.0 (5678214)|STATEMENT_EXECUTE|[1]
14:01:18.0 (5691227)|SYSTEM_METHOD_EXIT|[1]|Type
14:01:18.0 (5697027)|HEAP_ALLOCATE|[31]|Bytes:8
14:01:18.0 (5713724)|HEAP_ALLOCATE|[31]|Bytes:8
14:01:18.0 (5719598)|VARIABLE_SCOPE_BEGIN|[4]|this|System.Type|true|false
14:01:18.0 (5737842)|VARIABLE_ASSIGNMENT|[4]|this|{}|0x74d99090
14:01:18.0 (5741253)|VARIABLE_SCOPE_BEGIN|[4]|apextype|java:common.apex.runtime.ApexObjectType|true|false
14:01:18.0 (5851479)|VARIABLE_ASSIGNMENT|[4]|apextype|"LabTools.HttpClient_Tests.TestResponseHandler"|0x252a5809
14:01:18.0 (5892113)|HEAP_ALLOCATE|[31]|Bytes:8
14:01:18.0 (5917267)|METHOD_ENTRY|[31]|01p3600000DHD0S|LabTools.FutureRequest.SetHandler(System.Type)
14:01:18.0 (5950210)|VARIABLE_SCOPE_BEGIN|[6]|this|LabTools.FutureRequest|true|false
14:01:18.0 (5973162)|VARIABLE_ASSIGNMENT|[6]|this|{"endpoint":"http://www.google.co (1 more) ...","method":"GET"}|0x6041a89e
14:01:18.0 (5979413)|VARIABLE_SCOPE_BEGIN|[6]|type|System.Type|true|false
14:01:18.0 (5996079)|VARIABLE_ASSIGNMENT|[6]|type|{"aot":"0x252a5809"}|0x74d99090
14:01:18.0 (6011496)|SYSTEM_MODE_ENTER|false
14:01:18.0 (6017923)|HEAP_ALLOCATE|[7]|Bytes:5
14:01:18.0 (6022139)|STATEMENT_EXECUTE|[6]
14:01:18.0 (6023405)|STATEMENT_EXECUTE|[7]
14:01:18.0 (6036570)|METHOD_ENTRY|[7]||System.Type.newInstance()
14:01:18.0 (6697569)|STATEMENT_EXECUTE|[44]
14:01:18.0 (6720109)|METHOD_EXIT|[7]||System.Type.newInstance()
14:01:18.0 (6734554)|VARIABLE_SCOPE_BEGIN|[7]|obj|Object|false|false
14:01:18.0 (6752564)|VARIABLE_ASSIGNMENT|[7]|obj|{}
14:01:18.0 (6758721)|HEAP_ALLOCATE|[8]|Bytes:29
14:01:18.0 (6823142)|STATEMENT_EXECUTE|[8]
14:01:18.0 (6826843)|STATEMENT_EXECUTE|[12]
14:01:18.0 (6842308)|METHOD_ENTRY|[12]||System.Type.getName()
14:01:18.0 (6901865)|METHOD_EXIT|[12]||System.Type.getName()
14:01:18.0 (6919320)|VARIABLE_ASSIGNMENT|[12]|this.handler|"LabTools.HttpClient_ (25 more) ..."|0x6041a89e
14:01:18.0 (6925389)|SYSTEM_MODE_EXIT|false
14:01:18.0 (6932832)|METHOD_EXIT|[31]|01p3600000DHD0S|LabTools.FutureRequest.SetHandler(System.Type)
14:01:18.0 (6936353)|STATEMENT_EXECUTE|[33]
14:01:18.0 (6940388)|HEAP_ALLOCATE|[33]|Bytes:22
14:01:18.0 (7021154)|HEAP_ALLOCATE|[33]|Bytes:8
14:01:18.0 (7031974)|HEAP_ALLOCATE|[33]|Bytes:8
14:01:18.0 (7038214)|VARIABLE_SCOPE_BEGIN|[4]|this|System.Type|true|false
14:01:18.0 (7059518)|VARIABLE_ASSIGNMENT|[4]|this|{}|0x45da516e
14:01:18.0 (7067255)|VARIABLE_SCOPE_BEGIN|[4]|apextype|java:common.apex.runtime.ApexObjectType|true|false
14:01:18.0 (7104646)|VARIABLE_ASSIGNMENT|[4]|apextype|"System.HttpCalloutMock"|0x729e2c8e
14:01:18.0 (7138874)|HEAP_ALLOCATE|[33]|Bytes:8
14:01:18.0 (7670527)|HEAP_ALLOCATE|[33]|Bytes:2
14:01:18.0 (7688013)|HEAP_ALLOCATE|[33]|Bytes:4
14:01:18.0 (7718035)|CONSTRUCTOR_ENTRY|[33]|01p3600000DHDD5|<init>()
14:01:18.0 (7751985)|VARIABLE_SCOPE_BEGIN|[54]|this|LabTools.HttpClient_Tests.GoogleHttpCalloutMock|true|false
14:01:18.0 (7771175)|VARIABLE_ASSIGNMENT|[54]|this|{}|0x74a8041f
14:01:18.0 (7791105)|STATEMENT_EXECUTE|[54]
14:01:18.0 (7799863)|CONSTRUCTOR_EXIT|[33]|01p3600000DHDD5|<init>()
14:01:18.0 (7838355)|HEAP_ALLOCATE|[33]|Bytes:57
14:01:18.0 (7856997)|SYSTEM_METHOD_ENTRY|[1]|Test.Test()
14:01:18.0 (7860160)|STATEMENT_EXECUTE|[1]
14:01:18.0 (7871000)|SYSTEM_METHOD_EXIT|[1]|Test
14:01:18.0 (7884637)|METHOD_ENTRY|[33]||System.Test.setMock(System.Type, Object)
14:01:18.0 (8065986)|METHOD_EXIT|[33]||System.Test.setMock(System.Type, Object)
14:01:18.0 (8072600)|STATEMENT_EXECUTE|[35]
14:01:18.0 (8085089)|METHOD_ENTRY|[35]||System.Test.startTest()
14:01:18.0 (10519155)|METHOD_EXIT|[35]||System.Test.startTest()
14:01:18.0 (10527146)|STATEMENT_EXECUTE|[36]
14:01:18.0 (10563124)|METHOD_ENTRY|[36]|01p3600000DHD0N|LabTools.HttpClient.Future(LabTools.FutureRequest)
14:01:18.0 (10600883)|VARIABLE_SCOPE_BEGIN|[7]|this|LabTools.HttpClient|true|false
14:01:18.0 (10618133)|VARIABLE_ASSIGNMENT|[7]|this|{}|0x3abab45e
14:01:18.0 (10623446)|VARIABLE_SCOPE_BEGIN|[7]|request|LabTools.FutureRequest|true|false
14:01:18.0 (10646643)|VARIABLE_ASSIGNMENT|[7]|request|{"endpoint":"http://www.google.co (1 more) ...","handler":"LabTools.HttpClient_ (25 more) ...","method":"GET"}|0x6041a89e
14:01:18.0 (11362139)|SYSTEM_MODE_ENTER|false
14:01:18.0 (11371646)|HEAP_ALLOCATE|[8]|Bytes:5
14:01:18.0 (11377284)|STATEMENT_EXECUTE|[7]
14:01:18.0 (11385270)|STATEMENT_EXECUTE|[8]
14:01:18.0 (11390118)|HEAP_ALLOCATE|[8]|Bytes:19
14:01:18.0 (11393807)|HEAP_ALLOCATE|[8]|Bytes:9
14:01:18.0 (11443508)|HEAP_ALLOCATE|[8]|Bytes:4
14:01:18.0 (11504581)|ENTERING_MANAGED_PKG|
14:01:18.0 (11597344)|HEAP_ALLOCATE|[8]|Bytes:18
14:01:18.0 (11612868)|SYSTEM_METHOD_ENTRY|[1]|JSON.JSON()
14:01:18.0 (11616016)|STATEMENT_EXECUTE|[1]
14:01:18.0 (11630481)|SYSTEM_METHOD_EXIT|[1]|JSON
14:01:18.0 (11645121)|METHOD_ENTRY|[8]||System.JSON.serialize(Object)
14:01:18.0 (11754849)|METHOD_EXIT|[8]||System.JSON.serialize(Object)
14:01:18.0 (11776805)|HEAP_ALLOCATE|[8]|Bytes:4
14:01:18.0 (11794929)|ENTERING_MANAGED_PKG|
14:01:18.0 (11803048)|HEAP_ALLOCATE|[8]|Bytes:6
14:01:18.0 (11849483)|HEAP_ALLOCATE|[EXTERNAL]|Bytes:8
14:01:18.0 (11860809)|HEAP_ALLOCATE|[EXTERNAL]|Bytes:8
14:01:18.0 (11959296)|SYSTEM_MODE_EXIT|false
14:01:18.0 (11974385)|METHOD_EXIT|[36]|01p3600000DHD0N|LabTools.HttpClient.Future(LabTools.FutureRequest)
14:01:18.0 (11979492)|STATEMENT_EXECUTE|[37]
14:01:18.0 (11989216)|METHOD_ENTRY|[37]||System.Test.stopTest()
14:01:18.0 (16423579)|SYSTEM_MODE_ENTER|false
14:01:18.0 (16434428)|HEAP_ALLOCATE|[13]|Bytes:5
14:01:18.0 (16442547)|STATEMENT_EXECUTE|[12]
14:01:18.0 (16445202)|STATEMENT_EXECUTE|[13]
14:01:18.0 (16451628)|HEAP_ALLOCATE|[13]|Bytes:22
14:01:18.0 (16527724)|HEAP_ALLOCATE|[13]|Bytes:8
14:01:18.0 (16544524)|HEAP_ALLOCATE|[13]|Bytes:8
14:01:18.0 (16574594)|VARIABLE_SCOPE_BEGIN|[4]|this|System.Type|true|false
14:01:18.0 (16607542)|VARIABLE_ASSIGNMENT|[4]|this|{}|0x2bb6035
14:01:18.0 (16615151)|VARIABLE_SCOPE_BEGIN|[4]|apextype|java:common.apex.runtime.ApexObjectType|true|false
14:01:18.0 (16726401)|VARIABLE_ASSIGNMENT|[4]|apextype|"LabTools.FutureRequest"|0x3bf81e57
14:01:18.0 (16782571)|HEAP_ALLOCATE|[13]|Bytes:8
14:01:18.0 (16806224)|METHOD_ENTRY|[13]||System.JSON.deserialize(String, System.Type)
14:01:18.0 (17188369)|METHOD_EXIT|[13]||System.JSON.deserialize(String, System.Type)
14:01:18.0 (17205583)|VARIABLE_SCOPE_BEGIN|[13]|fRequest|LabTools.FutureRequest|true|false
14:01:18.0 (17248885)|VARIABLE_ASSIGNMENT|[13]|fRequest|{"endpoint":"http://www.google.co (1 more) ...","handler":"LabTools.HttpClient_ (25 more) ...","method":"GET"}|0x783451dd
14:01:18.0 (17257442)|STATEMENT_EXECUTE|[15]
14:01:18.0 (17317182)|VARIABLE_SCOPE_BEGIN|[15]|request|System.HttpRequest|true|false
14:01:18.0 (17390854)|VARIABLE_ASSIGNMENT|[15]|request|"System.HttpRequest[Endpoint=null, Method=null]"|0x40d376c1
14:01:18.0 (17406051)|STATEMENT_EXECUTE|[16]
14:01:18.0 (17497832)|STATEMENT_EXECUTE|[17]
14:01:18.0 (17559555)|STATEMENT_EXECUTE|[19]
14:01:18.0 (17742539)|CALLOUT_REQUEST|[19]|System.HttpRequest[Endpoint=http://www.google.com, Method=GET]
14:01:18.0 (17851262)|HEAP_ALLOCATE|[19]|Bytes:4
14:01:18.0 (17867791)|HEAP_ALLOCATE|[19]|Bytes:21
14:01:18.0 (17881934)|VARIABLE_SCOPE_BEGIN|[55]|this|LabTools.HttpClient_Tests.GoogleHttpCalloutMock|true|false
14:01:18.0 (17903256)|VARIABLE_ASSIGNMENT|[55]|this|{}|0x74a8041f
14:01:18.0 (17913680)|VARIABLE_SCOPE_BEGIN|[55]|req|System.HttpRequest|true|false
14:01:18.0 (17977354)|VARIABLE_ASSIGNMENT|[55]|req|"System.HttpRequest[Endpoint=http://www.google.com, Method=GET]"|0x40d376c1
14:01:18.0 (18007540)|STATEMENT_EXECUTE|[55]
14:01:18.0 (18012104)|STATEMENT_EXECUTE|[57]
14:01:18.0 (18058249)|HEAP_ALLOCATE|[57]|Bytes:21
14:01:18.0 (18103144)|ENTERING_MANAGED_PKG|
14:01:18.0 (18133921)|STATEMENT_EXECUTE|[58]
14:01:18.0 (18175207)|HEAP_ALLOCATE|[58]|Bytes:3
14:01:18.0 (18208197)|ENTERING_MANAGED_PKG|
14:01:18.0 (18227207)|STATEMENT_EXECUTE|[61]
14:01:18.0 (18258656)|VARIABLE_SCOPE_BEGIN|[61]|res|System.HttpResponse|true|false
14:01:18.0 (18336951)|VARIABLE_ASSIGNMENT|[61]|res|"System.HttpResponse[Status=null, StatusCode=0]"|0x3821accd
14:01:18.0 (18344350)|STATEMENT_EXECUTE|[62]
14:01:18.0 (18357419)|HEAP_ALLOCATE|[62]|Bytes:7
14:01:18.0 (18441274)|STATEMENT_EXECUTE|[63]
14:01:18.0 (18500931)|STATEMENT_EXECUTE|[64]
14:01:18.0 (18522674)|CALLOUT_RESPONSE|[19]|System.HttpResponse[Status=null, StatusCode=200]
14:01:18.0 (18537627)|HEAP_ALLOCATE|[19]|Bytes:11
14:01:18.0 (18551360)|VARIABLE_SCOPE_BEGIN|[19]|result|System.HttpResponse|true|false
14:01:18.0 (18614078)|VARIABLE_ASSIGNMENT|[19]|result|"System.HttpResponse[Status=null, StatusCode=200]"|0x3821accd
14:01:18.0 (18625017)|STATEMENT_EXECUTE|[21]
14:01:18.0 (18628808)|STATEMENT_EXECUTE|[22]
14:01:18.0 (18635448)|HEAP_ALLOCATE|[22]|Bytes:15
14:01:18.0 (18671261)|HEAP_ALLOCATE|[22]|Bytes:60
14:01:18.0 (18701912)|ENTERING_MANAGED_PKG|
14:01:18.0 (18730608)|USER_DEBUG|[22]|DEBUG|Handling with: LabTools.HttpClient_Tests.TestResponseHandler
14:01:18.0 (18744725)|STATEMENT_EXECUTE|[24]
14:01:18.0 (18763332)|METHOD_ENTRY|[24]||System.Type.forName(String)
14:01:18.0 (23136936)|METHOD_EXIT|[24]||System.Type.forName(String)
14:01:18.0 (23149253)|VARIABLE_SCOPE_BEGIN|[24]|targettype|System.Type|true|false
14:01:18.0 (23182294)|VARIABLE_ASSIGNMENT|[24]|targettype|{"aot":"0x252a5809"}|0x7ad7411f
14:01:18.0 (23189145)|STATEMENT_EXECUTE|[25]
14:01:18.0 (23206803)|METHOD_ENTRY|[25]||System.Type.newInstance()
14:01:18.0 (23305708)|STATEMENT_EXECUTE|[44]
14:01:18.0 (23329459)|METHOD_EXIT|[25]||System.Type.newInstance()
14:01:18.0 (23346085)|VARIABLE_SCOPE_BEGIN|[25]|handler|LabTools.IHttpResponseHandler|true|false
14:01:18.0 (23369160)|VARIABLE_ASSIGNMENT|[25]|handler|{}|0x1566bb9f
14:01:18.0 (23374731)|STATEMENT_EXECUTE|[26]
14:01:18.0 (23425728)|METHOD_ENTRY|[26]|01p3600000DHDD5|LabTools.HttpClient_Tests.TestResponseHandler.Handle(System.HttpResponse)
14:01:18.0 (23478263)|VARIABLE_SCOPE_BEGIN|[46]|this|LabTools.HttpClient_Tests.TestResponseHandler|true|false
14:01:18.0 (23505255)|VARIABLE_ASSIGNMENT|[46]|this|{}|0x1566bb9f
14:01:18.0 (23515030)|VARIABLE_SCOPE_BEGIN|[46]|response|System.HttpResponse|true|false
14:01:18.0 (23585291)|VARIABLE_ASSIGNMENT|[46]|response|"System.HttpResponse[Status=null, StatusCode=200]"|0x3821accd
14:01:18.0 (23621098)|STATEMENT_EXECUTE|[46]
14:01:18.0 (23625086)|STATEMENT_EXECUTE|[47]
14:01:18.0 (23644309)|HEAP_ALLOCATE|[47]|Bytes:4
14:01:18.0 (23665017)|VARIABLE_ASSIGNMENT|[47]|HttpClient_Tests.TestResponseHandlerCalled|1
14:01:18.0 (23677281)|STATEMENT_EXECUTE|[48]
14:01:18.0 (23765178)|HEAP_ALLOCATE|[48]|Bytes:7
14:01:18.0 (23796700)|ENTERING_MANAGED_PKG|
14:01:18.0 (23819721)|STATEMENT_EXECUTE|[49]
14:01:18.0 (23882460)|ENTERING_MANAGED_PKG|
14:01:18.0 (23904451)|METHOD_EXIT|[26]|01p3600000DHDD5|LabTools.HttpClient_Tests.TestResponseHandler.Handle(System.HttpResponse)
14:01:18.0 (23921054)|SYSTEM_MODE_EXIT|false
14:01:18.23 (23943834)|CUMULATIVE_LIMIT_USAGE
14:01:18.23 (23943834)|LIMIT_USAGE_FOR_NS|(default)|
  Number of SOQL queries: 0 out of 200
  Number of query rows: 0 out of 50000
  Number of SOSL queries: 0 out of 20
  Number of DML statements: 0 out of 150
  Number of DML rows: 0 out of 10000
  Maximum CPU time: 0 out of 60000
  Maximum heap size: 0 out of 12000000
  Number of callouts: 0 out of 100
  Number of Email Invocations: 0 out of 10
  Number of future calls: 0 out of 50
  Number of queueable jobs added to the queue: 0 out of 1
  Number of Mobile Apex push calls: 0 out of 10

14:01:18.23 (23943834)|LIMIT_USAGE_FOR_NS|LabTools|
  Number of SOQL queries: 0 out of 200
  Number of query rows: 0 out of 50000
  Number of SOSL queries: 0 out of 20
  Number of DML statements: 0 out of 150
  Number of DML rows: 0 out of 10000
  Maximum CPU time: 0 out of 60000
  Maximum heap size: 0 out of 12000000
  Number of callouts: 1 out of 100
  Number of Email Invocations: 0 out of 10
  Number of future calls: 0 out of 50
  Number of queueable jobs added to the queue: 0 out of 1
  Number of Mobile Apex push calls: 0 out of 10

14:01:18.23 (23943834)|CUMULATIVE_LIMIT_USAGE_END

14:01:18.0 (24017904)|CODE_UNIT_FINISHED|HttpClient.AsyncCall
14:01:18.0 (26981254)|METHOD_EXIT|[37]||System.Test.stopTest()
14:01:18.0 (26989102)|STATEMENT_EXECUTE|[39]
14:01:18.0 (27010092)|ENTERING_MANAGED_PKG|
14:01:18.27 (27047426)|CUMULATIVE_LIMIT_USAGE
14:01:18.27 (27047426)|LIMIT_USAGE_FOR_NS|(default)|
  Number of SOQL queries: 0 out of 100
  Number of query rows: 0 out of 50000
  Number of SOSL queries: 0 out of 20
  Number of DML statements: 0 out of 150
  Number of DML rows: 0 out of 10000
  Maximum CPU time: 0 out of 10000
  Maximum heap size: 0 out of 6000000
  Number of callouts: 0 out of 100
  Number of Email Invocations: 0 out of 10
  Number of future calls: 0 out of 50
  Number of queueable jobs added to the queue: 0 out of 50
  Number of Mobile Apex push calls: 0 out of 10

14:01:18.27 (27047426)|TESTING_LIMITS
14:01:18.27 (27047426)|LIMIT_USAGE_FOR_NS|(default)|
  Number of SOQL queries: 0 out of 100
  Number of query rows: 0 out of 50000
  Number of SOSL queries: 0 out of 20
  Number of DML statements: 0 out of 150
  Number of DML rows: 0 out of 10000
  Maximum CPU time: 0 out of 10000
  Maximum heap size: 0 out of 6000000
  Number of callouts: 0 out of 100
  Number of Email Invocations: 0 out of 10
  Number of future calls: 0 out of 50
  Number of queueable jobs added to the queue: 0 out of 50
  Number of Mobile Apex push calls: 0 out of 10

14:01:18.27 (27047426)|LIMIT_USAGE_FOR_NS|LabTools|
  Number of SOQL queries: 0 out of 100
  Number of query rows: 0 out of 50000
  Number of SOSL queries: 0 out of 20
  Number of DML statements: 0 out of 150
  Number of DML rows: 0 out of 10000
  Maximum CPU time: 0 out of 10000
  Maximum heap size: 0 out of 6000000
  Number of callouts: 0 out of 100
  Number of Email Invocations: 0 out of 10
  Number of future calls: 1 out of 50
  Number of queueable jobs added to the queue: 0 out of 50
  Number of Mobile Apex push calls: 0 out of 10

14:01:18.27 (27047426)|CUMULATIVE_LIMIT_USAGE_END

14:01:18.0 (27090254)|CODE_UNIT_FINISHED|HttpClient_Tests.WhenMakingFutureRequest_ShouldHandleResponse
14:01:18.0 (28416378)|EXECUTION_FINISHED
14:01:18.72 (72959016)|EXECUTION_STARTED
14:01:18.72 (72975756)|CODE_UNIT_STARTED|[EXTERNAL]|01p3600000DHDD5|HttpClient_Tests.WhenMakingRequest_ShouldReturnResponse
14:01:18.72 (73053616)|VARIABLE_SCOPE_BEGIN|[43]|HttpClient_Tests.TestResponseHandlerCalled|Integer|false|true
14:01:18.72 (73171226)|HEAP_ALLOCATE|[72]|Bytes:3
14:01:18.72 (73223768)|HEAP_ALLOCATE|[77]|Bytes:152
14:01:18.72 (73248506)|HEAP_ALLOCATE|[342]|Bytes:408
14:01:18.72 (73275774)|HEAP_ALLOCATE|[355]|Bytes:408
14:01:18.72 (73295597)|HEAP_ALLOCATE|[467]|Bytes:48
14:01:18.72 (73330325)|HEAP_ALLOCATE|[139]|Bytes:6
14:01:18.72 (73353339)|HEAP_ALLOCATE|[EXTERNAL]|Bytes:41
14:01:18.72 (73359176)|HEAP_ALLOCATE|[EXTERNAL]|Bytes:57
14:01:18.72 (73375650)|METHOD_ENTRY|[2]|01p3600000DHDD5|HttpClient_Tests.HttpClient_Tests()
14:01:18.72 (73381966)|STATEMENT_EXECUTE|[2]
14:01:18.72 (73387982)|STATEMENT_EXECUTE|[2]
14:01:18.72 (73389379)|STATEMENT_EXECUTE|[43]
14:01:18.72 (73393977)|HEAP_ALLOCATE|[43]|Bytes:4
14:01:18.72 (73430584)|VARIABLE_ASSIGNMENT|[43]|HttpClient_Tests.TestResponseHandlerCalled|0
14:01:18.72 (73436740)|STATEMENT_EXECUTE|[44]
14:01:18.72 (73439029)|STATEMENT_EXECUTE|[54]
14:01:18.72 (73452937)|METHOD_EXIT|[2]|HttpClient_Tests
14:01:18.72 (73490418)|HEAP_ALLOCATE|[50]|Bytes:5
14:01:18.72 (73517260)|HEAP_ALLOCATE|[56]|Bytes:5
14:01:18.72 (73526227)|HEAP_ALLOCATE|[64]|Bytes:7
14:01:18.72 (73579690)|STATEMENT_EXECUTE|[7]
14:01:18.72 (73582427)|STATEMENT_EXECUTE|[8]
14:01:18.72 (73595007)|HEAP_ALLOCATE|[8]|Bytes:6
14:01:18.72 (73599912)|HEAP_ALLOCATE|[8]|Bytes:2
14:01:18.72 (73613488)|METHOD_ENTRY|[1]|01p3600000DHD0N|HttpClient.HttpClient()
14:01:18.72 (73616468)|STATEMENT_EXECUTE|[1]
14:01:18.72 (73620331)|STATEMENT_EXECUTE|[1]
14:01:18.72 (74179013)|SYSTEM_MODE_ENTER|false
14:01:18.72 (74206278)|HEAP_ALLOCATE|[8]|Bytes:5
14:01:18.72 (74219127)|SYSTEM_MODE_EXIT|false
14:01:18.72 (74235752)|METHOD_EXIT|[1]|HttpClient
14:01:18.72 (74247975)|HEAP_ALLOCATE|[8]|Bytes:4
14:01:18.72 (74281514)|CONSTRUCTOR_ENTRY|[8]|01p3600000DHD0N|<init>()
14:01:18.72 (74314267)|VARIABLE_SCOPE_BEGIN|[1]|this|LabTools.HttpClient|true|false
14:01:18.72 (74355148)|VARIABLE_ASSIGNMENT|[1]|this|{}|0x5953c366
14:01:18.72 (74368173)|SYSTEM_MODE_ENTER|false
14:01:18.72 (74376240)|HEAP_ALLOCATE|[EXTERNAL]|Bytes:5
14:01:18.72 (74389752)|HEAP_ALLOCATE|[EXTERNAL]|Bytes:6
14:01:18.72 (74425357)|SYSTEM_MODE_EXIT|false
14:01:18.72 (74431619)|STATEMENT_EXECUTE|[1]
14:01:18.72 (74439000)|SYSTEM_MODE_ENTER|false
14:01:18.72 (74445218)|HEAP_ALLOCATE|[EXTERNAL]|Bytes:5
14:01:18.72 (74452233)|SYSTEM_MODE_EXIT|false
14:01:18.72 (74466843)|CONSTRUCTOR_EXIT|[8]|01p3600000DHD0N|<init>()
14:01:18.72 (74474763)|VARIABLE_SCOPE_BEGIN|[8]|client|LabTools.HttpClient|true|false
14:01:18.72 (74495572)|VARIABLE_ASSIGNMENT|[8]|client|{}|0x5953c366
14:01:18.72 (74506740)|STATEMENT_EXECUTE|[9]
14:01:18.72 (74552958)|VARIABLE_SCOPE_BEGIN|[9]|request|System.HttpRequest|true|false
14:01:18.72 (74684983)|VARIABLE_ASSIGNMENT|[9]|request|"System.HttpRequest[Endpoint=null, Method=null]"|0x185628d7
14:01:18.72 (74692651)|STATEMENT_EXECUTE|[10]
14:01:18.72 (74699847)|HEAP_ALLOCATE|[10]|Bytes:21
14:01:18.72 (74806826)|STATEMENT_EXECUTE|[11]
14:01:18.72 (74814213)|HEAP_ALLOCATE|[11]|Bytes:3
14:01:18.72 (74871981)|STATEMENT_EXECUTE|[13]
14:01:18.72 (74879704)|HEAP_ALLOCATE|[13]|Bytes:22
14:01:18.72 (74970452)|HEAP_ALLOCATE|[13]|Bytes:24
14:01:18.72 (74988703)|SYSTEM_METHOD_ENTRY|[1]|Type.Type()
14:01:18.72 (74993834)|STATEMENT_EXECUTE|[1]
14:01:18.72 (75007695)|SYSTEM_METHOD_EXIT|[1]|Type
14:01:18.72 (75017017)|HEAP_ALLOCATE|[13]|Bytes:8
14:01:18.72 (75052680)|HEAP_ALLOCATE|[13]|Bytes:8
14:01:18.72 (75060813)|VARIABLE_SCOPE_BEGIN|[4]|this|System.Type|true|false
14:01:18.72 (75090157)|VARIABLE_ASSIGNMENT|[4]|this|{}|0x65cd3c51
14:01:18.72 (75095543)|VARIABLE_SCOPE_BEGIN|[4]|apextype|java:common.apex.runtime.ApexObjectType|true|false
14:01:18.72 (75155920)|VARIABLE_ASSIGNMENT|[4]|apextype|"System.HttpCalloutMock"|0x729e2c8e
14:01:18.72 (75199678)|HEAP_ALLOCATE|[13]|Bytes:8
14:01:18.72 (75216933)|HEAP_ALLOCATE|[13]|Bytes:2
14:01:18.72 (75225273)|HEAP_ALLOCATE|[13]|Bytes:4
14:01:18.72 (75240622)|CONSTRUCTOR_ENTRY|[13]|01p3600000DHDD5|<init>()
14:01:18.72 (75260805)|VARIABLE_SCOPE_BEGIN|[54]|this|LabTools.HttpClient_Tests.GoogleHttpCalloutMock|true|false
14:01:18.72 (75283396)|VARIABLE_ASSIGNMENT|[54]|this|{}|0x84524f4
14:01:18.72 (75300843)|STATEMENT_EXECUTE|[54]
14:01:18.72 (75311553)|CONSTRUCTOR_EXIT|[13]|01p3600000DHDD5|<init>()
14:01:18.72 (75331028)|HEAP_ALLOCATE|[13]|Bytes:57
14:01:18.72 (75348340)|SYSTEM_METHOD_ENTRY|[1]|Test.Test()
14:01:18.72 (75352760)|STATEMENT_EXECUTE|[1]
14:01:18.72 (75365952)|SYSTEM_METHOD_EXIT|[1]|Test
14:01:18.72 (75388272)|METHOD_ENTRY|[13]||System.Test.setMock(System.Type, Object)
14:01:18.72 (75581710)|METHOD_EXIT|[13]||System.Test.setMock(System.Type, Object)
14:01:18.72 (75589225)|STATEMENT_EXECUTE|[15]
14:01:18.72 (75625526)|METHOD_ENTRY|[15]||System.Test.startTest()
14:01:18.72 (79624975)|METHOD_EXIT|[15]||System.Test.startTest()
14:01:18.72 (79638271)|STATEMENT_EXECUTE|[16]
14:01:18.72 (79662503)|METHOD_ENTRY|[16]|01p3600000DHD0N|LabTools.HttpClient.Send(System.HttpRequest)
14:01:18.72 (79695254)|VARIABLE_SCOPE_BEGIN|[3]|this|LabTools.HttpClient|true|false
14:01:18.72 (79713133)|VARIABLE_ASSIGNMENT|[3]|this|{}|0x5953c366
14:01:18.72 (79719803)|VARIABLE_SCOPE_BEGIN|[3]|request|System.HttpRequest|true|false
14:01:18.72 (79762881)|VARIABLE_ASSIGNMENT|[3]|request|"System.HttpRequest[Endpoint=http://www.google.com, Method=GET]"|0x185628d7
14:01:18.72 (80469806)|SYSTEM_MODE_ENTER|false
14:01:18.72 (80478960)|HEAP_ALLOCATE|[4]|Bytes:5
14:01:18.72 (80485100)|STATEMENT_EXECUTE|[3]
14:01:18.72 (80486844)|STATEMENT_EXECUTE|[4]
14:01:18.72 (80634932)|CALLOUT_REQUEST|[4]|System.HttpRequest[Endpoint=http://www.google.com, Method=GET]
14:01:18.72 (80680643)|HEAP_ALLOCATE|[4]|Bytes:4
14:01:18.72 (80692300)|HEAP_ALLOCATE|[4]|Bytes:21
14:01:18.72 (80698048)|VARIABLE_SCOPE_BEGIN|[55]|this|LabTools.HttpClient_Tests.GoogleHttpCalloutMock|true|false
14:01:18.72 (80712364)|VARIABLE_ASSIGNMENT|[55]|this|{}|0x84524f4
14:01:18.72 (80715789)|VARIABLE_SCOPE_BEGIN|[55]|req|System.HttpRequest|true|false
14:01:18.72 (80759843)|VARIABLE_ASSIGNMENT|[55]|req|"System.HttpRequest[Endpoint=http://www.google.com, Method=GET]"|0x185628d7
14:01:18.72 (80782185)|STATEMENT_EXECUTE|[55]
14:01:18.72 (80784474)|STATEMENT_EXECUTE|[57]
14:01:18.72 (80808388)|HEAP_ALLOCATE|[57]|Bytes:21
14:01:18.72 (80841247)|ENTERING_MANAGED_PKG|
14:01:18.72 (80863054)|STATEMENT_EXECUTE|[58]
14:01:18.72 (80885058)|HEAP_ALLOCATE|[58]|Bytes:3
14:01:18.72 (80902729)|ENTERING_MANAGED_PKG|
14:01:18.72 (80912659)|STATEMENT_EXECUTE|[61]
14:01:18.72 (80930368)|VARIABLE_SCOPE_BEGIN|[61]|res|System.HttpResponse|true|false
14:01:18.72 (80980520)|VARIABLE_ASSIGNMENT|[61]|res|"System.HttpResponse[Status=null, StatusCode=0]"|0x667307d7
14:01:18.72 (80985466)|STATEMENT_EXECUTE|[62]
14:01:18.72 (80996602)|HEAP_ALLOCATE|[62]|Bytes:7
14:01:18.72 (81044989)|STATEMENT_EXECUTE|[63]
14:01:18.72 (81077993)|STATEMENT_EXECUTE|[64]
14:01:18.72 (81095920)|CALLOUT_RESPONSE|[4]|System.HttpResponse[Status=null, StatusCode=200]
14:01:18.72 (81111265)|HEAP_ALLOCATE|[4]|Bytes:11
14:01:18.72 (81121276)|SYSTEM_MODE_EXIT|false
14:01:18.72 (81129338)|METHOD_EXIT|[16]|01p3600000DHD0N|LabTools.HttpClient.Send(System.HttpRequest)
14:01:18.72 (81136589)|VARIABLE_SCOPE_BEGIN|[16]|response|System.HttpResponse|true|false
14:01:18.72 (81176641)|VARIABLE_ASSIGNMENT|[16]|response|"System.HttpResponse[Status=null, StatusCode=200]"|0x667307d7
14:01:18.72 (81181434)|STATEMENT_EXECUTE|[17]
14:01:18.72 (81201616)|METHOD_ENTRY|[17]||System.Test.stopTest()
14:01:18.72 (84970824)|METHOD_EXIT|[17]||System.Test.stopTest()
14:01:18.72 (84978670)|STATEMENT_EXECUTE|[19]
14:01:18.72 (85012768)|ENTERING_MANAGED_PKG|
14:01:18.72 (85060741)|STATEMENT_EXECUTE|[20]
14:01:18.72 (85112813)|HEAP_ALLOCATE|[20]|Bytes:7
14:01:18.72 (85136075)|ENTERING_MANAGED_PKG|
14:01:18.72 (85149644)|STATEMENT_EXECUTE|[21]
14:01:18.72 (85193885)|ENTERING_MANAGED_PKG|
14:01:18.85 (85220932)|CUMULATIVE_LIMIT_USAGE
14:01:18.85 (85220932)|LIMIT_USAGE_FOR_NS|(default)|
  Number of SOQL queries: 0 out of 100
  Number of query rows: 0 out of 50000
  Number of SOSL queries: 0 out of 20
  Number of DML statements: 0 out of 150
  Number of DML rows: 0 out of 10000
  Maximum CPU time: 0 out of 10000
  Maximum heap size: 0 out of 6000000
  Number of callouts: 0 out of 100
  Number of Email Invocations: 0 out of 10
  Number of future calls: 0 out of 50
  Number of queueable jobs added to the queue: 0 out of 50
  Number of Mobile Apex push calls: 0 out of 10

14:01:18.85 (85220932)|TESTING_LIMITS
14:01:18.85 (85220932)|LIMIT_USAGE_FOR_NS|(default)|
  Number of SOQL queries: 0 out of 100
  Number of query rows: 0 out of 50000
  Number of SOSL queries: 0 out of 20
  Number of DML statements: 0 out of 150
  Number of DML rows: 0 out of 10000
  Maximum CPU time: 0 out of 10000
  Maximum heap size: 0 out of 6000000
  Number of callouts: 0 out of 100
  Number of Email Invocations: 0 out of 10
  Number of future calls: 0 out of 50
  Number of queueable jobs added to the queue: 0 out of 50
  Number of Mobile Apex push calls: 0 out of 10

14:01:18.85 (85220932)|LIMIT_USAGE_FOR_NS|LabTools|
  Number of SOQL queries: 0 out of 100
  Number of query rows: 0 out of 50000
  Number of SOSL queries: 0 out of 20
  Number of DML statements: 0 out of 150
  Number of DML rows: 0 out of 10000
  Maximum CPU time: 0 out of 10000
  Maximum heap size: 0 out of 6000000
  Number of callouts: 1 out of 100
  Number of Email Invocations: 0 out of 10
  Number of future calls: 0 out of 50
  Number of queueable jobs added to the queue: 0 out of 50
  Number of Mobile Apex push calls: 0 out of 10

14:01:18.85 (85220932)|CUMULATIVE_LIMIT_USAGE_END

14:01:18.72 (85297897)|CODE_UNIT_FINISHED|HttpClient_Tests.WhenMakingRequest_ShouldReturnResponse
14:01:18.72 (86901388)|EXECUTION_FINISHED
