34.0 APEX_CODE,DEBUG;APEX_PROFILING,INFO;CALLOUT,INFO;DB,INFO;SYSTEM,DEBUG;VALIDATION,INFO;VISUALFORCE,DEBUG;WORKFLOW,INFO
Execute Anonymous: System.schedule('JobRunnerSchedule', '0 0 * * * ?', new JobRunnerSchedule());
12:28:55.6 (6301251)|EXECUTION_STARTED
12:28:55.6 (6313637)|CODE_UNIT_STARTED|[EXTERNAL]|execute_anonymous_apex
12:28:55.6 (10287440)|SYSTEM_MODE_ENTER|false
12:28:55.6 (62913138)|SYSTEM_MODE_EXIT|false
12:28:55.6 (62976299)|ENTERING_MANAGED_PKG|
12:28:55.136 (136482066)|CUMULATIVE_LIMIT_USAGE
12:28:55.136 (136482066)|LIMIT_USAGE_FOR_NS|(default)|
  Number of SOQL queries: 0 out of 100
  Number of query rows: 0 out of 50000
  Number of SOSL queries: 0 out of 20
  Number of DML statements: 0 out of 150
  Number of DML rows: 0 out of 10000
  Maximum CPU time: 0 out of 10000
  Maximum heap size: 0 out of 6000000
  Number of callouts: 0 out of 100
  Number of Email Invocations: 0 out of 10
  Number of future calls: 0 out of 50
  Number of queueable jobs added to the queue: 0 out of 50
  Number of Mobile Apex push calls: 0 out of 10

12:28:55.136 (136482066)|CUMULATIVE_LIMIT_USAGE_END

12:28:55.6 (136555887)|CODE_UNIT_FINISHED|execute_anonymous_apex
12:28:55.6 (138139299)|EXECUTION_FINISHED
