34.0 APEX_CODE,DEBUG;APEX_PROFILING,INFO;CALLOUT,INFO;DB,INFO;SYSTEM,DEBUG;VALIDATION,INFO;VISUALFORCE,DEBUG;WORKFLOW,INFO
14:00:03.0 (565091)|EXECUTION_STARTED
14:00:03.0 (607849)|CODE_UNIT_STARTED|[EXTERNAL]|01p3600000DIHiU|JobRunnerSchedule
14:00:03.0 (41500277)|SYSTEM_MODE_ENTER|false
14:00:03.0 (41528587)|SYSTEM_MODE_EXIT|false
14:00:03.0 (41645702)|SYSTEM_MODE_ENTER|false
14:00:03.0 (42479586)|SOQL_EXECUTE_BEGIN|[6]|Aggregations:1|SELECT Name, LabTools__RecurrenceType__c, LabTools__RecurrenceRate__c, (SELECT Name, LabTools__Enabled__c FROM LabTools__Jobs__r) FROM LabTools__Runner__c WHERE (LabTools__StartOn__c <= :tmpVar1 AND (LabTools__NextRunOn__c = NULL OR LabTools__NextRunOn__c <= :tmpVar2)) ORDER BY LabTools__NextRunOn__c DESC NULLS FIRST LIMIT 5
14:00:03.0 (72777684)|SOQL_EXECUTE_END|[6]|Rows:1
14:00:03.0 (73253359)|ENTERING_MANAGED_PKG|
14:00:03.0 (82609619)|ENTERING_MANAGED_PKG|
14:00:03.0 (188537819)|DML_BEGIN|[18]|Op:Update|Type:LabTools__Runner__c|Rows:1
14:00:03.0 (249137116)|DML_END|[18]
14:00:03.0 (249301193)|SYSTEM_MODE_EXIT|false
14:00:03.253 (253038921)|CUMULATIVE_LIMIT_USAGE
14:00:03.253 (253038921)|LIMIT_USAGE_FOR_NS|(default)|
  Number of SOQL queries: 0 out of 100
  Number of query rows: 0 out of 50000
  Number of SOSL queries: 0 out of 20
  Number of DML statements: 0 out of 150
  Number of DML rows: 0 out of 10000
  Maximum CPU time: 0 out of 10000
  Maximum heap size: 0 out of 6000000
  Number of callouts: 0 out of 100
  Number of Email Invocations: 0 out of 10
  Number of future calls: 0 out of 50
  Number of queueable jobs added to the queue: 0 out of 50
  Number of Mobile Apex push calls: 0 out of 10

14:00:03.253 (253038921)|LIMIT_USAGE_FOR_NS|LabTools|
  Number of SOQL queries: 1 out of 100
  Number of query rows: 2 out of 50000
  Number of SOSL queries: 0 out of 20
  Number of DML statements: 1 out of 150
  Number of DML rows: 1 out of 10000
  Maximum CPU time: 0 out of 10000
  Maximum heap size: 0 out of 6000000
  Number of callouts: 0 out of 100
  Number of Email Invocations: 0 out of 10
  Number of future calls: 0 out of 50
  Number of queueable jobs added to the queue: 0 out of 50
  Number of Mobile Apex push calls: 0 out of 10

14:00:03.253 (253038921)|CUMULATIVE_LIMIT_USAGE_END

14:00:03.0 (253122511)|CODE_UNIT_FINISHED|JobRunnerSchedule
14:00:03.0 (255754279)|EXECUTION_FINISHED
