34.0 APEX_CODE,FINEST;APEX_PROFILING,DEBUG;CALLOUT,DEBUG;DB,DEBUG;SYSTEM,DEBUG;VALIDATION,DEBUG;VISUALFORCE,DEBUG;WORKFLOW,DEBUG
14:05:56.0 (340371)|EXECUTION_STARTED
14:05:56.0 (421863)|CODE_UNIT_STARTED|[EXTERNAL]|01p3600000DIOeh|Faker_Tests.WhenGettingFakeId_ShouldMatchSalesforcePattern
14:05:56.0 (1257955)|HEAP_ALLOCATE|[72]|Bytes:3
14:05:56.0 (1308100)|HEAP_ALLOCATE|[77]|Bytes:152
14:05:56.0 (1327184)|HEAP_ALLOCATE|[342]|Bytes:408
14:05:56.0 (1347758)|HEAP_ALLOCATE|[355]|Bytes:408
14:05:56.0 (1366738)|HEAP_ALLOCATE|[467]|Bytes:48
14:05:56.0 (1397899)|HEAP_ALLOCATE|[139]|Bytes:6
14:05:56.0 (1420342)|HEAP_ALLOCATE|[EXTERNAL]|Bytes:8
14:05:56.0 (1440880)|METHOD_ENTRY|[2]|01p3600000DIOeh|Faker_Tests.Faker_Tests()
14:05:56.0 (1445572)|STATEMENT_EXECUTE|[2]
14:05:56.0 (1451994)|STATEMENT_EXECUTE|[2]
14:05:56.0 (1458900)|METHOD_EXIT|[2]|Faker_Tests
14:05:56.0 (1498812)|HEAP_ALLOCATE|[50]|Bytes:5
14:05:56.0 (1523516)|HEAP_ALLOCATE|[56]|Bytes:5
14:05:56.0 (1533044)|HEAP_ALLOCATE|[64]|Bytes:7
14:05:56.0 (1586382)|STATEMENT_EXECUTE|[6]
14:05:56.0 (1589900)|STATEMENT_EXECUTE|[7]
14:05:56.0 (1630606)|HEAP_ALLOCATE|[7]|Bytes:57
14:05:56.0 (1646463)|SYSTEM_METHOD_ENTRY|[1]|Test.Test()
14:05:56.0 (1649788)|STATEMENT_EXECUTE|[1]
14:05:56.0 (1659426)|SYSTEM_METHOD_EXIT|[1]|Test
14:05:56.0 (1676065)|METHOD_ENTRY|[7]||System.Test.startTest()
14:05:56.0 (3846652)|METHOD_EXIT|[7]||System.Test.startTest()
14:05:56.0 (3853568)|STATEMENT_EXECUTE|[8]
14:05:56.0 (3858403)|HEAP_ALLOCATE|[8]|Bytes:7
14:05:56.0 (4736227)|VARIABLE_SCOPE_BEGIN|[3]|Faker.fakeIdCount|Integer|false|true
14:05:56.0 (4751189)|HEAP_ALLOCATE|[8]|Bytes:1
14:05:56.0 (4776359)|METHOD_ENTRY|[1]|01p3600000DHJkd|Faker.Faker()
14:05:56.0 (4780144)|STATEMENT_EXECUTE|[1]
14:05:56.0 (4785348)|STATEMENT_EXECUTE|[1]
14:05:56.0 (4786870)|STATEMENT_EXECUTE|[3]
14:05:56.0 (4794200)|HEAP_ALLOCATE|[3]|Bytes:4
14:05:56.0 (4825536)|VARIABLE_ASSIGNMENT|[3]|Faker.fakeIdCount|1
14:05:56.0 (4835617)|METHOD_EXIT|[1]|Faker
14:05:56.0 (4863529)|METHOD_ENTRY|[8]|01p3600000DHJkd|LabTools.Faker.GetId(Schema.SObjectType)
14:05:56.0 (4888377)|VARIABLE_SCOPE_BEGIN|[4]|sot|Schema.SObjectType|true|false
14:05:56.0 (4977562)|VARIABLE_ASSIGNMENT|[4]|sot|"common.apex.runtime.impl.ApexSObjectTypeToken@7819a87b"|0x7819a87b
14:05:56.0 (4994686)|STATEMENT_EXECUTE|[5]
14:05:56.0 (4996647)|STATEMENT_EXECUTE|[6]
14:05:56.0 (5007849)|HEAP_ALLOCATE|[6]|Bytes:4
14:05:56.0 (5018160)|VARIABLE_ASSIGNMENT|[6]|Faker.fakeIdCount|2
14:05:56.0 (5081688)|ENTERING_MANAGED_PKG|
14:05:56.0 (5124170)|HEAP_ALLOCATE|[6]|Bytes:1
14:05:56.0 (5140236)|VARIABLE_SCOPE_BEGIN|[6]|count|String|false|false
14:05:56.0 (5149337)|VARIABLE_ASSIGNMENT|[6]|count|"1"
14:05:56.0 (5152342)|STATEMENT_EXECUTE|[7]
14:05:56.0 (8963481)|HEAP_ALLOCATE|[7]|Bytes:4
14:05:56.0 (8997121)|HEAP_ALLOCATE|[7]|Bytes:3
14:05:56.0 (9002523)|HEAP_ALLOCATE|[7]|Bytes:1
14:05:56.0 (9025643)|ENTERING_MANAGED_PKG|
14:05:56.0 (9048152)|ENTERING_MANAGED_PKG|
14:05:56.0 (9062195)|HEAP_ALLOCATE|[7]|Bytes:11
14:05:56.0 (9077778)|HEAP_ALLOCATE|[7]|Bytes:15
14:05:56.0 (9085273)|METHOD_EXIT|[8]|01p3600000DHJkd|LabTools.Faker.GetId(Schema.SObjectType)
14:05:56.0 (9096157)|HEAP_ALLOCATE|[8]|Bytes:4
14:05:56.0 (9101808)|VARIABLE_SCOPE_BEGIN|[8]|fakeAccountId|Id|false|false
14:05:56.0 (9140598)|VARIABLE_ASSIGNMENT|[8]|fakeAccountId|"001000000000001AAA"
14:05:56.0 (9144890)|STATEMENT_EXECUTE|[9]
14:05:56.0 (9157139)|METHOD_ENTRY|[9]||System.Test.stopTest()
14:05:56.0 (11606340)|METHOD_EXIT|[9]||System.Test.stopTest()
14:05:56.0 (11615968)|STATEMENT_EXECUTE|[11]
14:05:56.0 (11647164)|ENTERING_MANAGED_PKG|
14:05:56.0 (11710955)|EXCEPTION_THROWN|[11]|System.StringException: Invalid id: 
14:05:56.0 (11800236)|HEAP_ALLOCATE|[11]|Bytes:16
14:05:56.0 (11876203)|FATAL_ERROR|System.StringException: Invalid id: 

Class.LabTools.Faker_Tests.WhenGettingFakeId_ShouldMatchSalesforcePattern: line 11, column 1
14:05:56.0 (11897307)|FATAL_ERROR|System.StringException: Invalid id: 

Class.LabTools.Faker_Tests.WhenGettingFakeId_ShouldMatchSalesforcePattern: line 11, column 1
14:05:56.11 (11911889)|CUMULATIVE_LIMIT_USAGE
14:05:56.11 (11911889)|LIMIT_USAGE_FOR_NS|(default)|
  Number of SOQL queries: 0 out of 100
  Number of query rows: 0 out of 50000
  Number of SOSL queries: 0 out of 20
  Number of DML statements: 0 out of 150
  Number of DML rows: 0 out of 10000
  Maximum CPU time: 0 out of 10000
  Maximum heap size: 0 out of 6000000
  Number of callouts: 0 out of 100
  Number of Email Invocations: 0 out of 10
  Number of future calls: 0 out of 50
  Number of queueable jobs added to the queue: 0 out of 50
  Number of Mobile Apex push calls: 0 out of 10

14:05:56.11 (11911889)|TESTING_LIMITS
14:05:56.11 (11911889)|LIMIT_USAGE_FOR_NS|(default)|
  Number of SOQL queries: 0 out of 100
  Number of query rows: 0 out of 50000
  Number of SOSL queries: 0 out of 20
  Number of DML statements: 0 out of 150
  Number of DML rows: 0 out of 10000
  Maximum CPU time: 0 out of 10000
  Maximum heap size: 0 out of 6000000
  Number of callouts: 0 out of 100
  Number of Email Invocations: 0 out of 10
  Number of future calls: 0 out of 50
  Number of queueable jobs added to the queue: 0 out of 50
  Number of Mobile Apex push calls: 0 out of 10

14:05:56.11 (11911889)|CUMULATIVE_LIMIT_USAGE_END

14:05:56.0 (11973709)|CODE_UNIT_FINISHED|Faker_Tests.WhenGettingFakeId_ShouldMatchSalesforcePattern
14:05:56.0 (13065889)|EXECUTION_FINISHED
