34.0 APEX_CODE,DEBUG;APEX_PROFILING,INFO;CALLOUT,INFO;DB,INFO;SYSTEM,DEBUG;VALIDATION,INFO;VISUALFORCE,DEBUG;WORKFLOW,INFO
12:16:37.0 (787073)|EXECUTION_STARTED
12:16:37.0 (856435)|CODE_UNIT_STARTED|[EXTERNAL]|01p3600000DIHwj|JobRunnerSchedule_Tests.WhenConstructing_ShouldNotFail
12:16:37.0 (9296286)|SYSTEM_MODE_ENTER|false
12:16:37.0 (9307182)|SYSTEM_MODE_EXIT|false
12:16:37.0 (10100499)|SYSTEM_MODE_ENTER|false
12:16:37.0 (32059385)|SYSTEM_MODE_EXIT|false
12:16:37.0 (36086632)|ENTERING_MANAGED_PKG|
12:16:37.36 (36137894)|CUMULATIVE_LIMIT_USAGE
12:16:37.36 (36137894)|LIMIT_USAGE_FOR_NS|(default)|
  Number of SOQL queries: 0 out of 100
  Number of query rows: 0 out of 50000
  Number of SOSL queries: 0 out of 20
  Number of DML statements: 0 out of 150
  Number of DML rows: 0 out of 10000
  Maximum CPU time: 0 out of 10000
  Maximum heap size: 0 out of 6000000
  Number of callouts: 0 out of 100
  Number of Email Invocations: 0 out of 10
  Number of future calls: 0 out of 50
  Number of queueable jobs added to the queue: 0 out of 50
  Number of Mobile Apex push calls: 0 out of 10

12:16:37.36 (36137894)|TESTING_LIMITS
12:16:37.36 (36137894)|LIMIT_USAGE_FOR_NS|(default)|
  Number of SOQL queries: 0 out of 100
  Number of query rows: 0 out of 50000
  Number of SOSL queries: 0 out of 20
  Number of DML statements: 0 out of 150
  Number of DML rows: 0 out of 10000
  Maximum CPU time: 0 out of 10000
  Maximum heap size: 0 out of 6000000
  Number of callouts: 0 out of 100
  Number of Email Invocations: 0 out of 10
  Number of future calls: 0 out of 50
  Number of queueable jobs added to the queue: 0 out of 50
  Number of Mobile Apex push calls: 0 out of 10

12:16:37.36 (36137894)|CUMULATIVE_LIMIT_USAGE_END

12:16:37.0 (36199858)|CODE_UNIT_FINISHED|JobRunnerSchedule_Tests.WhenConstructing_ShouldNotFail
12:16:37.0 (37687437)|EXECUTION_FINISHED
12:16:37.86 (86157507)|EXECUTION_STARTED
12:16:37.86 (86171873)|CODE_UNIT_STARTED|[EXTERNAL]|01p3600000DIHwj|JobRunnerSchedule_Tests.WhenExecuting_ShouldExecuteSchedulableOnce
12:16:37.86 (93229177)|ENTERING_MANAGED_PKG|
12:16:37.93 (93283159)|CUMULATIVE_LIMIT_USAGE
12:16:37.93 (93283159)|LIMIT_USAGE_FOR_NS|(default)|
  Number of SOQL queries: 0 out of 100
  Number of query rows: 0 out of 50000
  Number of SOSL queries: 0 out of 20
  Number of DML statements: 0 out of 150
  Number of DML rows: 0 out of 10000
  Maximum CPU time: 0 out of 10000
  Maximum heap size: 0 out of 6000000
  Number of callouts: 0 out of 100
  Number of Email Invocations: 0 out of 10
  Number of future calls: 0 out of 50
  Number of queueable jobs added to the queue: 0 out of 50
  Number of Mobile Apex push calls: 0 out of 10

12:16:37.93 (93283159)|TESTING_LIMITS
12:16:37.93 (93283159)|LIMIT_USAGE_FOR_NS|(default)|
  Number of SOQL queries: 0 out of 100
  Number of query rows: 0 out of 50000
  Number of SOSL queries: 0 out of 20
  Number of DML statements: 0 out of 150
  Number of DML rows: 0 out of 10000
  Maximum CPU time: 0 out of 10000
  Maximum heap size: 0 out of 6000000
  Number of callouts: 0 out of 100
  Number of Email Invocations: 0 out of 10
  Number of future calls: 0 out of 50
  Number of queueable jobs added to the queue: 0 out of 50
  Number of Mobile Apex push calls: 0 out of 10

12:16:37.93 (93283159)|CUMULATIVE_LIMIT_USAGE_END

12:16:37.86 (93328203)|CODE_UNIT_FINISHED|JobRunnerSchedule_Tests.WhenExecuting_ShouldExecuteSchedulableOnce
12:16:37.86 (94478706)|EXECUTION_FINISHED
