34.0 APEX_CODE,DEBUG;APEX_PROFILING,INFO;CALLOUT,INFO;DB,INFO;SYSTEM,DEBUG;VALIDATION,INFO;VISUALFORCE,DEBUG;WORKFLOW,INFO
14:16:42.27 (27831611)|EXECUTION_STARTED
14:16:42.27 (27867442)|CODE_UNIT_STARTED|[EXTERNAL]|01p3600000DHL7Q|JobRunner_Tests.WhenIntegrating_ShouldNotFailRun
14:16:42.27 (28780831)|DML_BEGIN|[24]|Op:Insert|Type:LabTools__Runner__c|Rows:1
14:16:42.27 (78391676)|DML_END|[24]
14:16:42.27 (78733783)|ENTERING_MANAGED_PKG|
14:16:42.27 (80131468)|ENTERING_MANAGED_PKG|
14:16:42.27 (80264370)|DML_BEGIN|[31]|Op:Insert|Type:LabTools__Job__c|Rows:1
14:16:42.27 (107271664)|DML_END|[31]
14:16:42.27 (109736204)|SYSTEM_MODE_ENTER|false
14:16:42.27 (109747553)|SYSTEM_MODE_EXIT|false
14:16:42.27 (110326519)|SYSTEM_MODE_ENTER|false
14:16:42.27 (112622138)|SYSTEM_MODE_EXIT|false
14:16:42.27 (116095716)|SYSTEM_MODE_ENTER|false
14:16:42.27 (116870397)|SOQL_EXECUTE_BEGIN|[6]|Aggregations:1|SELECT Name, LabTools__RecurrenceType__c, LabTools__RecurrenceRate__c, (SELECT Name, LabTools__Enabled__c FROM LabTools__Jobs__r) FROM LabTools__Runner__c WHERE (LabTools__StartOn__c <= :tmpVar1 AND (LabTools__NextRunOn__c = NULL OR LabTools__NextRunOn__c <= :tmpVar2)) ORDER BY LabTools__NextRunOn__c DESC NULLS FIRST LIMIT 5
14:16:42.27 (124327927)|SOQL_EXECUTE_END|[6]|Rows:1
14:16:42.27 (124618989)|ENTERING_MANAGED_PKG|
14:16:42.27 (127124375)|ENTERING_MANAGED_PKG|
14:16:42.27 (178130836)|DML_BEGIN|[18]|Op:Update|Type:LabTools__Runner__c|Rows:1
14:16:42.27 (207582091)|DML_END|[18]
14:16:42.27 (207684312)|SYSTEM_MODE_EXIT|false
14:16:42.27 (227114547)|SYSTEM_MODE_ENTER|false
14:16:42.27 (227171437)|ENTERING_MANAGED_PKG|
14:16:42.27 (227242011)|USER_DEBUG|[4]|DEBUG|Heartbeat Job Started
14:16:42.27 (227307806)|ENTERING_MANAGED_PKG|
14:16:42.27 (227622038)|SOQL_EXECUTE_BEGIN|[5]|Aggregations:0|SELECT Id FROM LabTools__Job__c
14:16:42.27 (264149671)|SOQL_EXECUTE_END|[5]|Rows:1
14:16:42.27 (264255978)|SYSTEM_MODE_EXIT|false
14:16:42.286 (286523029)|CUMULATIVE_LIMIT_USAGE
14:16:42.286 (286523029)|LIMIT_USAGE_FOR_NS|(default)|
  Number of SOQL queries: 0 out of 200
  Number of query rows: 0 out of 50000
  Number of SOSL queries: 0 out of 20
  Number of DML statements: 0 out of 150
  Number of DML rows: 0 out of 10000
  Maximum CPU time: 0 out of 60000
  Maximum heap size: 0 out of 12000000
  Number of callouts: 0 out of 100
  Number of Email Invocations: 0 out of 10
  Number of future calls: 0 out of 0
  Number of queueable jobs added to the queue: 0 out of 1
  Number of Mobile Apex push calls: 0 out of 10

14:16:42.286 (286523029)|CUMULATIVE_LIMIT_USAGE_END

14:16:42.27 (286588495)|CODE_UNIT_FINISHED|LabTools.JobWrapper
14:16:42.27 (290160381)|CODE_UNIT_STARTED|[EXTERNAL]|01p3600000DIJMr|LabTools.JobWrapper
14:16:42.27 (313003770)|CODE_UNIT_STARTED|[EXTERNAL]|01p3600000DIJMr|LabTools.JobWrapper
14:16:42.27 (314909344)|SYSTEM_MODE_ENTER|false
14:16:42.27 (314953808)|ENTERING_MANAGED_PKG|
14:16:42.27 (314993684)|USER_DEBUG|[9]|DEBUG|Heartbeat Job Executing
14:16:42.27 (315032661)|ENTERING_MANAGED_PKG|
14:16:42.27 (315110152)|ENTERING_MANAGED_PKG|
14:16:42.27 (315161554)|ENTERING_MANAGED_PKG|
14:16:42.27 (315168010)|USER_DEBUG|[10]|DEBUG|Heartbeat Job - Number of Jobs: 1
14:16:42.27 (315182335)|SYSTEM_MODE_EXIT|false
14:16:42.27 (315425327)|CODE_UNIT_FINISHED|LabTools.JobWrapper
14:16:42.338 (338534501)|CUMULATIVE_LIMIT_USAGE
14:16:42.338 (338534501)|LIMIT_USAGE_FOR_NS|(default)|
  Number of SOQL queries: 0 out of 200
  Number of query rows: 0 out of 50000
  Number of SOSL queries: 0 out of 20
  Number of DML statements: 0 out of 150
  Number of DML rows: 0 out of 10000
  Maximum CPU time: 0 out of 60000
  Maximum heap size: 0 out of 12000000
  Number of callouts: 0 out of 100
  Number of Email Invocations: 0 out of 10
  Number of future calls: 0 out of 0
  Number of queueable jobs added to the queue: 0 out of 1
  Number of Mobile Apex push calls: 0 out of 10

14:16:42.338 (338534501)|CUMULATIVE_LIMIT_USAGE_END

14:16:42.27 (338608761)|CODE_UNIT_FINISHED|LabTools.JobWrapper
14:16:42.27 (341339184)|CODE_UNIT_STARTED|[EXTERNAL]|01p3600000DIJMr|LabTools.JobWrapper
14:16:42.362 (362257384)|CUMULATIVE_LIMIT_USAGE
14:16:42.362 (362257384)|LIMIT_USAGE_FOR_NS|(default)|
  Number of SOQL queries: 0 out of 200
  Number of query rows: 0 out of 50000
  Number of SOSL queries: 0 out of 20
  Number of DML statements: 0 out of 150
  Number of DML rows: 0 out of 10000
  Maximum CPU time: 0 out of 60000
  Maximum heap size: 0 out of 12000000
  Number of callouts: 0 out of 100
  Number of Email Invocations: 0 out of 10
  Number of future calls: 0 out of 0
  Number of queueable jobs added to the queue: 0 out of 1
  Number of Mobile Apex push calls: 0 out of 10

14:16:42.362 (362257384)|CUMULATIVE_LIMIT_USAGE_END

14:16:42.27 (362325817)|CODE_UNIT_FINISHED|LabTools.JobWrapper
14:16:42.365 (365494903)|CUMULATIVE_LIMIT_USAGE
14:16:42.365 (365494903)|LIMIT_USAGE_FOR_NS|(default)|
  Number of SOQL queries: 0 out of 100
  Number of query rows: 0 out of 50000
  Number of SOSL queries: 0 out of 20
  Number of DML statements: 0 out of 150
  Number of DML rows: 0 out of 10000
  Maximum CPU time: 0 out of 10000
  Maximum heap size: 0 out of 6000000
  Number of callouts: 0 out of 100
  Number of Email Invocations: 0 out of 10
  Number of future calls: 0 out of 50
  Number of queueable jobs added to the queue: 0 out of 50
  Number of Mobile Apex push calls: 0 out of 10

14:16:42.365 (365494903)|LIMIT_USAGE_FOR_NS|LabTools|
  Number of SOQL queries: 0 out of 100
  Number of query rows: 0 out of 50000
  Number of SOSL queries: 0 out of 20
  Number of DML statements: 2 out of 150
  Number of DML rows: 2 out of 10000
  Maximum CPU time: 0 out of 10000
  Maximum heap size: 0 out of 6000000
  Number of callouts: 0 out of 100
  Number of Email Invocations: 0 out of 10
  Number of future calls: 0 out of 50
  Number of queueable jobs added to the queue: 0 out of 50
  Number of Mobile Apex push calls: 0 out of 10

14:16:42.365 (365494903)|TESTING_LIMITS
14:16:42.365 (365494903)|LIMIT_USAGE_FOR_NS|(default)|
  Number of SOQL queries: 0 out of 100
  Number of query rows: 0 out of 50000
  Number of SOSL queries: 0 out of 20
  Number of DML statements: 0 out of 150
  Number of DML rows: 0 out of 10000
  Maximum CPU time: 0 out of 10000
  Maximum heap size: 0 out of 6000000
  Number of callouts: 0 out of 100
  Number of Email Invocations: 0 out of 10
  Number of future calls: 0 out of 50
  Number of queueable jobs added to the queue: 0 out of 50
  Number of Mobile Apex push calls: 0 out of 10

14:16:42.365 (365494903)|LIMIT_USAGE_FOR_NS|LabTools|
  Number of SOQL queries: 1 out of 100
  Number of query rows: 2 out of 50000
  Number of SOSL queries: 0 out of 20
  Number of DML statements: 1 out of 150
  Number of DML rows: 1 out of 10000
  Maximum CPU time: 0 out of 10000
  Maximum heap size: 0 out of 6000000
  Number of callouts: 0 out of 100
  Number of Email Invocations: 0 out of 10
  Number of future calls: 0 out of 50
  Number of queueable jobs added to the queue: 0 out of 50
  Number of Mobile Apex push calls: 0 out of 10

14:16:42.365 (365494903)|CUMULATIVE_LIMIT_USAGE_END

14:16:42.27 (365563118)|CODE_UNIT_FINISHED|JobRunner_Tests.WhenIntegrating_ShouldNotFailRun
14:16:42.27 (366826525)|EXECUTION_FINISHED
14:16:42.402 (402881052)|EXECUTION_STARTED
14:16:42.402 (402905141)|CODE_UNIT_STARTED|[EXTERNAL]|01p3600000DHL7Q|JobRunner_Tests.WhenUsingDays_ShouldSetNextRunInDays
14:16:42.402 (406492830)|SYSTEM_MODE_ENTER|false
14:16:42.402 (406507811)|SYSTEM_MODE_EXIT|false
14:16:42.402 (406591762)|SYSTEM_MODE_ENTER|false
14:16:42.402 (406619036)|SYSTEM_MODE_EXIT|false
14:16:42.402 (410177493)|SYSTEM_MODE_ENTER|false
14:16:42.402 (411403268)|SOQL_EXECUTE_BEGIN|[6]|Aggregations:1|SELECT Name, LabTools__RecurrenceType__c, LabTools__RecurrenceRate__c, (SELECT Name, LabTools__Enabled__c FROM LabTools__Jobs__r) FROM LabTools__Runner__c WHERE (LabTools__StartOn__c <= :tmpVar1 AND (LabTools__NextRunOn__c = NULL OR LabTools__NextRunOn__c <= :tmpVar2)) ORDER BY LabTools__NextRunOn__c DESC NULLS FIRST LIMIT 5
14:16:42.402 (414713550)|SOQL_EXECUTE_END|[6]|Rows:0
14:16:42.402 (414911979)|ENTERING_MANAGED_PKG|
14:16:42.402 (415034055)|ENTERING_MANAGED_PKG|
14:16:42.402 (415099987)|ENTERING_MANAGED_PKG|
14:16:42.402 (415160308)|EXCEPTION_THROWN|[52]|System.AssertException: Assertion Failed: Expected: 1, Actual: 0
14:16:42.402 (415249213)|SYSTEM_MODE_EXIT|false
14:16:42.402 (415333385)|FATAL_ERROR|System.AssertException: Assertion Failed: Expected: 1, Actual: 0

Class.LabTools.JobRunner_Tests.TestRepo.Modify: line 52, column 1
Class.LabTools.JobRunner.execute: line 38, column 1
Class.LabTools.JobRunner_Tests.WhenUsingDays_ShouldSetNextRunInDays: line 9, column 1
14:16:42.402 (415359392)|FATAL_ERROR|System.AssertException: Assertion Failed: Expected: 1, Actual: 0

Class.LabTools.JobRunner_Tests.TestRepo.Modify: line 52, column 1
Class.LabTools.JobRunner.execute: line 38, column 1
Class.LabTools.JobRunner_Tests.WhenUsingDays_ShouldSetNextRunInDays: line 9, column 1
14:16:42.415 (415375701)|CUMULATIVE_LIMIT_USAGE
14:16:42.415 (415375701)|LIMIT_USAGE_FOR_NS|(default)|
  Number of SOQL queries: 0 out of 100
  Number of query rows: 0 out of 50000
  Number of SOSL queries: 0 out of 20
  Number of DML statements: 0 out of 150
  Number of DML rows: 0 out of 10000
  Maximum CPU time: 0 out of 10000
  Maximum heap size: 0 out of 6000000
  Number of callouts: 0 out of 100
  Number of Email Invocations: 0 out of 10
  Number of future calls: 0 out of 50
  Number of queueable jobs added to the queue: 0 out of 50
  Number of Mobile Apex push calls: 0 out of 10

14:16:42.415 (415375701)|TESTING_LIMITS
14:16:42.415 (415375701)|LIMIT_USAGE_FOR_NS|(default)|
  Number of SOQL queries: 0 out of 100
  Number of query rows: 0 out of 50000
  Number of SOSL queries: 0 out of 20
  Number of DML statements: 0 out of 150
  Number of DML rows: 0 out of 10000
  Maximum CPU time: 0 out of 10000
  Maximum heap size: 0 out of 6000000
  Number of callouts: 0 out of 100
  Number of Email Invocations: 0 out of 10
  Number of future calls: 0 out of 50
  Number of queueable jobs added to the queue: 0 out of 50
  Number of Mobile Apex push calls: 0 out of 10

14:16:42.415 (415375701)|LIMIT_USAGE_FOR_NS|LabTools|
  Number of SOQL queries: 1 out of 100
  Number of query rows: 0 out of 50000
  Number of SOSL queries: 0 out of 20
  Number of DML statements: 0 out of 150
  Number of DML rows: 0 out of 10000
  Maximum CPU time: 0 out of 10000
  Maximum heap size: 0 out of 6000000
  Number of callouts: 0 out of 100
  Number of Email Invocations: 0 out of 10
  Number of future calls: 0 out of 50
  Number of queueable jobs added to the queue: 0 out of 50
  Number of Mobile Apex push calls: 0 out of 10

14:16:42.415 (415375701)|CUMULATIVE_LIMIT_USAGE_END

14:16:42.402 (415451903)|CODE_UNIT_FINISHED|JobRunner_Tests.WhenUsingDays_ShouldSetNextRunInDays
14:16:42.402 (417301148)|EXECUTION_FINISHED
