34.0 APEX_CODE,DEBUG;APEX_PROFILING,INFO;CALLOUT,INFO;DB,INFO;SYSTEM,DEBUG;VALIDATION,INFO;VISUALFORCE,DEBUG;WORKFLOW,INFO
12:18:58.40 (40309488)|EXECUTION_STARTED
12:18:58.40 (40346668)|CODE_UNIT_STARTED|[EXTERNAL]|01p3600000DHCrn|Repository_Tests.WhenCreatingAccount_ShouldSaveAccount
12:18:58.40 (46345443)|SYSTEM_MODE_ENTER|false
12:18:58.40 (46467466)|SYSTEM_MODE_EXIT|false
12:18:58.40 (46574606)|SYSTEM_MODE_ENTER|false
12:18:58.40 (46598787)|SYSTEM_MODE_EXIT|false
12:18:58.40 (46604304)|SYSTEM_MODE_ENTER|false
12:18:58.40 (46606470)|SYSTEM_MODE_EXIT|false
12:18:58.40 (46711483)|SYSTEM_MODE_ENTER|false
12:18:58.40 (46807759)|DML_BEGIN|[9]|Op:Insert|Type:Account|Rows:1
12:18:58.40 (91196499)|CODE_UNIT_STARTED|[EXTERNAL]|DuplicateDetector
12:18:58.40 (91248754)|DUPLICATE_DETECTION_BEGIN
12:18:58.40 (94738467)|DUPLICATE_DETECTION_RULE_INVOCATION|DuplicateRuleId:0Bm360000015Q5Y|DuplicateRuleName:Standard Account duplicate rule|DmlType:INSERT
12:18:58.40 (374797242)|DUPLICATE_DETECTION_MATCH_INVOCATION_DETAILS|EntityType:Account|ActionTaken:Allow_[Alert,Report]|DuplicateRecordIds:
12:18:58.40 (374831729)|DUPLICATE_DETECTION_MATCH_INVOCATION_SUMMARY|EntityType:Account|NumRecordsToBeSaved:1|NumRecordsToBeSavedWithDuplicates:0|NumDuplicateRecordsFound:0
12:18:58.40 (375030230)|DUPLICATE_DETECTION_END
12:18:58.40 (375085560)|CODE_UNIT_FINISHED|DuplicateDetector
12:18:58.40 (453771620)|DML_END|[9]
12:18:58.40 (453826260)|SYSTEM_MODE_EXIT|false
12:18:58.40 (457932700)|SOQL_EXECUTE_BEGIN|[49]|Aggregations:0|SELECT Id, Name FROM Account
12:18:58.40 (464403316)|SOQL_EXECUTE_END|[49]|Rows:1
12:18:58.40 (464719101)|ENTERING_MANAGED_PKG|
12:18:58.40 (464819950)|ENTERING_MANAGED_PKG|
12:18:58.40 (464920345)|ENTERING_MANAGED_PKG|
12:18:58.465 (465034272)|CUMULATIVE_LIMIT_USAGE
12:18:58.465 (465034272)|LIMIT_USAGE_FOR_NS|(default)|
  Number of SOQL queries: 0 out of 100
  Number of query rows: 0 out of 50000
  Number of SOSL queries: 0 out of 20
  Number of DML statements: 0 out of 150
  Number of DML rows: 0 out of 10000
  Maximum CPU time: 0 out of 10000
  Maximum heap size: 0 out of 6000000
  Number of callouts: 0 out of 100
  Number of Email Invocations: 0 out of 10
  Number of future calls: 0 out of 50
  Number of queueable jobs added to the queue: 0 out of 50
  Number of Mobile Apex push calls: 0 out of 10

12:18:58.465 (465034272)|LIMIT_USAGE_FOR_NS|LabTools|
  Number of SOQL queries: 1 out of 100
  Number of query rows: 1 out of 50000
  Number of SOSL queries: 0 out of 20
  Number of DML statements: 0 out of 150
  Number of DML rows: 0 out of 10000
  Maximum CPU time: 0 out of 10000
  Maximum heap size: 0 out of 6000000
  Number of callouts: 0 out of 100
  Number of Email Invocations: 0 out of 10
  Number of future calls: 0 out of 50
  Number of queueable jobs added to the queue: 0 out of 50
  Number of Mobile Apex push calls: 0 out of 10

12:18:58.465 (465034272)|TESTING_LIMITS
12:18:58.465 (465034272)|LIMIT_USAGE_FOR_NS|(default)|
  Number of SOQL queries: 0 out of 100
  Number of query rows: 0 out of 50000
  Number of SOSL queries: 0 out of 20
  Number of DML statements: 0 out of 150
  Number of DML rows: 0 out of 10000
  Maximum CPU time: 0 out of 10000
  Maximum heap size: 0 out of 6000000
  Number of callouts: 0 out of 100
  Number of Email Invocations: 0 out of 10
  Number of future calls: 0 out of 50
  Number of queueable jobs added to the queue: 0 out of 50
  Number of Mobile Apex push calls: 0 out of 10

12:18:58.465 (465034272)|LIMIT_USAGE_FOR_NS|LabTools|
  Number of SOQL queries: 0 out of 100
  Number of query rows: 0 out of 50000
  Number of SOSL queries: 0 out of 20
  Number of DML statements: 1 out of 150
  Number of DML rows: 1 out of 10000
  Maximum CPU time: 0 out of 10000
  Maximum heap size: 0 out of 6000000
  Number of callouts: 0 out of 100
  Number of Email Invocations: 0 out of 10
  Number of future calls: 0 out of 50
  Number of queueable jobs added to the queue: 0 out of 50
  Number of Mobile Apex push calls: 0 out of 10

12:18:58.465 (465034272)|CUMULATIVE_LIMIT_USAGE_END

12:18:58.40 (465134246)|CODE_UNIT_FINISHED|Repository_Tests.WhenCreatingAccount_ShouldSaveAccount
12:18:58.40 (466615390)|EXECUTION_FINISHED
12:18:58.495 (495859389)|EXECUTION_STARTED
12:18:58.495 (495882545)|CODE_UNIT_STARTED|[EXTERNAL]|01p3600000DHCrn|Repository_Tests.WhenCreatingList_ShouldSaveResults
12:18:58.495 (496588161)|ENTERING_MANAGED_PKG|
12:18:58.495 (499847718)|SYSTEM_MODE_ENTER|false
12:18:58.495 (499861902)|SYSTEM_MODE_EXIT|false
12:18:58.495 (500021180)|SYSTEM_MODE_ENTER|false
12:18:58.495 (500056927)|SYSTEM_MODE_EXIT|false
12:18:58.495 (500065858)|SYSTEM_MODE_ENTER|false
12:18:58.495 (500070223)|SYSTEM_MODE_EXIT|false
12:18:58.495 (500181431)|SYSTEM_MODE_ENTER|false
12:18:58.495 (500278857)|DML_BEGIN|[12]|Op:Insert|Type:Account|Rows:2
12:18:58.495 (503718426)|CODE_UNIT_STARTED|[EXTERNAL]|DuplicateDetector
12:18:58.495 (503735021)|DUPLICATE_DETECTION_BEGIN
12:18:58.495 (503803770)|DUPLICATE_DETECTION_RULE_INVOCATION|DuplicateRuleId:0Bm360000015Q5Y|DuplicateRuleName:Standard Account duplicate rule|DmlType:INSERT
12:18:58.495 (524736420)|DUPLICATE_DETECTION_MATCH_INVOCATION_DETAILS|EntityType:Account|ActionTaken:Allow_[Alert,Report]|DuplicateRecordIds:
12:18:58.495 (524750124)|DUPLICATE_DETECTION_MATCH_INVOCATION_DETAILS|EntityType:Account|ActionTaken:Allow_[Alert,Report]|DuplicateRecordIds:
12:18:58.495 (524760904)|DUPLICATE_DETECTION_MATCH_INVOCATION_SUMMARY|EntityType:Account|NumRecordsToBeSaved:2|NumRecordsToBeSavedWithDuplicates:0|NumDuplicateRecordsFound:0
12:18:58.495 (524860259)|DUPLICATE_DETECTION_END
12:18:58.495 (524893021)|CODE_UNIT_FINISHED|DuplicateDetector
12:18:58.495 (556397317)|DML_END|[12]
12:18:58.495 (556549396)|SYSTEM_MODE_EXIT|false
12:18:58.495 (561050765)|SOQL_EXECUTE_BEGIN|[73]|Aggregations:0|SELECT Id, Name FROM Account
12:18:58.495 (566221921)|SOQL_EXECUTE_END|[73]|Rows:2
12:18:58.495 (566329259)|ENTERING_MANAGED_PKG|
12:18:58.495 (566389487)|ENTERING_MANAGED_PKG|
12:18:58.495 (566469731)|ENTERING_MANAGED_PKG|
12:18:58.495 (566550261)|ENTERING_MANAGED_PKG|
12:18:58.566 (566596516)|CUMULATIVE_LIMIT_USAGE
12:18:58.566 (566596516)|LIMIT_USAGE_FOR_NS|(default)|
  Number of SOQL queries: 0 out of 100
  Number of query rows: 0 out of 50000
  Number of SOSL queries: 0 out of 20
  Number of DML statements: 0 out of 150
  Number of DML rows: 0 out of 10000
  Maximum CPU time: 0 out of 10000
  Maximum heap size: 0 out of 6000000
  Number of callouts: 0 out of 100
  Number of Email Invocations: 0 out of 10
  Number of future calls: 0 out of 50
  Number of queueable jobs added to the queue: 0 out of 50
  Number of Mobile Apex push calls: 0 out of 10

12:18:58.566 (566596516)|LIMIT_USAGE_FOR_NS|LabTools|
  Number of SOQL queries: 1 out of 100
  Number of query rows: 2 out of 50000
  Number of SOSL queries: 0 out of 20
  Number of DML statements: 0 out of 150
  Number of DML rows: 0 out of 10000
  Maximum CPU time: 0 out of 10000
  Maximum heap size: 0 out of 6000000
  Number of callouts: 0 out of 100
  Number of Email Invocations: 0 out of 10
  Number of future calls: 0 out of 50
  Number of queueable jobs added to the queue: 0 out of 50
  Number of Mobile Apex push calls: 0 out of 10

12:18:58.566 (566596516)|TESTING_LIMITS
12:18:58.566 (566596516)|LIMIT_USAGE_FOR_NS|(default)|
  Number of SOQL queries: 0 out of 100
  Number of query rows: 0 out of 50000
  Number of SOSL queries: 0 out of 20
  Number of DML statements: 0 out of 150
  Number of DML rows: 0 out of 10000
  Maximum CPU time: 0 out of 10000
  Maximum heap size: 0 out of 6000000
  Number of callouts: 0 out of 100
  Number of Email Invocations: 0 out of 10
  Number of future calls: 0 out of 50
  Number of queueable jobs added to the queue: 0 out of 50
  Number of Mobile Apex push calls: 0 out of 10

12:18:58.566 (566596516)|LIMIT_USAGE_FOR_NS|LabTools|
  Number of SOQL queries: 0 out of 100
  Number of query rows: 0 out of 50000
  Number of SOSL queries: 0 out of 20
  Number of DML statements: 1 out of 150
  Number of DML rows: 2 out of 10000
  Maximum CPU time: 0 out of 10000
  Maximum heap size: 0 out of 6000000
  Number of callouts: 0 out of 100
  Number of Email Invocations: 0 out of 10
  Number of future calls: 0 out of 50
  Number of queueable jobs added to the queue: 0 out of 50
  Number of Mobile Apex push calls: 0 out of 10

12:18:58.566 (566596516)|CUMULATIVE_LIMIT_USAGE_END

12:18:58.495 (566688077)|CODE_UNIT_FINISHED|Repository_Tests.WhenCreatingList_ShouldSaveResults
12:18:58.495 (568339709)|EXECUTION_FINISHED
12:18:58.597 (597432227)|EXECUTION_STARTED
12:18:58.597 (597456646)|CODE_UNIT_STARTED|[EXTERNAL]|01p3600000DHCrn|Repository_Tests.WhenEchoing_ShouldReturnGivenList
12:18:58.597 (598121227)|ENTERING_MANAGED_PKG|
12:18:58.597 (601519025)|SYSTEM_MODE_ENTER|false
12:18:58.597 (601533038)|SYSTEM_MODE_EXIT|false
12:18:58.597 (601596186)|SYSTEM_MODE_ENTER|false
12:18:58.597 (601625866)|SYSTEM_MODE_EXIT|false
12:18:58.597 (601632907)|SYSTEM_MODE_ENTER|false
12:18:58.597 (601636831)|SYSTEM_MODE_EXIT|false
12:18:58.597 (601701224)|SYSTEM_MODE_ENTER|false
12:18:58.597 (601708898)|SYSTEM_MODE_EXIT|false
12:18:58.597 (605249039)|ENTERING_MANAGED_PKG|
12:18:58.605 (605355030)|CUMULATIVE_LIMIT_USAGE
12:18:58.605 (605355030)|LIMIT_USAGE_FOR_NS|(default)|
  Number of SOQL queries: 0 out of 100
  Number of query rows: 0 out of 50000
  Number of SOSL queries: 0 out of 20
  Number of DML statements: 0 out of 150
  Number of DML rows: 0 out of 10000
  Maximum CPU time: 0 out of 10000
  Maximum heap size: 0 out of 6000000
  Number of callouts: 0 out of 100
  Number of Email Invocations: 0 out of 10
  Number of future calls: 0 out of 50
  Number of queueable jobs added to the queue: 0 out of 50
  Number of Mobile Apex push calls: 0 out of 10

12:18:58.605 (605355030)|TESTING_LIMITS
12:18:58.605 (605355030)|LIMIT_USAGE_FOR_NS|(default)|
  Number of SOQL queries: 0 out of 100
  Number of query rows: 0 out of 50000
  Number of SOSL queries: 0 out of 20
  Number of DML statements: 0 out of 150
  Number of DML rows: 0 out of 10000
  Maximum CPU time: 0 out of 10000
  Maximum heap size: 0 out of 6000000
  Number of callouts: 0 out of 100
  Number of Email Invocations: 0 out of 10
  Number of future calls: 0 out of 50
  Number of queueable jobs added to the queue: 0 out of 50
  Number of Mobile Apex push calls: 0 out of 10

12:18:58.605 (605355030)|CUMULATIVE_LIMIT_USAGE_END

12:18:58.597 (605438914)|CODE_UNIT_FINISHED|Repository_Tests.WhenEchoing_ShouldReturnGivenList
12:18:58.597 (606778770)|EXECUTION_FINISHED
12:18:58.632 (632352348)|EXECUTION_STARTED
12:18:58.632 (632374505)|CODE_UNIT_STARTED|[EXTERNAL]|01p3600000DHCrn|Repository_Tests.WhenModifyingList_ShouldSaveResults
12:18:58.632 (632953902)|ENTERING_MANAGED_PKG|
12:18:58.632 (633066634)|DML_BEGIN|[111]|Op:Insert|Type:Account|Rows:2
12:18:58.632 (636460833)|CODE_UNIT_STARTED|[EXTERNAL]|DuplicateDetector
12:18:58.632 (636475695)|DUPLICATE_DETECTION_BEGIN
12:18:58.632 (636551852)|DUPLICATE_DETECTION_RULE_INVOCATION|DuplicateRuleId:0Bm360000015Q5Y|DuplicateRuleName:Standard Account duplicate rule|DmlType:INSERT
12:18:58.632 (653462381)|DUPLICATE_DETECTION_MATCH_INVOCATION_DETAILS|EntityType:Account|ActionTaken:Allow_[Alert,Report]|DuplicateRecordIds:
12:18:58.632 (653477854)|DUPLICATE_DETECTION_MATCH_INVOCATION_DETAILS|EntityType:Account|ActionTaken:Allow_[Alert,Report]|DuplicateRecordIds:
12:18:58.632 (653492006)|DUPLICATE_DETECTION_MATCH_INVOCATION_SUMMARY|EntityType:Account|NumRecordsToBeSaved:2|NumRecordsToBeSavedWithDuplicates:0|NumDuplicateRecordsFound:0
12:18:58.632 (653653105)|DUPLICATE_DETECTION_END
12:18:58.632 (653694744)|CODE_UNIT_FINISHED|DuplicateDetector
12:18:58.632 (678646243)|DML_END|[111]
12:18:58.632 (678751937)|ENTERING_MANAGED_PKG|
12:18:58.632 (682937600)|SYSTEM_MODE_ENTER|false
12:18:58.632 (682949517)|SYSTEM_MODE_EXIT|false
12:18:58.632 (683015093)|SYSTEM_MODE_ENTER|false
12:18:58.632 (683042077)|SYSTEM_MODE_EXIT|false
12:18:58.632 (683047596)|SYSTEM_MODE_ENTER|false
12:18:58.632 (683049927)|SYSTEM_MODE_EXIT|false
12:18:58.632 (683117031)|SYSTEM_MODE_ENTER|false
12:18:58.632 (683194446)|DML_BEGIN|[18]|Op:Update|Type:Account|Rows:2
12:18:58.632 (702502343)|CODE_UNIT_STARTED|[EXTERNAL]|DuplicateDetector
12:18:58.632 (702534974)|DUPLICATE_DETECTION_BEGIN
12:18:58.632 (702615468)|DUPLICATE_DETECTION_RULE_INVOCATION|DuplicateRuleId:0Bm360000015Q5Y|DuplicateRuleName:Standard Account duplicate rule|DmlType:UPDATE
12:18:58.632 (702622241)|DUPLICATE_DETECTION_END
12:18:58.632 (702670123)|CODE_UNIT_FINISHED|DuplicateDetector
12:18:58.632 (725233014)|DML_END|[18]
12:18:58.632 (725314205)|SYSTEM_MODE_EXIT|false
12:18:58.632 (729540754)|SOQL_EXECUTE_BEGIN|[121]|Aggregations:0|SELECT Id, Name FROM Account
12:18:58.632 (733949743)|SOQL_EXECUTE_END|[121]|Rows:2
12:18:58.632 (734040644)|ENTERING_MANAGED_PKG|
12:18:58.632 (734097755)|ENTERING_MANAGED_PKG|
12:18:58.632 (734173282)|ENTERING_MANAGED_PKG|
12:18:58.632 (734249853)|ENTERING_MANAGED_PKG|
12:18:58.734 (734296997)|CUMULATIVE_LIMIT_USAGE
12:18:58.734 (734296997)|LIMIT_USAGE_FOR_NS|(default)|
  Number of SOQL queries: 0 out of 100
  Number of query rows: 0 out of 50000
  Number of SOSL queries: 0 out of 20
  Number of DML statements: 0 out of 150
  Number of DML rows: 0 out of 10000
  Maximum CPU time: 0 out of 10000
  Maximum heap size: 0 out of 6000000
  Number of callouts: 0 out of 100
  Number of Email Invocations: 0 out of 10
  Number of future calls: 0 out of 50
  Number of queueable jobs added to the queue: 0 out of 50
  Number of Mobile Apex push calls: 0 out of 10

12:18:58.734 (734296997)|LIMIT_USAGE_FOR_NS|LabTools|
  Number of SOQL queries: 1 out of 100
  Number of query rows: 2 out of 50000
  Number of SOSL queries: 0 out of 20
  Number of DML statements: 1 out of 150
  Number of DML rows: 2 out of 10000
  Maximum CPU time: 0 out of 10000
  Maximum heap size: 0 out of 6000000
  Number of callouts: 0 out of 100
  Number of Email Invocations: 0 out of 10
  Number of future calls: 0 out of 50
  Number of queueable jobs added to the queue: 0 out of 50
  Number of Mobile Apex push calls: 0 out of 10

12:18:58.734 (734296997)|TESTING_LIMITS
12:18:58.734 (734296997)|LIMIT_USAGE_FOR_NS|(default)|
  Number of SOQL queries: 0 out of 100
  Number of query rows: 0 out of 50000
  Number of SOSL queries: 0 out of 20
  Number of DML statements: 0 out of 150
  Number of DML rows: 0 out of 10000
  Maximum CPU time: 0 out of 10000
  Maximum heap size: 0 out of 6000000
  Number of callouts: 0 out of 100
  Number of Email Invocations: 0 out of 10
  Number of future calls: 0 out of 50
  Number of queueable jobs added to the queue: 0 out of 50
  Number of Mobile Apex push calls: 0 out of 10

12:18:58.734 (734296997)|LIMIT_USAGE_FOR_NS|LabTools|
  Number of SOQL queries: 0 out of 100
  Number of query rows: 0 out of 50000
  Number of SOSL queries: 0 out of 20
  Number of DML statements: 1 out of 150
  Number of DML rows: 2 out of 10000
  Maximum CPU time: 0 out of 10000
  Maximum heap size: 0 out of 6000000
  Number of callouts: 0 out of 100
  Number of Email Invocations: 0 out of 10
  Number of future calls: 0 out of 50
  Number of queueable jobs added to the queue: 0 out of 50
  Number of Mobile Apex push calls: 0 out of 10

12:18:58.734 (734296997)|CUMULATIVE_LIMIT_USAGE_END

12:18:58.632 (734371372)|CODE_UNIT_FINISHED|Repository_Tests.WhenModifyingList_ShouldSaveResults
12:18:58.632 (735871978)|EXECUTION_FINISHED
12:18:58.763 (763855044)|EXECUTION_STARTED
12:18:58.763 (763876656)|CODE_UNIT_STARTED|[EXTERNAL]|01p3600000DHCrn|Repository_Tests.WhenModifying_ShouldSaveResults
12:18:58.763 (764436924)|DML_BEGIN|[85]|Op:Insert|Type:Account|Rows:1
12:18:58.763 (768039097)|CODE_UNIT_STARTED|[EXTERNAL]|DuplicateDetector
12:18:58.763 (768051738)|DUPLICATE_DETECTION_BEGIN
12:18:58.763 (768116296)|DUPLICATE_DETECTION_RULE_INVOCATION|DuplicateRuleId:0Bm360000015Q5Y|DuplicateRuleName:Standard Account duplicate rule|DmlType:INSERT
12:18:58.763 (785878173)|DUPLICATE_DETECTION_MATCH_INVOCATION_DETAILS|EntityType:Account|ActionTaken:Allow_[Alert,Report]|DuplicateRecordIds:
12:18:58.763 (785895483)|DUPLICATE_DETECTION_MATCH_INVOCATION_SUMMARY|EntityType:Account|NumRecordsToBeSaved:1|NumRecordsToBeSavedWithDuplicates:0|NumDuplicateRecordsFound:0
12:18:58.763 (785996289)|DUPLICATE_DETECTION_END
12:18:58.763 (786031766)|CODE_UNIT_FINISHED|DuplicateDetector
12:18:58.763 (821080749)|DML_END|[85]
12:18:58.763 (823707117)|SYSTEM_MODE_ENTER|false
12:18:58.763 (823720594)|SYSTEM_MODE_EXIT|false
12:18:58.763 (823788686)|SYSTEM_MODE_ENTER|false
12:18:58.763 (823841743)|SYSTEM_MODE_EXIT|false
12:18:58.763 (823854260)|SYSTEM_MODE_ENTER|false
12:18:58.763 (823857351)|SYSTEM_MODE_EXIT|false
12:18:58.763 (823933610)|SYSTEM_MODE_ENTER|false
12:18:58.763 (823990267)|DML_BEGIN|[15]|Op:Update|Type:Account|Rows:1
12:18:58.763 (832808929)|CODE_UNIT_STARTED|[EXTERNAL]|DuplicateDetector
12:18:58.763 (832829603)|DUPLICATE_DETECTION_BEGIN
12:18:58.763 (832895712)|DUPLICATE_DETECTION_RULE_INVOCATION|DuplicateRuleId:0Bm360000015Q5Y|DuplicateRuleName:Standard Account duplicate rule|DmlType:UPDATE
12:18:58.763 (832902025)|DUPLICATE_DETECTION_END
12:18:58.763 (832949610)|CODE_UNIT_FINISHED|DuplicateDetector
12:18:58.763 (847273694)|DML_END|[15]
12:18:58.763 (847315637)|SYSTEM_MODE_EXIT|false
12:18:58.763 (850731395)|SOQL_EXECUTE_BEGIN|[94]|Aggregations:0|SELECT Id, Name FROM Account
12:18:58.763 (854709219)|SOQL_EXECUTE_END|[94]|Rows:1
12:18:58.763 (854822547)|ENTERING_MANAGED_PKG|
12:18:58.763 (854878731)|ENTERING_MANAGED_PKG|
12:18:58.763 (854948263)|ENTERING_MANAGED_PKG|
12:18:58.855 (855000540)|CUMULATIVE_LIMIT_USAGE
12:18:58.855 (855000540)|LIMIT_USAGE_FOR_NS|(default)|
  Number of SOQL queries: 0 out of 100
  Number of query rows: 0 out of 50000
  Number of SOSL queries: 0 out of 20
  Number of DML statements: 0 out of 150
  Number of DML rows: 0 out of 10000
  Maximum CPU time: 0 out of 10000
  Maximum heap size: 0 out of 6000000
  Number of callouts: 0 out of 100
  Number of Email Invocations: 0 out of 10
  Number of future calls: 0 out of 50
  Number of queueable jobs added to the queue: 0 out of 50
  Number of Mobile Apex push calls: 0 out of 10

12:18:58.855 (855000540)|LIMIT_USAGE_FOR_NS|LabTools|
  Number of SOQL queries: 1 out of 100
  Number of query rows: 1 out of 50000
  Number of SOSL queries: 0 out of 20
  Number of DML statements: 1 out of 150
  Number of DML rows: 1 out of 10000
  Maximum CPU time: 0 out of 10000
  Maximum heap size: 0 out of 6000000
  Number of callouts: 0 out of 100
  Number of Email Invocations: 0 out of 10
  Number of future calls: 0 out of 50
  Number of queueable jobs added to the queue: 0 out of 50
  Number of Mobile Apex push calls: 0 out of 10

12:18:58.855 (855000540)|TESTING_LIMITS
12:18:58.855 (855000540)|LIMIT_USAGE_FOR_NS|(default)|
  Number of SOQL queries: 0 out of 100
  Number of query rows: 0 out of 50000
  Number of SOSL queries: 0 out of 20
  Number of DML statements: 0 out of 150
  Number of DML rows: 0 out of 10000
  Maximum CPU time: 0 out of 10000
  Maximum heap size: 0 out of 6000000
  Number of callouts: 0 out of 100
  Number of Email Invocations: 0 out of 10
  Number of future calls: 0 out of 50
  Number of queueable jobs added to the queue: 0 out of 50
  Number of Mobile Apex push calls: 0 out of 10

12:18:58.855 (855000540)|LIMIT_USAGE_FOR_NS|LabTools|
  Number of SOQL queries: 0 out of 100
  Number of query rows: 0 out of 50000
  Number of SOSL queries: 0 out of 20
  Number of DML statements: 1 out of 150
  Number of DML rows: 1 out of 10000
  Maximum CPU time: 0 out of 10000
  Maximum heap size: 0 out of 6000000
  Number of callouts: 0 out of 100
  Number of Email Invocations: 0 out of 10
  Number of future calls: 0 out of 50
  Number of queueable jobs added to the queue: 0 out of 50
  Number of Mobile Apex push calls: 0 out of 10

12:18:58.855 (855000540)|CUMULATIVE_LIMIT_USAGE_END

12:18:58.763 (855080752)|CODE_UNIT_FINISHED|Repository_Tests.WhenModifying_ShouldSaveResults
12:18:58.763 (856411650)|EXECUTION_FINISHED
12:18:58.887 (887465596)|EXECUTION_STARTED
12:18:58.887 (887490252)|CODE_UNIT_STARTED|[EXTERNAL]|01p3600000DHCrn|Repository_Tests.WhenQuerying_ShouldReturnResults
12:18:58.887 (887993384)|DML_BEGIN|[8]|Op:Insert|Type:Account|Rows:1
12:18:58.887 (892728645)|CODE_UNIT_STARTED|[EXTERNAL]|DuplicateDetector
12:18:58.887 (892747407)|DUPLICATE_DETECTION_BEGIN
12:18:58.887 (892829450)|DUPLICATE_DETECTION_RULE_INVOCATION|DuplicateRuleId:0Bm360000015Q5Y|DuplicateRuleName:Standard Account duplicate rule|DmlType:INSERT
12:18:58.887 (912307446)|DUPLICATE_DETECTION_MATCH_INVOCATION_DETAILS|EntityType:Account|ActionTaken:Allow_[Alert,Report]|DuplicateRecordIds:
12:18:58.887 (912330554)|DUPLICATE_DETECTION_MATCH_INVOCATION_SUMMARY|EntityType:Account|NumRecordsToBeSaved:1|NumRecordsToBeSavedWithDuplicates:0|NumDuplicateRecordsFound:0
12:18:58.887 (912476571)|DUPLICATE_DETECTION_END
12:18:58.887 (912535053)|CODE_UNIT_FINISHED|DuplicateDetector
12:18:58.887 (948236773)|DML_END|[8]
12:18:58.887 (951475638)|SYSTEM_MODE_ENTER|false
12:18:58.887 (951491997)|SYSTEM_MODE_EXIT|false
12:18:58.887 (951567694)|SYSTEM_MODE_ENTER|false
12:18:58.887 (951623394)|SYSTEM_MODE_EXIT|false
12:18:58.887 (951633349)|SYSTEM_MODE_ENTER|false
12:18:58.887 (951638125)|SYSTEM_MODE_EXIT|false
12:18:58.887 (951725048)|SYSTEM_MODE_ENTER|false
12:18:58.887 (951756193)|ENTERING_MANAGED_PKG|
12:18:58.887 (951914662)|SOQL_EXECUTE_BEGIN|[3]|Aggregations:0|SELECT Id, Name FROM Account
12:18:58.887 (956989584)|SOQL_EXECUTE_END|[3]|Rows:1
12:18:58.887 (957064195)|SYSTEM_MODE_EXIT|false
12:18:58.887 (960090380)|ENTERING_MANAGED_PKG|
12:18:58.887 (960146929)|ENTERING_MANAGED_PKG|
12:18:58.887 (960209683)|ENTERING_MANAGED_PKG|
12:18:58.960 (960264417)|CUMULATIVE_LIMIT_USAGE
12:18:58.960 (960264417)|LIMIT_USAGE_FOR_NS|(default)|
  Number of SOQL queries: 0 out of 100
  Number of query rows: 0 out of 50000
  Number of SOSL queries: 0 out of 20
  Number of DML statements: 0 out of 150
  Number of DML rows: 0 out of 10000
  Maximum CPU time: 0 out of 10000
  Maximum heap size: 0 out of 6000000
  Number of callouts: 0 out of 100
  Number of Email Invocations: 0 out of 10
  Number of future calls: 0 out of 50
  Number of queueable jobs added to the queue: 0 out of 50
  Number of Mobile Apex push calls: 0 out of 10

12:18:58.960 (960264417)|LIMIT_USAGE_FOR_NS|LabTools|
  Number of SOQL queries: 0 out of 100
  Number of query rows: 0 out of 50000
  Number of SOSL queries: 0 out of 20
  Number of DML statements: 1 out of 150
  Number of DML rows: 1 out of 10000
  Maximum CPU time: 0 out of 10000
  Maximum heap size: 0 out of 6000000
  Number of callouts: 0 out of 100
  Number of Email Invocations: 0 out of 10
  Number of future calls: 0 out of 50
  Number of queueable jobs added to the queue: 0 out of 50
  Number of Mobile Apex push calls: 0 out of 10

12:18:58.960 (960264417)|TESTING_LIMITS
12:18:58.960 (960264417)|LIMIT_USAGE_FOR_NS|(default)|
  Number of SOQL queries: 0 out of 100
  Number of query rows: 0 out of 50000
  Number of SOSL queries: 0 out of 20
  Number of DML statements: 0 out of 150
  Number of DML rows: 0 out of 10000
  Maximum CPU time: 0 out of 10000
  Maximum heap size: 0 out of 6000000
  Number of callouts: 0 out of 100
  Number of Email Invocations: 0 out of 10
  Number of future calls: 0 out of 50
  Number of queueable jobs added to the queue: 0 out of 50
  Number of Mobile Apex push calls: 0 out of 10

12:18:58.960 (960264417)|LIMIT_USAGE_FOR_NS|LabTools|
  Number of SOQL queries: 1 out of 100
  Number of query rows: 1 out of 50000
  Number of SOSL queries: 0 out of 20
  Number of DML statements: 0 out of 150
  Number of DML rows: 0 out of 10000
  Maximum CPU time: 0 out of 10000
  Maximum heap size: 0 out of 6000000
  Number of callouts: 0 out of 100
  Number of Email Invocations: 0 out of 10
  Number of future calls: 0 out of 50
  Number of queueable jobs added to the queue: 0 out of 50
  Number of Mobile Apex push calls: 0 out of 10

12:18:58.960 (960264417)|CUMULATIVE_LIMIT_USAGE_END

12:18:58.887 (960350920)|CODE_UNIT_FINISHED|Repository_Tests.WhenQuerying_ShouldReturnResults
12:18:58.887 (961391347)|EXECUTION_FINISHED
12:18:58.981 (981391963)|EXECUTION_STARTED
12:18:58.981 (981417464)|CODE_UNIT_STARTED|[EXTERNAL]|01p3600000DHCrn|Repository_Tests.WhenRemovingList_ShouldRemoveItems
12:18:58.981 (982175144)|ENTERING_MANAGED_PKG|
12:18:58.981 (982314486)|DML_BEGIN|[221]|Op:Insert|Type:Account|Rows:2
12:18:58.981 (985529189)|CODE_UNIT_STARTED|[EXTERNAL]|DuplicateDetector
12:18:58.981 (985544093)|DUPLICATE_DETECTION_BEGIN
12:18:58.981 (985631218)|DUPLICATE_DETECTION_RULE_INVOCATION|DuplicateRuleId:0Bm360000015Q5Y|DuplicateRuleName:Standard Account duplicate rule|DmlType:INSERT
12:18:58.981 (1015592020)|DUPLICATE_DETECTION_MATCH_INVOCATION_DETAILS|EntityType:Account|ActionTaken:Allow_[Alert,Report]|DuplicateRecordIds:
12:18:58.981 (1015604951)|DUPLICATE_DETECTION_MATCH_INVOCATION_DETAILS|EntityType:Account|ActionTaken:Allow_[Alert,Report]|DuplicateRecordIds:
12:18:58.981 (1015618354)|DUPLICATE_DETECTION_MATCH_INVOCATION_SUMMARY|EntityType:Account|NumRecordsToBeSaved:2|NumRecordsToBeSavedWithDuplicates:0|NumDuplicateRecordsFound:0
12:18:58.981 (1015763655)|DUPLICATE_DETECTION_END
12:18:58.981 (1015816094)|CODE_UNIT_FINISHED|DuplicateDetector
12:18:58.981 (1045328255)|DML_END|[221]
12:18:58.981 (1048311774)|SYSTEM_MODE_ENTER|false
12:18:58.981 (1048326001)|SYSTEM_MODE_EXIT|false
12:18:58.981 (1048389672)|SYSTEM_MODE_ENTER|false
12:18:58.981 (1048419531)|SYSTEM_MODE_EXIT|false
12:18:58.981 (1048425557)|SYSTEM_MODE_ENTER|false
12:18:58.981 (1048428204)|SYSTEM_MODE_EXIT|false
12:18:58.981 (1048507232)|SYSTEM_MODE_ENTER|false
12:18:58.981 (1048577920)|DML_BEGIN|[30]|Op:Delete|Type:Account|Rows:2
12:18:58.981 (1621743955)|DML_END|[30]
12:18:58.981 (1621893579)|SYSTEM_MODE_EXIT|false
12:18:58.981 (1626055179)|SOQL_EXECUTE_BEGIN|[228]|Aggregations:0|SELECT Id, Name FROM Account
12:18:58.981 (1631541810)|SOQL_EXECUTE_END|[228]|Rows:0
12:18:58.981 (1631691189)|ENTERING_MANAGED_PKG|
12:18:58.981 (1631779563)|ENTERING_MANAGED_PKG|
12:18:59.631 (1631827717)|CUMULATIVE_LIMIT_USAGE
12:18:59.631 (1631827717)|LIMIT_USAGE_FOR_NS|(default)|
  Number of SOQL queries: 0 out of 100
  Number of query rows: 0 out of 50000
  Number of SOSL queries: 0 out of 20
  Number of DML statements: 0 out of 150
  Number of DML rows: 0 out of 10000
  Maximum CPU time: 0 out of 10000
  Maximum heap size: 0 out of 6000000
  Number of callouts: 0 out of 100
  Number of Email Invocations: 0 out of 10
  Number of future calls: 0 out of 50
  Number of queueable jobs added to the queue: 0 out of 50
  Number of Mobile Apex push calls: 0 out of 10

12:18:59.631 (1631827717)|LIMIT_USAGE_FOR_NS|LabTools|
  Number of SOQL queries: 1 out of 100
  Number of query rows: 0 out of 50000
  Number of SOSL queries: 0 out of 20
  Number of DML statements: 1 out of 150
  Number of DML rows: 2 out of 10000
  Maximum CPU time: 0 out of 10000
  Maximum heap size: 0 out of 6000000
  Number of callouts: 0 out of 100
  Number of Email Invocations: 0 out of 10
  Number of future calls: 0 out of 50
  Number of queueable jobs added to the queue: 0 out of 50
  Number of Mobile Apex push calls: 0 out of 10

12:18:59.631 (1631827717)|TESTING_LIMITS
12:18:59.631 (1631827717)|LIMIT_USAGE_FOR_NS|(default)|
  Number of SOQL queries: 0 out of 100
  Number of query rows: 0 out of 50000
  Number of SOSL queries: 0 out of 20
  Number of DML statements: 0 out of 150
  Number of DML rows: 0 out of 10000
  Maximum CPU time: 0 out of 10000
  Maximum heap size: 0 out of 6000000
  Number of callouts: 0 out of 100
  Number of Email Invocations: 0 out of 10
  Number of future calls: 0 out of 50
  Number of queueable jobs added to the queue: 0 out of 50
  Number of Mobile Apex push calls: 0 out of 10

12:18:59.631 (1631827717)|LIMIT_USAGE_FOR_NS|LabTools|
  Number of SOQL queries: 0 out of 100
  Number of query rows: 0 out of 50000
  Number of SOSL queries: 0 out of 20
  Number of DML statements: 1 out of 150
  Number of DML rows: 2 out of 10000
  Maximum CPU time: 0 out of 10000
  Maximum heap size: 0 out of 6000000
  Number of callouts: 0 out of 100
  Number of Email Invocations: 0 out of 10
  Number of future calls: 0 out of 50
  Number of queueable jobs added to the queue: 0 out of 50
  Number of Mobile Apex push calls: 0 out of 10

12:18:59.631 (1631827717)|CUMULATIVE_LIMIT_USAGE_END

12:18:58.981 (1631905739)|CODE_UNIT_FINISHED|Repository_Tests.WhenRemovingList_ShouldRemoveItems
12:18:58.981 (1633366591)|EXECUTION_FINISHED
12:18:59.662 (1662225601)|EXECUTION_STARTED
12:18:59.662 (1662249520)|CODE_UNIT_STARTED|[EXTERNAL]|01p3600000DHCrn|Repository_Tests.WhenRemoving_ShouldRemoveItems
12:18:59.662 (1662850643)|DML_BEGIN|[197]|Op:Insert|Type:Account|Rows:1
12:18:59.662 (1666507770)|CODE_UNIT_STARTED|[EXTERNAL]|DuplicateDetector
12:18:59.662 (1666527636)|DUPLICATE_DETECTION_BEGIN
12:18:59.662 (1666611745)|DUPLICATE_DETECTION_RULE_INVOCATION|DuplicateRuleId:0Bm360000015Q5Y|DuplicateRuleName:Standard Account duplicate rule|DmlType:INSERT
12:18:59.662 (1692742976)|DUPLICATE_DETECTION_MATCH_INVOCATION_DETAILS|EntityType:Account|ActionTaken:Allow_[Alert,Report]|DuplicateRecordIds:
12:18:59.662 (1692762852)|DUPLICATE_DETECTION_MATCH_INVOCATION_SUMMARY|EntityType:Account|NumRecordsToBeSaved:1|NumRecordsToBeSavedWithDuplicates:0|NumDuplicateRecordsFound:0
12:18:59.662 (1692888668)|DUPLICATE_DETECTION_END
12:18:59.662 (1692944532)|CODE_UNIT_FINISHED|DuplicateDetector
12:18:59.662 (1720437127)|DML_END|[197]
12:18:59.662 (1723240310)|SYSTEM_MODE_ENTER|false
12:18:59.662 (1723253621)|SYSTEM_MODE_EXIT|false
12:18:59.662 (1723318030)|SYSTEM_MODE_ENTER|false
12:18:59.662 (1723346317)|SYSTEM_MODE_EXIT|false
12:18:59.662 (1723351698)|SYSTEM_MODE_ENTER|false
12:18:59.662 (1723354066)|SYSTEM_MODE_EXIT|false
12:18:59.662 (1723424600)|SYSTEM_MODE_ENTER|false
12:18:59.662 (1723481957)|DML_BEGIN|[27]|Op:Delete|Type:Account|Rows:1
12:18:59.662 (1797694388)|DML_END|[27]
12:18:59.662 (1797732412)|SYSTEM_MODE_EXIT|false
12:18:59.662 (1800936709)|SOQL_EXECUTE_BEGIN|[205]|Aggregations:0|SELECT Id, Name FROM Account
12:18:59.662 (1805517399)|SOQL_EXECUTE_END|[205]|Rows:0
12:18:59.662 (1805594241)|ENTERING_MANAGED_PKG|
12:18:59.662 (1805645508)|ENTERING_MANAGED_PKG|
12:18:59.805 (1805681438)|CUMULATIVE_LIMIT_USAGE
12:18:59.805 (1805681438)|LIMIT_USAGE_FOR_NS|(default)|
  Number of SOQL queries: 0 out of 100
  Number of query rows: 0 out of 50000
  Number of SOSL queries: 0 out of 20
  Number of DML statements: 0 out of 150
  Number of DML rows: 0 out of 10000
  Maximum CPU time: 0 out of 10000
  Maximum heap size: 0 out of 6000000
  Number of callouts: 0 out of 100
  Number of Email Invocations: 0 out of 10
  Number of future calls: 0 out of 50
  Number of queueable jobs added to the queue: 0 out of 50
  Number of Mobile Apex push calls: 0 out of 10

12:18:59.805 (1805681438)|LIMIT_USAGE_FOR_NS|LabTools|
  Number of SOQL queries: 1 out of 100
  Number of query rows: 0 out of 50000
  Number of SOSL queries: 0 out of 20
  Number of DML statements: 1 out of 150
  Number of DML rows: 1 out of 10000
  Maximum CPU time: 0 out of 10000
  Maximum heap size: 0 out of 6000000
  Number of callouts: 0 out of 100
  Number of Email Invocations: 0 out of 10
  Number of future calls: 0 out of 50
  Number of queueable jobs added to the queue: 0 out of 50
  Number of Mobile Apex push calls: 0 out of 10

12:18:59.805 (1805681438)|TESTING_LIMITS
12:18:59.805 (1805681438)|LIMIT_USAGE_FOR_NS|(default)|
  Number of SOQL queries: 0 out of 100
  Number of query rows: 0 out of 50000
  Number of SOSL queries: 0 out of 20
  Number of DML statements: 0 out of 150
  Number of DML rows: 0 out of 10000
  Maximum CPU time: 0 out of 10000
  Maximum heap size: 0 out of 6000000
  Number of callouts: 0 out of 100
  Number of Email Invocations: 0 out of 10
  Number of future calls: 0 out of 50
  Number of queueable jobs added to the queue: 0 out of 50
  Number of Mobile Apex push calls: 0 out of 10

12:18:59.805 (1805681438)|LIMIT_USAGE_FOR_NS|LabTools|
  Number of SOQL queries: 0 out of 100
  Number of query rows: 0 out of 50000
  Number of SOSL queries: 0 out of 20
  Number of DML statements: 1 out of 150
  Number of DML rows: 1 out of 10000
  Maximum CPU time: 0 out of 10000
  Maximum heap size: 0 out of 6000000
  Number of callouts: 0 out of 100
  Number of Email Invocations: 0 out of 10
  Number of future calls: 0 out of 50
  Number of queueable jobs added to the queue: 0 out of 50
  Number of Mobile Apex push calls: 0 out of 10

12:18:59.805 (1805681438)|CUMULATIVE_LIMIT_USAGE_END

12:18:59.662 (1805764649)|CODE_UNIT_FINISHED|Repository_Tests.WhenRemoving_ShouldRemoveItems
12:18:59.662 (1807347980)|EXECUTION_FINISHED
12:18:59.831 (1831736399)|EXECUTION_STARTED
12:18:59.831 (1831757326)|CODE_UNIT_STARTED|[EXTERNAL]|01p3600000DHCrn|Repository_Tests.WhenSavingList_ShouldCreateAndChangeResults
12:18:59.831 (1832260987)|DML_BEGIN|[170]|Op:Insert|Type:Account|Rows:1
12:18:59.831 (1835674476)|CODE_UNIT_STARTED|[EXTERNAL]|DuplicateDetector
12:18:59.831 (1835692638)|DUPLICATE_DETECTION_BEGIN
12:18:59.831 (1835793870)|DUPLICATE_DETECTION_RULE_INVOCATION|DuplicateRuleId:0Bm360000015Q5Y|DuplicateRuleName:Standard Account duplicate rule|DmlType:INSERT
12:18:59.831 (1854491919)|DUPLICATE_DETECTION_MATCH_INVOCATION_DETAILS|EntityType:Account|ActionTaken:Allow_[Alert,Report]|DuplicateRecordIds:
12:18:59.831 (1854517755)|DUPLICATE_DETECTION_MATCH_INVOCATION_SUMMARY|EntityType:Account|NumRecordsToBeSaved:1|NumRecordsToBeSavedWithDuplicates:0|NumDuplicateRecordsFound:0
12:18:59.831 (1854618866)|DUPLICATE_DETECTION_END
12:18:59.831 (1854657773)|CODE_UNIT_FINISHED|DuplicateDetector
12:18:59.831 (1892126080)|DML_END|[170]
12:18:59.831 (1892368234)|ENTERING_MANAGED_PKG|
12:18:59.831 (1895742173)|SYSTEM_MODE_ENTER|false
12:18:59.831 (1895752997)|SYSTEM_MODE_EXIT|false
12:18:59.831 (1895807139)|SYSTEM_MODE_ENTER|false
12:18:59.831 (1895832232)|SYSTEM_MODE_EXIT|false
12:18:59.831 (1895838752)|SYSTEM_MODE_ENTER|false
12:18:59.831 (1895842796)|SYSTEM_MODE_EXIT|false
12:18:59.831 (1895933186)|SYSTEM_MODE_ENTER|false
12:18:59.831 (1896047074)|DML_BEGIN|[24]|Op:Upsert|Type:Account|Rows:2
12:18:59.831 (1899825562)|CODE_UNIT_STARTED|[EXTERNAL]|DuplicateDetector
12:18:59.831 (1899845600)|DUPLICATE_DETECTION_BEGIN
12:18:59.831 (1899936151)|DUPLICATE_DETECTION_RULE_INVOCATION|DuplicateRuleId:0Bm360000015Q5Y|DuplicateRuleName:Standard Account duplicate rule|DmlType:INSERT
12:18:59.831 (1919819012)|DUPLICATE_DETECTION_MATCH_INVOCATION_DETAILS|EntityType:Account|ActionTaken:Allow_[Alert,Report]|DuplicateRecordIds:
12:18:59.831 (1919839423)|DUPLICATE_DETECTION_MATCH_INVOCATION_SUMMARY|EntityType:Account|NumRecordsToBeSaved:1|NumRecordsToBeSavedWithDuplicates:0|NumDuplicateRecordsFound:0
12:18:59.831 (1919957854)|DUPLICATE_DETECTION_END
12:18:59.831 (1920009173)|CODE_UNIT_FINISHED|DuplicateDetector
12:18:59.831 (1947635284)|CODE_UNIT_STARTED|[EXTERNAL]|DuplicateDetector
12:18:59.831 (1947660092)|DUPLICATE_DETECTION_BEGIN
12:18:59.831 (1947743628)|DUPLICATE_DETECTION_RULE_INVOCATION|DuplicateRuleId:0Bm360000015Q5Y|DuplicateRuleName:Standard Account duplicate rule|DmlType:UPDATE
12:18:59.831 (1947751559)|DUPLICATE_DETECTION_END
12:18:59.831 (1947806183)|CODE_UNIT_FINISHED|DuplicateDetector
12:18:59.831 (1960757273)|DML_END|[24]
12:18:59.831 (1960917100)|SYSTEM_MODE_EXIT|false
12:18:59.831 (1964734679)|SOQL_EXECUTE_BEGIN|[185]|Aggregations:0|SELECT Id, Name FROM Account
12:18:59.831 (1969462747)|SOQL_EXECUTE_END|[185]|Rows:2
12:18:59.831 (1969564971)|ENTERING_MANAGED_PKG|
12:18:59.831 (1969622696)|ENTERING_MANAGED_PKG|
12:18:59.831 (1969685478)|ENTERING_MANAGED_PKG|
12:18:59.831 (1969749647)|ENTERING_MANAGED_PKG|
12:18:59.969 (1969792680)|CUMULATIVE_LIMIT_USAGE
12:18:59.969 (1969792680)|LIMIT_USAGE_FOR_NS|(default)|
  Number of SOQL queries: 0 out of 100
  Number of query rows: 0 out of 50000
  Number of SOSL queries: 0 out of 20
  Number of DML statements: 0 out of 150
  Number of DML rows: 0 out of 10000
  Maximum CPU time: 0 out of 10000
  Maximum heap size: 0 out of 6000000
  Number of callouts: 0 out of 100
  Number of Email Invocations: 0 out of 10
  Number of future calls: 0 out of 50
  Number of queueable jobs added to the queue: 0 out of 50
  Number of Mobile Apex push calls: 0 out of 10

12:18:59.969 (1969792680)|LIMIT_USAGE_FOR_NS|LabTools|
  Number of SOQL queries: 1 out of 100
  Number of query rows: 2 out of 50000
  Number of SOSL queries: 0 out of 20
  Number of DML statements: 1 out of 150
  Number of DML rows: 1 out of 10000
  Maximum CPU time: 0 out of 10000
  Maximum heap size: 0 out of 6000000
  Number of callouts: 0 out of 100
  Number of Email Invocations: 0 out of 10
  Number of future calls: 0 out of 50
  Number of queueable jobs added to the queue: 0 out of 50
  Number of Mobile Apex push calls: 0 out of 10

12:18:59.969 (1969792680)|TESTING_LIMITS
12:18:59.969 (1969792680)|LIMIT_USAGE_FOR_NS|(default)|
  Number of SOQL queries: 0 out of 100
  Number of query rows: 0 out of 50000
  Number of SOSL queries: 0 out of 20
  Number of DML statements: 0 out of 150
  Number of DML rows: 0 out of 10000
  Maximum CPU time: 0 out of 10000
  Maximum heap size: 0 out of 6000000
  Number of callouts: 0 out of 100
  Number of Email Invocations: 0 out of 10
  Number of future calls: 0 out of 50
  Number of queueable jobs added to the queue: 0 out of 50
  Number of Mobile Apex push calls: 0 out of 10

12:18:59.969 (1969792680)|LIMIT_USAGE_FOR_NS|LabTools|
  Number of SOQL queries: 0 out of 100
  Number of query rows: 0 out of 50000
  Number of SOSL queries: 0 out of 20
  Number of DML statements: 1 out of 150
  Number of DML rows: 2 out of 10000
  Maximum CPU time: 0 out of 10000
  Maximum heap size: 0 out of 6000000
  Number of callouts: 0 out of 100
  Number of Email Invocations: 0 out of 10
  Number of future calls: 0 out of 50
  Number of queueable jobs added to the queue: 0 out of 50
  Number of Mobile Apex push calls: 0 out of 10

12:18:59.969 (1969792680)|CUMULATIVE_LIMIT_USAGE_END

12:18:59.831 (1969872742)|CODE_UNIT_FINISHED|Repository_Tests.WhenSavingList_ShouldCreateAndChangeResults
12:18:59.831 (1971018714)|EXECUTION_FINISHED
12:19:00.5 (2005974565)|EXECUTION_STARTED
12:19:00.5 (2005990181)|CODE_UNIT_STARTED|[EXTERNAL]|01p3600000DHCrn|Repository_Tests.WhenSaving_ShouldChangeResults
12:19:00.5 (2006602428)|DML_BEGIN|[150]|Op:Insert|Type:Account|Rows:1
12:19:00.5 (2010566212)|CODE_UNIT_STARTED|[EXTERNAL]|DuplicateDetector
12:19:00.5 (2010582844)|DUPLICATE_DETECTION_BEGIN
12:19:00.5 (2010666690)|DUPLICATE_DETECTION_RULE_INVOCATION|DuplicateRuleId:0Bm360000015Q5Y|DuplicateRuleName:Standard Account duplicate rule|DmlType:INSERT
12:19:00.5 (2029042381)|DUPLICATE_DETECTION_MATCH_INVOCATION_DETAILS|EntityType:Account|ActionTaken:Allow_[Alert,Report]|DuplicateRecordIds:
12:19:00.5 (2029062454)|DUPLICATE_DETECTION_MATCH_INVOCATION_SUMMARY|EntityType:Account|NumRecordsToBeSaved:1|NumRecordsToBeSavedWithDuplicates:0|NumDuplicateRecordsFound:0
12:19:00.5 (2029176742)|DUPLICATE_DETECTION_END
12:19:00.5 (2029233389)|CODE_UNIT_FINISHED|DuplicateDetector
12:19:00.5 (2065422647)|DML_END|[150]
12:19:00.5 (2069123151)|SYSTEM_MODE_ENTER|false
12:19:00.5 (2069139085)|SYSTEM_MODE_EXIT|false
12:19:00.5 (2069224276)|SYSTEM_MODE_ENTER|false
12:19:00.5 (2069263692)|SYSTEM_MODE_EXIT|false
12:19:00.5 (2069272777)|SYSTEM_MODE_ENTER|false
12:19:00.5 (2069277461)|SYSTEM_MODE_EXIT|false
12:19:00.5 (2069393123)|SYSTEM_MODE_ENTER|false
12:19:00.5 (2069486192)|DML_BEGIN|[21]|Op:Upsert|Type:Account|Rows:1
12:19:00.5 (2083612467)|CODE_UNIT_STARTED|[EXTERNAL]|DuplicateDetector
12:19:00.5 (2083636227)|DUPLICATE_DETECTION_BEGIN
12:19:00.5 (2083721850)|DUPLICATE_DETECTION_RULE_INVOCATION|DuplicateRuleId:0Bm360000015Q5Y|DuplicateRuleName:Standard Account duplicate rule|DmlType:UPDATE
12:19:00.5 (2083730865)|DUPLICATE_DETECTION_END
12:19:00.5 (2083791155)|CODE_UNIT_FINISHED|DuplicateDetector
12:19:00.5 (2099065163)|DML_END|[21]
12:19:00.5 (2099119506)|SYSTEM_MODE_EXIT|false
12:19:00.5 (2104727914)|SOQL_EXECUTE_BEGIN|[159]|Aggregations:0|SELECT Id, Name FROM Account
12:19:00.5 (2109455814)|SOQL_EXECUTE_END|[159]|Rows:1
12:19:00.5 (2109586131)|ENTERING_MANAGED_PKG|
12:19:00.5 (2109657396)|ENTERING_MANAGED_PKG|
12:19:00.5 (2109807148)|ENTERING_MANAGED_PKG|
12:19:00.109 (2109877248)|CUMULATIVE_LIMIT_USAGE
12:19:00.109 (2109877248)|LIMIT_USAGE_FOR_NS|(default)|
  Number of SOQL queries: 0 out of 100
  Number of query rows: 0 out of 50000
  Number of SOSL queries: 0 out of 20
  Number of DML statements: 0 out of 150
  Number of DML rows: 0 out of 10000
  Maximum CPU time: 0 out of 10000
  Maximum heap size: 0 out of 6000000
  Number of callouts: 0 out of 100
  Number of Email Invocations: 0 out of 10
  Number of future calls: 0 out of 50
  Number of queueable jobs added to the queue: 0 out of 50
  Number of Mobile Apex push calls: 0 out of 10

12:19:00.109 (2109877248)|LIMIT_USAGE_FOR_NS|LabTools|
  Number of SOQL queries: 1 out of 100
  Number of query rows: 1 out of 50000
  Number of SOSL queries: 0 out of 20
  Number of DML statements: 1 out of 150
  Number of DML rows: 1 out of 10000
  Maximum CPU time: 0 out of 10000
  Maximum heap size: 0 out of 6000000
  Number of callouts: 0 out of 100
  Number of Email Invocations: 0 out of 10
  Number of future calls: 0 out of 50
  Number of queueable jobs added to the queue: 0 out of 50
  Number of Mobile Apex push calls: 0 out of 10

12:19:00.109 (2109877248)|TESTING_LIMITS
12:19:00.109 (2109877248)|LIMIT_USAGE_FOR_NS|(default)|
  Number of SOQL queries: 0 out of 100
  Number of query rows: 0 out of 50000
  Number of SOSL queries: 0 out of 20
  Number of DML statements: 0 out of 150
  Number of DML rows: 0 out of 10000
  Maximum CPU time: 0 out of 10000
  Maximum heap size: 0 out of 6000000
  Number of callouts: 0 out of 100
  Number of Email Invocations: 0 out of 10
  Number of future calls: 0 out of 50
  Number of queueable jobs added to the queue: 0 out of 50
  Number of Mobile Apex push calls: 0 out of 10

12:19:00.109 (2109877248)|LIMIT_USAGE_FOR_NS|LabTools|
  Number of SOQL queries: 0 out of 100
  Number of query rows: 0 out of 50000
  Number of SOSL queries: 0 out of 20
  Number of DML statements: 1 out of 150
  Number of DML rows: 1 out of 10000
  Maximum CPU time: 0 out of 10000
  Maximum heap size: 0 out of 6000000
  Number of callouts: 0 out of 100
  Number of Email Invocations: 0 out of 10
  Number of future calls: 0 out of 50
  Number of queueable jobs added to the queue: 0 out of 50
  Number of Mobile Apex push calls: 0 out of 10

12:19:00.109 (2109877248)|CUMULATIVE_LIMIT_USAGE_END

12:19:00.5 (2110011696)|CODE_UNIT_FINISHED|Repository_Tests.WhenSaving_ShouldChangeResults
12:19:00.5 (2111612629)|EXECUTION_FINISHED
12:19:00.139 (2139975960)|EXECUTION_STARTED
12:19:00.139 (2140001780)|CODE_UNIT_STARTED|[EXTERNAL]|01p3600000DHCrn|Repository_Tests.WhenSaving_ShouldCreateNewResults
12:19:00.139 (2143282289)|SYSTEM_MODE_ENTER|false
12:19:00.139 (2143295519)|SYSTEM_MODE_EXIT|false
12:19:00.139 (2143349463)|SYSTEM_MODE_ENTER|false
12:19:00.139 (2143371876)|SYSTEM_MODE_EXIT|false
12:19:00.139 (2143376989)|SYSTEM_MODE_ENTER|false
12:19:00.139 (2143379188)|SYSTEM_MODE_EXIT|false
12:19:00.139 (2143418590)|SYSTEM_MODE_ENTER|false
12:19:00.139 (2143482744)|DML_BEGIN|[21]|Op:Upsert|Type:Account|Rows:1
12:19:00.139 (2147531151)|CODE_UNIT_STARTED|[EXTERNAL]|DuplicateDetector
12:19:00.139 (2147543738)|DUPLICATE_DETECTION_BEGIN
12:19:00.139 (2147606996)|DUPLICATE_DETECTION_RULE_INVOCATION|DuplicateRuleId:0Bm360000015Q5Y|DuplicateRuleName:Standard Account duplicate rule|DmlType:INSERT
12:19:00.139 (2169300433)|DUPLICATE_DETECTION_MATCH_INVOCATION_DETAILS|EntityType:Account|ActionTaken:Allow_[Alert,Report]|DuplicateRecordIds:
12:19:00.139 (2169323019)|DUPLICATE_DETECTION_MATCH_INVOCATION_SUMMARY|EntityType:Account|NumRecordsToBeSaved:1|NumRecordsToBeSavedWithDuplicates:0|NumDuplicateRecordsFound:0
12:19:00.139 (2169455825)|DUPLICATE_DETECTION_END
12:19:00.139 (2169502259)|CODE_UNIT_FINISHED|DuplicateDetector
12:19:00.139 (2226248976)|DML_END|[21]
12:19:00.139 (2226295981)|SYSTEM_MODE_EXIT|false
12:19:00.139 (2231423364)|SOQL_EXECUTE_BEGIN|[139]|Aggregations:0|SELECT Id, Name FROM Account
12:19:00.139 (2236064447)|SOQL_EXECUTE_END|[139]|Rows:1
12:19:00.139 (2236158170)|ENTERING_MANAGED_PKG|
12:19:00.139 (2236224038)|ENTERING_MANAGED_PKG|
12:19:00.139 (2236289973)|ENTERING_MANAGED_PKG|
12:19:00.236 (2236344991)|CUMULATIVE_LIMIT_USAGE
12:19:00.236 (2236344991)|LIMIT_USAGE_FOR_NS|(default)|
  Number of SOQL queries: 0 out of 100
  Number of query rows: 0 out of 50000
  Number of SOSL queries: 0 out of 20
  Number of DML statements: 0 out of 150
  Number of DML rows: 0 out of 10000
  Maximum CPU time: 0 out of 10000
  Maximum heap size: 0 out of 6000000
  Number of callouts: 0 out of 100
  Number of Email Invocations: 0 out of 10
  Number of future calls: 0 out of 50
  Number of queueable jobs added to the queue: 0 out of 50
  Number of Mobile Apex push calls: 0 out of 10

12:19:00.236 (2236344991)|LIMIT_USAGE_FOR_NS|LabTools|
  Number of SOQL queries: 1 out of 100
  Number of query rows: 1 out of 50000
  Number of SOSL queries: 0 out of 20
  Number of DML statements: 0 out of 150
  Number of DML rows: 0 out of 10000
  Maximum CPU time: 0 out of 10000
  Maximum heap size: 0 out of 6000000
  Number of callouts: 0 out of 100
  Number of Email Invocations: 0 out of 10
  Number of future calls: 0 out of 50
  Number of queueable jobs added to the queue: 0 out of 50
  Number of Mobile Apex push calls: 0 out of 10

12:19:00.236 (2236344991)|TESTING_LIMITS
12:19:00.236 (2236344991)|LIMIT_USAGE_FOR_NS|(default)|
  Number of SOQL queries: 0 out of 100
  Number of query rows: 0 out of 50000
  Number of SOSL queries: 0 out of 20
  Number of DML statements: 0 out of 150
  Number of DML rows: 0 out of 10000
  Maximum CPU time: 0 out of 10000
  Maximum heap size: 0 out of 6000000
  Number of callouts: 0 out of 100
  Number of Email Invocations: 0 out of 10
  Number of future calls: 0 out of 50
  Number of queueable jobs added to the queue: 0 out of 50
  Number of Mobile Apex push calls: 0 out of 10

12:19:00.236 (2236344991)|LIMIT_USAGE_FOR_NS|LabTools|
  Number of SOQL queries: 0 out of 100
  Number of query rows: 0 out of 50000
  Number of SOSL queries: 0 out of 20
  Number of DML statements: 1 out of 150
  Number of DML rows: 1 out of 10000
  Maximum CPU time: 0 out of 10000
  Maximum heap size: 0 out of 6000000
  Number of callouts: 0 out of 100
  Number of Email Invocations: 0 out of 10
  Number of future calls: 0 out of 50
  Number of queueable jobs added to the queue: 0 out of 50
  Number of Mobile Apex push calls: 0 out of 10

12:19:00.236 (2236344991)|CUMULATIVE_LIMIT_USAGE_END

12:19:00.139 (2236427345)|CODE_UNIT_FINISHED|Repository_Tests.WhenSaving_ShouldCreateNewResults
12:19:00.139 (2237743598)|EXECUTION_FINISHED
12:19:00.478 (2478390040)|EXECUTION_STARTED
12:19:00.478 (2478408933)|CODE_UNIT_STARTED|[EXTERNAL]|DuplicateDetector
12:19:00.478 (2478421034)|DUPLICATE_DETECTION_BEGIN
12:19:00.478 (2478478695)|DUPLICATE_DETECTION_RULE_INVOCATION|DuplicateRuleId:0Bm360000015Q5Y|DuplicateRuleName:Standard Account duplicate rule|DmlType:UPDATE
12:19:00.478 (2545678549)|DUPLICATE_DETECTION_END
12:19:00.478 (2545741459)|CODE_UNIT_FINISHED|DuplicateDetector
12:19:00.478 (2546995050)|EXECUTION_FINISHED
12:19:00.550 (2550359725)|EXECUTION_STARTED
12:19:00.550 (2550378986)|CODE_UNIT_STARTED|[EXTERNAL]|DuplicateDetector
12:19:00.550 (2550389708)|DUPLICATE_DETECTION_BEGIN
12:19:00.550 (2550464809)|DUPLICATE_DETECTION_RULE_INVOCATION|DuplicateRuleId:0Bm360000015Q5Y|DuplicateRuleName:Standard Account duplicate rule|DmlType:INSERT
12:19:00.550 (2623233389)|DUPLICATE_DETECTION_END
12:19:00.550 (2623287489)|CODE_UNIT_FINISHED|DuplicateDetector
12:19:00.550 (2624758181)|EXECUTION_FINISHED
