34.0 APEX_CODE,DEBUG;APEX_PROFILING,INFO;CALLOUT,INFO;DB,INFO;SYSTEM,DEBUG;VALIDATION,INFO;VISUALFORCE,DEBUG;WORKFLOW,INFO
Execute Anonymous: System.debug([SELECT Id FROM Account]);
12:39:15.6 (6703015)|EXECUTION_STARTED
12:39:15.6 (6719714)|CODE_UNIT_STARTED|[EXTERNAL]|execute_anonymous_apex
12:39:15.6 (7338842)|SOQL_EXECUTE_BEGIN|[1]|Aggregations:0|SELECT Id FROM Account
12:39:15.6 (23886727)|SOQL_EXECUTE_END|[1]|Rows:17
12:39:15.6 (24118252)|ENTERING_MANAGED_PKG|
12:39:15.6 (24197267)|USER_DEBUG|[1]|DEBUG|(Account:{Id=0013600000B23cFAAR}, Account:{Id=0013600000B23cGAAR}, Account:{Id=0013600000B23cHAAR}, Account:{Id=0013600000B23cIAAR}, Account:{Id=0013600000B23cJAAR}, Account:{Id=0013600000B23cKAAR}, Account:{Id=0013600000B23cLAAR}, Account:{Id=0013600000B23cMAAR}, Account:{Id=0013600000B23cNAAR}, Account:{Id=0013600000B23cOAAR}, ...)
12:39:15.24 (24254223)|CUMULATIVE_LIMIT_USAGE
12:39:15.24 (24254223)|LIMIT_USAGE_FOR_NS|(default)|
  Number of SOQL queries: 0 out of 100
  Number of query rows: 0 out of 50000
  Number of SOSL queries: 0 out of 20
  Number of DML statements: 0 out of 150
  Number of DML rows: 0 out of 10000
  Maximum CPU time: 0 out of 10000
  Maximum heap size: 0 out of 6000000
  Number of callouts: 0 out of 100
  Number of Email Invocations: 0 out of 10
  Number of future calls: 0 out of 50
  Number of queueable jobs added to the queue: 0 out of 50
  Number of Mobile Apex push calls: 0 out of 10

12:39:15.24 (24254223)|LIMIT_USAGE_FOR_NS|LabTools|
  Number of SOQL queries: 1 out of 100
  Number of query rows: 17 out of 50000
  Number of SOSL queries: 0 out of 20
  Number of DML statements: 0 out of 150
  Number of DML rows: 0 out of 10000
  Maximum CPU time: 0 out of 10000
  Maximum heap size: 0 out of 6000000
  Number of callouts: 0 out of 100
  Number of Email Invocations: 0 out of 10
  Number of future calls: 0 out of 50
  Number of queueable jobs added to the queue: 0 out of 50
  Number of Mobile Apex push calls: 0 out of 10

12:39:15.24 (24254223)|CUMULATIVE_LIMIT_USAGE_END

12:39:15.6 (24302931)|CODE_UNIT_FINISHED|execute_anonymous_apex
12:39:15.6 (25645218)|EXECUTION_FINISHED
