34.0 APEX_CODE,DEBUG;APEX_PROFILING,INFO;CALLOUT,INFO;DB,INFO;SYSTEM,DEBUG;VALIDATION,INFO;VISUALFORCE,DEBUG;WORKFLOW,INFO
14:00:09.0 (675259)|EXECUTION_STARTED
14:00:09.0 (718319)|CODE_UNIT_STARTED|[EXTERNAL]|01p3600000DIJMr|LabTools.JobWrapper
14:00:09.55 (55724345)|CUMULATIVE_LIMIT_USAGE
14:00:09.55 (55724345)|LIMIT_USAGE_FOR_NS|(default)|
  Number of SOQL queries: 0 out of 200
  Number of query rows: 0 out of 50000
  Number of SOSL queries: 0 out of 20
  Number of DML statements: 0 out of 150
  Number of DML rows: 0 out of 10000
  Maximum CPU time: 0 out of 60000
  Maximum heap size: 0 out of 12000000
  Number of callouts: 0 out of 0
  Number of Email Invocations: 0 out of 10
  Number of future calls: 0 out of 0
  Number of queueable jobs added to the queue: 0 out of 1
  Number of Mobile Apex push calls: 0 out of 10

14:00:09.55 (55724345)|CUMULATIVE_LIMIT_USAGE_END

14:00:09.0 (55782427)|CODE_UNIT_FINISHED|LabTools.JobWrapper
14:00:09.0 (57369488)|EXECUTION_FINISHED
