34.0 APEX_CODE,DEBUG;APEX_PROFILING,INFO;CALLOUT,INFO;DB,INFO;SYSTEM,DEBUG;VALIDATION,INFO;VISUALFORCE,DEBUG;WORKFLOW,INFO
13:59:35.22 (22429669)|EXECUTION_STARTED
13:59:35.22 (22463715)|CODE_UNIT_STARTED|[EXTERNAL]|01p3600000DHCrn|Repository_Tests.WhenCreatingAccount_ShouldSaveAccount
13:59:35.22 (27461637)|SYSTEM_MODE_ENTER|false
13:59:35.22 (27479032)|SYSTEM_MODE_EXIT|false
13:59:35.22 (27586618)|SYSTEM_MODE_ENTER|false
13:59:35.22 (27618275)|SYSTEM_MODE_EXIT|false
13:59:35.22 (27628299)|SYSTEM_MODE_ENTER|false
13:59:35.22 (27632883)|SYSTEM_MODE_EXIT|false
13:59:35.22 (27712296)|SYSTEM_MODE_ENTER|false
13:59:35.22 (27800510)|DML_BEGIN|[9]|Op:Insert|Type:Account|Rows:1
13:59:35.22 (90977603)|CODE_UNIT_STARTED|[EXTERNAL]|DuplicateDetector
13:59:35.22 (90997361)|DUPLICATE_DETECTION_BEGIN
13:59:35.22 (91075268)|DUPLICATE_DETECTION_RULE_INVOCATION|DuplicateRuleId:0Bm360000015Q5Y|DuplicateRuleName:Standard Account duplicate rule|DmlType:INSERT
13:59:35.22 (367989328)|DUPLICATE_DETECTION_MATCH_INVOCATION_DETAILS|EntityType:Account|ActionTaken:Allow_[Alert,Report]|DuplicateRecordIds:
13:59:35.22 (368000541)|DUPLICATE_DETECTION_MATCH_INVOCATION_SUMMARY|EntityType:Account|NumRecordsToBeSaved:1|NumRecordsToBeSavedWithDuplicates:0|NumDuplicateRecordsFound:0
13:59:35.22 (368101143)|DUPLICATE_DETECTION_END
13:59:35.22 (368138323)|CODE_UNIT_FINISHED|DuplicateDetector
13:59:35.22 (448066285)|DML_END|[9]
13:59:35.22 (448109496)|SYSTEM_MODE_EXIT|false
13:59:35.22 (452689537)|SOQL_EXECUTE_BEGIN|[49]|Aggregations:0|SELECT Id, Name FROM Account
13:59:35.22 (458987215)|SOQL_EXECUTE_END|[49]|Rows:1
13:59:35.22 (459229841)|ENTERING_MANAGED_PKG|
13:59:35.22 (459287495)|ENTERING_MANAGED_PKG|
13:59:35.22 (459360547)|ENTERING_MANAGED_PKG|
13:59:35.459 (459412781)|CUMULATIVE_LIMIT_USAGE
13:59:35.459 (459412781)|LIMIT_USAGE_FOR_NS|(default)|
  Number of SOQL queries: 0 out of 100
  Number of query rows: 0 out of 50000
  Number of SOSL queries: 0 out of 20
  Number of DML statements: 0 out of 150
  Number of DML rows: 0 out of 10000
  Maximum CPU time: 0 out of 10000
  Maximum heap size: 0 out of 6000000
  Number of callouts: 0 out of 100
  Number of Email Invocations: 0 out of 10
  Number of future calls: 0 out of 50
  Number of queueable jobs added to the queue: 0 out of 50
  Number of Mobile Apex push calls: 0 out of 10

13:59:35.459 (459412781)|LIMIT_USAGE_FOR_NS|LabTools|
  Number of SOQL queries: 1 out of 100
  Number of query rows: 1 out of 50000
  Number of SOSL queries: 0 out of 20
  Number of DML statements: 0 out of 150
  Number of DML rows: 0 out of 10000
  Maximum CPU time: 0 out of 10000
  Maximum heap size: 0 out of 6000000
  Number of callouts: 0 out of 100
  Number of Email Invocations: 0 out of 10
  Number of future calls: 0 out of 50
  Number of queueable jobs added to the queue: 0 out of 50
  Number of Mobile Apex push calls: 0 out of 10

13:59:35.459 (459412781)|TESTING_LIMITS
13:59:35.459 (459412781)|LIMIT_USAGE_FOR_NS|(default)|
  Number of SOQL queries: 0 out of 100
  Number of query rows: 0 out of 50000
  Number of SOSL queries: 0 out of 20
  Number of DML statements: 0 out of 150
  Number of DML rows: 0 out of 10000
  Maximum CPU time: 0 out of 10000
  Maximum heap size: 0 out of 6000000
  Number of callouts: 0 out of 100
  Number of Email Invocations: 0 out of 10
  Number of future calls: 0 out of 50
  Number of queueable jobs added to the queue: 0 out of 50
  Number of Mobile Apex push calls: 0 out of 10

13:59:35.459 (459412781)|LIMIT_USAGE_FOR_NS|LabTools|
  Number of SOQL queries: 0 out of 100
  Number of query rows: 0 out of 50000
  Number of SOSL queries: 0 out of 20
  Number of DML statements: 1 out of 150
  Number of DML rows: 1 out of 10000
  Maximum CPU time: 0 out of 10000
  Maximum heap size: 0 out of 6000000
  Number of callouts: 0 out of 100
  Number of Email Invocations: 0 out of 10
  Number of future calls: 0 out of 50
  Number of queueable jobs added to the queue: 0 out of 50
  Number of Mobile Apex push calls: 0 out of 10

13:59:35.459 (459412781)|CUMULATIVE_LIMIT_USAGE_END

13:59:35.22 (459490042)|CODE_UNIT_FINISHED|Repository_Tests.WhenCreatingAccount_ShouldSaveAccount
13:59:35.22 (461164311)|EXECUTION_FINISHED
13:59:35.493 (493588857)|EXECUTION_STARTED
13:59:35.493 (493602836)|CODE_UNIT_STARTED|[EXTERNAL]|01p3600000DHCrn|Repository_Tests.WhenCreatingList_ShouldSaveResults
13:59:35.493 (494049699)|ENTERING_MANAGED_PKG|
13:59:35.493 (496975640)|SYSTEM_MODE_ENTER|false
13:59:35.493 (496984156)|SYSTEM_MODE_EXIT|false
13:59:35.493 (497030150)|SYSTEM_MODE_ENTER|false
13:59:35.493 (497051364)|SYSTEM_MODE_EXIT|false
13:59:35.493 (497056691)|SYSTEM_MODE_ENTER|false
13:59:35.493 (497058858)|SYSTEM_MODE_EXIT|false
13:59:35.493 (497114167)|SYSTEM_MODE_ENTER|false
13:59:35.493 (497175765)|DML_BEGIN|[12]|Op:Insert|Type:Account|Rows:2
13:59:35.493 (500751073)|CODE_UNIT_STARTED|[EXTERNAL]|DuplicateDetector
13:59:35.493 (500762076)|DUPLICATE_DETECTION_BEGIN
13:59:35.493 (500824197)|DUPLICATE_DETECTION_RULE_INVOCATION|DuplicateRuleId:0Bm360000015Q5Y|DuplicateRuleName:Standard Account duplicate rule|DmlType:INSERT
13:59:35.493 (520520307)|DUPLICATE_DETECTION_MATCH_INVOCATION_DETAILS|EntityType:Account|ActionTaken:Allow_[Alert,Report]|DuplicateRecordIds:
13:59:35.493 (520530816)|DUPLICATE_DETECTION_MATCH_INVOCATION_DETAILS|EntityType:Account|ActionTaken:Allow_[Alert,Report]|DuplicateRecordIds:
13:59:35.493 (520536843)|DUPLICATE_DETECTION_MATCH_INVOCATION_SUMMARY|EntityType:Account|NumRecordsToBeSaved:2|NumRecordsToBeSavedWithDuplicates:0|NumDuplicateRecordsFound:0
13:59:35.493 (520629938)|DUPLICATE_DETECTION_END
13:59:35.493 (520667152)|CODE_UNIT_FINISHED|DuplicateDetector
13:59:35.493 (709194380)|DML_END|[12]
13:59:35.493 (709369671)|SYSTEM_MODE_EXIT|false
13:59:35.493 (713823978)|SOQL_EXECUTE_BEGIN|[73]|Aggregations:0|SELECT Id, Name FROM Account
13:59:35.493 (719026522)|SOQL_EXECUTE_END|[73]|Rows:2
13:59:35.493 (719112715)|ENTERING_MANAGED_PKG|
13:59:35.493 (719172551)|ENTERING_MANAGED_PKG|
13:59:35.493 (719234395)|ENTERING_MANAGED_PKG|
13:59:35.493 (719307394)|ENTERING_MANAGED_PKG|
13:59:35.719 (719346585)|CUMULATIVE_LIMIT_USAGE
13:59:35.719 (719346585)|LIMIT_USAGE_FOR_NS|(default)|
  Number of SOQL queries: 0 out of 100
  Number of query rows: 0 out of 50000
  Number of SOSL queries: 0 out of 20
  Number of DML statements: 0 out of 150
  Number of DML rows: 0 out of 10000
  Maximum CPU time: 0 out of 10000
  Maximum heap size: 0 out of 6000000
  Number of callouts: 0 out of 100
  Number of Email Invocations: 0 out of 10
  Number of future calls: 0 out of 50
  Number of queueable jobs added to the queue: 0 out of 50
  Number of Mobile Apex push calls: 0 out of 10

13:59:35.719 (719346585)|LIMIT_USAGE_FOR_NS|LabTools|
  Number of SOQL queries: 1 out of 100
  Number of query rows: 2 out of 50000
  Number of SOSL queries: 0 out of 20
  Number of DML statements: 0 out of 150
  Number of DML rows: 0 out of 10000
  Maximum CPU time: 0 out of 10000
  Maximum heap size: 0 out of 6000000
  Number of callouts: 0 out of 100
  Number of Email Invocations: 0 out of 10
  Number of future calls: 0 out of 50
  Number of queueable jobs added to the queue: 0 out of 50
  Number of Mobile Apex push calls: 0 out of 10

13:59:35.719 (719346585)|TESTING_LIMITS
13:59:35.719 (719346585)|LIMIT_USAGE_FOR_NS|(default)|
  Number of SOQL queries: 0 out of 100
  Number of query rows: 0 out of 50000
  Number of SOSL queries: 0 out of 20
  Number of DML statements: 0 out of 150
  Number of DML rows: 0 out of 10000
  Maximum CPU time: 0 out of 10000
  Maximum heap size: 0 out of 6000000
  Number of callouts: 0 out of 100
  Number of Email Invocations: 0 out of 10
  Number of future calls: 0 out of 50
  Number of queueable jobs added to the queue: 0 out of 50
  Number of Mobile Apex push calls: 0 out of 10

13:59:35.719 (719346585)|LIMIT_USAGE_FOR_NS|LabTools|
  Number of SOQL queries: 0 out of 100
  Number of query rows: 0 out of 50000
  Number of SOSL queries: 0 out of 20
  Number of DML statements: 1 out of 150
  Number of DML rows: 2 out of 10000
  Maximum CPU time: 0 out of 10000
  Maximum heap size: 0 out of 6000000
  Number of callouts: 0 out of 100
  Number of Email Invocations: 0 out of 10
  Number of future calls: 0 out of 50
  Number of queueable jobs added to the queue: 0 out of 50
  Number of Mobile Apex push calls: 0 out of 10

13:59:35.719 (719346585)|CUMULATIVE_LIMIT_USAGE_END

13:59:35.493 (719437668)|CODE_UNIT_FINISHED|Repository_Tests.WhenCreatingList_ShouldSaveResults
13:59:35.493 (720644579)|EXECUTION_FINISHED
13:59:35.745 (745554745)|EXECUTION_STARTED
13:59:35.745 (745575863)|CODE_UNIT_STARTED|[EXTERNAL]|01p3600000DHCrn|Repository_Tests.WhenEchoing_ShouldReturnGivenList
13:59:35.745 (746030014)|ENTERING_MANAGED_PKG|
13:59:35.745 (748872445)|SYSTEM_MODE_ENTER|false
13:59:35.745 (748882130)|SYSTEM_MODE_EXIT|false
13:59:35.745 (748933781)|SYSTEM_MODE_ENTER|false
13:59:35.745 (748955610)|SYSTEM_MODE_EXIT|false
13:59:35.745 (748960716)|SYSTEM_MODE_ENTER|false
13:59:35.745 (748963057)|SYSTEM_MODE_EXIT|false
13:59:35.745 (749014572)|SYSTEM_MODE_ENTER|false
13:59:35.745 (749020882)|SYSTEM_MODE_EXIT|false
13:59:35.745 (752663631)|ENTERING_MANAGED_PKG|
13:59:35.752 (752745937)|CUMULATIVE_LIMIT_USAGE
13:59:35.752 (752745937)|LIMIT_USAGE_FOR_NS|(default)|
  Number of SOQL queries: 0 out of 100
  Number of query rows: 0 out of 50000
  Number of SOSL queries: 0 out of 20
  Number of DML statements: 0 out of 150
  Number of DML rows: 0 out of 10000
  Maximum CPU time: 0 out of 10000
  Maximum heap size: 0 out of 6000000
  Number of callouts: 0 out of 100
  Number of Email Invocations: 0 out of 10
  Number of future calls: 0 out of 50
  Number of queueable jobs added to the queue: 0 out of 50
  Number of Mobile Apex push calls: 0 out of 10

13:59:35.752 (752745937)|TESTING_LIMITS
13:59:35.752 (752745937)|LIMIT_USAGE_FOR_NS|(default)|
  Number of SOQL queries: 0 out of 100
  Number of query rows: 0 out of 50000
  Number of SOSL queries: 0 out of 20
  Number of DML statements: 0 out of 150
  Number of DML rows: 0 out of 10000
  Maximum CPU time: 0 out of 10000
  Maximum heap size: 0 out of 6000000
  Number of callouts: 0 out of 100
  Number of Email Invocations: 0 out of 10
  Number of future calls: 0 out of 50
  Number of queueable jobs added to the queue: 0 out of 50
  Number of Mobile Apex push calls: 0 out of 10

13:59:35.752 (752745937)|CUMULATIVE_LIMIT_USAGE_END

13:59:35.745 (752805225)|CODE_UNIT_FINISHED|Repository_Tests.WhenEchoing_ShouldReturnGivenList
13:59:35.745 (754348407)|EXECUTION_FINISHED
13:59:35.787 (787877287)|EXECUTION_STARTED
13:59:35.787 (787895977)|CODE_UNIT_STARTED|[EXTERNAL]|01p3600000DHCrn|Repository_Tests.WhenModifyingList_ShouldSaveResults
13:59:35.787 (788478259)|ENTERING_MANAGED_PKG|
13:59:35.787 (788587922)|DML_BEGIN|[111]|Op:Insert|Type:Account|Rows:2
13:59:35.787 (791920572)|CODE_UNIT_STARTED|[EXTERNAL]|DuplicateDetector
13:59:35.787 (791932860)|DUPLICATE_DETECTION_BEGIN
13:59:35.787 (791995465)|DUPLICATE_DETECTION_RULE_INVOCATION|DuplicateRuleId:0Bm360000015Q5Y|DuplicateRuleName:Standard Account duplicate rule|DmlType:INSERT
13:59:35.787 (811441285)|DUPLICATE_DETECTION_MATCH_INVOCATION_DETAILS|EntityType:Account|ActionTaken:Allow_[Alert,Report]|DuplicateRecordIds:
13:59:35.787 (811452426)|DUPLICATE_DETECTION_MATCH_INVOCATION_DETAILS|EntityType:Account|ActionTaken:Allow_[Alert,Report]|DuplicateRecordIds:
13:59:35.787 (811458535)|DUPLICATE_DETECTION_MATCH_INVOCATION_SUMMARY|EntityType:Account|NumRecordsToBeSaved:2|NumRecordsToBeSavedWithDuplicates:0|NumDuplicateRecordsFound:0
13:59:35.787 (811552750)|DUPLICATE_DETECTION_END
13:59:35.787 (811592246)|CODE_UNIT_FINISHED|DuplicateDetector
13:59:35.787 (1011430674)|DML_END|[111]
13:59:35.787 (1011542282)|ENTERING_MANAGED_PKG|
13:59:35.787 (1014645476)|SYSTEM_MODE_ENTER|false
13:59:35.787 (1014655717)|SYSTEM_MODE_EXIT|false
13:59:35.787 (1014715549)|SYSTEM_MODE_ENTER|false
13:59:35.787 (1014742921)|SYSTEM_MODE_EXIT|false
13:59:35.787 (1014748426)|SYSTEM_MODE_ENTER|false
13:59:35.787 (1014750782)|SYSTEM_MODE_EXIT|false
13:59:35.787 (1014822751)|SYSTEM_MODE_ENTER|false
13:59:35.787 (1014885757)|DML_BEGIN|[18]|Op:Update|Type:Account|Rows:2
13:59:35.787 (1034719538)|CODE_UNIT_STARTED|[EXTERNAL]|DuplicateDetector
13:59:35.787 (1034738650)|DUPLICATE_DETECTION_BEGIN
13:59:35.787 (1034807174)|DUPLICATE_DETECTION_RULE_INVOCATION|DuplicateRuleId:0Bm360000015Q5Y|DuplicateRuleName:Standard Account duplicate rule|DmlType:UPDATE
13:59:35.787 (1034813212)|DUPLICATE_DETECTION_END
13:59:35.787 (1034858734)|CODE_UNIT_FINISHED|DuplicateDetector
13:59:35.787 (1051296828)|DML_END|[18]
13:59:35.787 (1051353114)|SYSTEM_MODE_EXIT|false
13:59:35.787 (1054361560)|SOQL_EXECUTE_BEGIN|[121]|Aggregations:0|SELECT Id, Name FROM Account
13:59:35.787 (1059142891)|SOQL_EXECUTE_END|[121]|Rows:2
13:59:35.787 (1059211658)|ENTERING_MANAGED_PKG|
13:59:35.787 (1059268150)|ENTERING_MANAGED_PKG|
13:59:35.787 (1059326278)|ENTERING_MANAGED_PKG|
13:59:35.787 (1059400674)|ENTERING_MANAGED_PKG|
13:59:36.59 (1059439360)|CUMULATIVE_LIMIT_USAGE
13:59:36.59 (1059439360)|LIMIT_USAGE_FOR_NS|(default)|
  Number of SOQL queries: 0 out of 100
  Number of query rows: 0 out of 50000
  Number of SOSL queries: 0 out of 20
  Number of DML statements: 0 out of 150
  Number of DML rows: 0 out of 10000
  Maximum CPU time: 0 out of 10000
  Maximum heap size: 0 out of 6000000
  Number of callouts: 0 out of 100
  Number of Email Invocations: 0 out of 10
  Number of future calls: 0 out of 50
  Number of queueable jobs added to the queue: 0 out of 50
  Number of Mobile Apex push calls: 0 out of 10

13:59:36.59 (1059439360)|LIMIT_USAGE_FOR_NS|LabTools|
  Number of SOQL queries: 1 out of 100
  Number of query rows: 2 out of 50000
  Number of SOSL queries: 0 out of 20
  Number of DML statements: 1 out of 150
  Number of DML rows: 2 out of 10000
  Maximum CPU time: 0 out of 10000
  Maximum heap size: 0 out of 6000000
  Number of callouts: 0 out of 100
  Number of Email Invocations: 0 out of 10
  Number of future calls: 0 out of 50
  Number of queueable jobs added to the queue: 0 out of 50
  Number of Mobile Apex push calls: 0 out of 10

13:59:36.59 (1059439360)|TESTING_LIMITS
13:59:36.59 (1059439360)|LIMIT_USAGE_FOR_NS|(default)|
  Number of SOQL queries: 0 out of 100
  Number of query rows: 0 out of 50000
  Number of SOSL queries: 0 out of 20
  Number of DML statements: 0 out of 150
  Number of DML rows: 0 out of 10000
  Maximum CPU time: 0 out of 10000
  Maximum heap size: 0 out of 6000000
  Number of callouts: 0 out of 100
  Number of Email Invocations: 0 out of 10
  Number of future calls: 0 out of 50
  Number of queueable jobs added to the queue: 0 out of 50
  Number of Mobile Apex push calls: 0 out of 10

13:59:36.59 (1059439360)|LIMIT_USAGE_FOR_NS|LabTools|
  Number of SOQL queries: 0 out of 100
  Number of query rows: 0 out of 50000
  Number of SOSL queries: 0 out of 20
  Number of DML statements: 1 out of 150
  Number of DML rows: 2 out of 10000
  Maximum CPU time: 0 out of 10000
  Maximum heap size: 0 out of 6000000
  Number of callouts: 0 out of 100
  Number of Email Invocations: 0 out of 10
  Number of future calls: 0 out of 50
  Number of queueable jobs added to the queue: 0 out of 50
  Number of Mobile Apex push calls: 0 out of 10

13:59:36.59 (1059439360)|CUMULATIVE_LIMIT_USAGE_END

13:59:35.787 (1059512142)|CODE_UNIT_FINISHED|Repository_Tests.WhenModifyingList_ShouldSaveResults
13:59:35.787 (1060916500)|EXECUTION_FINISHED
13:59:36.97 (1097271716)|EXECUTION_STARTED
13:59:36.97 (1097285470)|CODE_UNIT_STARTED|[EXTERNAL]|01p3600000DHCrn|Repository_Tests.WhenModifying_ShouldSaveResults
13:59:36.97 (1097660263)|DML_BEGIN|[85]|Op:Insert|Type:Account|Rows:1
13:59:36.97 (1100842052)|CODE_UNIT_STARTED|[EXTERNAL]|DuplicateDetector
13:59:36.97 (1100853693)|DUPLICATE_DETECTION_BEGIN
13:59:36.97 (1100917647)|DUPLICATE_DETECTION_RULE_INVOCATION|DuplicateRuleId:0Bm360000015Q5Y|DuplicateRuleName:Standard Account duplicate rule|DmlType:INSERT
13:59:36.97 (1116541914)|DUPLICATE_DETECTION_MATCH_INVOCATION_DETAILS|EntityType:Account|ActionTaken:Allow_[Alert,Report]|DuplicateRecordIds:
13:59:36.97 (1116556946)|DUPLICATE_DETECTION_MATCH_INVOCATION_SUMMARY|EntityType:Account|NumRecordsToBeSaved:1|NumRecordsToBeSavedWithDuplicates:0|NumDuplicateRecordsFound:0
13:59:36.97 (1116653756)|DUPLICATE_DETECTION_END
13:59:36.97 (1116694608)|CODE_UNIT_FINISHED|DuplicateDetector
13:59:36.97 (1139484774)|DML_END|[85]
13:59:36.97 (1142440536)|SYSTEM_MODE_ENTER|false
13:59:36.97 (1142449830)|SYSTEM_MODE_EXIT|false
13:59:36.97 (1142503752)|SYSTEM_MODE_ENTER|false
13:59:36.97 (1142527098)|SYSTEM_MODE_EXIT|false
13:59:36.97 (1142532496)|SYSTEM_MODE_ENTER|false
13:59:36.97 (1142534636)|SYSTEM_MODE_EXIT|false
13:59:36.97 (1142603490)|SYSTEM_MODE_ENTER|false
13:59:36.97 (1142654831)|DML_BEGIN|[15]|Op:Update|Type:Account|Rows:1
13:59:36.97 (1152183544)|CODE_UNIT_STARTED|[EXTERNAL]|DuplicateDetector
13:59:36.97 (1152200983)|DUPLICATE_DETECTION_BEGIN
13:59:36.97 (1152270106)|DUPLICATE_DETECTION_RULE_INVOCATION|DuplicateRuleId:0Bm360000015Q5Y|DuplicateRuleName:Standard Account duplicate rule|DmlType:UPDATE
13:59:36.97 (1152276363)|DUPLICATE_DETECTION_END
13:59:36.97 (1152322036)|CODE_UNIT_FINISHED|DuplicateDetector
13:59:36.97 (1163269007)|DML_END|[15]
13:59:36.97 (1163303433)|SYSTEM_MODE_EXIT|false
13:59:36.97 (1167243228)|SOQL_EXECUTE_BEGIN|[94]|Aggregations:0|SELECT Id, Name FROM Account
13:59:36.97 (1172458595)|SOQL_EXECUTE_END|[94]|Rows:1
13:59:36.97 (1172535270)|ENTERING_MANAGED_PKG|
13:59:36.97 (1172589529)|ENTERING_MANAGED_PKG|
13:59:36.97 (1172643158)|ENTERING_MANAGED_PKG|
13:59:36.172 (1172692473)|CUMULATIVE_LIMIT_USAGE
13:59:36.172 (1172692473)|LIMIT_USAGE_FOR_NS|(default)|
  Number of SOQL queries: 0 out of 100
  Number of query rows: 0 out of 50000
  Number of SOSL queries: 0 out of 20
  Number of DML statements: 0 out of 150
  Number of DML rows: 0 out of 10000
  Maximum CPU time: 0 out of 10000
  Maximum heap size: 0 out of 6000000
  Number of callouts: 0 out of 100
  Number of Email Invocations: 0 out of 10
  Number of future calls: 0 out of 50
  Number of queueable jobs added to the queue: 0 out of 50
  Number of Mobile Apex push calls: 0 out of 10

13:59:36.172 (1172692473)|LIMIT_USAGE_FOR_NS|LabTools|
  Number of SOQL queries: 1 out of 100
  Number of query rows: 1 out of 50000
  Number of SOSL queries: 0 out of 20
  Number of DML statements: 1 out of 150
  Number of DML rows: 1 out of 10000
  Maximum CPU time: 0 out of 10000
  Maximum heap size: 0 out of 6000000
  Number of callouts: 0 out of 100
  Number of Email Invocations: 0 out of 10
  Number of future calls: 0 out of 50
  Number of queueable jobs added to the queue: 0 out of 50
  Number of Mobile Apex push calls: 0 out of 10

13:59:36.172 (1172692473)|TESTING_LIMITS
13:59:36.172 (1172692473)|LIMIT_USAGE_FOR_NS|(default)|
  Number of SOQL queries: 0 out of 100
  Number of query rows: 0 out of 50000
  Number of SOSL queries: 0 out of 20
  Number of DML statements: 0 out of 150
  Number of DML rows: 0 out of 10000
  Maximum CPU time: 0 out of 10000
  Maximum heap size: 0 out of 6000000
  Number of callouts: 0 out of 100
  Number of Email Invocations: 0 out of 10
  Number of future calls: 0 out of 50
  Number of queueable jobs added to the queue: 0 out of 50
  Number of Mobile Apex push calls: 0 out of 10

13:59:36.172 (1172692473)|LIMIT_USAGE_FOR_NS|LabTools|
  Number of SOQL queries: 0 out of 100
  Number of query rows: 0 out of 50000
  Number of SOSL queries: 0 out of 20
  Number of DML statements: 1 out of 150
  Number of DML rows: 1 out of 10000
  Maximum CPU time: 0 out of 10000
  Maximum heap size: 0 out of 6000000
  Number of callouts: 0 out of 100
  Number of Email Invocations: 0 out of 10
  Number of future calls: 0 out of 50
  Number of queueable jobs added to the queue: 0 out of 50
  Number of Mobile Apex push calls: 0 out of 10

13:59:36.172 (1172692473)|CUMULATIVE_LIMIT_USAGE_END

13:59:36.97 (1172765085)|CODE_UNIT_FINISHED|Repository_Tests.WhenModifying_ShouldSaveResults
13:59:36.97 (1174818377)|EXECUTION_FINISHED
13:59:36.200 (1200544634)|EXECUTION_STARTED
13:59:36.200 (1200566519)|CODE_UNIT_STARTED|[EXTERNAL]|01p3600000DHCrn|Repository_Tests.WhenQuerying_ShouldReturnResults
13:59:36.200 (1201053019)|DML_BEGIN|[8]|Op:Insert|Type:Account|Rows:1
13:59:36.200 (1204560372)|CODE_UNIT_STARTED|[EXTERNAL]|DuplicateDetector
13:59:36.200 (1204572120)|DUPLICATE_DETECTION_BEGIN
13:59:36.200 (1204655884)|DUPLICATE_DETECTION_RULE_INVOCATION|DuplicateRuleId:0Bm360000015Q5Y|DuplicateRuleName:Standard Account duplicate rule|DmlType:INSERT
13:59:36.200 (1223501144)|DUPLICATE_DETECTION_MATCH_INVOCATION_DETAILS|EntityType:Account|ActionTaken:Allow_[Alert,Report]|DuplicateRecordIds:
13:59:36.200 (1223522005)|DUPLICATE_DETECTION_MATCH_INVOCATION_SUMMARY|EntityType:Account|NumRecordsToBeSaved:1|NumRecordsToBeSavedWithDuplicates:0|NumDuplicateRecordsFound:0
13:59:36.200 (1223671728)|DUPLICATE_DETECTION_END
13:59:36.200 (1223728578)|CODE_UNIT_FINISHED|DuplicateDetector
13:59:36.200 (1246340514)|DML_END|[8]
13:59:36.200 (1249571641)|SYSTEM_MODE_ENTER|false
13:59:36.200 (1249581799)|SYSTEM_MODE_EXIT|false
13:59:36.200 (1249635227)|SYSTEM_MODE_ENTER|false
13:59:36.200 (1249658414)|SYSTEM_MODE_EXIT|false
13:59:36.200 (1249663756)|SYSTEM_MODE_ENTER|false
13:59:36.200 (1249666127)|SYSTEM_MODE_EXIT|false
13:59:36.200 (1249730770)|SYSTEM_MODE_ENTER|false
13:59:36.200 (1249757886)|ENTERING_MANAGED_PKG|
13:59:36.200 (1249870480)|SOQL_EXECUTE_BEGIN|[3]|Aggregations:0|SELECT Id, Name FROM Account
13:59:36.200 (1255344317)|SOQL_EXECUTE_END|[3]|Rows:1
13:59:36.200 (1255407669)|SYSTEM_MODE_EXIT|false
13:59:36.200 (1258942706)|ENTERING_MANAGED_PKG|
13:59:36.200 (1258990125)|ENTERING_MANAGED_PKG|
13:59:36.200 (1259046064)|ENTERING_MANAGED_PKG|
13:59:36.259 (1259103401)|CUMULATIVE_LIMIT_USAGE
13:59:36.259 (1259103401)|LIMIT_USAGE_FOR_NS|(default)|
  Number of SOQL queries: 0 out of 100
  Number of query rows: 0 out of 50000
  Number of SOSL queries: 0 out of 20
  Number of DML statements: 0 out of 150
  Number of DML rows: 0 out of 10000
  Maximum CPU time: 0 out of 10000
  Maximum heap size: 0 out of 6000000
  Number of callouts: 0 out of 100
  Number of Email Invocations: 0 out of 10
  Number of future calls: 0 out of 50
  Number of queueable jobs added to the queue: 0 out of 50
  Number of Mobile Apex push calls: 0 out of 10

13:59:36.259 (1259103401)|LIMIT_USAGE_FOR_NS|LabTools|
  Number of SOQL queries: 0 out of 100
  Number of query rows: 0 out of 50000
  Number of SOSL queries: 0 out of 20
  Number of DML statements: 1 out of 150
  Number of DML rows: 1 out of 10000
  Maximum CPU time: 0 out of 10000
  Maximum heap size: 0 out of 6000000
  Number of callouts: 0 out of 100
  Number of Email Invocations: 0 out of 10
  Number of future calls: 0 out of 50
  Number of queueable jobs added to the queue: 0 out of 50
  Number of Mobile Apex push calls: 0 out of 10

13:59:36.259 (1259103401)|TESTING_LIMITS
13:59:36.259 (1259103401)|LIMIT_USAGE_FOR_NS|(default)|
  Number of SOQL queries: 0 out of 100
  Number of query rows: 0 out of 50000
  Number of SOSL queries: 0 out of 20
  Number of DML statements: 0 out of 150
  Number of DML rows: 0 out of 10000
  Maximum CPU time: 0 out of 10000
  Maximum heap size: 0 out of 6000000
  Number of callouts: 0 out of 100
  Number of Email Invocations: 0 out of 10
  Number of future calls: 0 out of 50
  Number of queueable jobs added to the queue: 0 out of 50
  Number of Mobile Apex push calls: 0 out of 10

13:59:36.259 (1259103401)|LIMIT_USAGE_FOR_NS|LabTools|
  Number of SOQL queries: 1 out of 100
  Number of query rows: 1 out of 50000
  Number of SOSL queries: 0 out of 20
  Number of DML statements: 0 out of 150
  Number of DML rows: 0 out of 10000
  Maximum CPU time: 0 out of 10000
  Maximum heap size: 0 out of 6000000
  Number of callouts: 0 out of 100
  Number of Email Invocations: 0 out of 10
  Number of future calls: 0 out of 50
  Number of queueable jobs added to the queue: 0 out of 50
  Number of Mobile Apex push calls: 0 out of 10

13:59:36.259 (1259103401)|CUMULATIVE_LIMIT_USAGE_END

13:59:36.200 (1259175740)|CODE_UNIT_FINISHED|Repository_Tests.WhenQuerying_ShouldReturnResults
13:59:36.200 (1260174826)|EXECUTION_FINISHED
13:59:36.305 (1305074063)|EXECUTION_STARTED
13:59:36.305 (1305096519)|CODE_UNIT_STARTED|[EXTERNAL]|01p3600000DHCrn|Repository_Tests.WhenRemovingList_ShouldRemoveItems
13:59:36.305 (1305587892)|ENTERING_MANAGED_PKG|
13:59:36.305 (1305674818)|DML_BEGIN|[221]|Op:Insert|Type:Account|Rows:2
13:59:36.305 (1309403638)|CODE_UNIT_STARTED|[EXTERNAL]|DuplicateDetector
13:59:36.305 (1309415108)|DUPLICATE_DETECTION_BEGIN
13:59:36.305 (1309476722)|DUPLICATE_DETECTION_RULE_INVOCATION|DuplicateRuleId:0Bm360000015Q5Y|DuplicateRuleName:Standard Account duplicate rule|DmlType:INSERT
13:59:36.305 (1331895542)|DUPLICATE_DETECTION_MATCH_INVOCATION_DETAILS|EntityType:Account|ActionTaken:Allow_[Alert,Report]|DuplicateRecordIds:
13:59:36.305 (1331908433)|DUPLICATE_DETECTION_MATCH_INVOCATION_DETAILS|EntityType:Account|ActionTaken:Allow_[Alert,Report]|DuplicateRecordIds:
13:59:36.305 (1331914831)|DUPLICATE_DETECTION_MATCH_INVOCATION_SUMMARY|EntityType:Account|NumRecordsToBeSaved:2|NumRecordsToBeSavedWithDuplicates:0|NumDuplicateRecordsFound:0
13:59:36.305 (1332013150)|DUPLICATE_DETECTION_END
13:59:36.305 (1332055870)|CODE_UNIT_FINISHED|DuplicateDetector
13:59:36.305 (1411221851)|DML_END|[221]
13:59:36.305 (1416059571)|SYSTEM_MODE_ENTER|false
13:59:36.305 (1416072562)|SYSTEM_MODE_EXIT|false
13:59:36.305 (1416140290)|SYSTEM_MODE_ENTER|false
13:59:36.305 (1416169066)|SYSTEM_MODE_EXIT|false
13:59:36.305 (1416174471)|SYSTEM_MODE_ENTER|false
13:59:36.305 (1416176896)|SYSTEM_MODE_EXIT|false
13:59:36.305 (1416259693)|SYSTEM_MODE_ENTER|false
13:59:36.305 (1416334001)|DML_BEGIN|[30]|Op:Delete|Type:Account|Rows:2
13:59:36.305 (1989315782)|DML_END|[30]
13:59:36.305 (1989448639)|SYSTEM_MODE_EXIT|false
13:59:36.305 (1993680362)|SOQL_EXECUTE_BEGIN|[228]|Aggregations:0|SELECT Id, Name FROM Account
13:59:36.305 (1998485323)|SOQL_EXECUTE_END|[228]|Rows:0
13:59:36.305 (1998558258)|ENTERING_MANAGED_PKG|
13:59:36.305 (1998604089)|ENTERING_MANAGED_PKG|
13:59:36.998 (1998639528)|CUMULATIVE_LIMIT_USAGE
13:59:36.998 (1998639528)|LIMIT_USAGE_FOR_NS|(default)|
  Number of SOQL queries: 0 out of 100
  Number of query rows: 0 out of 50000
  Number of SOSL queries: 0 out of 20
  Number of DML statements: 0 out of 150
  Number of DML rows: 0 out of 10000
  Maximum CPU time: 0 out of 10000
  Maximum heap size: 0 out of 6000000
  Number of callouts: 0 out of 100
  Number of Email Invocations: 0 out of 10
  Number of future calls: 0 out of 50
  Number of queueable jobs added to the queue: 0 out of 50
  Number of Mobile Apex push calls: 0 out of 10

13:59:36.998 (1998639528)|LIMIT_USAGE_FOR_NS|LabTools|
  Number of SOQL queries: 1 out of 100
  Number of query rows: 0 out of 50000
  Number of SOSL queries: 0 out of 20
  Number of DML statements: 1 out of 150
  Number of DML rows: 2 out of 10000
  Maximum CPU time: 0 out of 10000
  Maximum heap size: 0 out of 6000000
  Number of callouts: 0 out of 100
  Number of Email Invocations: 0 out of 10
  Number of future calls: 0 out of 50
  Number of queueable jobs added to the queue: 0 out of 50
  Number of Mobile Apex push calls: 0 out of 10

13:59:36.998 (1998639528)|TESTING_LIMITS
13:59:36.998 (1998639528)|LIMIT_USAGE_FOR_NS|(default)|
  Number of SOQL queries: 0 out of 100
  Number of query rows: 0 out of 50000
  Number of SOSL queries: 0 out of 20
  Number of DML statements: 0 out of 150
  Number of DML rows: 0 out of 10000
  Maximum CPU time: 0 out of 10000
  Maximum heap size: 0 out of 6000000
  Number of callouts: 0 out of 100
  Number of Email Invocations: 0 out of 10
  Number of future calls: 0 out of 50
  Number of queueable jobs added to the queue: 0 out of 50
  Number of Mobile Apex push calls: 0 out of 10

13:59:36.998 (1998639528)|LIMIT_USAGE_FOR_NS|LabTools|
  Number of SOQL queries: 0 out of 100
  Number of query rows: 0 out of 50000
  Number of SOSL queries: 0 out of 20
  Number of DML statements: 1 out of 150
  Number of DML rows: 2 out of 10000
  Maximum CPU time: 0 out of 10000
  Maximum heap size: 0 out of 6000000
  Number of callouts: 0 out of 100
  Number of Email Invocations: 0 out of 10
  Number of future calls: 0 out of 50
  Number of queueable jobs added to the queue: 0 out of 50
  Number of Mobile Apex push calls: 0 out of 10

13:59:36.998 (1998639528)|CUMULATIVE_LIMIT_USAGE_END

13:59:36.305 (1998708717)|CODE_UNIT_FINISHED|Repository_Tests.WhenRemovingList_ShouldRemoveItems
13:59:36.305 (2000568260)|EXECUTION_FINISHED
13:59:37.28 (2028596944)|EXECUTION_STARTED
13:59:37.28 (2028607940)|CODE_UNIT_STARTED|[EXTERNAL]|01p3600000DHCrn|Repository_Tests.WhenRemoving_ShouldRemoveItems
13:59:37.28 (2029042356)|DML_BEGIN|[197]|Op:Insert|Type:Account|Rows:1
13:59:37.28 (2032158292)|CODE_UNIT_STARTED|[EXTERNAL]|DuplicateDetector
13:59:37.28 (2032168984)|DUPLICATE_DETECTION_BEGIN
13:59:37.28 (2032233819)|DUPLICATE_DETECTION_RULE_INVOCATION|DuplicateRuleId:0Bm360000015Q5Y|DuplicateRuleName:Standard Account duplicate rule|DmlType:INSERT
13:59:37.28 (2055200933)|DUPLICATE_DETECTION_MATCH_INVOCATION_DETAILS|EntityType:Account|ActionTaken:Allow_[Alert,Report]|DuplicateRecordIds:
13:59:37.28 (2055212658)|DUPLICATE_DETECTION_MATCH_INVOCATION_SUMMARY|EntityType:Account|NumRecordsToBeSaved:1|NumRecordsToBeSavedWithDuplicates:0|NumDuplicateRecordsFound:0
13:59:37.28 (2055308055)|DUPLICATE_DETECTION_END
13:59:37.28 (2055345679)|CODE_UNIT_FINISHED|DuplicateDetector
13:59:37.28 (2095847049)|DML_END|[197]
13:59:37.28 (2098288991)|SYSTEM_MODE_ENTER|false
13:59:37.28 (2098298557)|SYSTEM_MODE_EXIT|false
13:59:37.28 (2098350195)|SYSTEM_MODE_ENTER|false
13:59:37.28 (2098371506)|SYSTEM_MODE_EXIT|false
13:59:37.28 (2098376972)|SYSTEM_MODE_ENTER|false
13:59:37.28 (2098379158)|SYSTEM_MODE_EXIT|false
13:59:37.28 (2098438705)|SYSTEM_MODE_ENTER|false
13:59:37.28 (2098485700)|DML_BEGIN|[27]|Op:Delete|Type:Account|Rows:1
13:59:37.28 (2176585944)|DML_END|[27]
13:59:37.28 (2176632820)|SYSTEM_MODE_EXIT|false
13:59:37.28 (2179985857)|SOQL_EXECUTE_BEGIN|[205]|Aggregations:0|SELECT Id, Name FROM Account
13:59:37.28 (2185130483)|SOQL_EXECUTE_END|[205]|Rows:0
13:59:37.28 (2185237655)|ENTERING_MANAGED_PKG|
13:59:37.28 (2185294933)|ENTERING_MANAGED_PKG|
13:59:37.185 (2185334403)|CUMULATIVE_LIMIT_USAGE
13:59:37.185 (2185334403)|LIMIT_USAGE_FOR_NS|(default)|
  Number of SOQL queries: 0 out of 100
  Number of query rows: 0 out of 50000
  Number of SOSL queries: 0 out of 20
  Number of DML statements: 0 out of 150
  Number of DML rows: 0 out of 10000
  Maximum CPU time: 0 out of 10000
  Maximum heap size: 0 out of 6000000
  Number of callouts: 0 out of 100
  Number of Email Invocations: 0 out of 10
  Number of future calls: 0 out of 50
  Number of queueable jobs added to the queue: 0 out of 50
  Number of Mobile Apex push calls: 0 out of 10

13:59:37.185 (2185334403)|LIMIT_USAGE_FOR_NS|LabTools|
  Number of SOQL queries: 1 out of 100
  Number of query rows: 0 out of 50000
  Number of SOSL queries: 0 out of 20
  Number of DML statements: 1 out of 150
  Number of DML rows: 1 out of 10000
  Maximum CPU time: 0 out of 10000
  Maximum heap size: 0 out of 6000000
  Number of callouts: 0 out of 100
  Number of Email Invocations: 0 out of 10
  Number of future calls: 0 out of 50
  Number of queueable jobs added to the queue: 0 out of 50
  Number of Mobile Apex push calls: 0 out of 10

13:59:37.185 (2185334403)|TESTING_LIMITS
13:59:37.185 (2185334403)|LIMIT_USAGE_FOR_NS|(default)|
  Number of SOQL queries: 0 out of 100
  Number of query rows: 0 out of 50000
  Number of SOSL queries: 0 out of 20
  Number of DML statements: 0 out of 150
  Number of DML rows: 0 out of 10000
  Maximum CPU time: 0 out of 10000
  Maximum heap size: 0 out of 6000000
  Number of callouts: 0 out of 100
  Number of Email Invocations: 0 out of 10
  Number of future calls: 0 out of 50
  Number of queueable jobs added to the queue: 0 out of 50
  Number of Mobile Apex push calls: 0 out of 10

13:59:37.185 (2185334403)|LIMIT_USAGE_FOR_NS|LabTools|
  Number of SOQL queries: 0 out of 100
  Number of query rows: 0 out of 50000
  Number of SOSL queries: 0 out of 20
  Number of DML statements: 1 out of 150
  Number of DML rows: 1 out of 10000
  Maximum CPU time: 0 out of 10000
  Maximum heap size: 0 out of 6000000
  Number of callouts: 0 out of 100
  Number of Email Invocations: 0 out of 10
  Number of future calls: 0 out of 50
  Number of queueable jobs added to the queue: 0 out of 50
  Number of Mobile Apex push calls: 0 out of 10

13:59:37.185 (2185334403)|CUMULATIVE_LIMIT_USAGE_END

13:59:37.28 (2185418357)|CODE_UNIT_FINISHED|Repository_Tests.WhenRemoving_ShouldRemoveItems
13:59:37.28 (2187109374)|EXECUTION_FINISHED
13:59:37.217 (2217282998)|EXECUTION_STARTED
13:59:37.217 (2217301914)|CODE_UNIT_STARTED|[EXTERNAL]|01p3600000DHCrn|Repository_Tests.WhenSavingList_ShouldCreateAndChangeResults
13:59:37.217 (2217860517)|DML_BEGIN|[170]|Op:Insert|Type:Account|Rows:1
13:59:37.217 (2221764431)|CODE_UNIT_STARTED|[EXTERNAL]|DuplicateDetector
13:59:37.217 (2221776211)|DUPLICATE_DETECTION_BEGIN
13:59:37.217 (2221840835)|DUPLICATE_DETECTION_RULE_INVOCATION|DuplicateRuleId:0Bm360000015Q5Y|DuplicateRuleName:Standard Account duplicate rule|DmlType:INSERT
13:59:37.217 (2243130560)|DUPLICATE_DETECTION_MATCH_INVOCATION_DETAILS|EntityType:Account|ActionTaken:Allow_[Alert,Report]|DuplicateRecordIds:
13:59:37.217 (2243143757)|DUPLICATE_DETECTION_MATCH_INVOCATION_SUMMARY|EntityType:Account|NumRecordsToBeSaved:1|NumRecordsToBeSavedWithDuplicates:0|NumDuplicateRecordsFound:0
13:59:37.217 (2243240166)|DUPLICATE_DETECTION_END
13:59:37.217 (2243285485)|CODE_UNIT_FINISHED|DuplicateDetector
13:59:37.217 (2278979298)|DML_END|[170]
13:59:37.217 (2279194857)|ENTERING_MANAGED_PKG|
13:59:37.217 (2282080447)|SYSTEM_MODE_ENTER|false
13:59:37.217 (2282092868)|SYSTEM_MODE_EXIT|false
13:59:37.217 (2282154211)|SYSTEM_MODE_ENTER|false
13:59:37.217 (2282184012)|SYSTEM_MODE_EXIT|false
13:59:37.217 (2282190114)|SYSTEM_MODE_ENTER|false
13:59:37.217 (2282192554)|SYSTEM_MODE_EXIT|false
13:59:37.217 (2282266348)|SYSTEM_MODE_ENTER|false
13:59:37.217 (2282363881)|DML_BEGIN|[24]|Op:Upsert|Type:Account|Rows:2
13:59:37.217 (2285509420)|CODE_UNIT_STARTED|[EXTERNAL]|DuplicateDetector
13:59:37.217 (2285523171)|DUPLICATE_DETECTION_BEGIN
13:59:37.217 (2285586317)|DUPLICATE_DETECTION_RULE_INVOCATION|DuplicateRuleId:0Bm360000015Q5Y|DuplicateRuleName:Standard Account duplicate rule|DmlType:INSERT
13:59:37.217 (2302997809)|DUPLICATE_DETECTION_MATCH_INVOCATION_DETAILS|EntityType:Account|ActionTaken:Allow_[Alert,Report]|DuplicateRecordIds:
13:59:37.217 (2303007915)|DUPLICATE_DETECTION_MATCH_INVOCATION_SUMMARY|EntityType:Account|NumRecordsToBeSaved:1|NumRecordsToBeSavedWithDuplicates:0|NumDuplicateRecordsFound:0
13:59:37.217 (2303104415)|DUPLICATE_DETECTION_END
13:59:37.217 (2303142067)|CODE_UNIT_FINISHED|DuplicateDetector
13:59:37.217 (2339147578)|CODE_UNIT_STARTED|[EXTERNAL]|DuplicateDetector
13:59:37.217 (2339165113)|DUPLICATE_DETECTION_BEGIN
13:59:37.217 (2339224567)|DUPLICATE_DETECTION_RULE_INVOCATION|DuplicateRuleId:0Bm360000015Q5Y|DuplicateRuleName:Standard Account duplicate rule|DmlType:UPDATE
13:59:37.217 (2339230135)|DUPLICATE_DETECTION_END
13:59:37.217 (2339277029)|CODE_UNIT_FINISHED|DuplicateDetector
13:59:37.217 (2354944093)|DML_END|[24]
13:59:37.217 (2355095574)|SYSTEM_MODE_EXIT|false
13:59:37.217 (2359395715)|SOQL_EXECUTE_BEGIN|[185]|Aggregations:0|SELECT Id, Name FROM Account
13:59:37.217 (2364257013)|SOQL_EXECUTE_END|[185]|Rows:2
13:59:37.217 (2364339082)|ENTERING_MANAGED_PKG|
13:59:37.217 (2364385611)|ENTERING_MANAGED_PKG|
13:59:37.217 (2364449284)|ENTERING_MANAGED_PKG|
13:59:37.217 (2364512624)|ENTERING_MANAGED_PKG|
13:59:37.364 (2364552109)|CUMULATIVE_LIMIT_USAGE
13:59:37.364 (2364552109)|LIMIT_USAGE_FOR_NS|(default)|
  Number of SOQL queries: 0 out of 100
  Number of query rows: 0 out of 50000
  Number of SOSL queries: 0 out of 20
  Number of DML statements: 0 out of 150
  Number of DML rows: 0 out of 10000
  Maximum CPU time: 0 out of 10000
  Maximum heap size: 0 out of 6000000
  Number of callouts: 0 out of 100
  Number of Email Invocations: 0 out of 10
  Number of future calls: 0 out of 50
  Number of queueable jobs added to the queue: 0 out of 50
  Number of Mobile Apex push calls: 0 out of 10

13:59:37.364 (2364552109)|LIMIT_USAGE_FOR_NS|LabTools|
  Number of SOQL queries: 1 out of 100
  Number of query rows: 2 out of 50000
  Number of SOSL queries: 0 out of 20
  Number of DML statements: 1 out of 150
  Number of DML rows: 1 out of 10000
  Maximum CPU time: 0 out of 10000
  Maximum heap size: 0 out of 6000000
  Number of callouts: 0 out of 100
  Number of Email Invocations: 0 out of 10
  Number of future calls: 0 out of 50
  Number of queueable jobs added to the queue: 0 out of 50
  Number of Mobile Apex push calls: 0 out of 10

13:59:37.364 (2364552109)|TESTING_LIMITS
13:59:37.364 (2364552109)|LIMIT_USAGE_FOR_NS|(default)|
  Number of SOQL queries: 0 out of 100
  Number of query rows: 0 out of 50000
  Number of SOSL queries: 0 out of 20
  Number of DML statements: 0 out of 150
  Number of DML rows: 0 out of 10000
  Maximum CPU time: 0 out of 10000
  Maximum heap size: 0 out of 6000000
  Number of callouts: 0 out of 100
  Number of Email Invocations: 0 out of 10
  Number of future calls: 0 out of 50
  Number of queueable jobs added to the queue: 0 out of 50
  Number of Mobile Apex push calls: 0 out of 10

13:59:37.364 (2364552109)|LIMIT_USAGE_FOR_NS|LabTools|
  Number of SOQL queries: 0 out of 100
  Number of query rows: 0 out of 50000
  Number of SOSL queries: 0 out of 20
  Number of DML statements: 1 out of 150
  Number of DML rows: 2 out of 10000
  Maximum CPU time: 0 out of 10000
  Maximum heap size: 0 out of 6000000
  Number of callouts: 0 out of 100
  Number of Email Invocations: 0 out of 10
  Number of future calls: 0 out of 50
  Number of queueable jobs added to the queue: 0 out of 50
  Number of Mobile Apex push calls: 0 out of 10

13:59:37.364 (2364552109)|CUMULATIVE_LIMIT_USAGE_END

13:59:37.217 (2364622018)|CODE_UNIT_FINISHED|Repository_Tests.WhenSavingList_ShouldCreateAndChangeResults
13:59:37.217 (2366344657)|EXECUTION_FINISHED
13:59:37.392 (2392605247)|EXECUTION_STARTED
13:59:37.392 (2392621519)|CODE_UNIT_STARTED|[EXTERNAL]|01p3600000DHCrn|Repository_Tests.WhenSaving_ShouldChangeResults
13:59:37.392 (2393117920)|DML_BEGIN|[150]|Op:Insert|Type:Account|Rows:1
13:59:37.392 (2396090052)|CODE_UNIT_STARTED|[EXTERNAL]|DuplicateDetector
13:59:37.392 (2396101173)|DUPLICATE_DETECTION_BEGIN
13:59:37.392 (2396164007)|DUPLICATE_DETECTION_RULE_INVOCATION|DuplicateRuleId:0Bm360000015Q5Y|DuplicateRuleName:Standard Account duplicate rule|DmlType:INSERT
13:59:37.392 (2414732191)|DUPLICATE_DETECTION_MATCH_INVOCATION_DETAILS|EntityType:Account|ActionTaken:Allow_[Alert,Report]|DuplicateRecordIds:
13:59:37.392 (2414742445)|DUPLICATE_DETECTION_MATCH_INVOCATION_SUMMARY|EntityType:Account|NumRecordsToBeSaved:1|NumRecordsToBeSavedWithDuplicates:0|NumDuplicateRecordsFound:0
13:59:37.392 (2414832789)|DUPLICATE_DETECTION_END
13:59:37.392 (2414871106)|CODE_UNIT_FINISHED|DuplicateDetector
13:59:37.392 (2437647809)|DML_END|[150]
13:59:37.392 (2440711719)|SYSTEM_MODE_ENTER|false
13:59:37.392 (2440719824)|SYSTEM_MODE_EXIT|false
13:59:37.392 (2440770948)|SYSTEM_MODE_ENTER|false
13:59:37.392 (2440793119)|SYSTEM_MODE_EXIT|false
13:59:37.392 (2440798526)|SYSTEM_MODE_ENTER|false
13:59:37.392 (2440801048)|SYSTEM_MODE_EXIT|false
13:59:37.392 (2440860338)|SYSTEM_MODE_ENTER|false
13:59:37.392 (2440919493)|DML_BEGIN|[21]|Op:Upsert|Type:Account|Rows:1
13:59:37.392 (2449977383)|CODE_UNIT_STARTED|[EXTERNAL]|DuplicateDetector
13:59:37.392 (2449990272)|DUPLICATE_DETECTION_BEGIN
13:59:37.392 (2450046369)|DUPLICATE_DETECTION_RULE_INVOCATION|DuplicateRuleId:0Bm360000015Q5Y|DuplicateRuleName:Standard Account duplicate rule|DmlType:UPDATE
13:59:37.392 (2450052522)|DUPLICATE_DETECTION_END
13:59:37.392 (2450090743)|CODE_UNIT_FINISHED|DuplicateDetector
13:59:37.392 (2467166085)|DML_END|[21]
13:59:37.392 (2467202762)|SYSTEM_MODE_EXIT|false
13:59:37.392 (2470707702)|SOQL_EXECUTE_BEGIN|[159]|Aggregations:0|SELECT Id, Name FROM Account
13:59:37.392 (2476377072)|SOQL_EXECUTE_END|[159]|Rows:1
13:59:37.392 (2476474521)|ENTERING_MANAGED_PKG|
13:59:37.392 (2476523559)|ENTERING_MANAGED_PKG|
13:59:37.392 (2476591672)|ENTERING_MANAGED_PKG|
13:59:37.476 (2476642606)|CUMULATIVE_LIMIT_USAGE
13:59:37.476 (2476642606)|LIMIT_USAGE_FOR_NS|(default)|
  Number of SOQL queries: 0 out of 100
  Number of query rows: 0 out of 50000
  Number of SOSL queries: 0 out of 20
  Number of DML statements: 0 out of 150
  Number of DML rows: 0 out of 10000
  Maximum CPU time: 0 out of 10000
  Maximum heap size: 0 out of 6000000
  Number of callouts: 0 out of 100
  Number of Email Invocations: 0 out of 10
  Number of future calls: 0 out of 50
  Number of queueable jobs added to the queue: 0 out of 50
  Number of Mobile Apex push calls: 0 out of 10

13:59:37.476 (2476642606)|LIMIT_USAGE_FOR_NS|LabTools|
  Number of SOQL queries: 1 out of 100
  Number of query rows: 1 out of 50000
  Number of SOSL queries: 0 out of 20
  Number of DML statements: 1 out of 150
  Number of DML rows: 1 out of 10000
  Maximum CPU time: 0 out of 10000
  Maximum heap size: 0 out of 6000000
  Number of callouts: 0 out of 100
  Number of Email Invocations: 0 out of 10
  Number of future calls: 0 out of 50
  Number of queueable jobs added to the queue: 0 out of 50
  Number of Mobile Apex push calls: 0 out of 10

13:59:37.476 (2476642606)|TESTING_LIMITS
13:59:37.476 (2476642606)|LIMIT_USAGE_FOR_NS|(default)|
  Number of SOQL queries: 0 out of 100
  Number of query rows: 0 out of 50000
  Number of SOSL queries: 0 out of 20
  Number of DML statements: 0 out of 150
  Number of DML rows: 0 out of 10000
  Maximum CPU time: 0 out of 10000
  Maximum heap size: 0 out of 6000000
  Number of callouts: 0 out of 100
  Number of Email Invocations: 0 out of 10
  Number of future calls: 0 out of 50
  Number of queueable jobs added to the queue: 0 out of 50
  Number of Mobile Apex push calls: 0 out of 10

13:59:37.476 (2476642606)|LIMIT_USAGE_FOR_NS|LabTools|
  Number of SOQL queries: 0 out of 100
  Number of query rows: 0 out of 50000
  Number of SOSL queries: 0 out of 20
  Number of DML statements: 1 out of 150
  Number of DML rows: 1 out of 10000
  Maximum CPU time: 0 out of 10000
  Maximum heap size: 0 out of 6000000
  Number of callouts: 0 out of 100
  Number of Email Invocations: 0 out of 10
  Number of future calls: 0 out of 50
  Number of queueable jobs added to the queue: 0 out of 50
  Number of Mobile Apex push calls: 0 out of 10

13:59:37.476 (2476642606)|CUMULATIVE_LIMIT_USAGE_END

13:59:37.392 (2476713724)|CODE_UNIT_FINISHED|Repository_Tests.WhenSaving_ShouldChangeResults
13:59:37.392 (2478562400)|EXECUTION_FINISHED
13:59:37.516 (2516336024)|EXECUTION_STARTED
13:59:37.516 (2516351601)|CODE_UNIT_STARTED|[EXTERNAL]|01p3600000DHCrn|Repository_Tests.WhenSaving_ShouldCreateNewResults
13:59:37.516 (2528209630)|SYSTEM_MODE_ENTER|false
13:59:37.516 (2528226106)|SYSTEM_MODE_EXIT|false
13:59:37.516 (2528308799)|SYSTEM_MODE_ENTER|false
13:59:37.516 (2528336002)|SYSTEM_MODE_EXIT|false
13:59:37.516 (2528341694)|SYSTEM_MODE_ENTER|false
13:59:37.516 (2528343932)|SYSTEM_MODE_EXIT|false
13:59:37.516 (2528413004)|SYSTEM_MODE_ENTER|false
13:59:37.516 (2528501562)|DML_BEGIN|[21]|Op:Upsert|Type:Account|Rows:1
13:59:37.516 (2531877454)|CODE_UNIT_STARTED|[EXTERNAL]|DuplicateDetector
13:59:37.516 (2531894562)|DUPLICATE_DETECTION_BEGIN
13:59:37.516 (2531958374)|DUPLICATE_DETECTION_RULE_INVOCATION|DuplicateRuleId:0Bm360000015Q5Y|DuplicateRuleName:Standard Account duplicate rule|DmlType:INSERT
13:59:37.516 (2550281525)|DUPLICATE_DETECTION_MATCH_INVOCATION_DETAILS|EntityType:Account|ActionTaken:Allow_[Alert,Report]|DuplicateRecordIds:
13:59:37.516 (2550295052)|DUPLICATE_DETECTION_MATCH_INVOCATION_SUMMARY|EntityType:Account|NumRecordsToBeSaved:1|NumRecordsToBeSavedWithDuplicates:0|NumDuplicateRecordsFound:0
13:59:37.516 (2550446699)|DUPLICATE_DETECTION_END
13:59:37.516 (2550491904)|CODE_UNIT_FINISHED|DuplicateDetector
13:59:37.516 (2575051113)|DML_END|[21]
13:59:37.516 (2575088855)|SYSTEM_MODE_EXIT|false
13:59:37.516 (2578317524)|SOQL_EXECUTE_BEGIN|[139]|Aggregations:0|SELECT Id, Name FROM Account
13:59:37.516 (2582681965)|SOQL_EXECUTE_END|[139]|Rows:1
13:59:37.516 (2582792210)|ENTERING_MANAGED_PKG|
13:59:37.516 (2582866231)|ENTERING_MANAGED_PKG|
13:59:37.516 (2582939397)|ENTERING_MANAGED_PKG|
13:59:37.582 (2582991863)|CUMULATIVE_LIMIT_USAGE
13:59:37.582 (2582991863)|LIMIT_USAGE_FOR_NS|(default)|
  Number of SOQL queries: 0 out of 100
  Number of query rows: 0 out of 50000
  Number of SOSL queries: 0 out of 20
  Number of DML statements: 0 out of 150
  Number of DML rows: 0 out of 10000
  Maximum CPU time: 0 out of 10000
  Maximum heap size: 0 out of 6000000
  Number of callouts: 0 out of 100
  Number of Email Invocations: 0 out of 10
  Number of future calls: 0 out of 50
  Number of queueable jobs added to the queue: 0 out of 50
  Number of Mobile Apex push calls: 0 out of 10

13:59:37.582 (2582991863)|LIMIT_USAGE_FOR_NS|LabTools|
  Number of SOQL queries: 1 out of 100
  Number of query rows: 1 out of 50000
  Number of SOSL queries: 0 out of 20
  Number of DML statements: 0 out of 150
  Number of DML rows: 0 out of 10000
  Maximum CPU time: 0 out of 10000
  Maximum heap size: 0 out of 6000000
  Number of callouts: 0 out of 100
  Number of Email Invocations: 0 out of 10
  Number of future calls: 0 out of 50
  Number of queueable jobs added to the queue: 0 out of 50
  Number of Mobile Apex push calls: 0 out of 10

13:59:37.582 (2582991863)|TESTING_LIMITS
13:59:37.582 (2582991863)|LIMIT_USAGE_FOR_NS|(default)|
  Number of SOQL queries: 0 out of 100
  Number of query rows: 0 out of 50000
  Number of SOSL queries: 0 out of 20
  Number of DML statements: 0 out of 150
  Number of DML rows: 0 out of 10000
  Maximum CPU time: 0 out of 10000
  Maximum heap size: 0 out of 6000000
  Number of callouts: 0 out of 100
  Number of Email Invocations: 0 out of 10
  Number of future calls: 0 out of 50
  Number of queueable jobs added to the queue: 0 out of 50
  Number of Mobile Apex push calls: 0 out of 10

13:59:37.582 (2582991863)|LIMIT_USAGE_FOR_NS|LabTools|
  Number of SOQL queries: 0 out of 100
  Number of query rows: 0 out of 50000
  Number of SOSL queries: 0 out of 20
  Number of DML statements: 1 out of 150
  Number of DML rows: 1 out of 10000
  Maximum CPU time: 0 out of 10000
  Maximum heap size: 0 out of 6000000
  Number of callouts: 0 out of 100
  Number of Email Invocations: 0 out of 10
  Number of future calls: 0 out of 50
  Number of queueable jobs added to the queue: 0 out of 50
  Number of Mobile Apex push calls: 0 out of 10

13:59:37.582 (2582991863)|CUMULATIVE_LIMIT_USAGE_END

13:59:37.516 (2583077786)|CODE_UNIT_FINISHED|Repository_Tests.WhenSaving_ShouldCreateNewResults
13:59:37.516 (2584715051)|EXECUTION_FINISHED
13:59:37.706 (2706011874)|EXECUTION_STARTED
13:59:37.706 (2706030478)|CODE_UNIT_STARTED|[EXTERNAL]|DuplicateDetector
13:59:37.706 (2706040766)|DUPLICATE_DETECTION_BEGIN
13:59:37.706 (2706096920)|DUPLICATE_DETECTION_RULE_INVOCATION|DuplicateRuleId:0Bm360000015Q5Y|DuplicateRuleName:Standard Account duplicate rule|DmlType:UPDATE
13:59:37.706 (2767738134)|DUPLICATE_DETECTION_END
13:59:37.706 (2767799466)|CODE_UNIT_FINISHED|DuplicateDetector
13:59:37.706 (2769146414)|EXECUTION_FINISHED
13:59:37.771 (2771461552)|EXECUTION_STARTED
13:59:37.771 (2771476411)|CODE_UNIT_STARTED|[EXTERNAL]|DuplicateDetector
13:59:37.771 (2771486100)|DUPLICATE_DETECTION_BEGIN
13:59:37.771 (2771538527)|DUPLICATE_DETECTION_RULE_INVOCATION|DuplicateRuleId:0Bm360000015Q5Y|DuplicateRuleName:Standard Account duplicate rule|DmlType:INSERT
13:59:37.771 (2823721774)|DUPLICATE_DETECTION_END
13:59:37.771 (2823786498)|CODE_UNIT_FINISHED|DuplicateDetector
13:59:37.771 (2825058010)|EXECUTION_FINISHED
