34.0 APEX_CODE,DEBUG;APEX_PROFILING,INFO;CALLOUT,INFO;DB,INFO;SYSTEM,DEBUG;VALIDATION,INFO;VISUALFORCE,DEBUG;WORKFLOW,INFO
10:37:09.0 (74077)|EXECUTION_STARTED
10:37:09.0 (141528)|CODE_UNIT_STARTED|[EXTERNAL]|01p3600000AqZWe|Jobs_Daily_Tests.WhenRunning_ShouldNotFailOnLoadingJobs
10:37:09.0 (59886939)|SYSTEM_MODE_ENTER|false
10:37:09.0 (59901587)|SYSTEM_MODE_EXIT|false
10:37:09.0 (59979586)|SYSTEM_MODE_ENTER|false
10:37:09.0 (59992057)|SYSTEM_MODE_EXIT|false
10:37:09.0 (59996692)|SYSTEM_MODE_ENTER|false
10:37:09.0 (59998717)|SYSTEM_MODE_EXIT|false
10:37:09.104 (104484868)|CUMULATIVE_LIMIT_USAGE
10:37:09.104 (104484868)|LIMIT_USAGE_FOR_NS|(default)|
  Number of SOQL queries: 0 out of 100
  Number of query rows: 0 out of 50000
  Number of SOSL queries: 0 out of 20
  Number of DML statements: 0 out of 150
  Number of DML rows: 0 out of 10000
  Maximum CPU time: 0 out of 10000
  Maximum heap size: 0 out of 6000000
  Number of callouts: 0 out of 100
  Number of Email Invocations: 0 out of 10
  Number of future calls: 0 out of 50
  Number of queueable jobs added to the queue: 0 out of 50
  Number of Mobile Apex push calls: 0 out of 10

10:37:09.104 (104484868)|CUMULATIVE_LIMIT_USAGE_END

10:37:09.0 (104544253)|CODE_UNIT_FINISHED|ScheduleApexClassTest
10:37:09.114 (114890583)|CUMULATIVE_LIMIT_USAGE
10:37:09.114 (114890583)|LIMIT_USAGE_FOR_NS|(default)|
  Number of SOQL queries: 0 out of 100
  Number of query rows: 0 out of 50000
  Number of SOSL queries: 0 out of 20
  Number of DML statements: 0 out of 150
  Number of DML rows: 0 out of 10000
  Maximum CPU time: 0 out of 10000
  Maximum heap size: 0 out of 6000000
  Number of callouts: 0 out of 100
  Number of Email Invocations: 0 out of 10
  Number of future calls: 0 out of 50
  Number of queueable jobs added to the queue: 0 out of 50
  Number of Mobile Apex push calls: 0 out of 10

10:37:09.114 (114890583)|TESTING_LIMITS
10:37:09.114 (114890583)|LIMIT_USAGE_FOR_NS|(default)|
  Number of SOQL queries: 0 out of 100
  Number of query rows: 0 out of 50000
  Number of SOSL queries: 0 out of 20
  Number of DML statements: 0 out of 150
  Number of DML rows: 0 out of 10000
  Maximum CPU time: 0 out of 10000
  Maximum heap size: 0 out of 6000000
  Number of callouts: 0 out of 100
  Number of Email Invocations: 0 out of 10
  Number of future calls: 0 out of 50
  Number of queueable jobs added to the queue: 0 out of 50
  Number of Mobile Apex push calls: 0 out of 10

10:37:09.114 (114890583)|CUMULATIVE_LIMIT_USAGE_END

10:37:09.0 (114930473)|CODE_UNIT_FINISHED|Jobs_Daily_Tests.WhenRunning_ShouldNotFailOnLoadingJobs
10:37:09.0 (116510592)|EXECUTION_FINISHED
10:37:09.121 (121691085)|EXECUTION_STARTED
10:37:09.121 (121701257)|CODE_UNIT_STARTED|[EXTERNAL]|01p3600000AqZWj|Acc_ExampleJob
10:37:09.121 (127753499)|SOQL_EXECUTE_BEGIN|[4]|Aggregations:0|SELECT Id FROM Account 
10:37:09.121 (131483963)|SOQL_EXECUTE_END|[4]|Rows:0
10:37:09.136 (136044936)|CUMULATIVE_LIMIT_USAGE
10:37:09.136 (136044936)|LIMIT_USAGE_FOR_NS|(default)|
  Number of SOQL queries: 0 out of 200
  Number of query rows: 0 out of 50000
  Number of SOSL queries: 0 out of 20
  Number of DML statements: 0 out of 150
  Number of DML rows: 0 out of 10000
  Maximum CPU time: 0 out of 60000
  Maximum heap size: 0 out of 12000000
  Number of callouts: 0 out of 100
  Number of Email Invocations: 0 out of 10
  Number of future calls: 0 out of 0
  Number of queueable jobs added to the queue: 0 out of 1
  Number of Mobile Apex push calls: 0 out of 10

10:37:09.136 (136044936)|CUMULATIVE_LIMIT_USAGE_END

10:37:09.121 (136077397)|CODE_UNIT_FINISHED|Acc_ExampleJob
10:37:09.121 (137090675)|EXECUTION_FINISHED
10:37:09.139 (139791377)|EXECUTION_STARTED
10:37:09.139 (139799694)|CODE_UNIT_STARTED|[EXTERNAL]|01p3600000AqZWj|Acc_ExampleJob
10:37:09.139 (147911541)|USER_DEBUG|[21]|DEBUG|Acc_ExampleJob finished
10:37:09.154 (154287243)|CUMULATIVE_LIMIT_USAGE
10:37:09.154 (154287243)|LIMIT_USAGE_FOR_NS|(default)|
  Number of SOQL queries: 0 out of 200
  Number of query rows: 0 out of 50000
  Number of SOSL queries: 0 out of 20
  Number of DML statements: 0 out of 150
  Number of DML rows: 0 out of 10000
  Maximum CPU time: 0 out of 60000
  Maximum heap size: 0 out of 12000000
  Number of callouts: 0 out of 100
  Number of Email Invocations: 0 out of 10
  Number of future calls: 0 out of 0
  Number of queueable jobs added to the queue: 0 out of 1
  Number of Mobile Apex push calls: 0 out of 10

10:37:09.154 (154287243)|CUMULATIVE_LIMIT_USAGE_END

10:37:09.139 (154318908)|CODE_UNIT_FINISHED|Acc_ExampleJob
10:37:09.139 (155449743)|EXECUTION_FINISHED
