34.0 APEX_CODE,FINEST;APEX_PROFILING,DEBUG;CALLOUT,DEBUG;DB,DEBUG;SYSTEM,DEBUG;VALIDATION,DEBUG;VISUALFORCE,DEBUG;WORKFLOW,DEBUG
14:06:44.0 (455560)|EXECUTION_STARTED
14:06:44.0 (527579)|CODE_UNIT_STARTED|[EXTERNAL]|01p3600000DIOeh|Faker_Tests.WhenGettingFakeId_ShouldMatchSalesforcePattern
14:06:44.0 (1321322)|HEAP_ALLOCATE|[72]|Bytes:3
14:06:44.0 (1353873)|HEAP_ALLOCATE|[77]|Bytes:152
14:06:44.0 (1371808)|HEAP_ALLOCATE|[342]|Bytes:408
14:06:44.0 (1392544)|HEAP_ALLOCATE|[355]|Bytes:408
14:06:44.0 (1411272)|HEAP_ALLOCATE|[467]|Bytes:48
14:06:44.0 (1439606)|HEAP_ALLOCATE|[139]|Bytes:6
14:06:44.0 (1456506)|HEAP_ALLOCATE|[EXTERNAL]|Bytes:8
14:06:44.0 (1475360)|METHOD_ENTRY|[2]|01p3600000DIOeh|Faker_Tests.Faker_Tests()
14:06:44.0 (1479518)|STATEMENT_EXECUTE|[2]
14:06:44.0 (1485148)|STATEMENT_EXECUTE|[2]
14:06:44.0 (1490776)|METHOD_EXIT|[2]|Faker_Tests
14:06:44.0 (1528218)|HEAP_ALLOCATE|[50]|Bytes:5
14:06:44.0 (1548986)|HEAP_ALLOCATE|[56]|Bytes:5
14:06:44.0 (1557772)|HEAP_ALLOCATE|[64]|Bytes:7
14:06:44.0 (1595850)|STATEMENT_EXECUTE|[6]
14:06:44.0 (1599282)|STATEMENT_EXECUTE|[7]
14:06:44.0 (1640350)|HEAP_ALLOCATE|[7]|Bytes:57
14:06:44.0 (1653989)|SYSTEM_METHOD_ENTRY|[1]|Test.Test()
14:06:44.0 (1656829)|STATEMENT_EXECUTE|[1]
14:06:44.0 (1665124)|SYSTEM_METHOD_EXIT|[1]|Test
14:06:44.0 (1680250)|METHOD_ENTRY|[7]||System.Test.startTest()
14:06:44.0 (3701448)|METHOD_EXIT|[7]||System.Test.startTest()
14:06:44.0 (3710763)|STATEMENT_EXECUTE|[8]
14:06:44.0 (3716791)|HEAP_ALLOCATE|[8]|Bytes:7
14:06:44.0 (4699352)|VARIABLE_SCOPE_BEGIN|[3]|Faker.fakeIdCount|Integer|false|true
14:06:44.0 (4720023)|HEAP_ALLOCATE|[8]|Bytes:1
14:06:44.0 (4755860)|METHOD_ENTRY|[1]|01p3600000DHJkd|Faker.Faker()
14:06:44.0 (4761559)|STATEMENT_EXECUTE|[1]
14:06:44.0 (4768901)|STATEMENT_EXECUTE|[1]
14:06:44.0 (4771619)|STATEMENT_EXECUTE|[3]
14:06:44.0 (4781214)|HEAP_ALLOCATE|[3]|Bytes:4
14:06:44.0 (4821608)|VARIABLE_ASSIGNMENT|[3]|Faker.fakeIdCount|1
14:06:44.0 (4836572)|METHOD_EXIT|[1]|Faker
14:06:44.0 (4874727)|METHOD_ENTRY|[8]|01p3600000DHJkd|LabTools.Faker.GetId(Schema.SObjectType)
14:06:44.0 (4912009)|VARIABLE_SCOPE_BEGIN|[4]|sot|Schema.SObjectType|true|false
14:06:44.0 (5028843)|VARIABLE_ASSIGNMENT|[4]|sot|"common.apex.runtime.impl.ApexSObjectTypeToken@6f504aa4"|0x6f504aa4
14:06:44.0 (5050099)|STATEMENT_EXECUTE|[5]
14:06:44.0 (5053493)|STATEMENT_EXECUTE|[6]
14:06:44.0 (5066772)|HEAP_ALLOCATE|[6]|Bytes:4
14:06:44.0 (5081686)|VARIABLE_ASSIGNMENT|[6]|Faker.fakeIdCount|2
14:06:44.0 (5167389)|ENTERING_MANAGED_PKG|
14:06:44.0 (5221254)|HEAP_ALLOCATE|[6]|Bytes:1
14:06:44.0 (5244990)|VARIABLE_SCOPE_BEGIN|[6]|count|String|false|false
14:06:44.0 (5258757)|VARIABLE_ASSIGNMENT|[6]|count|"1"
14:06:44.0 (5263227)|STATEMENT_EXECUTE|[7]
14:06:44.0 (6257771)|HEAP_ALLOCATE|[7]|Bytes:4
14:06:44.0 (6295735)|HEAP_ALLOCATE|[7]|Bytes:3
14:06:44.0 (6304933)|HEAP_ALLOCATE|[7]|Bytes:1
14:06:44.0 (6338281)|ENTERING_MANAGED_PKG|
14:06:44.0 (6379140)|ENTERING_MANAGED_PKG|
14:06:44.0 (6400746)|HEAP_ALLOCATE|[7]|Bytes:11
14:06:44.0 (6431490)|HEAP_ALLOCATE|[7]|Bytes:15
14:06:44.0 (6443700)|METHOD_EXIT|[8]|01p3600000DHJkd|LabTools.Faker.GetId(Schema.SObjectType)
14:06:44.0 (6463816)|HEAP_ALLOCATE|[8]|Bytes:4
14:06:44.0 (6474364)|VARIABLE_SCOPE_BEGIN|[8]|fakeAccountId|Id|false|false
14:06:44.0 (6526307)|VARIABLE_ASSIGNMENT|[8]|fakeAccountId|"001000000000001AAA"
14:06:44.0 (6533111)|STATEMENT_EXECUTE|[9]
14:06:44.0 (6548665)|METHOD_ENTRY|[9]||System.Test.stopTest()
14:06:44.0 (9316614)|METHOD_EXIT|[9]||System.Test.stopTest()
14:06:44.0 (9326084)|STATEMENT_EXECUTE|[11]
14:06:44.0 (9333394)|HEAP_ALLOCATE|[11]|Bytes:18
14:06:44.0 (9364478)|ENTERING_MANAGED_PKG|
14:06:44.9 (9426342)|CUMULATIVE_LIMIT_USAGE
14:06:44.9 (9426342)|LIMIT_USAGE_FOR_NS|(default)|
  Number of SOQL queries: 0 out of 100
  Number of query rows: 0 out of 50000
  Number of SOSL queries: 0 out of 20
  Number of DML statements: 0 out of 150
  Number of DML rows: 0 out of 10000
  Maximum CPU time: 0 out of 10000
  Maximum heap size: 0 out of 6000000
  Number of callouts: 0 out of 100
  Number of Email Invocations: 0 out of 10
  Number of future calls: 0 out of 50
  Number of queueable jobs added to the queue: 0 out of 50
  Number of Mobile Apex push calls: 0 out of 10

14:06:44.9 (9426342)|TESTING_LIMITS
14:06:44.9 (9426342)|LIMIT_USAGE_FOR_NS|(default)|
  Number of SOQL queries: 0 out of 100
  Number of query rows: 0 out of 50000
  Number of SOSL queries: 0 out of 20
  Number of DML statements: 0 out of 150
  Number of DML rows: 0 out of 10000
  Maximum CPU time: 0 out of 10000
  Maximum heap size: 0 out of 6000000
  Number of callouts: 0 out of 100
  Number of Email Invocations: 0 out of 10
  Number of future calls: 0 out of 50
  Number of queueable jobs added to the queue: 0 out of 50
  Number of Mobile Apex push calls: 0 out of 10

14:06:44.9 (9426342)|CUMULATIVE_LIMIT_USAGE_END

14:06:44.0 (9496411)|CODE_UNIT_FINISHED|Faker_Tests.WhenGettingFakeId_ShouldMatchSalesforcePattern
14:06:44.0 (10864487)|EXECUTION_FINISHED
