34.0 APEX_CODE,DEBUG;APEX_PROFILING,INFO;CALLOUT,INFO;DB,INFO;SYSTEM,DEBUG;VALIDATION,INFO;VISUALFORCE,DEBUG;WORKFLOW,INFO
10:33:51.21 (21723112)|EXECUTION_STARTED
10:33:51.21 (21755634)|CODE_UNIT_STARTED|[EXTERNAL]|01p3600000AqZWo|Acc_ExampleJob_Tests.WhenRunning_ShouldNotFailOnLoadingJobs
10:33:51.21 (28539794)|SYSTEM_MODE_ENTER|false
10:33:51.21 (28555861)|SYSTEM_MODE_EXIT|false
10:33:51.21 (28617170)|SYSTEM_MODE_ENTER|false
10:33:51.21 (28629152)|SYSTEM_MODE_EXIT|false
10:33:51.21 (28633200)|SYSTEM_MODE_ENTER|false
10:33:51.21 (28634994)|SYSTEM_MODE_EXIT|false
10:33:51.21 (28812442)|SOQL_EXECUTE_BEGIN|[13]|Aggregations:0|SELECT Id FROM Account
10:33:51.21 (32998824)|SOQL_EXECUTE_END|[13]|Rows:0
10:33:51.21 (33685593)|SYSTEM_MODE_ENTER|false
10:33:51.21 (33771032)|USER_DEBUG|[7]|DEBUG|HERE!!!
10:33:51.21 (33874491)|USER_DEBUG|[8]|DEBUG|query: ()
10:33:51.21 (33956505)|USER_DEBUG|[3]|DEBUG|query: ()
10:33:51.21 (34066371)|EXCEPTION_THROWN|[4]|System.QueryException: unexpected token: (
10:33:51.21 (34132322)|SYSTEM_MODE_EXIT|false
10:33:51.21 (34181925)|FATAL_ERROR|System.QueryException: unexpected token: (

Class.Repository.Read: line 4, column 1
Class.Repository.Read2: line 9, column 1
Class.Acc_ExampleJob_Tests.WhenRunning_ShouldNotFailOnLoadingJobs: line 13, column 1
10:33:51.21 (34193279)|FATAL_ERROR|System.QueryException: unexpected token: (

Class.Repository.Read: line 4, column 1
Class.Repository.Read2: line 9, column 1
Class.Acc_ExampleJob_Tests.WhenRunning_ShouldNotFailOnLoadingJobs: line 13, column 1
10:33:51.34 (34202033)|CUMULATIVE_LIMIT_USAGE
10:33:51.34 (34202033)|LIMIT_USAGE_FOR_NS|(default)|
  Number of SOQL queries: 1 out of 100
  Number of query rows: 0 out of 50000
  Number of SOSL queries: 0 out of 20
  Number of DML statements: 0 out of 150
  Number of DML rows: 0 out of 10000
  Maximum CPU time: 0 out of 10000
  Maximum heap size: 0 out of 6000000
  Number of callouts: 0 out of 100
  Number of Email Invocations: 0 out of 10
  Number of future calls: 0 out of 50
  Number of queueable jobs added to the queue: 0 out of 50
  Number of Mobile Apex push calls: 0 out of 10

10:33:51.34 (34202033)|CUMULATIVE_LIMIT_USAGE_END

10:33:51.21 (34239003)|CODE_UNIT_FINISHED|Acc_ExampleJob_Tests.WhenRunning_ShouldNotFailOnLoadingJobs
10:33:51.21 (35889483)|EXECUTION_FINISHED
 Number of queueable jobs added to the queue: 0 out of 50
  Number of Mobile Apex push calls: 0 out of 10

10:33:51.97 (97693873)|CUMULATIVE_LIMIT_USAGE_END

10:33:51.0 (97730279)|CODE_UNIT_FINISHED|Jobs_Daily_Tests.WhenRunning_ShouldNotFailOnLoadingJobs
10:33:51.0 (98765195)|EXECUTION_FINISHED
10:33:51.103 (103151807)|EXECUTION_STARTED
10:33:51.103 (103166974)|CODE_UNIT_STARTED|[EXTERNAL]|01p3600000AqZWj|Acc_ExampleJob
10:33:51.103 (108953794)|SOQL_EXECUTE_BEGIN|[9]|Aggregations:0|SELECT Id FROM Account
10:33:51.103 (111749345)|SOQL_EXECUTE_END|[9]|Rows:0
10:33:51.103 (112029316)|SOQL_EXECUTE_BEGIN|[10]|Aggregations:0|SELECT Id FROM Account 
10:33:51.103 (114012308)|SOQL_EXECUTE_END|[10]|Rows:0
10:33:51.118 (118614855)|CUMULATIVE_LIMIT_USAGE
10:33:51.118 (118614855)|LIMIT_USAGE_FOR_NS|(default)|
  Number of SOQL queries: 0 out of 200
  Number of query rows: 0 out of 50000
  Number of SOSL queries: 0 out of 20
  Number of DML statements: 0 out of 150
  Number of DML rows: 0 out of 10000
  Maximum CPU time: 0 out of 60000
  Maximum heap size: 0 out of 12000000
  Number of callouts: 0 out of 100
  Number of Email Invocations: 0 out of 10
  Number of future calls: 0 out of 0
  Number of queueable jobs added to the queue: 0 out of 1
  Number of Mobile Apex push calls: 0 out of 10

10:33:51.118 (118614855)|CUMULATIVE_LIMIT_USAGE_END

10:33:51.103 (118676397)|CODE_UNIT_FINISHED|Acc_ExampleJob
10:33:51.103 (119832633)|EXECUTION_FINISHED
10:33:51.122 (122303392)|EXECUTION_STARTED
10:33:51.122 (122317064)|CODE_UNIT_STARTED|[EXTERNAL]|01p3600000AqZWj|Acc_ExampleJob
10:33:51.122 (128141156)|USER_DEBUG|[27]|DEBUG|Acc_ExampleJob finished
10:33:51.133 (133572052)|CUMULATIVE_LIMIT_USAGE
10:33:51.133 (133572052)|LIMIT_USAGE_FOR_NS|(default)|
  Number of SOQL queries: 0 out of 200
  Number of query rows: 0 out of 50000
  Number of SOSL queries: 0 out of 20
  Number of DML statements: 0 out of 150
  Number of DML rows: 0 out of 10000
  Maximum CPU time: 0 out of 60000
  Maximum heap size: 0 out of 12000000
  Number of callouts: 0 out of 100
  Number of Email Invocations: 0 out of 10
  Number of future calls: 0 out of 0
  Number of queueable jobs added to the queue: 0 out of 1
  Number of Mobile Apex push calls: 0 out of 10

10:33:51.133 (133572052)|CUMULATIVE_LIMIT_USAGE_END

10:33:51.122 (133613724)|CODE_UNIT_FINISHED|Acc_ExampleJob
10:33:51.122 (134702744)|EXECUTION_FINISHED
