34.0 APEX_CODE,DEBUG;APEX_PROFILING,INFO;CALLOUT,INFO;DB,INFO;SYSTEM,DEBUG;VALIDATION,INFO;VISUALFORCE,DEBUG;WORKFLOW,INFO
12:13:27.0 (413152)|EXECUTION_STARTED
12:13:27.0 (485729)|CODE_UNIT_STARTED|[EXTERNAL]|01p3600000DIHwj|JobRunnerSchedule_Tests.WhenExecutingTest_ShouldNotFail
12:13:27.0 (28895314)|SYSTEM_MODE_ENTER|false
12:13:27.0 (28908251)|SYSTEM_MODE_EXIT|false
12:13:27.0 (29752552)|SYSTEM_MODE_ENTER|false
12:13:27.0 (30862508)|SYSTEM_MODE_EXIT|false
12:13:27.0 (33768247)|ENTERING_MANAGED_PKG|
12:13:27.33 (33821708)|CUMULATIVE_LIMIT_USAGE
12:13:27.33 (33821708)|LIMIT_USAGE_FOR_NS|(default)|
  Number of SOQL queries: 0 out of 100
  Number of query rows: 0 out of 50000
  Number of SOSL queries: 0 out of 20
  Number of DML statements: 0 out of 150
  Number of DML rows: 0 out of 10000
  Maximum CPU time: 0 out of 10000
  Maximum heap size: 0 out of 6000000
  Number of callouts: 0 out of 100
  Number of Email Invocations: 0 out of 10
  Number of future calls: 0 out of 50
  Number of queueable jobs added to the queue: 0 out of 50
  Number of Mobile Apex push calls: 0 out of 10

12:13:27.33 (33821708)|TESTING_LIMITS
12:13:27.33 (33821708)|LIMIT_USAGE_FOR_NS|(default)|
  Number of SOQL queries: 0 out of 100
  Number of query rows: 0 out of 50000
  Number of SOSL queries: 0 out of 20
  Number of DML statements: 0 out of 150
  Number of DML rows: 0 out of 10000
  Maximum CPU time: 0 out of 10000
  Maximum heap size: 0 out of 6000000
  Number of callouts: 0 out of 100
  Number of Email Invocations: 0 out of 10
  Number of future calls: 0 out of 50
  Number of queueable jobs added to the queue: 0 out of 50
  Number of Mobile Apex push calls: 0 out of 10

12:13:27.33 (33821708)|CUMULATIVE_LIMIT_USAGE_END

12:13:27.0 (33875063)|CODE_UNIT_FINISHED|JobRunnerSchedule_Tests.WhenExecutingTest_ShouldNotFail
12:13:27.0 (35402937)|EXECUTION_FINISHED
