34.0 APEX_CODE,DEBUG;APEX_PROFILING,INFO;CALLOUT,INFO;DB,INFO;SYSTEM,DEBUG;VALIDATION,INFO;VISUALFORCE,DEBUG;WORKFLOW,INFO
10:35:00.0 (78062)|EXECUTION_STARTED
10:35:00.0 (129541)|CODE_UNIT_STARTED|[EXTERNAL]|01p3600000AqZWe|Jobs_Daily_Tests.WhenRunning_ShouldNotFailOnLoadingJobs
10:35:00.0 (64147887)|SYSTEM_MODE_ENTER|false
10:35:00.0 (64161486)|SYSTEM_MODE_EXIT|false
10:35:00.0 (64244712)|SYSTEM_MODE_ENTER|false
10:35:00.0 (64257151)|SYSTEM_MODE_EXIT|false
10:35:00.0 (64261100)|SYSTEM_MODE_ENTER|false
10:35:00.0 (64262959)|SYSTEM_MODE_EXIT|false
10:35:00.87 (87560475)|CUMULATIVE_LIMIT_USAGE
10:35:00.87 (87560475)|LIMIT_USAGE_FOR_NS|(default)|
  Number of SOQL queries: 0 out of 100
  Number of query rows: 0 out of 50000
  Number of SOSL queries: 0 out of 20
  Number of DML statements: 0 out of 150
  Number of DML rows: 0 out of 10000
  Maximum CPU time: 0 out of 10000
  Maximum heap size: 0 out of 6000000
  Number of callouts: 0 out of 100
  Number of Email Invocations: 0 out of 10
  Number of future calls: 0 out of 50
  Number of queueable jobs added to the queue: 0 out of 50
  Number of Mobile Apex push calls: 0 out of 10

10:35:00.87 (87560475)|CUMULATIVE_LIMIT_USAGE_END

10:35:00.0 (87610755)|CODE_UNIT_FINISHED|ScheduleApexClassTest
10:35:00.97 (97009499)|CUMULATIVE_LIMIT_USAGE
10:35:00.97 (97009499)|LIMIT_USAGE_FOR_NS|(default)|
  Number of SOQL queries: 0 out of 100
  Number of query rows: 0 out of 50000
  Number of SOSL queries: 0 out of 20
  Number of DML statements: 0 out of 150
  Number of DML rows: 0 out of 10000
  Maximum CPU time: 0 out of 10000
  Maximum heap size: 0 out of 6000000
  Number of callouts: 0 out of 100
  Number of Email Invocations: 0 out of 10
  Number of future calls: 0 out of 50
  Number of queueable jobs added to the queue: 0 out of 50
  Number of Mobile Apex push calls: 0 out of 10

10:35:00.97 (97009499)|TESTING_LIMITS
10:35:00.97 (97009499)|LIMIT_USAGE_FOR_NS|(default)|
  Number of SOQL queries: 0 out of 100
  Number of query rows: 0 out of 50000
  Number of SOSL queries: 0 out of 20
  Number of DML statements: 0 out of 150
  Number of DML rows: 0 out of 10000
  Maximum CPU time: 0 out of 10000
  Maximum heap size: 0 out of 6000000
  Number of callouts: 0 out of 100
  Number of Email Invocations: 0 out of 10
  Number of future calls: 0 out of 50
  Number of queueable jobs added to the queue: 0 out of 50
  Number of Mobile Apex push calls: 0 out of 10

10:35:00.97 (97009499)|CUMULATIVE_LIMIT_USAGE_END

10:35:00.0 (97051273)|CODE_UNIT_FINISHED|Jobs_Daily_Tests.WhenRunning_ShouldNotFailOnLoadingJobs
10:35:00.0 (98258149)|EXECUTION_FINISHED
10:35:00.104 (104310896)|EXECUTION_STARTED
10:35:00.104 (104326177)|CODE_UNIT_STARTED|[EXTERNAL]|01p3600000AqZWj|Acc_ExampleJob
10:35:00.104 (112887074)|SOQL_EXECUTE_BEGIN|[9]|Aggregations:0|SELECT Id FROM Account
10:35:00.104 (116023739)|SOQL_EXECUTE_END|[9]|Rows:0
10:35:00.104 (116234202)|SOQL_EXECUTE_BEGIN|[10]|Aggregations:0|SELECT Id FROM Account 
10:35:00.104 (118556664)|SOQL_EXECUTE_END|[10]|Rows:0
10:35:00.125 (125707425)|CUMULATIVE_LIMIT_USAGE
10:35:00.125 (125707425)|LIMIT_USAGE_FOR_NS|(default)|
  Number of SOQL queries: 0 out of 200
  Number of query rows: 0 out of 50000
  Number of SOSL queries: 0 out of 20
  Number of DML statements: 0 out of 150
  Number of DML rows: 0 out of 10000
  Maximum CPU time: 0 out of 60000
  Maximum heap size: 0 out of 12000000
  Number of callouts: 0 out of 100
  Number of Email Invocations: 0 out of 10
  Number of future calls: 0 out of 0
  Number of queueable jobs added to the queue: 0 out of 1
  Number of Mobile Apex push calls: 0 out of 10

10:35:00.125 (125707425)|CUMULATIVE_LIMIT_USAGE_END

10:35:00.104 (125766813)|CODE_UNIT_FINISHED|Acc_ExampleJob
10:35:00.104 (127135845)|EXECUTION_FINISHED
10:35:00.130 (130632133)|EXECUTION_STARTED
10:35:00.130 (130643616)|CODE_UNIT_STARTED|[EXTERNAL]|01p3600000AqZWj|Acc_ExampleJob
10:35:00.130 (138226306)|USER_DEBUG|[27]|DEBUG|Acc_ExampleJob finished
10:35:00.147 (147686121)|CUMULATIVE_LIMIT_USAGE
10:35:00.147 (147686121)|LIMIT_USAGE_FOR_NS|(default)|
  Number of SOQL queries: 0 out of 200
  Number of query rows: 0 out of 50000
  Number of SOSL queries: 0 out of 20
  Number of DML statements: 0 out of 150
  Number of DML rows: 0 out of 10000
  Maximum CPU time: 0 out of 60000
  Maximum heap size: 0 out of 12000000
  Number of callouts: 0 out of 100
  Number of Email Invocations: 0 out of 10
  Number of future calls: 0 out of 0
  Number of queueable jobs added to the queue: 0 out of 1
  Number of Mobile Apex push calls: 0 out of 10

10:35:00.147 (147686121)|CUMULATIVE_LIMIT_USAGE_END

10:35:00.130 (147730668)|CODE_UNIT_FINISHED|Acc_ExampleJob
10:35:00.130 (148963668)|EXECUTION_FINISHED
