34.0 APEX_CODE,DEBUG;APEX_PROFILING,INFO;CALLOUT,INFO;DB,INFO;SYSTEM,DEBUG;VALIDATION,INFO;VISUALFORCE,DEBUG;WORKFLOW,INFO
13:57:03.22 (22442290)|EXECUTION_STARTED
13:57:03.22 (22486490)|CODE_UNIT_STARTED|[EXTERNAL]|01p3600000DHL8E|HeartbeatJob_Tests.WhenExecutes_ShouldNotFail
13:57:03.22 (26233424)|SYSTEM_MODE_ENTER|false
13:57:03.22 (26256507)|SYSTEM_MODE_EXIT|false
13:57:03.22 (26370888)|SYSTEM_MODE_ENTER|false
13:57:03.22 (26409450)|SYSTEM_MODE_EXIT|false
13:57:03.22 (26417442)|SYSTEM_MODE_ENTER|false
13:57:03.22 (26421230)|SYSTEM_MODE_EXIT|false
13:57:03.22 (30396755)|SYSTEM_MODE_ENTER|false
13:57:03.22 (30469424)|ENTERING_MANAGED_PKG|
13:57:03.22 (30516936)|USER_DEBUG|[9]|DEBUG|Heartbeat Job Executing
13:57:03.22 (30580063)|SYSTEM_MODE_EXIT|false
13:57:03.22 (30646226)|FATAL_ERROR|System.NullPointerException: Attempt to de-reference a null object

Class.LabTools.HeartbeatJob.Process: line 10, column 1
Class.LabTools.HeartbeatJob_Tests.WhenExecutes_ShouldNotFail: line 21, column 1
13:57:03.22 (30659852)|FATAL_ERROR|System.NullPointerException: Attempt to de-reference a null object

Class.LabTools.HeartbeatJob.Process: line 10, column 1
Class.LabTools.HeartbeatJob_Tests.WhenExecutes_ShouldNotFail: line 21, column 1
13:57:03.30 (30670183)|CUMULATIVE_LIMIT_USAGE
13:57:03.30 (30670183)|LIMIT_USAGE_FOR_NS|(default)|
  Number of SOQL queries: 0 out of 100
  Number of query rows: 0 out of 50000
  Number of SOSL queries: 0 out of 20
  Number of DML statements: 0 out of 150
  Number of DML rows: 0 out of 10000
  Maximum CPU time: 0 out of 10000
  Maximum heap size: 0 out of 6000000
  Number of callouts: 0 out of 100
  Number of Email Invocations: 0 out of 10
  Number of future calls: 0 out of 50
  Number of queueable jobs added to the queue: 0 out of 50
  Number of Mobile Apex push calls: 0 out of 10

13:57:03.30 (30670183)|TESTING_LIMITS
13:57:03.30 (30670183)|LIMIT_USAGE_FOR_NS|(default)|
  Number of SOQL queries: 0 out of 100
  Number of query rows: 0 out of 50000
  Number of SOSL queries: 0 out of 20
  Number of DML statements: 0 out of 150
  Number of DML rows: 0 out of 10000
  Maximum CPU time: 0 out of 10000
  Maximum heap size: 0 out of 6000000
  Number of callouts: 0 out of 100
  Number of Email Invocations: 0 out of 10
  Number of future calls: 0 out of 50
  Number of queueable jobs added to the queue: 0 out of 50
  Number of Mobile Apex push calls: 0 out of 10

13:57:03.30 (30670183)|CUMULATIVE_LIMIT_USAGE_END

13:57:03.22 (30719674)|CODE_UNIT_FINISHED|HeartbeatJob_Tests.WhenExecutes_ShouldNotFail
13:57:03.22 (33165110)|EXECUTION_FINISHED
13:57:03.60 (60894357)|EXECUTION_STARTED
13:57:03.60 (60907038)|CODE_UNIT_STARTED|[EXTERNAL]|01p3600000DHL8E|HeartbeatJob_Tests.WhenStarts_ShouldReturnAccountsList
13:57:03.60 (61708159)|SYSTEM_MODE_ENTER|false
13:57:03.60 (61719417)|SYSTEM_MODE_EXIT|false
13:57:03.60 (61773834)|SYSTEM_MODE_ENTER|false
13:57:03.60 (61792254)|SYSTEM_MODE_EXIT|false
13:57:03.60 (61796829)|SYSTEM_MODE_ENTER|false
13:57:03.60 (61798990)|SYSTEM_MODE_EXIT|false
13:57:03.60 (65201616)|SYSTEM_MODE_ENTER|false
13:57:03.60 (65232939)|ENTERING_MANAGED_PKG|
13:57:03.60 (65256921)|USER_DEBUG|[4]|DEBUG|Heartbeat Job Started
13:57:03.60 (65308122)|ENTERING_MANAGED_PKG|
13:57:03.60 (65538049)|SOQL_EXECUTE_BEGIN|[5]|Aggregations:0|SELECT Id FROM LabTools__Job__c
13:57:03.60 (68941820)|SOQL_EXECUTE_END|[5]|Rows:0
13:57:03.60 (68994160)|SYSTEM_MODE_EXIT|false
13:57:03.60 (73026808)|ENTERING_MANAGED_PKG|
13:57:03.73 (73066725)|CUMULATIVE_LIMIT_USAGE
13:57:03.73 (73066725)|LIMIT_USAGE_FOR_NS|(default)|
  Number of SOQL queries: 0 out of 100
  Number of query rows: 0 out of 50000
  Number of SOSL queries: 0 out of 20
  Number of DML statements: 0 out of 150
  Number of DML rows: 0 out of 10000
  Maximum CPU time: 0 out of 10000
  Maximum heap size: 0 out of 6000000
  Number of callouts: 0 out of 100
  Number of Email Invocations: 0 out of 10
  Number of future calls: 0 out of 50
  Number of queueable jobs added to the queue: 0 out of 50
  Number of Mobile Apex push calls: 0 out of 10

13:57:03.73 (73066725)|TESTING_LIMITS
13:57:03.73 (73066725)|LIMIT_USAGE_FOR_NS|(default)|
  Number of SOQL queries: 0 out of 100
  Number of query rows: 0 out of 50000
  Number of SOSL queries: 0 out of 20
  Number of DML statements: 0 out of 150
  Number of DML rows: 0 out of 10000
  Maximum CPU time: 0 out of 10000
  Maximum heap size: 0 out of 6000000
  Number of callouts: 0 out of 100
  Number of Email Invocations: 0 out of 10
  Number of future calls: 0 out of 50
  Number of queueable jobs added to the queue: 0 out of 50
  Number of Mobile Apex push calls: 0 out of 10

13:57:03.73 (73066725)|LIMIT_USAGE_FOR_NS|LabTools|
  Number of SOQL queries: 1 out of 100
  Number of query rows: 0 out of 50000
  Number of SOSL queries: 0 out of 20
  Number of DML statements: 0 out of 150
  Number of DML rows: 0 out of 10000
  Maximum CPU time: 0 out of 10000
  Maximum heap size: 0 out of 6000000
  Number of callouts: 0 out of 100
  Number of Email Invocations: 0 out of 10
  Number of future calls: 0 out of 50
  Number of queueable jobs added to the queue: 0 out of 50
  Number of Mobile Apex push calls: 0 out of 10

13:57:03.73 (73066725)|CUMULATIVE_LIMIT_USAGE_END

13:57:03.60 (73123789)|CODE_UNIT_FINISHED|HeartbeatJob_Tests.WhenStarts_ShouldReturnAccountsList
13:57:03.60 (74372424)|EXECUTION_FINISHED
