34.0 APEX_CODE,DEBUG;APEX_PROFILING,INFO;CALLOUT,INFO;DB,INFO;SYSTEM,DEBUG;VALIDATION,INFO;VISUALFORCE,DEBUG;WORKFLOW,INFO
14:17:27.23 (23976577)|EXECUTION_STARTED
14:17:27.23 (24011210)|CODE_UNIT_STARTED|[EXTERNAL]|01p3600000DHL7Q|JobRunner_Tests.WhenIntegrating_ShouldNotFailRun
14:17:27.23 (24770899)|DML_BEGIN|[24]|Op:Insert|Type:LabTools__Runner__c|Rows:1
14:17:27.23 (77660677)|DML_END|[24]
14:17:27.23 (77932009)|ENTERING_MANAGED_PKG|
14:17:27.23 (79251045)|ENTERING_MANAGED_PKG|
14:17:27.23 (79356221)|DML_BEGIN|[31]|Op:Insert|Type:LabTools__Job__c|Rows:1
14:17:27.23 (115205286)|DML_END|[31]
14:17:27.23 (118422473)|SYSTEM_MODE_ENTER|false
14:17:27.23 (118433397)|SYSTEM_MODE_EXIT|false
14:17:27.23 (119075089)|SYSTEM_MODE_ENTER|false
14:17:27.23 (120045677)|SYSTEM_MODE_EXIT|false
14:17:27.23 (123455054)|SYSTEM_MODE_ENTER|false
14:17:27.23 (124214101)|SOQL_EXECUTE_BEGIN|[6]|Aggregations:1|SELECT Name, LabTools__RecurrenceType__c, LabTools__RecurrenceRate__c, (SELECT Name, LabTools__Enabled__c FROM LabTools__Jobs__r) FROM LabTools__Runner__c WHERE (LabTools__StartOn__c <= :tmpVar1 AND (LabTools__NextRunOn__c = NULL OR LabTools__NextRunOn__c <= :tmpVar2)) ORDER BY LabTools__NextRunOn__c DESC NULLS FIRST LIMIT 5
14:17:27.23 (131469324)|SOQL_EXECUTE_END|[6]|Rows:1
14:17:27.23 (131799587)|ENTERING_MANAGED_PKG|
14:17:27.23 (134712541)|ENTERING_MANAGED_PKG|
14:17:27.23 (170996596)|DML_BEGIN|[18]|Op:Update|Type:LabTools__Runner__c|Rows:1
14:17:27.23 (195506095)|DML_END|[18]
14:17:27.23 (195570060)|SYSTEM_MODE_EXIT|false
14:17:27.23 (211151148)|SYSTEM_MODE_ENTER|false
14:17:27.23 (211193852)|ENTERING_MANAGED_PKG|
14:17:27.23 (211243667)|USER_DEBUG|[4]|DEBUG|Heartbeat Job Started
14:17:27.23 (211283273)|ENTERING_MANAGED_PKG|
14:17:27.23 (211502873)|SOQL_EXECUTE_BEGIN|[5]|Aggregations:0|SELECT Id FROM LabTools__Job__c
14:17:27.23 (254901579)|SOQL_EXECUTE_END|[5]|Rows:1
14:17:27.23 (254980408)|SYSTEM_MODE_EXIT|false
14:17:27.275 (275008702)|CUMULATIVE_LIMIT_USAGE
14:17:27.275 (275008702)|LIMIT_USAGE_FOR_NS|(default)|
  Number of SOQL queries: 0 out of 200
  Number of query rows: 0 out of 50000
  Number of SOSL queries: 0 out of 20
  Number of DML statements: 0 out of 150
  Number of DML rows: 0 out of 10000
  Maximum CPU time: 0 out of 60000
  Maximum heap size: 0 out of 12000000
  Number of callouts: 0 out of 100
  Number of Email Invocations: 0 out of 10
  Number of future calls: 0 out of 0
  Number of queueable jobs added to the queue: 0 out of 1
  Number of Mobile Apex push calls: 0 out of 10

14:17:27.275 (275008702)|CUMULATIVE_LIMIT_USAGE_END

14:17:27.23 (275074642)|CODE_UNIT_FINISHED|LabTools.JobWrapper
14:17:27.23 (277577526)|CODE_UNIT_STARTED|[EXTERNAL]|01p3600000DIJMr|LabTools.JobWrapper
14:17:27.23 (294994590)|CODE_UNIT_STARTED|[EXTERNAL]|01p3600000DIJMr|LabTools.JobWrapper
14:17:27.23 (296710589)|SYSTEM_MODE_ENTER|false
14:17:27.23 (296750047)|ENTERING_MANAGED_PKG|
14:17:27.23 (296787571)|USER_DEBUG|[9]|DEBUG|Heartbeat Job Executing
14:17:27.23 (296834480)|ENTERING_MANAGED_PKG|
14:17:27.23 (296900045)|ENTERING_MANAGED_PKG|
14:17:27.23 (296947593)|ENTERING_MANAGED_PKG|
14:17:27.23 (296953927)|USER_DEBUG|[10]|DEBUG|Heartbeat Job - Number of Jobs: 1
14:17:27.23 (296966577)|SYSTEM_MODE_EXIT|false
14:17:27.23 (296993862)|CODE_UNIT_FINISHED|LabTools.JobWrapper
14:17:27.318 (318716291)|CUMULATIVE_LIMIT_USAGE
14:17:27.318 (318716291)|LIMIT_USAGE_FOR_NS|(default)|
  Number of SOQL queries: 0 out of 200
  Number of query rows: 0 out of 50000
  Number of SOSL queries: 0 out of 20
  Number of DML statements: 0 out of 150
  Number of DML rows: 0 out of 10000
  Maximum CPU time: 0 out of 60000
  Maximum heap size: 0 out of 12000000
  Number of callouts: 0 out of 100
  Number of Email Invocations: 0 out of 10
  Number of future calls: 0 out of 0
  Number of queueable jobs added to the queue: 0 out of 1
  Number of Mobile Apex push calls: 0 out of 10

14:17:27.318 (318716291)|CUMULATIVE_LIMIT_USAGE_END

14:17:27.23 (318780577)|CODE_UNIT_FINISHED|LabTools.JobWrapper
14:17:27.23 (321755100)|CODE_UNIT_STARTED|[EXTERNAL]|01p3600000DIJMr|LabTools.JobWrapper
14:17:27.340 (340141938)|CUMULATIVE_LIMIT_USAGE
14:17:27.340 (340141938)|LIMIT_USAGE_FOR_NS|(default)|
  Number of SOQL queries: 0 out of 200
  Number of query rows: 0 out of 50000
  Number of SOSL queries: 0 out of 20
  Number of DML statements: 0 out of 150
  Number of DML rows: 0 out of 10000
  Maximum CPU time: 0 out of 60000
  Maximum heap size: 0 out of 12000000
  Number of callouts: 0 out of 100
  Number of Email Invocations: 0 out of 10
  Number of future calls: 0 out of 0
  Number of queueable jobs added to the queue: 0 out of 1
  Number of Mobile Apex push calls: 0 out of 10

14:17:27.340 (340141938)|CUMULATIVE_LIMIT_USAGE_END

14:17:27.23 (340205493)|CODE_UNIT_FINISHED|LabTools.JobWrapper
14:17:27.342 (342505587)|CUMULATIVE_LIMIT_USAGE
14:17:27.342 (342505587)|LIMIT_USAGE_FOR_NS|(default)|
  Number of SOQL queries: 0 out of 100
  Number of query rows: 0 out of 50000
  Number of SOSL queries: 0 out of 20
  Number of DML statements: 0 out of 150
  Number of DML rows: 0 out of 10000
  Maximum CPU time: 0 out of 10000
  Maximum heap size: 0 out of 6000000
  Number of callouts: 0 out of 100
  Number of Email Invocations: 0 out of 10
  Number of future calls: 0 out of 50
  Number of queueable jobs added to the queue: 0 out of 50
  Number of Mobile Apex push calls: 0 out of 10

14:17:27.342 (342505587)|LIMIT_USAGE_FOR_NS|LabTools|
  Number of SOQL queries: 0 out of 100
  Number of query rows: 0 out of 50000
  Number of SOSL queries: 0 out of 20
  Number of DML statements: 2 out of 150
  Number of DML rows: 2 out of 10000
  Maximum CPU time: 0 out of 10000
  Maximum heap size: 0 out of 6000000
  Number of callouts: 0 out of 100
  Number of Email Invocations: 0 out of 10
  Number of future calls: 0 out of 50
  Number of queueable jobs added to the queue: 0 out of 50
  Number of Mobile Apex push calls: 0 out of 10

14:17:27.342 (342505587)|TESTING_LIMITS
14:17:27.342 (342505587)|LIMIT_USAGE_FOR_NS|(default)|
  Number of SOQL queries: 0 out of 100
  Number of query rows: 0 out of 50000
  Number of SOSL queries: 0 out of 20
  Number of DML statements: 0 out of 150
  Number of DML rows: 0 out of 10000
  Maximum CPU time: 0 out of 10000
  Maximum heap size: 0 out of 6000000
  Number of callouts: 0 out of 100
  Number of Email Invocations: 0 out of 10
  Number of future calls: 0 out of 50
  Number of queueable jobs added to the queue: 0 out of 50
  Number of Mobile Apex push calls: 0 out of 10

14:17:27.342 (342505587)|LIMIT_USAGE_FOR_NS|LabTools|
  Number of SOQL queries: 1 out of 100
  Number of query rows: 2 out of 50000
  Number of SOSL queries: 0 out of 20
  Number of DML statements: 1 out of 150
  Number of DML rows: 1 out of 10000
  Maximum CPU time: 0 out of 10000
  Maximum heap size: 0 out of 6000000
  Number of callouts: 0 out of 100
  Number of Email Invocations: 0 out of 10
  Number of future calls: 0 out of 50
  Number of queueable jobs added to the queue: 0 out of 50
  Number of Mobile Apex push calls: 0 out of 10

14:17:27.342 (342505587)|CUMULATIVE_LIMIT_USAGE_END

14:17:27.23 (342557740)|CODE_UNIT_FINISHED|JobRunner_Tests.WhenIntegrating_ShouldNotFailRun
14:17:27.23 (343791074)|EXECUTION_FINISHED
14:17:27.377 (377394616)|EXECUTION_STARTED
14:17:27.377 (377413817)|CODE_UNIT_STARTED|[EXTERNAL]|01p3600000DHL7Q|JobRunner_Tests.WhenUsingDays_ShouldSetNextRunInDays
14:17:27.377 (380099190)|SYSTEM_MODE_ENTER|false
14:17:27.377 (380110286)|SYSTEM_MODE_EXIT|false
14:17:27.377 (380172773)|SYSTEM_MODE_ENTER|false
14:17:27.377 (380190192)|SYSTEM_MODE_EXIT|false
14:17:27.377 (383145817)|SYSTEM_MODE_ENTER|false
14:17:27.377 (383861951)|SOQL_EXECUTE_BEGIN|[6]|Aggregations:1|SELECT Name, LabTools__RecurrenceType__c, LabTools__RecurrenceRate__c, (SELECT Name, LabTools__Enabled__c FROM LabTools__Jobs__r) FROM LabTools__Runner__c WHERE (LabTools__StartOn__c <= :tmpVar1 AND (LabTools__NextRunOn__c = NULL OR LabTools__NextRunOn__c <= :tmpVar2)) ORDER BY LabTools__NextRunOn__c DESC NULLS FIRST LIMIT 5
14:17:27.377 (386008723)|SOQL_EXECUTE_END|[6]|Rows:0
14:17:27.377 (386129265)|ENTERING_MANAGED_PKG|
14:17:27.377 (386208614)|ENTERING_MANAGED_PKG|
14:17:27.377 (386245095)|ENTERING_MANAGED_PKG|
14:17:27.377 (386266208)|SYSTEM_MODE_EXIT|false
14:17:27.377 (389168147)|ENTERING_MANAGED_PKG|
14:17:27.389 (389215609)|CUMULATIVE_LIMIT_USAGE
14:17:27.389 (389215609)|LIMIT_USAGE_FOR_NS|(default)|
  Number of SOQL queries: 0 out of 100
  Number of query rows: 0 out of 50000
  Number of SOSL queries: 0 out of 20
  Number of DML statements: 0 out of 150
  Number of DML rows: 0 out of 10000
  Maximum CPU time: 0 out of 10000
  Maximum heap size: 0 out of 6000000
  Number of callouts: 0 out of 100
  Number of Email Invocations: 0 out of 10
  Number of future calls: 0 out of 50
  Number of queueable jobs added to the queue: 0 out of 50
  Number of Mobile Apex push calls: 0 out of 10

14:17:27.389 (389215609)|TESTING_LIMITS
14:17:27.389 (389215609)|LIMIT_USAGE_FOR_NS|(default)|
  Number of SOQL queries: 0 out of 100
  Number of query rows: 0 out of 50000
  Number of SOSL queries: 0 out of 20
  Number of DML statements: 0 out of 150
  Number of DML rows: 0 out of 10000
  Maximum CPU time: 0 out of 10000
  Maximum heap size: 0 out of 6000000
  Number of callouts: 0 out of 100
  Number of Email Invocations: 0 out of 10
  Number of future calls: 0 out of 50
  Number of queueable jobs added to the queue: 0 out of 50
  Number of Mobile Apex push calls: 0 out of 10

14:17:27.389 (389215609)|LIMIT_USAGE_FOR_NS|LabTools|
  Number of SOQL queries: 1 out of 100
  Number of query rows: 0 out of 50000
  Number of SOSL queries: 0 out of 20
  Number of DML statements: 0 out of 150
  Number of DML rows: 0 out of 10000
  Maximum CPU time: 0 out of 10000
  Maximum heap size: 0 out of 6000000
  Number of callouts: 0 out of 100
  Number of Email Invocations: 0 out of 10
  Number of future calls: 0 out of 50
  Number of queueable jobs added to the queue: 0 out of 50
  Number of Mobile Apex push calls: 0 out of 10

14:17:27.389 (389215609)|CUMULATIVE_LIMIT_USAGE_END

14:17:27.377 (389273536)|CODE_UNIT_FINISHED|JobRunner_Tests.WhenUsingDays_ShouldSetNextRunInDays
14:17:27.377 (390499027)|EXECUTION_FINISHED
