34.0 APEX_CODE,DEBUG;APEX_PROFILING,INFO;CALLOUT,INFO;DB,INFO;SYSTEM,DEBUG;VALIDATION,INFO;VISUALFORCE,DEBUG;WORKFLOW,INFO
13:53:04.13 (13707306)|EXECUTION_STARTED
13:53:04.13 (13742947)|CODE_UNIT_STARTED|[EXTERNAL]|01p3600000DHL7Q|JobRunner_Tests.WhenIntegrating_ShouldNotFailRun
13:53:04.13 (14796331)|DML_BEGIN|[11]|Op:Insert|Type:LabTools__Runner__c|Rows:1
13:53:04.13 (46645671)|DML_END|[11]
13:53:04.13 (46925996)|ENTERING_MANAGED_PKG|
13:53:04.13 (48389135)|ENTERING_MANAGED_PKG|
13:53:04.13 (48514747)|DML_BEGIN|[18]|Op:Insert|Type:LabTools__Job__c|Rows:1
13:53:04.13 (78818579)|DML_END|[18]
13:53:04.78 (78981244)|CUMULATIVE_LIMIT_USAGE
13:53:04.78 (78981244)|LIMIT_USAGE_FOR_NS|(default)|
  Number of SOQL queries: 0 out of 100
  Number of query rows: 0 out of 50000
  Number of SOSL queries: 0 out of 20
  Number of DML statements: 0 out of 150
  Number of DML rows: 0 out of 10000
  Maximum CPU time: 0 out of 10000
  Maximum heap size: 0 out of 6000000
  Number of callouts: 0 out of 100
  Number of Email Invocations: 0 out of 10
  Number of future calls: 0 out of 50
  Number of queueable jobs added to the queue: 0 out of 50
  Number of Mobile Apex push calls: 0 out of 10

13:53:04.78 (78981244)|LIMIT_USAGE_FOR_NS|LabTools|
  Number of SOQL queries: 0 out of 100
  Number of query rows: 0 out of 50000
  Number of SOSL queries: 0 out of 20
  Number of DML statements: 2 out of 150
  Number of DML rows: 2 out of 10000
  Maximum CPU time: 0 out of 10000
  Maximum heap size: 0 out of 6000000
  Number of callouts: 0 out of 100
  Number of Email Invocations: 0 out of 10
  Number of future calls: 0 out of 50
  Number of queueable jobs added to the queue: 0 out of 50
  Number of Mobile Apex push calls: 0 out of 10

13:53:04.78 (78981244)|CUMULATIVE_LIMIT_USAGE_END

13:53:04.13 (79042355)|CODE_UNIT_FINISHED|JobRunner_Tests.WhenIntegrating_ShouldNotFailRun
13:53:04.13 (80307907)|EXECUTION_FINISHED
