34.0 APEX_CODE,DEBUG;APEX_PROFILING,INFO;CALLOUT,INFO;DB,INFO;SYSTEM,DEBUG;VALIDATION,INFO;VISUALFORCE,DEBUG;WORKFLOW,INFO
14:20:53.27 (27018180)|EXECUTION_STARTED
14:20:53.27 (27062384)|CODE_UNIT_STARTED|[EXTERNAL]|01p3600000DHL7Q|JobRunner_Tests.WhenIntegrating_ShouldNotFailRun
14:20:53.27 (28008728)|DML_BEGIN|[24]|Op:Insert|Type:LabTools__Runner__c|Rows:1
14:20:53.27 (70284882)|DML_END|[24]
14:20:53.27 (70504561)|ENTERING_MANAGED_PKG|
14:20:53.27 (71831124)|ENTERING_MANAGED_PKG|
14:20:53.27 (71922602)|DML_BEGIN|[31]|Op:Insert|Type:LabTools__Job__c|Rows:1
14:20:53.27 (106230022)|DML_END|[31]
14:20:53.27 (108926316)|SYSTEM_MODE_ENTER|false
14:20:53.27 (109075952)|SYSTEM_MODE_EXIT|false
14:20:53.27 (109787645)|SYSTEM_MODE_ENTER|false
14:20:53.27 (110802208)|SYSTEM_MODE_EXIT|false
14:20:53.27 (114169288)|SYSTEM_MODE_ENTER|false
14:20:53.27 (114915908)|SOQL_EXECUTE_BEGIN|[6]|Aggregations:1|SELECT Name, LabTools__RecurrenceType__c, LabTools__RecurrenceRate__c, (SELECT Name, LabTools__Enabled__c FROM LabTools__Jobs__r) FROM LabTools__Runner__c WHERE (LabTools__StartOn__c <= :tmpVar1 AND (LabTools__NextRunOn__c = NULL OR LabTools__NextRunOn__c <= :tmpVar2)) ORDER BY LabTools__NextRunOn__c DESC NULLS FIRST LIMIT 5
14:20:53.27 (121446733)|SOQL_EXECUTE_END|[6]|Rows:1
14:20:53.27 (121685459)|ENTERING_MANAGED_PKG|
14:20:53.27 (124166306)|ENTERING_MANAGED_PKG|
14:20:53.27 (162702347)|DML_BEGIN|[18]|Op:Update|Type:LabTools__Runner__c|Rows:1
14:20:53.27 (183764799)|DML_END|[18]
14:20:53.27 (183823327)|SYSTEM_MODE_EXIT|false
14:20:53.27 (198636044)|SYSTEM_MODE_ENTER|false
14:20:53.27 (198679200)|ENTERING_MANAGED_PKG|
14:20:53.27 (198728231)|USER_DEBUG|[4]|DEBUG|Heartbeat Job Started
14:20:53.27 (198777766)|ENTERING_MANAGED_PKG|
14:20:53.27 (199001700)|SOQL_EXECUTE_BEGIN|[5]|Aggregations:0|SELECT Id FROM LabTools__Job__c
14:20:53.27 (230727421)|SOQL_EXECUTE_END|[5]|Rows:1
14:20:53.27 (230804291)|SYSTEM_MODE_EXIT|false
14:20:53.249 (249431002)|CUMULATIVE_LIMIT_USAGE
14:20:53.249 (249431002)|LIMIT_USAGE_FOR_NS|(default)|
  Number of SOQL queries: 0 out of 200
  Number of query rows: 0 out of 50000
  Number of SOSL queries: 0 out of 20
  Number of DML statements: 0 out of 150
  Number of DML rows: 0 out of 10000
  Maximum CPU time: 0 out of 60000
  Maximum heap size: 0 out of 12000000
  Number of callouts: 0 out of 100
  Number of Email Invocations: 0 out of 10
  Number of future calls: 0 out of 0
  Number of queueable jobs added to the queue: 0 out of 1
  Number of Mobile Apex push calls: 0 out of 10

14:20:53.249 (249431002)|CUMULATIVE_LIMIT_USAGE_END

14:20:53.27 (249492542)|CODE_UNIT_FINISHED|LabTools.JobWrapper
14:20:53.27 (252495743)|CODE_UNIT_STARTED|[EXTERNAL]|01p3600000DIJMr|LabTools.JobWrapper
14:20:53.27 (270039106)|CODE_UNIT_STARTED|[EXTERNAL]|01p3600000DIJMr|LabTools.JobWrapper
14:20:53.27 (271354538)|SYSTEM_MODE_ENTER|false
14:20:53.27 (271385372)|ENTERING_MANAGED_PKG|
14:20:53.27 (271414753)|USER_DEBUG|[9]|DEBUG|Heartbeat Job Executing
14:20:53.27 (271437498)|ENTERING_MANAGED_PKG|
14:20:53.27 (271480545)|ENTERING_MANAGED_PKG|
14:20:53.27 (271507961)|ENTERING_MANAGED_PKG|
14:20:53.27 (271511916)|USER_DEBUG|[10]|DEBUG|Heartbeat Job - Number of Jobs: 1
14:20:53.27 (271519583)|SYSTEM_MODE_EXIT|false
14:20:53.27 (271536901)|CODE_UNIT_FINISHED|LabTools.JobWrapper
14:20:53.291 (291380613)|CUMULATIVE_LIMIT_USAGE
14:20:53.291 (291380613)|LIMIT_USAGE_FOR_NS|(default)|
  Number of SOQL queries: 0 out of 200
  Number of query rows: 0 out of 50000
  Number of SOSL queries: 0 out of 20
  Number of DML statements: 0 out of 150
  Number of DML rows: 0 out of 10000
  Maximum CPU time: 0 out of 60000
  Maximum heap size: 0 out of 12000000
  Number of callouts: 0 out of 100
  Number of Email Invocations: 0 out of 10
  Number of future calls: 0 out of 0
  Number of queueable jobs added to the queue: 0 out of 1
  Number of Mobile Apex push calls: 0 out of 10

14:20:53.291 (291380613)|CUMULATIVE_LIMIT_USAGE_END

14:20:53.27 (291444656)|CODE_UNIT_FINISHED|LabTools.JobWrapper
14:20:53.27 (294452358)|CODE_UNIT_STARTED|[EXTERNAL]|01p3600000DIJMr|LabTools.JobWrapper
14:20:53.309 (309080239)|CUMULATIVE_LIMIT_USAGE
14:20:53.309 (309080239)|LIMIT_USAGE_FOR_NS|(default)|
  Number of SOQL queries: 0 out of 200
  Number of query rows: 0 out of 50000
  Number of SOSL queries: 0 out of 20
  Number of DML statements: 0 out of 150
  Number of DML rows: 0 out of 10000
  Maximum CPU time: 0 out of 60000
  Maximum heap size: 0 out of 12000000
  Number of callouts: 0 out of 100
  Number of Email Invocations: 0 out of 10
  Number of future calls: 0 out of 0
  Number of queueable jobs added to the queue: 0 out of 1
  Number of Mobile Apex push calls: 0 out of 10

14:20:53.309 (309080239)|CUMULATIVE_LIMIT_USAGE_END

14:20:53.27 (309155473)|CODE_UNIT_FINISHED|LabTools.JobWrapper
14:20:53.311 (311562921)|CUMULATIVE_LIMIT_USAGE
14:20:53.311 (311562921)|LIMIT_USAGE_FOR_NS|(default)|
  Number of SOQL queries: 0 out of 100
  Number of query rows: 0 out of 50000
  Number of SOSL queries: 0 out of 20
  Number of DML statements: 0 out of 150
  Number of DML rows: 0 out of 10000
  Maximum CPU time: 0 out of 10000
  Maximum heap size: 0 out of 6000000
  Number of callouts: 0 out of 100
  Number of Email Invocations: 0 out of 10
  Number of future calls: 0 out of 50
  Number of queueable jobs added to the queue: 0 out of 50
  Number of Mobile Apex push calls: 0 out of 10

14:20:53.311 (311562921)|LIMIT_USAGE_FOR_NS|LabTools|
  Number of SOQL queries: 0 out of 100
  Number of query rows: 0 out of 50000
  Number of SOSL queries: 0 out of 20
  Number of DML statements: 2 out of 150
  Number of DML rows: 2 out of 10000
  Maximum CPU time: 0 out of 10000
  Maximum heap size: 0 out of 6000000
  Number of callouts: 0 out of 100
  Number of Email Invocations: 0 out of 10
  Number of future calls: 0 out of 50
  Number of queueable jobs added to the queue: 0 out of 50
  Number of Mobile Apex push calls: 0 out of 10

14:20:53.311 (311562921)|TESTING_LIMITS
14:20:53.311 (311562921)|LIMIT_USAGE_FOR_NS|(default)|
  Number of SOQL queries: 0 out of 100
  Number of query rows: 0 out of 50000
  Number of SOSL queries: 0 out of 20
  Number of DML statements: 0 out of 150
  Number of DML rows: 0 out of 10000
  Maximum CPU time: 0 out of 10000
  Maximum heap size: 0 out of 6000000
  Number of callouts: 0 out of 100
  Number of Email Invocations: 0 out of 10
  Number of future calls: 0 out of 50
  Number of queueable jobs added to the queue: 0 out of 50
  Number of Mobile Apex push calls: 0 out of 10

14:20:53.311 (311562921)|LIMIT_USAGE_FOR_NS|LabTools|
  Number of SOQL queries: 1 out of 100
  Number of query rows: 2 out of 50000
  Number of SOSL queries: 0 out of 20
  Number of DML statements: 1 out of 150
  Number of DML rows: 1 out of 10000
  Maximum CPU time: 0 out of 10000
  Maximum heap size: 0 out of 6000000
  Number of callouts: 0 out of 100
  Number of Email Invocations: 0 out of 10
  Number of future calls: 0 out of 50
  Number of queueable jobs added to the queue: 0 out of 50
  Number of Mobile Apex push calls: 0 out of 10

14:20:53.311 (311562921)|CUMULATIVE_LIMIT_USAGE_END

14:20:53.27 (311643254)|CODE_UNIT_FINISHED|JobRunner_Tests.WhenIntegrating_ShouldNotFailRun
14:20:53.27 (312890294)|EXECUTION_FINISHED
14:20:53.346 (346141269)|EXECUTION_STARTED
14:20:53.346 (346162280)|CODE_UNIT_STARTED|[EXTERNAL]|01p3600000DHL7Q|JobRunner_Tests.WhenUsingDays_ShouldSetNextRunInDays
14:20:53.346 (348815526)|SYSTEM_MODE_ENTER|false
14:20:53.346 (348833066)|SYSTEM_MODE_EXIT|false
14:20:53.346 (348954378)|SYSTEM_MODE_ENTER|false
14:20:53.346 (348988019)|SYSTEM_MODE_EXIT|false
14:20:53.346 (352136258)|SYSTEM_MODE_ENTER|false
14:20:53.346 (352699633)|SOQL_EXECUTE_BEGIN|[6]|Aggregations:1|SELECT Name, LabTools__RecurrenceType__c, LabTools__RecurrenceRate__c, (SELECT Name, LabTools__Enabled__c FROM LabTools__Jobs__r) FROM LabTools__Runner__c WHERE (LabTools__StartOn__c <= :tmpVar1 AND (LabTools__NextRunOn__c = NULL OR LabTools__NextRunOn__c <= :tmpVar2)) ORDER BY LabTools__NextRunOn__c DESC NULLS FIRST LIMIT 5
14:20:53.346 (354620330)|SOQL_EXECUTE_END|[6]|Rows:0
14:20:53.346 (354746998)|ENTERING_MANAGED_PKG|
14:20:53.346 (354860173)|ENTERING_MANAGED_PKG|
14:20:53.346 (355156216)|SYSTEM_MODE_EXIT|false
14:20:53.346 (355209570)|FATAL_ERROR|System.NullPointerException: Argument cannot be null.

Class.LabTools.JobRunner.execute: line 19, column 1
Class.LabTools.JobRunner_Tests.WhenUsingDays_ShouldSetNextRunInDays: line 9, column 1
14:20:53.346 (355222247)|FATAL_ERROR|System.NullPointerException: Argument cannot be null.

Class.LabTools.JobRunner.execute: line 19, column 1
Class.LabTools.JobRunner_Tests.WhenUsingDays_ShouldSetNextRunInDays: line 9, column 1
14:20:53.355 (355233160)|CUMULATIVE_LIMIT_USAGE
14:20:53.355 (355233160)|LIMIT_USAGE_FOR_NS|(default)|
  Number of SOQL queries: 0 out of 100
  Number of query rows: 0 out of 50000
  Number of SOSL queries: 0 out of 20
  Number of DML statements: 0 out of 150
  Number of DML rows: 0 out of 10000
  Maximum CPU time: 0 out of 10000
  Maximum heap size: 0 out of 6000000
  Number of callouts: 0 out of 100
  Number of Email Invocations: 0 out of 10
  Number of future calls: 0 out of 50
  Number of queueable jobs added to the queue: 0 out of 50
  Number of Mobile Apex push calls: 0 out of 10

14:20:53.355 (355233160)|TESTING_LIMITS
14:20:53.355 (355233160)|LIMIT_USAGE_FOR_NS|(default)|
  Number of SOQL queries: 0 out of 100
  Number of query rows: 0 out of 50000
  Number of SOSL queries: 0 out of 20
  Number of DML statements: 0 out of 150
  Number of DML rows: 0 out of 10000
  Maximum CPU time: 0 out of 10000
  Maximum heap size: 0 out of 6000000
  Number of callouts: 0 out of 100
  Number of Email Invocations: 0 out of 10
  Number of future calls: 0 out of 50
  Number of queueable jobs added to the queue: 0 out of 50
  Number of Mobile Apex push calls: 0 out of 10

14:20:53.355 (355233160)|LIMIT_USAGE_FOR_NS|LabTools|
  Number of SOQL queries: 1 out of 100
  Number of query rows: 0 out of 50000
  Number of SOSL queries: 0 out of 20
  Number of DML statements: 0 out of 150
  Number of DML rows: 0 out of 10000
  Maximum CPU time: 0 out of 10000
  Maximum heap size: 0 out of 6000000
  Number of callouts: 0 out of 100
  Number of Email Invocations: 0 out of 10
  Number of future calls: 0 out of 50
  Number of queueable jobs added to the queue: 0 out of 50
  Number of Mobile Apex push calls: 0 out of 10

14:20:53.355 (355233160)|CUMULATIVE_LIMIT_USAGE_END

14:20:53.346 (355298024)|CODE_UNIT_FINISHED|JobRunner_Tests.WhenUsingDays_ShouldSetNextRunInDays
14:20:53.346 (356935726)|EXECUTION_FINISHED
