34.0 APEX_CODE,DEBUG;APEX_PROFILING,INFO;CALLOUT,INFO;DB,INFO;SYSTEM,DEBUG;VALIDATION,INFO;VISUALFORCE,DEBUG;WORKFLOW,INFO
13:58:25.20 (20921947)|EXECUTION_STARTED
13:58:25.20 (20955142)|CODE_UNIT_STARTED|[EXTERNAL]|01p3600000DHL8E|HeartbeatJob_Tests.WhenExecutes_ShouldNotFail
13:58:25.20 (23314860)|SYSTEM_MODE_ENTER|false
13:58:25.20 (23332432)|SYSTEM_MODE_EXIT|false
13:58:25.20 (23414934)|SYSTEM_MODE_ENTER|false
13:58:25.20 (23437260)|SYSTEM_MODE_EXIT|false
13:58:25.20 (23442436)|SYSTEM_MODE_ENTER|false
13:58:25.20 (23444377)|SYSTEM_MODE_EXIT|false
13:58:25.20 (26379967)|SYSTEM_MODE_ENTER|false
13:58:25.20 (26446240)|ENTERING_MANAGED_PKG|
13:58:25.20 (26491719)|USER_DEBUG|[9]|DEBUG|Heartbeat Job Executing
13:58:25.20 (26547656)|SYSTEM_MODE_EXIT|false
13:58:25.20 (26615080)|FATAL_ERROR|System.NullPointerException: Attempt to de-reference a null object

Class.LabTools.HeartbeatJob.Process: line 10, column 1
Class.LabTools.HeartbeatJob_Tests.WhenExecutes_ShouldNotFail: line 21, column 1
13:58:25.20 (26628291)|FATAL_ERROR|System.NullPointerException: Attempt to de-reference a null object

Class.LabTools.HeartbeatJob.Process: line 10, column 1
Class.LabTools.HeartbeatJob_Tests.WhenExecutes_ShouldNotFail: line 21, column 1
13:58:25.26 (26637917)|CUMULATIVE_LIMIT_USAGE
13:58:25.26 (26637917)|LIMIT_USAGE_FOR_NS|(default)|
  Number of SOQL queries: 0 out of 100
  Number of query rows: 0 out of 50000
  Number of SOSL queries: 0 out of 20
  Number of DML statements: 0 out of 150
  Number of DML rows: 0 out of 10000
  Maximum CPU time: 0 out of 10000
  Maximum heap size: 0 out of 6000000
  Number of callouts: 0 out of 100
  Number of Email Invocations: 0 out of 10
  Number of future calls: 0 out of 50
  Number of queueable jobs added to the queue: 0 out of 50
  Number of Mobile Apex push calls: 0 out of 10

13:58:25.26 (26637917)|TESTING_LIMITS
13:58:25.26 (26637917)|LIMIT_USAGE_FOR_NS|(default)|
  Number of SOQL queries: 0 out of 100
  Number of query rows: 0 out of 50000
  Number of SOSL queries: 0 out of 20
  Number of DML statements: 0 out of 150
  Number of DML rows: 0 out of 10000
  Maximum CPU time: 0 out of 10000
  Maximum heap size: 0 out of 6000000
  Number of callouts: 0 out of 100
  Number of Email Invocations: 0 out of 10
  Number of future calls: 0 out of 50
  Number of queueable jobs added to the queue: 0 out of 50
  Number of Mobile Apex push calls: 0 out of 10

13:58:25.26 (26637917)|CUMULATIVE_LIMIT_USAGE_END

13:58:25.20 (26686048)|CODE_UNIT_FINISHED|HeartbeatJob_Tests.WhenExecutes_ShouldNotFail
13:58:25.20 (28127977)|EXECUTION_FINISHED
13:58:25.59 (59815850)|EXECUTION_STARTED
13:58:25.59 (59830423)|CODE_UNIT_STARTED|[EXTERNAL]|01p3600000DHL8E|HeartbeatJob_Tests.WhenStarts_ShouldReturnAccountsList
13:58:25.59 (60923957)|SYSTEM_MODE_ENTER|false
13:58:25.59 (60934008)|SYSTEM_MODE_EXIT|false
13:58:25.59 (61004945)|SYSTEM_MODE_ENTER|false
13:58:25.59 (61027656)|SYSTEM_MODE_EXIT|false
13:58:25.59 (61032560)|SYSTEM_MODE_ENTER|false
13:58:25.59 (61034931)|SYSTEM_MODE_EXIT|false
13:58:25.59 (63707762)|SYSTEM_MODE_ENTER|false
13:58:25.59 (63745020)|ENTERING_MANAGED_PKG|
13:58:25.59 (63774687)|USER_DEBUG|[4]|DEBUG|Heartbeat Job Started
13:58:25.59 (63830987)|ENTERING_MANAGED_PKG|
13:58:25.59 (64023510)|SOQL_EXECUTE_BEGIN|[5]|Aggregations:0|SELECT Id FROM LabTools__Job__c
13:58:25.59 (65709447)|SOQL_EXECUTE_END|[5]|Rows:0
13:58:25.59 (65765529)|SYSTEM_MODE_EXIT|false
13:58:25.59 (69049449)|ENTERING_MANAGED_PKG|
13:58:25.69 (69116088)|CUMULATIVE_LIMIT_USAGE
13:58:25.69 (69116088)|LIMIT_USAGE_FOR_NS|(default)|
  Number of SOQL queries: 0 out of 100
  Number of query rows: 0 out of 50000
  Number of SOSL queries: 0 out of 20
  Number of DML statements: 0 out of 150
  Number of DML rows: 0 out of 10000
  Maximum CPU time: 0 out of 10000
  Maximum heap size: 0 out of 6000000
  Number of callouts: 0 out of 100
  Number of Email Invocations: 0 out of 10
  Number of future calls: 0 out of 50
  Number of queueable jobs added to the queue: 0 out of 50
  Number of Mobile Apex push calls: 0 out of 10

13:58:25.69 (69116088)|TESTING_LIMITS
13:58:25.69 (69116088)|LIMIT_USAGE_FOR_NS|(default)|
  Number of SOQL queries: 0 out of 100
  Number of query rows: 0 out of 50000
  Number of SOSL queries: 0 out of 20
  Number of DML statements: 0 out of 150
  Number of DML rows: 0 out of 10000
  Maximum CPU time: 0 out of 10000
  Maximum heap size: 0 out of 6000000
  Number of callouts: 0 out of 100
  Number of Email Invocations: 0 out of 10
  Number of future calls: 0 out of 50
  Number of queueable jobs added to the queue: 0 out of 50
  Number of Mobile Apex push calls: 0 out of 10

13:58:25.69 (69116088)|LIMIT_USAGE_FOR_NS|LabTools|
  Number of SOQL queries: 1 out of 100
  Number of query rows: 0 out of 50000
  Number of SOSL queries: 0 out of 20
  Number of DML statements: 0 out of 150
  Number of DML rows: 0 out of 10000
  Maximum CPU time: 0 out of 10000
  Maximum heap size: 0 out of 6000000
  Number of callouts: 0 out of 100
  Number of Email Invocations: 0 out of 10
  Number of future calls: 0 out of 50
  Number of queueable jobs added to the queue: 0 out of 50
  Number of Mobile Apex push calls: 0 out of 10

13:58:25.69 (69116088)|CUMULATIVE_LIMIT_USAGE_END

13:58:25.59 (69193465)|CODE_UNIT_FINISHED|HeartbeatJob_Tests.WhenStarts_ShouldReturnAccountsList
13:58:25.59 (70325924)|EXECUTION_FINISHED
