34.0 APEX_CODE,DEBUG;APEX_PROFILING,INFO;CALLOUT,INFO;DB,INFO;SYSTEM,DEBUG;VALIDATION,INFO;VISUALFORCE,DEBUG;WORKFLOW,INFO
Execute Anonymous: System.schedule('JobRunnerSchedule', '0 0 * * * ?', new JobRunnerSchedule());
11:57:21.6 (6610533)|EXECUTION_STARTED
11:57:21.6 (6628097)|CODE_UNIT_STARTED|[EXTERNAL]|execute_anonymous_apex
11:57:21.6 (8771139)|SYSTEM_MODE_ENTER|false
11:57:21.6 (9052821)|SYSTEM_MODE_EXIT|false
11:57:21.6 (9155506)|ENTERING_MANAGED_PKG|
11:57:21.57 (57214891)|CUMULATIVE_LIMIT_USAGE
11:57:21.57 (57214891)|LIMIT_USAGE_FOR_NS|(default)|
  Number of SOQL queries: 0 out of 100
  Number of query rows: 0 out of 50000
  Number of SOSL queries: 0 out of 20
  Number of DML statements: 0 out of 150
  Number of DML rows: 0 out of 10000
  Maximum CPU time: 0 out of 10000
  Maximum heap size: 0 out of 6000000
  Number of callouts: 0 out of 100
  Number of Email Invocations: 0 out of 10
  Number of future calls: 0 out of 50
  Number of queueable jobs added to the queue: 0 out of 50
  Number of Mobile Apex push calls: 0 out of 10

11:57:21.57 (57214891)|CUMULATIVE_LIMIT_USAGE_END

11:57:21.6 (57273985)|CODE_UNIT_FINISHED|execute_anonymous_apex
11:57:21.6 (58833382)|EXECUTION_FINISHED
