34.0 APEX_CODE,DEBUG;APEX_PROFILING,INFO;CALLOUT,INFO;DB,INFO;SYSTEM,DEBUG;VALIDATION,INFO;VISUALFORCE,DEBUG;WORKFLOW,INFO
Execute Anonymous: System.schedule('JobRunner', '0 0 * * * ?', new JobRunner());
11:42:19.13 (13784684)|EXECUTION_STARTED
11:42:19.13 (13798105)|CODE_UNIT_STARTED|[EXTERNAL]|execute_anonymous_apex
11:42:19.13 (17171255)|SYSTEM_MODE_ENTER|false
11:42:19.13 (18522582)|SYSTEM_MODE_EXIT|false
11:42:19.13 (18571828)|ENTERING_MANAGED_PKG|
11:42:19.88 (88909428)|CUMULATIVE_LIMIT_USAGE
11:42:19.88 (88909428)|LIMIT_USAGE_FOR_NS|(default)|
  Number of SOQL queries: 0 out of 100
  Number of query rows: 0 out of 50000
  Number of SOSL queries: 0 out of 20
  Number of DML statements: 0 out of 150
  Number of DML rows: 0 out of 10000
  Maximum CPU time: 0 out of 10000
  Maximum heap size: 0 out of 6000000
  Number of callouts: 0 out of 100
  Number of Email Invocations: 0 out of 10
  Number of future calls: 0 out of 50
  Number of queueable jobs added to the queue: 0 out of 50
  Number of Mobile Apex push calls: 0 out of 10

11:42:19.88 (88909428)|CUMULATIVE_LIMIT_USAGE_END

11:42:19.13 (88962186)|CODE_UNIT_FINISHED|execute_anonymous_apex
11:42:19.13 (90475626)|EXECUTION_FINISHED
