34.0 APEX_CODE,DEBUG;APEX_PROFILING,INFO;CALLOUT,INFO;DB,INFO;SYSTEM,DEBUG;VALIDATION,INFO;VISUALFORCE,DEBUG;WORKFLOW,INFO
13:54:58.22 (22954239)|EXECUTION_STARTED
13:54:58.22 (22988607)|CODE_UNIT_STARTED|[EXTERNAL]|01p3600000DHL7Q|JobRunner_Tests.WhenIntegrating_ShouldNotFailRun
13:54:58.22 (24053325)|DML_BEGIN|[11]|Op:Insert|Type:LabTools__Runner__c|Rows:1
13:54:58.22 (76859161)|DML_END|[11]
13:54:58.22 (77140010)|ENTERING_MANAGED_PKG|
13:54:58.22 (78306169)|ENTERING_MANAGED_PKG|
13:54:58.22 (78418542)|DML_BEGIN|[18]|Op:Insert|Type:LabTools__Job__c|Rows:1
13:54:58.22 (105637825)|DML_END|[18]
13:54:58.22 (108026431)|SYSTEM_MODE_ENTER|false
13:54:58.22 (108038936)|SYSTEM_MODE_EXIT|false
13:54:58.22 (108459274)|SYSTEM_MODE_ENTER|false
13:54:58.22 (109328737)|SYSTEM_MODE_EXIT|false
13:54:58.22 (112394085)|SYSTEM_MODE_ENTER|false
13:54:58.22 (113280438)|SOQL_EXECUTE_BEGIN|[6]|Aggregations:1|SELECT Name, LabTools__RecurrenceType__c, LabTools__RecurrenceRate__c, (SELECT Name, LabTools__Enabled__c FROM LabTools__Jobs__r) FROM LabTools__Runner__c WHERE (LabTools__StartOn__c <= :tmpVar1 AND (LabTools__NextRunOn__c = NULL OR LabTools__NextRunOn__c <= :tmpVar2)) ORDER BY LabTools__NextRunOn__c DESC NULLS FIRST LIMIT 5
13:54:58.22 (135036137)|SOQL_EXECUTE_END|[6]|Rows:1
13:54:58.22 (135239249)|ENTERING_MANAGED_PKG|
13:54:58.22 (137593063)|ENTERING_MANAGED_PKG|
13:54:58.22 (169257828)|DML_BEGIN|[18]|Op:Update|Type:LabTools__Runner__c|Rows:1
13:54:58.22 (191374403)|DML_END|[18]
13:54:58.22 (191444124)|SYSTEM_MODE_EXIT|false
13:54:58.22 (206309974)|SYSTEM_MODE_ENTER|false
13:54:58.22 (206359328)|ENTERING_MANAGED_PKG|
13:54:58.22 (206417195)|USER_DEBUG|[4]|DEBUG|Heartbeat Job Started
13:54:58.22 (206478643)|ENTERING_MANAGED_PKG|
13:54:58.22 (206755791)|SOQL_EXECUTE_BEGIN|[5]|Aggregations:0|SELECT Id FROM Account 
13:54:58.22 (214732545)|SOQL_EXECUTE_END|[5]|Rows:0
13:54:58.22 (214806245)|SYSTEM_MODE_EXIT|false
13:54:58.221 (221744498)|CUMULATIVE_LIMIT_USAGE
13:54:58.221 (221744498)|LIMIT_USAGE_FOR_NS|(default)|
  Number of SOQL queries: 0 out of 200
  Number of query rows: 0 out of 50000
  Number of SOSL queries: 0 out of 20
  Number of DML statements: 0 out of 150
  Number of DML rows: 0 out of 10000
  Maximum CPU time: 0 out of 60000
  Maximum heap size: 0 out of 12000000
  Number of callouts: 0 out of 100
  Number of Email Invocations: 0 out of 10
  Number of future calls: 0 out of 0
  Number of queueable jobs added to the queue: 0 out of 1
  Number of Mobile Apex push calls: 0 out of 10

13:54:58.221 (221744498)|CUMULATIVE_LIMIT_USAGE_END

13:54:58.22 (221814588)|CODE_UNIT_FINISHED|LabTools.JobWrapper
13:54:58.22 (224741999)|CODE_UNIT_STARTED|[EXTERNAL]|01p3600000DIJMr|LabTools.JobWrapper
13:54:58.239 (239660819)|CUMULATIVE_LIMIT_USAGE
13:54:58.239 (239660819)|LIMIT_USAGE_FOR_NS|(default)|
  Number of SOQL queries: 0 out of 200
  Number of query rows: 0 out of 50000
  Number of SOSL queries: 0 out of 20
  Number of DML statements: 0 out of 150
  Number of DML rows: 0 out of 10000
  Maximum CPU time: 0 out of 60000
  Maximum heap size: 0 out of 12000000
  Number of callouts: 0 out of 100
  Number of Email Invocations: 0 out of 10
  Number of future calls: 0 out of 0
  Number of queueable jobs added to the queue: 0 out of 1
  Number of Mobile Apex push calls: 0 out of 10

13:54:58.239 (239660819)|CUMULATIVE_LIMIT_USAGE_END

13:54:58.22 (239712137)|CODE_UNIT_FINISHED|LabTools.JobWrapper
13:54:58.242 (242215803)|CUMULATIVE_LIMIT_USAGE
13:54:58.242 (242215803)|LIMIT_USAGE_FOR_NS|(default)|
  Number of SOQL queries: 0 out of 100
  Number of query rows: 0 out of 50000
  Number of SOSL queries: 0 out of 20
  Number of DML statements: 0 out of 150
  Number of DML rows: 0 out of 10000
  Maximum CPU time: 0 out of 10000
  Maximum heap size: 0 out of 6000000
  Number of callouts: 0 out of 100
  Number of Email Invocations: 0 out of 10
  Number of future calls: 0 out of 50
  Number of queueable jobs added to the queue: 0 out of 50
  Number of Mobile Apex push calls: 0 out of 10

13:54:58.242 (242215803)|LIMIT_USAGE_FOR_NS|LabTools|
  Number of SOQL queries: 0 out of 100
  Number of query rows: 0 out of 50000
  Number of SOSL queries: 0 out of 20
  Number of DML statements: 2 out of 150
  Number of DML rows: 2 out of 10000
  Maximum CPU time: 0 out of 10000
  Maximum heap size: 0 out of 6000000
  Number of callouts: 0 out of 100
  Number of Email Invocations: 0 out of 10
  Number of future calls: 0 out of 50
  Number of queueable jobs added to the queue: 0 out of 50
  Number of Mobile Apex push calls: 0 out of 10

13:54:58.242 (242215803)|TESTING_LIMITS
13:54:58.242 (242215803)|LIMIT_USAGE_FOR_NS|(default)|
  Number of SOQL queries: 0 out of 100
  Number of query rows: 0 out of 50000
  Number of SOSL queries: 0 out of 20
  Number of DML statements: 0 out of 150
  Number of DML rows: 0 out of 10000
  Maximum CPU time: 0 out of 10000
  Maximum heap size: 0 out of 6000000
  Number of callouts: 0 out of 100
  Number of Email Invocations: 0 out of 10
  Number of future calls: 0 out of 50
  Number of queueable jobs added to the queue: 0 out of 50
  Number of Mobile Apex push calls: 0 out of 10

13:54:58.242 (242215803)|LIMIT_USAGE_FOR_NS|LabTools|
  Number of SOQL queries: 1 out of 100
  Number of query rows: 2 out of 50000
  Number of SOSL queries: 0 out of 20
  Number of DML statements: 1 out of 150
  Number of DML rows: 1 out of 10000
  Maximum CPU time: 0 out of 10000
  Maximum heap size: 0 out of 6000000
  Number of callouts: 0 out of 100
  Number of Email Invocations: 0 out of 10
  Number of future calls: 0 out of 50
  Number of queueable jobs added to the queue: 0 out of 50
  Number of Mobile Apex push calls: 0 out of 10

13:54:58.242 (242215803)|CUMULATIVE_LIMIT_USAGE_END

13:54:58.22 (242359318)|CODE_UNIT_FINISHED|JobRunner_Tests.WhenIntegrating_ShouldNotFailRun
13:54:58.22 (243461279)|EXECUTION_FINISHED
