34.0 APEX_CODE,DEBUG;APEX_PROFILING,INFO;CALLOUT,INFO;DB,INFO;SYSTEM,DEBUG;VALIDATION,INFO;VISUALFORCE,DEBUG;WORKFLOW,INFO
14:33:06.26 (26515943)|EXECUTION_STARTED
14:33:06.26 (26551017)|CODE_UNIT_STARTED|[EXTERNAL]|01p3600000DHL7Q|JobRunner_Tests.WhenIntegrating_ShouldNotFailRun
14:33:06.26 (27372517)|DML_BEGIN|[27]|Op:Insert|Type:LabTools__Runner__c|Rows:1
14:33:06.26 (58419226)|DML_END|[27]
14:33:06.26 (58723136)|ENTERING_MANAGED_PKG|
14:33:06.26 (60070206)|ENTERING_MANAGED_PKG|
14:33:06.26 (60173125)|DML_BEGIN|[34]|Op:Insert|Type:LabTools__Job__c|Rows:1
14:33:06.26 (95200769)|DML_END|[34]
14:33:06.26 (97396327)|SYSTEM_MODE_ENTER|false
14:33:06.26 (97535280)|SYSTEM_MODE_EXIT|false
14:33:06.26 (97988392)|SYSTEM_MODE_ENTER|false
14:33:06.26 (98740636)|SYSTEM_MODE_EXIT|false
14:33:06.26 (102086180)|SYSTEM_MODE_ENTER|false
14:33:06.26 (102752002)|SOQL_EXECUTE_BEGIN|[6]|Aggregations:1|SELECT Name, LabTools__RecurrenceType__c, LabTools__RecurrenceRate__c, (SELECT Name, LabTools__Enabled__c FROM LabTools__Jobs__r) FROM LabTools__Runner__c WHERE (LabTools__StartOn__c <= :tmpVar1 AND (LabTools__NextRunOn__c = NULL OR LabTools__NextRunOn__c <= :tmpVar2)) ORDER BY LabTools__NextRunOn__c DESC NULLS FIRST LIMIT 5
14:33:06.26 (108956834)|SOQL_EXECUTE_END|[6]|Rows:1
14:33:06.26 (109143807)|ENTERING_MANAGED_PKG|
14:33:06.26 (111367108)|ENTERING_MANAGED_PKG|
14:33:06.26 (143980458)|DML_BEGIN|[18]|Op:Update|Type:LabTools__Runner__c|Rows:1
14:33:06.26 (168381550)|DML_END|[18]
14:33:06.26 (168442245)|SYSTEM_MODE_EXIT|false
14:33:06.26 (180833392)|SYSTEM_MODE_ENTER|false
14:33:06.26 (180874858)|ENTERING_MANAGED_PKG|
14:33:06.26 (180919988)|USER_DEBUG|[4]|DEBUG|Heartbeat Job Started
14:33:06.26 (180964248)|ENTERING_MANAGED_PKG|
14:33:06.26 (181175172)|SOQL_EXECUTE_BEGIN|[5]|Aggregations:0|SELECT Id FROM LabTools__Job__c
14:33:06.26 (228124387)|SOQL_EXECUTE_END|[5]|Rows:1
14:33:06.26 (228223572)|SYSTEM_MODE_EXIT|false
14:33:06.244 (244275634)|CUMULATIVE_LIMIT_USAGE
14:33:06.244 (244275634)|LIMIT_USAGE_FOR_NS|(default)|
  Number of SOQL queries: 0 out of 200
  Number of query rows: 0 out of 50000
  Number of SOSL queries: 0 out of 20
  Number of DML statements: 0 out of 150
  Number of DML rows: 0 out of 10000
  Maximum CPU time: 0 out of 60000
  Maximum heap size: 0 out of 12000000
  Number of callouts: 0 out of 100
  Number of Email Invocations: 0 out of 10
  Number of future calls: 0 out of 0
  Number of queueable jobs added to the queue: 0 out of 1
  Number of Mobile Apex push calls: 0 out of 10

14:33:06.244 (244275634)|CUMULATIVE_LIMIT_USAGE_END

14:33:06.26 (244342081)|CODE_UNIT_FINISHED|LabTools.JobWrapper
14:33:06.26 (246669096)|CODE_UNIT_STARTED|[EXTERNAL]|01p3600000DIJMr|LabTools.JobWrapper
14:33:06.26 (264337937)|CODE_UNIT_STARTED|[EXTERNAL]|01p3600000DIJMr|LabTools.JobWrapper
14:33:06.26 (266074991)|SYSTEM_MODE_ENTER|false
14:33:06.26 (266108151)|ENTERING_MANAGED_PKG|
14:33:06.26 (266134666)|USER_DEBUG|[9]|DEBUG|Heartbeat Job Executing
14:33:06.26 (266161096)|ENTERING_MANAGED_PKG|
14:33:06.26 (266205968)|ENTERING_MANAGED_PKG|
14:33:06.26 (266233309)|ENTERING_MANAGED_PKG|
14:33:06.26 (266237197)|USER_DEBUG|[10]|DEBUG|Heartbeat Job - Number of Jobs: 1
14:33:06.26 (266266336)|SYSTEM_MODE_EXIT|false
14:33:06.26 (266296162)|CODE_UNIT_FINISHED|LabTools.JobWrapper
14:33:06.284 (284988695)|CUMULATIVE_LIMIT_USAGE
14:33:06.284 (284988695)|LIMIT_USAGE_FOR_NS|(default)|
  Number of SOQL queries: 0 out of 200
  Number of query rows: 0 out of 50000
  Number of SOSL queries: 0 out of 20
  Number of DML statements: 0 out of 150
  Number of DML rows: 0 out of 10000
  Maximum CPU time: 0 out of 60000
  Maximum heap size: 0 out of 12000000
  Number of callouts: 0 out of 100
  Number of Email Invocations: 0 out of 10
  Number of future calls: 0 out of 0
  Number of queueable jobs added to the queue: 0 out of 1
  Number of Mobile Apex push calls: 0 out of 10

14:33:06.284 (284988695)|CUMULATIVE_LIMIT_USAGE_END

14:33:06.26 (285071476)|CODE_UNIT_FINISHED|LabTools.JobWrapper
14:33:06.26 (288016199)|CODE_UNIT_STARTED|[EXTERNAL]|01p3600000DIJMr|LabTools.JobWrapper
14:33:06.303 (303204600)|CUMULATIVE_LIMIT_USAGE
14:33:06.303 (303204600)|LIMIT_USAGE_FOR_NS|(default)|
  Number of SOQL queries: 0 out of 200
  Number of query rows: 0 out of 50000
  Number of SOSL queries: 0 out of 20
  Number of DML statements: 0 out of 150
  Number of DML rows: 0 out of 10000
  Maximum CPU time: 0 out of 60000
  Maximum heap size: 0 out of 12000000
  Number of callouts: 0 out of 100
  Number of Email Invocations: 0 out of 10
  Number of future calls: 0 out of 0
  Number of queueable jobs added to the queue: 0 out of 1
  Number of Mobile Apex push calls: 0 out of 10

14:33:06.303 (303204600)|CUMULATIVE_LIMIT_USAGE_END

14:33:06.26 (303265037)|CODE_UNIT_FINISHED|LabTools.JobWrapper
14:33:06.305 (305994203)|CUMULATIVE_LIMIT_USAGE
14:33:06.305 (305994203)|LIMIT_USAGE_FOR_NS|(default)|
  Number of SOQL queries: 0 out of 100
  Number of query rows: 0 out of 50000
  Number of SOSL queries: 0 out of 20
  Number of DML statements: 0 out of 150
  Number of DML rows: 0 out of 10000
  Maximum CPU time: 0 out of 10000
  Maximum heap size: 0 out of 6000000
  Number of callouts: 0 out of 100
  Number of Email Invocations: 0 out of 10
  Number of future calls: 0 out of 50
  Number of queueable jobs added to the queue: 0 out of 50
  Number of Mobile Apex push calls: 0 out of 10

14:33:06.305 (305994203)|LIMIT_USAGE_FOR_NS|LabTools|
  Number of SOQL queries: 0 out of 100
  Number of query rows: 0 out of 50000
  Number of SOSL queries: 0 out of 20
  Number of DML statements: 2 out of 150
  Number of DML rows: 2 out of 10000
  Maximum CPU time: 0 out of 10000
  Maximum heap size: 0 out of 6000000
  Number of callouts: 0 out of 100
  Number of Email Invocations: 0 out of 10
  Number of future calls: 0 out of 50
  Number of queueable jobs added to the queue: 0 out of 50
  Number of Mobile Apex push calls: 0 out of 10

14:33:06.305 (305994203)|TESTING_LIMITS
14:33:06.305 (305994203)|LIMIT_USAGE_FOR_NS|(default)|
  Number of SOQL queries: 0 out of 100
  Number of query rows: 0 out of 50000
  Number of SOSL queries: 0 out of 20
  Number of DML statements: 0 out of 150
  Number of DML rows: 0 out of 10000
  Maximum CPU time: 0 out of 10000
  Maximum heap size: 0 out of 6000000
  Number of callouts: 0 out of 100
  Number of Email Invocations: 0 out of 10
  Number of future calls: 0 out of 50
  Number of queueable jobs added to the queue: 0 out of 50
  Number of Mobile Apex push calls: 0 out of 10

14:33:06.305 (305994203)|LIMIT_USAGE_FOR_NS|LabTools|
  Number of SOQL queries: 1 out of 100
  Number of query rows: 2 out of 50000
  Number of SOSL queries: 0 out of 20
  Number of DML statements: 1 out of 150
  Number of DML rows: 1 out of 10000
  Maximum CPU time: 0 out of 10000
  Maximum heap size: 0 out of 6000000
  Number of callouts: 0 out of 100
  Number of Email Invocations: 0 out of 10
  Number of future calls: 0 out of 50
  Number of queueable jobs added to the queue: 0 out of 50
  Number of Mobile Apex push calls: 0 out of 10

14:33:06.305 (305994203)|CUMULATIVE_LIMIT_USAGE_END

14:33:06.26 (306070579)|CODE_UNIT_FINISHED|JobRunner_Tests.WhenIntegrating_ShouldNotFailRun
14:33:06.26 (307170915)|EXECUTION_FINISHED
14:33:06.339 (339674838)|EXECUTION_STARTED
14:33:06.339 (339696243)|CODE_UNIT_STARTED|[EXTERNAL]|01p3600000DHL7Q|JobRunner_Tests.WhenUsingDays_ShouldSetNextRunInDays
14:33:06.339 (342936262)|SYSTEM_MODE_ENTER|false
14:33:06.339 (342946598)|SYSTEM_MODE_EXIT|false
14:33:06.339 (343010346)|SYSTEM_MODE_ENTER|false
14:33:06.339 (343028508)|SYSTEM_MODE_EXIT|false
14:33:06.339 (346229043)|SYSTEM_MODE_ENTER|false
14:33:06.339 (346870523)|SOQL_EXECUTE_BEGIN|[6]|Aggregations:1|SELECT Name, LabTools__RecurrenceType__c, LabTools__RecurrenceRate__c, (SELECT Name, LabTools__Enabled__c FROM LabTools__Jobs__r) FROM LabTools__Runner__c WHERE (LabTools__StartOn__c <= :tmpVar1 AND (LabTools__NextRunOn__c = NULL OR LabTools__NextRunOn__c <= :tmpVar2)) ORDER BY LabTools__NextRunOn__c DESC NULLS FIRST LIMIT 5
14:33:06.339 (348970015)|SOQL_EXECUTE_END|[6]|Rows:0
14:33:06.339 (349085384)|ENTERING_MANAGED_PKG|
14:33:06.339 (349216248)|ENTERING_MANAGED_PKG|
14:33:06.339 (349637633)|SYSTEM_MODE_EXIT|false
14:33:06.339 (353520335)|ENTERING_MANAGED_PKG|
14:33:06.339 (353581326)|ENTERING_MANAGED_PKG|
14:33:06.339 (353633012)|ENTERING_MANAGED_PKG|
14:33:06.339 (353672521)|ENTERING_MANAGED_PKG|
14:33:06.339 (353837886)|ENTERING_MANAGED_PKG|
14:33:06.339 (353872968)|EXCEPTION_THROWN|[16]|System.AssertException: Assertion Failed
14:33:06.339 (354017956)|FATAL_ERROR|System.AssertException: Assertion Failed

Class.LabTools.JobRunner_Tests.WhenUsingDays_ShouldSetNextRunInDays: line 16, column 1
14:33:06.339 (354037506)|FATAL_ERROR|System.AssertException: Assertion Failed

Class.LabTools.JobRunner_Tests.WhenUsingDays_ShouldSetNextRunInDays: line 16, column 1
14:33:06.354 (354051076)|CUMULATIVE_LIMIT_USAGE
14:33:06.354 (354051076)|LIMIT_USAGE_FOR_NS|(default)|
  Number of SOQL queries: 0 out of 100
  Number of query rows: 0 out of 50000
  Number of SOSL queries: 0 out of 20
  Number of DML statements: 0 out of 150
  Number of DML rows: 0 out of 10000
  Maximum CPU time: 0 out of 10000
  Maximum heap size: 0 out of 6000000
  Number of callouts: 0 out of 100
  Number of Email Invocations: 0 out of 10
  Number of future calls: 0 out of 50
  Number of queueable jobs added to the queue: 0 out of 50
  Number of Mobile Apex push calls: 0 out of 10

14:33:06.354 (354051076)|TESTING_LIMITS
14:33:06.354 (354051076)|LIMIT_USAGE_FOR_NS|(default)|
  Number of SOQL queries: 0 out of 100
  Number of query rows: 0 out of 50000
  Number of SOSL queries: 0 out of 20
  Number of DML statements: 0 out of 150
  Number of DML rows: 0 out of 10000
  Maximum CPU time: 0 out of 10000
  Maximum heap size: 0 out of 6000000
  Number of callouts: 0 out of 100
  Number of Email Invocations: 0 out of 10
  Number of future calls: 0 out of 50
  Number of queueable jobs added to the queue: 0 out of 50
  Number of Mobile Apex push calls: 0 out of 10

14:33:06.354 (354051076)|LIMIT_USAGE_FOR_NS|LabTools|
  Number of SOQL queries: 1 out of 100
  Number of query rows: 0 out of 50000
  Number of SOSL queries: 0 out of 20
  Number of DML statements: 0 out of 150
  Number of DML rows: 0 out of 10000
  Maximum CPU time: 0 out of 10000
  Maximum heap size: 0 out of 6000000
  Number of callouts: 0 out of 100
  Number of Email Invocations: 0 out of 10
  Number of future calls: 0 out of 50
  Number of queueable jobs added to the queue: 0 out of 50
  Number of Mobile Apex push calls: 0 out of 10

14:33:06.354 (354051076)|CUMULATIVE_LIMIT_USAGE_END

14:33:06.339 (354129035)|CODE_UNIT_FINISHED|JobRunner_Tests.WhenUsingDays_ShouldSetNextRunInDays
14:33:06.339 (364568195)|EXECUTION_FINISHED
