34.0 APEX_CODE,DEBUG;APEX_PROFILING,INFO;CALLOUT,INFO;DB,INFO;SYSTEM,DEBUG;VALIDATION,INFO;VISUALFORCE,DEBUG;WORKFLOW,INFO
14:21:55.22 (22681558)|EXECUTION_STARTED
14:21:55.22 (22716714)|CODE_UNIT_STARTED|[EXTERNAL]|01p3600000DHL7Q|JobRunner_Tests.WhenIntegrating_ShouldNotFailRun
14:21:55.22 (23685835)|DML_BEGIN|[24]|Op:Insert|Type:LabTools__Runner__c|Rows:1
14:21:55.22 (64126316)|DML_END|[24]
14:21:55.22 (64472786)|ENTERING_MANAGED_PKG|
14:21:55.22 (65922880)|ENTERING_MANAGED_PKG|
14:21:55.22 (66093986)|DML_BEGIN|[31]|Op:Insert|Type:LabTools__Job__c|Rows:1
14:21:55.22 (89055003)|DML_END|[31]
14:21:55.22 (91605774)|SYSTEM_MODE_ENTER|false
14:21:55.22 (91618184)|SYSTEM_MODE_EXIT|false
14:21:55.22 (92156555)|SYSTEM_MODE_ENTER|false
14:21:55.22 (93139999)|SYSTEM_MODE_EXIT|false
14:21:55.22 (96811526)|SYSTEM_MODE_ENTER|false
14:21:55.22 (97662717)|SOQL_EXECUTE_BEGIN|[6]|Aggregations:1|SELECT Name, LabTools__RecurrenceType__c, LabTools__RecurrenceRate__c, (SELECT Name, LabTools__Enabled__c FROM LabTools__Jobs__r) FROM LabTools__Runner__c WHERE (LabTools__StartOn__c <= :tmpVar1 AND (LabTools__NextRunOn__c = NULL OR LabTools__NextRunOn__c <= :tmpVar2)) ORDER BY LabTools__NextRunOn__c DESC NULLS FIRST LIMIT 5
14:21:55.22 (105067567)|SOQL_EXECUTE_END|[6]|Rows:1
14:21:55.22 (105304520)|ENTERING_MANAGED_PKG|
14:21:55.22 (108219449)|ENTERING_MANAGED_PKG|
14:21:55.22 (140777670)|DML_BEGIN|[18]|Op:Update|Type:LabTools__Runner__c|Rows:1
14:21:55.22 (160299566)|DML_END|[18]
14:21:55.22 (160408949)|SYSTEM_MODE_EXIT|false
14:21:55.22 (174027799)|SYSTEM_MODE_ENTER|false
14:21:55.22 (174084250)|ENTERING_MANAGED_PKG|
14:21:55.22 (174150093)|USER_DEBUG|[4]|DEBUG|Heartbeat Job Started
14:21:55.22 (174207044)|ENTERING_MANAGED_PKG|
14:21:55.22 (174482494)|SOQL_EXECUTE_BEGIN|[5]|Aggregations:0|SELECT Id FROM LabTools__Job__c
14:21:55.22 (209204696)|SOQL_EXECUTE_END|[5]|Rows:1
14:21:55.22 (209305255)|SYSTEM_MODE_EXIT|false
14:21:55.246 (246027564)|CUMULATIVE_LIMIT_USAGE
14:21:55.246 (246027564)|LIMIT_USAGE_FOR_NS|(default)|
  Number of SOQL queries: 0 out of 200
  Number of query rows: 0 out of 50000
  Number of SOSL queries: 0 out of 20
  Number of DML statements: 0 out of 150
  Number of DML rows: 0 out of 10000
  Maximum CPU time: 0 out of 60000
  Maximum heap size: 0 out of 12000000
  Number of callouts: 0 out of 100
  Number of Email Invocations: 0 out of 10
  Number of future calls: 0 out of 0
  Number of queueable jobs added to the queue: 0 out of 1
  Number of Mobile Apex push calls: 0 out of 10

14:21:55.246 (246027564)|CUMULATIVE_LIMIT_USAGE_END

14:21:55.22 (246095082)|CODE_UNIT_FINISHED|LabTools.JobWrapper
14:21:55.22 (248405315)|CODE_UNIT_STARTED|[EXTERNAL]|01p3600000DIJMr|LabTools.JobWrapper
14:21:55.22 (264685670)|CODE_UNIT_STARTED|[EXTERNAL]|01p3600000DIJMr|LabTools.JobWrapper
14:21:55.22 (266094004)|SYSTEM_MODE_ENTER|false
14:21:55.22 (266138097)|ENTERING_MANAGED_PKG|
14:21:55.22 (266168705)|USER_DEBUG|[9]|DEBUG|Heartbeat Job Executing
14:21:55.22 (266198004)|ENTERING_MANAGED_PKG|
14:21:55.22 (266249359)|ENTERING_MANAGED_PKG|
14:21:55.22 (266280402)|ENTERING_MANAGED_PKG|
14:21:55.22 (266284004)|USER_DEBUG|[10]|DEBUG|Heartbeat Job - Number of Jobs: 1
14:21:55.22 (266293365)|SYSTEM_MODE_EXIT|false
14:21:55.22 (266317384)|CODE_UNIT_FINISHED|LabTools.JobWrapper
14:21:55.284 (284252836)|CUMULATIVE_LIMIT_USAGE
14:21:55.284 (284252836)|LIMIT_USAGE_FOR_NS|(default)|
  Number of SOQL queries: 0 out of 200
  Number of query rows: 0 out of 50000
  Number of SOSL queries: 0 out of 20
  Number of DML statements: 0 out of 150
  Number of DML rows: 0 out of 10000
  Maximum CPU time: 0 out of 60000
  Maximum heap size: 0 out of 12000000
  Number of callouts: 0 out of 100
  Number of Email Invocations: 0 out of 10
  Number of future calls: 0 out of 0
  Number of queueable jobs added to the queue: 0 out of 1
  Number of Mobile Apex push calls: 0 out of 10

14:21:55.284 (284252836)|CUMULATIVE_LIMIT_USAGE_END

14:21:55.22 (284315531)|CODE_UNIT_FINISHED|LabTools.JobWrapper
14:21:55.22 (286567126)|CODE_UNIT_STARTED|[EXTERNAL]|01p3600000DIJMr|LabTools.JobWrapper
14:21:55.299 (299124093)|CUMULATIVE_LIMIT_USAGE
14:21:55.299 (299124093)|LIMIT_USAGE_FOR_NS|(default)|
  Number of SOQL queries: 0 out of 200
  Number of query rows: 0 out of 50000
  Number of SOSL queries: 0 out of 20
  Number of DML statements: 0 out of 150
  Number of DML rows: 0 out of 10000
  Maximum CPU time: 0 out of 60000
  Maximum heap size: 0 out of 12000000
  Number of callouts: 0 out of 100
  Number of Email Invocations: 0 out of 10
  Number of future calls: 0 out of 0
  Number of queueable jobs added to the queue: 0 out of 1
  Number of Mobile Apex push calls: 0 out of 10

14:21:55.299 (299124093)|CUMULATIVE_LIMIT_USAGE_END

14:21:55.22 (299176947)|CODE_UNIT_FINISHED|LabTools.JobWrapper
14:21:55.301 (301277430)|CUMULATIVE_LIMIT_USAGE
14:21:55.301 (301277430)|LIMIT_USAGE_FOR_NS|(default)|
  Number of SOQL queries: 0 out of 100
  Number of query rows: 0 out of 50000
  Number of SOSL queries: 0 out of 20
  Number of DML statements: 0 out of 150
  Number of DML rows: 0 out of 10000
  Maximum CPU time: 0 out of 10000
  Maximum heap size: 0 out of 6000000
  Number of callouts: 0 out of 100
  Number of Email Invocations: 0 out of 10
  Number of future calls: 0 out of 50
  Number of queueable jobs added to the queue: 0 out of 50
  Number of Mobile Apex push calls: 0 out of 10

14:21:55.301 (301277430)|LIMIT_USAGE_FOR_NS|LabTools|
  Number of SOQL queries: 0 out of 100
  Number of query rows: 0 out of 50000
  Number of SOSL queries: 0 out of 20
  Number of DML statements: 2 out of 150
  Number of DML rows: 2 out of 10000
  Maximum CPU time: 0 out of 10000
  Maximum heap size: 0 out of 6000000
  Number of callouts: 0 out of 100
  Number of Email Invocations: 0 out of 10
  Number of future calls: 0 out of 50
  Number of queueable jobs added to the queue: 0 out of 50
  Number of Mobile Apex push calls: 0 out of 10

14:21:55.301 (301277430)|TESTING_LIMITS
14:21:55.301 (301277430)|LIMIT_USAGE_FOR_NS|(default)|
  Number of SOQL queries: 0 out of 100
  Number of query rows: 0 out of 50000
  Number of SOSL queries: 0 out of 20
  Number of DML statements: 0 out of 150
  Number of DML rows: 0 out of 10000
  Maximum CPU time: 0 out of 10000
  Maximum heap size: 0 out of 6000000
  Number of callouts: 0 out of 100
  Number of Email Invocations: 0 out of 10
  Number of future calls: 0 out of 50
  Number of queueable jobs added to the queue: 0 out of 50
  Number of Mobile Apex push calls: 0 out of 10

14:21:55.301 (301277430)|LIMIT_USAGE_FOR_NS|LabTools|
  Number of SOQL queries: 1 out of 100
  Number of query rows: 2 out of 50000
  Number of SOSL queries: 0 out of 20
  Number of DML statements: 1 out of 150
  Number of DML rows: 1 out of 10000
  Maximum CPU time: 0 out of 10000
  Maximum heap size: 0 out of 6000000
  Number of callouts: 0 out of 100
  Number of Email Invocations: 0 out of 10
  Number of future calls: 0 out of 50
  Number of queueable jobs added to the queue: 0 out of 50
  Number of Mobile Apex push calls: 0 out of 10

14:21:55.301 (301277430)|CUMULATIVE_LIMIT_USAGE_END

14:21:55.22 (301332879)|CODE_UNIT_FINISHED|JobRunner_Tests.WhenIntegrating_ShouldNotFailRun
14:21:55.22 (302404207)|EXECUTION_FINISHED
14:21:55.345 (345029441)|EXECUTION_STARTED
14:21:55.345 (345054437)|CODE_UNIT_STARTED|[EXTERNAL]|01p3600000DHL7Q|JobRunner_Tests.WhenUsingDays_ShouldSetNextRunInDays
14:21:55.345 (348522250)|SYSTEM_MODE_ENTER|false
14:21:55.345 (348535392)|SYSTEM_MODE_EXIT|false
14:21:55.345 (348598135)|SYSTEM_MODE_ENTER|false
14:21:55.345 (348616227)|SYSTEM_MODE_EXIT|false
14:21:55.345 (352449459)|SYSTEM_MODE_ENTER|false
14:21:55.345 (353605579)|SOQL_EXECUTE_BEGIN|[6]|Aggregations:1|SELECT Name, LabTools__RecurrenceType__c, LabTools__RecurrenceRate__c, (SELECT Name, LabTools__Enabled__c FROM LabTools__Jobs__r) FROM LabTools__Runner__c WHERE (LabTools__StartOn__c <= :tmpVar1 AND (LabTools__NextRunOn__c = NULL OR LabTools__NextRunOn__c <= :tmpVar2)) ORDER BY LabTools__NextRunOn__c DESC NULLS FIRST LIMIT 5
14:21:55.345 (355721241)|SOQL_EXECUTE_END|[6]|Rows:0
14:21:55.345 (355899604)|ENTERING_MANAGED_PKG|
14:21:55.345 (356055262)|ENTERING_MANAGED_PKG|
14:21:55.345 (356613095)|ENTERING_MANAGED_PKG|
14:21:55.345 (356651543)|ENTERING_MANAGED_PKG|
14:21:55.345 (356700001)|EXCEPTION_THROWN|[60]|System.AssertException: Assertion Failed: Expected: 0, Actual: 1
14:21:55.345 (356767423)|SYSTEM_MODE_EXIT|false
14:21:55.345 (356829563)|FATAL_ERROR|System.AssertException: Assertion Failed: Expected: 0, Actual: 1

Class.LabTools.JobRunner_Tests.TestRepo.Modify: line 60, column 1
Class.LabTools.JobRunner.execute: line 38, column 1
Class.LabTools.JobRunner_Tests.WhenUsingDays_ShouldSetNextRunInDays: line 9, column 1
14:21:55.345 (356844253)|FATAL_ERROR|System.AssertException: Assertion Failed: Expected: 0, Actual: 1

Class.LabTools.JobRunner_Tests.TestRepo.Modify: line 60, column 1
Class.LabTools.JobRunner.execute: line 38, column 1
Class.LabTools.JobRunner_Tests.WhenUsingDays_ShouldSetNextRunInDays: line 9, column 1
14:21:55.356 (356855674)|CUMULATIVE_LIMIT_USAGE
14:21:55.356 (356855674)|LIMIT_USAGE_FOR_NS|(default)|
  Number of SOQL queries: 0 out of 100
  Number of query rows: 0 out of 50000
  Number of SOSL queries: 0 out of 20
  Number of DML statements: 0 out of 150
  Number of DML rows: 0 out of 10000
  Maximum CPU time: 0 out of 10000
  Maximum heap size: 0 out of 6000000
  Number of callouts: 0 out of 100
  Number of Email Invocations: 0 out of 10
  Number of future calls: 0 out of 50
  Number of queueable jobs added to the queue: 0 out of 50
  Number of Mobile Apex push calls: 0 out of 10

14:21:55.356 (356855674)|TESTING_LIMITS
14:21:55.356 (356855674)|LIMIT_USAGE_FOR_NS|(default)|
  Number of SOQL queries: 0 out of 100
  Number of query rows: 0 out of 50000
  Number of SOSL queries: 0 out of 20
  Number of DML statements: 0 out of 150
  Number of DML rows: 0 out of 10000
  Maximum CPU time: 0 out of 10000
  Maximum heap size: 0 out of 6000000
  Number of callouts: 0 out of 100
  Number of Email Invocations: 0 out of 10
  Number of future calls: 0 out of 50
  Number of queueable jobs added to the queue: 0 out of 50
  Number of Mobile Apex push calls: 0 out of 10

14:21:55.356 (356855674)|LIMIT_USAGE_FOR_NS|LabTools|
  Number of SOQL queries: 1 out of 100
  Number of query rows: 0 out of 50000
  Number of SOSL queries: 0 out of 20
  Number of DML statements: 0 out of 150
  Number of DML rows: 0 out of 10000
  Maximum CPU time: 0 out of 10000
  Maximum heap size: 0 out of 6000000
  Number of callouts: 0 out of 100
  Number of Email Invocations: 0 out of 10
  Number of future calls: 0 out of 50
  Number of queueable jobs added to the queue: 0 out of 50
  Number of Mobile Apex push calls: 0 out of 10

14:21:55.356 (356855674)|CUMULATIVE_LIMIT_USAGE_END

14:21:55.345 (356921459)|CODE_UNIT_FINISHED|JobRunner_Tests.WhenUsingDays_ShouldSetNextRunInDays
14:21:55.345 (359417183)|EXECUTION_FINISHED
